time="2023-09-25T08:44:29Z" level=info msg="Saving environment variables & parameters."
time="2023-09-25T08:44:29Z" level=info msg="Environment: {Home:/root Kubeconfig:/usr/tnf/kubeconfig/config ConfigurationPath:/usr/tnf/config/tnf_config.yml NonIntrusiveOnly:false LogLevel:info OfflineDB:/usr/offline-db AllowPreflightInsecure:false PfltDockerconfig:/usr/tnf/dockercfg/config.json IncludeWebFilesInOutputFolder:false OmitArtifactsZipFile:false}"
=== RUN   TestTest
[36mINFO   [0m[Sep 25 08:44:29.831][suite_test.go: 98] Log level set to: info                       
[36mINFO   [0m[Sep 25 08:44:29.833][suite_test.go: 140] TNF Version         : v4.3.4 ( 2037b43c9bccf6b00fe91797adfabcbeeeb5efdc ) 
[36mINFO   [0m[Sep 25 08:44:29.833][suite_test.go: 141] Claim Format Version: v0.1.0                 
[36mINFO   [0m[Sep 25 08:44:29.834][suite_test.go: 142] Ginkgo Version      : 2.11.0                 
[36mINFO   [0m[Sep 25 08:44:29.834][suite_test.go: 143] Labels filter       : operator, access-control, networking, affiliated-certification, lifecycle, manageability, networking, observability, platform-alteration 
[36mINFO   [0m[Sep 25 08:44:29.834][clientsholder.go: 169] Creating k8s go-clients holder.              
[36mINFO   [0m[Sep 25 08:44:30.289][utils.go: 51] Loading config from file: /usr/tnf/config/tnf_config.yml 
[33mWARNING[0m[Sep 25 08:44:30.295][utils.go: 64] No namespace configured for the debug DaemonSet. Defaulting to namespace cnf-suite 
[33mWARNING[0m[Sep 25 08:44:30.376][autodiscover.go: 110] DEPRECATED: targetPodLabels config field is about to be obsolete. Please use the new "podsUnderTestLabels" field instead. 
[33mWARNING[0m[Sep 25 08:44:30.376][autodiscover.go: 113] DEPRECATED: deprecated default operator label in use ( test-network-function.com/operator: ) is about to be obsolete. Please use the new "operatorsUnderTestLabels" field to specify operators labels instead. 
[36mINFO   [0m[Sep 25 08:44:30.377][autodiscover.go: 143] parsed pods under test labels: [{LabelKey:test-network-function.com/generic LabelValue:target}] 
[36mINFO   [0m[Sep 25 08:44:30.377][autodiscover.go: 144] parsed operators under test labels: [{LabelKey:test-network-function.com/operator LabelValue:}] 
[36mINFO   [0m[Sep 25 08:44:30.484][autodiscover_operators.go: 144] Found 3 subscriptions in the target namespaces 
[36mINFO   [0m[Sep 25 08:44:30.485][autodiscover_operators.go: 146]  Subscriptions name: dell-csm-operator-certified-v1-1-0-sub (ns: test) 
[36mINFO   [0m[Sep 25 08:44:30.485][autodiscover_operators.go: 146]  Subscriptions name: ibm-metrics-operator-v2-11-1-sub (ns: test) 
[36mINFO   [0m[Sep 25 08:44:30.485][autodiscover_operators.go: 146]  Subscriptions name: openshift-pipelines-operator-rh-latest-redhat-operators-openshift-marketplace (ns: test) 
[36mINFO   [0m[Sep 25 08:44:30.576][autodiscover_operators.go: 121] Found 4 CSVs:                                
[36mINFO   [0m[Sep 25 08:44:30.576][autodiscover_operators.go: 123]  CSV name: packageserver (ns: openshift-operator-lifecycle-manager) 
[36mINFO   [0m[Sep 25 08:44:30.576][autodiscover_operators.go: 123]  CSV name: dell-csm-operator-certified.v1.1.0 (ns: test) 
[36mINFO   [0m[Sep 25 08:44:30.576][autodiscover_operators.go: 123]  CSV name: ibm-metrics-operator.v2.11.1 (ns: test) 
[36mINFO   [0m[Sep 25 08:44:30.577][autodiscover_operators.go: 123]  CSV name: openshift-pipelines-operator-rh.v1.11.1 (ns: test) 
[36mINFO   [0m[Sep 25 08:44:33.460][autodiscover_operators.go: 91] Found 3 CSVs:                                
[36mINFO   [0m[Sep 25 08:44:33.461][autodiscover_operators.go: 93]  CSV name: dell-csm-operator-certified.v1.1.0 (ns: test) 
[36mINFO   [0m[Sep 25 08:44:33.461][autodiscover_operators.go: 93]  CSV name: ibm-metrics-operator.v2.11.1 (ns: test) 
[36mINFO   [0m[Sep 25 08:44:33.461][autodiscover_operators.go: 93]  CSV name: openshift-pipelines-operator-rh.v1.11.1 (ns: test) 
[36mINFO   [0m[Sep 25 08:44:33.501][autodiscover_operators.go: 144] Found 3 subscriptions in the target namespaces 
[36mINFO   [0m[Sep 25 08:44:33.501][autodiscover_operators.go: 146]  Subscriptions name: dell-csm-operator-certified-v1-1-0-sub (ns: test) 
[36mINFO   [0m[Sep 25 08:44:33.501][autodiscover_operators.go: 146]  Subscriptions name: ibm-metrics-operator-v2-11-1-sub (ns: test) 
[36mINFO   [0m[Sep 25 08:44:33.501][autodiscover_operators.go: 146]  Subscriptions name: openshift-pipelines-operator-rh-latest-redhat-operators-openshift-marketplace (ns: test) 
[36mINFO   [0m[Sep 25 08:44:33.621][autodiscover.go: 257] OpenShift Version found: 4.13.4              
[33mWARNING[0m[Sep 25 08:44:33.752][autodiscover_podset.go: 87] Did not find any deployment in the configured namespaces [test] 
[33mWARNING[0m[Sep 25 08:44:33.789][autodiscover_podset.go: 106] Did not find any statefulSet in ns=test      
[33mWARNING[0m[Sep 25 08:44:33.790][autodiscover_podset.go: 120] Did not find any statefulset in the configured namespaces [test] 
[36mINFO   [0m[Sep 25 08:44:34.117][autodiscover_podset.go: 138] Cannot find any deployed HorizontalPodAutoscaler 
[36mINFO   [0m[Sep 25 08:44:34.298][operators.go: 130] Found 4 unique CSVs                          
[36mINFO   [0m[Sep 25 08:44:34.299][operators.go: 132]   CSV: ibm-metrics-operator.v2.11.1          
[36mINFO   [0m[Sep 25 08:44:34.299][operators.go: 132]   CSV: openshift-pipelines-operator-rh.v1.11.1 
[36mINFO   [0m[Sep 25 08:44:34.299][operators.go: 132]   CSV: packageserver                         
[36mINFO   [0m[Sep 25 08:44:34.299][operators.go: 132]   CSV: dell-csm-operator-certified.v1.1.0    
[36mINFO   [0m[Sep 25 08:44:34.330][operators.go: 185] Getting installplans for op dell-csm-operator-certified.v1.1.0 (subs dell-csm-operator-certified-v1-1-0-sub ns test) 
[36mINFO   [0m[Sep 25 08:44:34.372][operators.go: 185] Getting installplans for op ibm-metrics-operator.v2.11.1 (subs ibm-metrics-operator-v2-11-1-sub ns test) 
[36mINFO   [0m[Sep 25 08:44:34.416][operators.go: 185] Getting installplans for op openshift-pipelines-operator-rh.v1.11.1 (subs openshift-pipelines-operator-rh-latest-redhat-operators-openshift-marketplace ns test) 
[33mWARNING[0m[Sep 25 08:44:34.418][operators.go: 183] Subscription not found for CSV: packageserver (ns openshift-operator-lifecycle-manager) 
[36mINFO   [0m[Sep 25 08:44:34.419][operators.go: 185] Getting installplans for op packageserver (subs  ns ) 
[36mINFO   [0m[Sep 25 08:44:34.422][provider.go: 564] Node ip-10-0-138-139.ec2.internal - mc name: rendered-worker-2d2f3b16cfd49fa63f019201ad937fb4 
[36mINFO   [0m[Sep 25 08:44:34.527][provider.go: 564] Node ip-10-0-140-127.ec2.internal - mc name: rendered-master-c13f40c1d9ca7958e3551ada049691f6 
[36mINFO   [0m[Sep 25 08:44:34.599][provider.go: 564] Node ip-10-0-144-53.ec2.internal - mc name: rendered-master-c13f40c1d9ca7958e3551ada049691f6 
[36mINFO   [0m[Sep 25 08:44:34.667][provider.go: 564] Node ip-10-0-146-178.ec2.internal - mc name: rendered-worker-2d2f3b16cfd49fa63f019201ad937fb4 
[36mINFO   [0m[Sep 25 08:44:34.729][provider.go: 564] Node ip-10-0-171-112.ec2.internal - mc name: rendered-worker-2d2f3b16cfd49fa63f019201ad937fb4 
[36mINFO   [0m[Sep 25 08:44:34.792][provider.go: 564] Node ip-10-0-173-119.ec2.internal - mc name: rendered-master-c13f40c1d9ca7958e3551ada049691f6 
[31mERROR  [0m[Sep 25 08:44:34.855][pods.go: 57] Could not decode networks-status annotation, error: could not unmarshal network-status annotation 
[31mERROR  [0m[Sep 25 08:44:34.855][pods.go: 62] Could not decode networks-status annotation, error: could not unmarshal network-status annotation 
[31mERROR  [0m[Sep 25 08:44:34.855][pods.go: 57] Could not decode networks-status annotation, error: could not unmarshal network-status annotation 
[31mERROR  [0m[Sep 25 08:44:34.855][pods.go: 62] Could not decode networks-status annotation, error: could not unmarshal network-status annotation 
[31mERROR  [0m[Sep 25 08:44:34.856][pods.go: 57] Could not decode networks-status annotation, error: could not unmarshal network-status annotation 
[31mERROR  [0m[Sep 25 08:44:34.856][pods.go: 62] Could not decode networks-status annotation, error: could not unmarshal network-status annotation 
[31mERROR  [0m[Sep 25 08:44:34.857][pods.go: 57] Could not decode networks-status annotation, error: could not unmarshal network-status annotation 
[31mERROR  [0m[Sep 25 08:44:34.857][pods.go: 62] Could not decode networks-status annotation, error: could not unmarshal network-status annotation 
[31mERROR  [0m[Sep 25 08:44:34.858][pods.go: 57] Could not decode networks-status annotation, error: could not unmarshal network-status annotation 
[31mERROR  [0m[Sep 25 08:44:34.858][pods.go: 62] Could not decode networks-status annotation, error: could not unmarshal network-status annotation 
[31mERROR  [0m[Sep 25 08:44:34.858][pods.go: 57] Could not decode networks-status annotation, error: could not unmarshal network-status annotation 
[31mERROR  [0m[Sep 25 08:44:34.859][pods.go: 62] Could not decode networks-status annotation, error: could not unmarshal network-status annotation 
[33mWARNING[0m[Sep 25 08:44:34.863][provider.go: 341] container: extract pod: 2f4b9d9982c8b335a892177c0a532db7b518f642fce9d67424764ae21fdvf6w ns: test is not ready yet. 
[33mWARNING[0m[Sep 25 08:44:34.863][provider.go: 357] container: extract pod: 2f4b9d9982c8b335a892177c0a532db7b518f642fce9d67424764ae21fdvf6w ns: test is not running (reason: terminated - Completed, restarts 0): some test cases might fail. 
[33mWARNING[0m[Sep 25 08:44:34.863][provider.go: 341] container: extract pod: 8ca8a6956e4fe449fe3145dab64a76a4f87676c6f03fac7fbf9c999fefqlhwx ns: test is not ready yet. 
[33mWARNING[0m[Sep 25 08:44:34.863][provider.go: 357] container: extract pod: 8ca8a6956e4fe449fe3145dab64a76a4f87676c6f03fac7fbf9c999fefqlhwx ns: test is not running (reason: terminated - Completed, restarts 0): some test cases might fail. 
[33mWARNING[0m[Sep 25 08:44:34.864][provider.go: 341] container: extract pod: b9f647540b1a1ce37709d746d3fe527552ab46b01468837f86475721e7jqh5v ns: test is not ready yet. 
[33mWARNING[0m[Sep 25 08:44:34.864][provider.go: 357] container: extract pod: b9f647540b1a1ce37709d746d3fe527552ab46b01468837f86475721e7jqh5v ns: test is not running (reason: terminated - Completed, restarts 0): some test cases might fail. 
[31mERROR  [0m[Sep 25 08:44:34.864][pods.go: 57] Could not decode networks-status annotation, error: could not unmarshal network-status annotation 
[31mERROR  [0m[Sep 25 08:44:34.864][pods.go: 62] Could not decode networks-status annotation, error: could not unmarshal network-status annotation 
[31mERROR  [0m[Sep 25 08:44:34.864][pods.go: 57] Could not decode networks-status annotation, error: could not unmarshal network-status annotation 
[31mERROR  [0m[Sep 25 08:44:34.864][pods.go: 62] Could not decode networks-status annotation, error: could not unmarshal network-status annotation 
[31mERROR  [0m[Sep 25 08:44:34.864][pods.go: 57] Could not decode networks-status annotation, error: could not unmarshal network-status annotation 
[31mERROR  [0m[Sep 25 08:44:34.864][pods.go: 62] Could not decode networks-status annotation, error: could not unmarshal network-status annotation 
[31mERROR  [0m[Sep 25 08:44:34.865][pods.go: 57] Could not decode networks-status annotation, error: could not unmarshal network-status annotation 
[31mERROR  [0m[Sep 25 08:44:34.865][pods.go: 62] Could not decode networks-status annotation, error: could not unmarshal network-status annotation 
[31mERROR  [0m[Sep 25 08:44:34.866][pods.go: 57] Could not decode networks-status annotation, error: could not unmarshal network-status annotation 
[31mERROR  [0m[Sep 25 08:44:34.866][pods.go: 62] Could not decode networks-status annotation, error: could not unmarshal network-status annotation 
[31mERROR  [0m[Sep 25 08:44:34.866][pods.go: 57] Could not decode networks-status annotation, error: could not unmarshal network-status annotation 
[31mERROR  [0m[Sep 25 08:44:34.866][pods.go: 62] Could not decode networks-status annotation, error: could not unmarshal network-status annotation 
[33mWARNING[0m[Sep 25 08:44:34.867][provider.go: 341] container: extract pod: d43224ecf8a90e2689f1b48690ce45a9c382a5ed2d2ce8b0d2fbba172a8xrtm ns: test is not ready yet. 
[33mWARNING[0m[Sep 25 08:44:34.867][provider.go: 357] container: extract pod: d43224ecf8a90e2689f1b48690ce45a9c382a5ed2d2ce8b0d2fbba172a8xrtm ns: test is not running (reason: terminated - Completed, restarts 0): some test cases might fail. 
[33mWARNING[0m[Sep 25 08:44:34.867][provider.go: 341] container: extract pod: d4fe36668cbff5bf360eabb230ae7caeb430b86f4a6636c74f4314f7c0grbkk ns: test is not ready yet. 
[33mWARNING[0m[Sep 25 08:44:34.868][provider.go: 357] container: extract pod: d4fe36668cbff5bf360eabb230ae7caeb430b86f4a6636c74f4314f7c0grbkk ns: test is not running (reason: terminated - Completed, restarts 0): some test cases might fail. 
[36mINFO   [0m[Sep 25 08:44:34.869][operators.go: 130] Found 3 unique CSVs                          
[36mINFO   [0m[Sep 25 08:44:34.869][operators.go: 132]   CSV: dell-csm-operator-certified.v1.1.0    
[36mINFO   [0m[Sep 25 08:44:34.869][operators.go: 132]   CSV: ibm-metrics-operator.v2.11.1          
[36mINFO   [0m[Sep 25 08:44:34.869][operators.go: 132]   CSV: openshift-pipelines-operator-rh.v1.11.1 
[36mINFO   [0m[Sep 25 08:44:34.903][operators.go: 185] Getting installplans for op dell-csm-operator-certified.v1.1.0 (subs dell-csm-operator-certified-v1-1-0-sub ns test) 
[36mINFO   [0m[Sep 25 08:44:34.939][operators.go: 185] Getting installplans for op ibm-metrics-operator.v2.11.1 (subs ibm-metrics-operator-v2-11-1-sub ns test) 
[36mINFO   [0m[Sep 25 08:44:34.974][operators.go: 185] Getting installplans for op openshift-pipelines-operator-rh.v1.11.1 (subs openshift-pipelines-operator-rh-latest-redhat-operators-openshift-marketplace ns test) 
[36mINFO   [0m[Sep 25 08:44:34.974][provider.go: 290] Operators found: 3                           
[36mINFO   [0m[Sep 25 08:44:34.976][provider.go: 302] Completed the test environment build process in 4.69 seconds 
[33mWARNING[0m[Sep 25 08:44:46.328][autodiscover.go: 110] DEPRECATED: targetPodLabels config field is about to be obsolete. Please use the new "podsUnderTestLabels" field instead. 
[33mWARNING[0m[Sep 25 08:44:46.328][autodiscover.go: 113] DEPRECATED: deprecated default operator label in use ( test-network-function.com/operator: ) is about to be obsolete. Please use the new "operatorsUnderTestLabels" field to specify operators labels instead. 
[36mINFO   [0m[Sep 25 08:44:46.328][autodiscover.go: 143] parsed pods under test labels: [{LabelKey:test-network-function.com/generic LabelValue:target}] 
[36mINFO   [0m[Sep 25 08:44:46.328][autodiscover.go: 144] parsed operators under test labels: [{LabelKey:test-network-function.com/operator LabelValue:}] 
[36mINFO   [0m[Sep 25 08:44:46.468][autodiscover_operators.go: 144] Found 3 subscriptions in the target namespaces 
[36mINFO   [0m[Sep 25 08:44:46.468][autodiscover_operators.go: 146]  Subscriptions name: dell-csm-operator-certified-v1-1-0-sub (ns: test) 
[36mINFO   [0m[Sep 25 08:44:46.468][autodiscover_operators.go: 146]  Subscriptions name: ibm-metrics-operator-v2-11-1-sub (ns: test) 
[36mINFO   [0m[Sep 25 08:44:46.468][autodiscover_operators.go: 146]  Subscriptions name: openshift-pipelines-operator-rh-latest-redhat-operators-openshift-marketplace (ns: test) 
[36mINFO   [0m[Sep 25 08:44:46.586][autodiscover_operators.go: 121] Found 4 CSVs:                                
[36mINFO   [0m[Sep 25 08:44:46.587][autodiscover_operators.go: 123]  CSV name: packageserver (ns: openshift-operator-lifecycle-manager) 
[36mINFO   [0m[Sep 25 08:44:46.587][autodiscover_operators.go: 123]  CSV name: dell-csm-operator-certified.v1.1.0 (ns: test) 
[36mINFO   [0m[Sep 25 08:44:46.587][autodiscover_operators.go: 123]  CSV name: ibm-metrics-operator.v2.11.1 (ns: test) 
[36mINFO   [0m[Sep 25 08:44:46.587][autodiscover_operators.go: 123]  CSV name: openshift-pipelines-operator-rh.v1.11.1 (ns: test) 
[36mINFO   [0m[Sep 25 08:44:48.980][autodiscover_operators.go: 91] Found 3 CSVs:                                
[36mINFO   [0m[Sep 25 08:44:48.980][autodiscover_operators.go: 93]  CSV name: dell-csm-operator-certified.v1.1.0 (ns: test) 
[36mINFO   [0m[Sep 25 08:44:48.980][autodiscover_operators.go: 93]  CSV name: ibm-metrics-operator.v2.11.1 (ns: test) 
[36mINFO   [0m[Sep 25 08:44:48.981][autodiscover_operators.go: 93]  CSV name: openshift-pipelines-operator-rh.v1.11.1 (ns: test) 
[36mINFO   [0m[Sep 25 08:44:49.023][autodiscover_operators.go: 144] Found 3 subscriptions in the target namespaces 
[36mINFO   [0m[Sep 25 08:44:49.023][autodiscover_operators.go: 146]  Subscriptions name: dell-csm-operator-certified-v1-1-0-sub (ns: test) 
[36mINFO   [0m[Sep 25 08:44:49.023][autodiscover_operators.go: 146]  Subscriptions name: ibm-metrics-operator-v2-11-1-sub (ns: test) 
[36mINFO   [0m[Sep 25 08:44:49.023][autodiscover_operators.go: 146]  Subscriptions name: openshift-pipelines-operator-rh-latest-redhat-operators-openshift-marketplace (ns: test) 
[36mINFO   [0m[Sep 25 08:44:49.138][autodiscover.go: 257] OpenShift Version found: 4.13.4              
[33mWARNING[0m[Sep 25 08:44:49.256][autodiscover_podset.go: 87] Did not find any deployment in the configured namespaces [test] 
[33mWARNING[0m[Sep 25 08:44:49.289][autodiscover_podset.go: 106] Did not find any statefulSet in ns=test      
[33mWARNING[0m[Sep 25 08:44:49.290][autodiscover_podset.go: 120] Did not find any statefulset in the configured namespaces [test] 
[36mINFO   [0m[Sep 25 08:44:49.593][autodiscover_podset.go: 138] Cannot find any deployed HorizontalPodAutoscaler 
[36mINFO   [0m[Sep 25 08:44:49.792][operators.go: 130] Found 4 unique CSVs                          
[36mINFO   [0m[Sep 25 08:44:49.792][operators.go: 132]   CSV: ibm-metrics-operator.v2.11.1          
[36mINFO   [0m[Sep 25 08:44:49.792][operators.go: 132]   CSV: openshift-pipelines-operator-rh.v1.11.1 
[36mINFO   [0m[Sep 25 08:44:49.792][operators.go: 132]   CSV: packageserver                         
[36mINFO   [0m[Sep 25 08:44:49.792][operators.go: 132]   CSV: dell-csm-operator-certified.v1.1.0    
[36mINFO   [0m[Sep 25 08:44:49.831][operators.go: 185] Getting installplans for op dell-csm-operator-certified.v1.1.0 (subs dell-csm-operator-certified-v1-1-0-sub ns test) 
[36mINFO   [0m[Sep 25 08:44:49.906][operators.go: 185] Getting installplans for op ibm-metrics-operator.v2.11.1 (subs ibm-metrics-operator-v2-11-1-sub ns test) 
[36mINFO   [0m[Sep 25 08:44:49.948][operators.go: 185] Getting installplans for op openshift-pipelines-operator-rh.v1.11.1 (subs openshift-pipelines-operator-rh-latest-redhat-operators-openshift-marketplace ns test) 
[33mWARNING[0m[Sep 25 08:44:49.949][operators.go: 183] Subscription not found for CSV: packageserver (ns openshift-operator-lifecycle-manager) 
[36mINFO   [0m[Sep 25 08:44:49.950][operators.go: 185] Getting installplans for op packageserver (subs  ns ) 
[36mINFO   [0m[Sep 25 08:44:49.951][provider.go: 564] Node ip-10-0-138-139.ec2.internal - mc name: rendered-worker-2d2f3b16cfd49fa63f019201ad937fb4 
[36mINFO   [0m[Sep 25 08:44:50.056][provider.go: 564] Node ip-10-0-140-127.ec2.internal - mc name: rendered-master-c13f40c1d9ca7958e3551ada049691f6 
[36mINFO   [0m[Sep 25 08:44:50.120][provider.go: 564] Node ip-10-0-144-53.ec2.internal - mc name: rendered-master-c13f40c1d9ca7958e3551ada049691f6 
[36mINFO   [0m[Sep 25 08:44:50.185][provider.go: 564] Node ip-10-0-146-178.ec2.internal - mc name: rendered-worker-2d2f3b16cfd49fa63f019201ad937fb4 
[36mINFO   [0m[Sep 25 08:44:50.246][provider.go: 564] Node ip-10-0-171-112.ec2.internal - mc name: rendered-worker-2d2f3b16cfd49fa63f019201ad937fb4 
[36mINFO   [0m[Sep 25 08:44:50.306][provider.go: 564] Node ip-10-0-173-119.ec2.internal - mc name: rendered-master-c13f40c1d9ca7958e3551ada049691f6 
[31mERROR  [0m[Sep 25 08:44:50.370][pods.go: 57] Could not decode networks-status annotation, error: could not unmarshal network-status annotation 
[31mERROR  [0m[Sep 25 08:44:50.370][pods.go: 62] Could not decode networks-status annotation, error: could not unmarshal network-status annotation 
[31mERROR  [0m[Sep 25 08:44:50.370][pods.go: 57] Could not decode networks-status annotation, error: could not unmarshal network-status annotation 
[31mERROR  [0m[Sep 25 08:44:50.370][pods.go: 62] Could not decode networks-status annotation, error: could not unmarshal network-status annotation 
[31mERROR  [0m[Sep 25 08:44:50.371][pods.go: 57] Could not decode networks-status annotation, error: could not unmarshal network-status annotation 
[31mERROR  [0m[Sep 25 08:44:50.371][pods.go: 62] Could not decode networks-status annotation, error: could not unmarshal network-status annotation 
[31mERROR  [0m[Sep 25 08:44:50.372][pods.go: 57] Could not decode networks-status annotation, error: could not unmarshal network-status annotation 
[31mERROR  [0m[Sep 25 08:44:50.372][pods.go: 62] Could not decode networks-status annotation, error: could not unmarshal network-status annotation 
[31mERROR  [0m[Sep 25 08:44:50.373][pods.go: 57] Could not decode networks-status annotation, error: could not unmarshal network-status annotation 
[31mERROR  [0m[Sep 25 08:44:50.373][pods.go: 62] Could not decode networks-status annotation, error: could not unmarshal network-status annotation 
[31mERROR  [0m[Sep 25 08:44:50.373][pods.go: 57] Could not decode networks-status annotation, error: could not unmarshal network-status annotation 
[31mERROR  [0m[Sep 25 08:44:50.373][pods.go: 62] Could not decode networks-status annotation, error: could not unmarshal network-status annotation 
[33mWARNING[0m[Sep 25 08:44:50.377][provider.go: 341] container: extract pod: 2f4b9d9982c8b335a892177c0a532db7b518f642fce9d67424764ae21fdvf6w ns: test is not ready yet. 
[33mWARNING[0m[Sep 25 08:44:50.377][provider.go: 357] container: extract pod: 2f4b9d9982c8b335a892177c0a532db7b518f642fce9d67424764ae21fdvf6w ns: test is not running (reason: terminated - Completed, restarts 0): some test cases might fail. 
[33mWARNING[0m[Sep 25 08:44:50.378][provider.go: 341] container: extract pod: 8ca8a6956e4fe449fe3145dab64a76a4f87676c6f03fac7fbf9c999fefqlhwx ns: test is not ready yet. 
[33mWARNING[0m[Sep 25 08:44:50.378][provider.go: 357] container: extract pod: 8ca8a6956e4fe449fe3145dab64a76a4f87676c6f03fac7fbf9c999fefqlhwx ns: test is not running (reason: terminated - Completed, restarts 0): some test cases might fail. 
[33mWARNING[0m[Sep 25 08:44:50.378][provider.go: 341] container: extract pod: b9f647540b1a1ce37709d746d3fe527552ab46b01468837f86475721e7jqh5v ns: test is not ready yet. 
[33mWARNING[0m[Sep 25 08:44:50.378][provider.go: 357] container: extract pod: b9f647540b1a1ce37709d746d3fe527552ab46b01468837f86475721e7jqh5v ns: test is not running (reason: terminated - Completed, restarts 0): some test cases might fail. 
[31mERROR  [0m[Sep 25 08:44:50.378][pods.go: 57] Could not decode networks-status annotation, error: could not unmarshal network-status annotation 
[31mERROR  [0m[Sep 25 08:44:50.379][pods.go: 62] Could not decode networks-status annotation, error: could not unmarshal network-status annotation 
[31mERROR  [0m[Sep 25 08:44:50.379][pods.go: 57] Could not decode networks-status annotation, error: could not unmarshal network-status annotation 
[31mERROR  [0m[Sep 25 08:44:50.379][pods.go: 62] Could not decode networks-status annotation, error: could not unmarshal network-status annotation 
[31mERROR  [0m[Sep 25 08:44:50.379][pods.go: 57] Could not decode networks-status annotation, error: could not unmarshal network-status annotation 
[31mERROR  [0m[Sep 25 08:44:50.379][pods.go: 62] Could not decode networks-status annotation, error: could not unmarshal network-status annotation 
[31mERROR  [0m[Sep 25 08:44:50.380][pods.go: 57] Could not decode networks-status annotation, error: could not unmarshal network-status annotation 
[31mERROR  [0m[Sep 25 08:44:50.380][pods.go: 62] Could not decode networks-status annotation, error: could not unmarshal network-status annotation 
[31mERROR  [0m[Sep 25 08:44:50.380][pods.go: 57] Could not decode networks-status annotation, error: could not unmarshal network-status annotation 
[31mERROR  [0m[Sep 25 08:44:50.380][pods.go: 62] Could not decode networks-status annotation, error: could not unmarshal network-status annotation 
[31mERROR  [0m[Sep 25 08:44:50.380][pods.go: 57] Could not decode networks-status annotation, error: could not unmarshal network-status annotation 
[31mERROR  [0m[Sep 25 08:44:50.380][pods.go: 62] Could not decode networks-status annotation, error: could not unmarshal network-status annotation 
[33mWARNING[0m[Sep 25 08:44:50.381][provider.go: 341] container: extract pod: d43224ecf8a90e2689f1b48690ce45a9c382a5ed2d2ce8b0d2fbba172a8xrtm ns: test is not ready yet. 
[33mWARNING[0m[Sep 25 08:44:50.381][provider.go: 357] container: extract pod: d43224ecf8a90e2689f1b48690ce45a9c382a5ed2d2ce8b0d2fbba172a8xrtm ns: test is not running (reason: terminated - Completed, restarts 0): some test cases might fail. 
[33mWARNING[0m[Sep 25 08:44:50.382][provider.go: 341] container: extract pod: d4fe36668cbff5bf360eabb230ae7caeb430b86f4a6636c74f4314f7c0grbkk ns: test is not ready yet. 
[33mWARNING[0m[Sep 25 08:44:50.382][provider.go: 357] container: extract pod: d4fe36668cbff5bf360eabb230ae7caeb430b86f4a6636c74f4314f7c0grbkk ns: test is not running (reason: terminated - Completed, restarts 0): some test cases might fail. 
[36mINFO   [0m[Sep 25 08:44:50.383][operators.go: 130] Found 3 unique CSVs                          
[36mINFO   [0m[Sep 25 08:44:50.383][operators.go: 132]   CSV: dell-csm-operator-certified.v1.1.0    
[36mINFO   [0m[Sep 25 08:44:50.383][operators.go: 132]   CSV: ibm-metrics-operator.v2.11.1          
[36mINFO   [0m[Sep 25 08:44:50.383][operators.go: 132]   CSV: openshift-pipelines-operator-rh.v1.11.1 
[36mINFO   [0m[Sep 25 08:44:50.418][operators.go: 185] Getting installplans for op dell-csm-operator-certified.v1.1.0 (subs dell-csm-operator-certified-v1-1-0-sub ns test) 
[36mINFO   [0m[Sep 25 08:44:50.471][operators.go: 185] Getting installplans for op ibm-metrics-operator.v2.11.1 (subs ibm-metrics-operator-v2-11-1-sub ns test) 
[36mINFO   [0m[Sep 25 08:44:50.512][operators.go: 185] Getting installplans for op openshift-pipelines-operator-rh.v1.11.1 (subs openshift-pipelines-operator-rh-latest-redhat-operators-openshift-marketplace ns test) 
[36mINFO   [0m[Sep 25 08:44:50.512][provider.go: 290] Operators found: 3                           
[36mINFO   [0m[Sep 25 08:44:50.513][provider.go: 302] Completed the test environment build process in 4.26 seconds 
[33mWARNING[0m[Sep 25 08:44:50.528][suite.go: 50] LabelFilter is set but 'preflight' tests are not targeted. Skipping the preflight tests. 
Running Suite: CNF Certification Test Suite - /usr/tnf/cnf-certification-test
=============================================================================
Random Seed: [1m1695631469[0m

Will run [1m82[0m of [1m87[0m specs
[38;5;243m------------------------------[0m
[0moperator [0m[1moperator-install-status-succeeded[0m [38;5;204m[common, operator-install-status-succeeded, operator][0m
[38;5;243m/usr/tnf/tnf-src/cnf-certification-test/operator/suite.go:44[0m
[31mFATAL  [0m[Sep 25 08:49:51.376][phasecheck.go: 50] Timeout waiting for operator csv: openshift-pipelines-operator-rh.v1.11.1 ns: test to be ready 
