time="2023-09-25T03:22:13Z" level=info msg="Saving environment variables & parameters."
time="2023-09-25T03:22:13Z" level=info msg="Environment: {Home:/root Kubeconfig:/usr/tnf/kubeconfig/config ConfigurationPath:/usr/tnf/config/tnf_config.yml NonIntrusiveOnly:false LogLevel:info OfflineDB:/usr/offline-db AllowPreflightInsecure:false PfltDockerconfig:/usr/tnf/dockercfg/config.json IncludeWebFilesInOutputFolder:false OmitArtifactsZipFile:false}"
=== RUN   TestTest
[36mINFO   [0m[Sep 25 03:22:13.754][suite_test.go: 98] Log level set to: info                       
[36mINFO   [0m[Sep 25 03:22:13.756][suite_test.go: 140] TNF Version         : v4.3.4 ( 2037b43c9bccf6b00fe91797adfabcbeeeb5efdc ) 
[36mINFO   [0m[Sep 25 03:22:13.756][suite_test.go: 141] Claim Format Version: v0.1.0                 
[36mINFO   [0m[Sep 25 03:22:13.756][suite_test.go: 142] Ginkgo Version      : 2.11.0                 
[36mINFO   [0m[Sep 25 03:22:13.757][suite_test.go: 143] Labels filter       : operator, access-control, networking, affiliated-certification, lifecycle, manageability, networking, observability, platform-alteration 
[36mINFO   [0m[Sep 25 03:22:13.757][clientsholder.go: 169] Creating k8s go-clients holder.              
[36mINFO   [0m[Sep 25 03:22:14.182][utils.go: 51] Loading config from file: /usr/tnf/config/tnf_config.yml 
[33mWARNING[0m[Sep 25 03:22:14.190][utils.go: 64] No namespace configured for the debug DaemonSet. Defaulting to namespace cnf-suite 
[33mWARNING[0m[Sep 25 03:22:14.274][autodiscover.go: 110] DEPRECATED: targetPodLabels config field is about to be obsolete. Please use the new "podsUnderTestLabels" field instead. 
[33mWARNING[0m[Sep 25 03:22:14.274][autodiscover.go: 113] DEPRECATED: deprecated default operator label in use ( test-network-function.com/operator: ) is about to be obsolete. Please use the new "operatorsUnderTestLabels" field to specify operators labels instead. 
[36mINFO   [0m[Sep 25 03:22:14.274][autodiscover.go: 143] parsed pods under test labels: [{LabelKey:test-network-function.com/generic LabelValue:target}] 
[36mINFO   [0m[Sep 25 03:22:14.275][autodiscover.go: 144] parsed operators under test labels: [{LabelKey:test-network-function.com/operator LabelValue:}] 
[36mINFO   [0m[Sep 25 03:22:14.389][autodiscover_operators.go: 144] Found 2 subscriptions in the target namespaces 
[36mINFO   [0m[Sep 25 03:22:14.389][autodiscover_operators.go: 146]  Subscriptions name: ibm-block-csi-operator-stable-certified-operators-openshift-marketplace (ns: test) 
[36mINFO   [0m[Sep 25 03:22:14.389][autodiscover_operators.go: 146]  Subscriptions name: k8s-triliovault-stable-3-1-0-sub (ns: test) 
[36mINFO   [0m[Sep 25 03:22:14.467][autodiscover_operators.go: 121] Found 3 CSVs:                                
[36mINFO   [0m[Sep 25 03:22:14.467][autodiscover_operators.go: 123]  CSV name: packageserver (ns: openshift-operator-lifecycle-manager) 
[36mINFO   [0m[Sep 25 03:22:14.467][autodiscover_operators.go: 123]  CSV name: ibm-block-csi-operator.v1.11.1 (ns: test) 
[36mINFO   [0m[Sep 25 03:22:14.467][autodiscover_operators.go: 123]  CSV name: k8s-triliovault-stable.3.1.0 (ns: test) 
[36mINFO   [0m[Sep 25 03:22:16.919][autodiscover_operators.go: 91] Found 2 CSVs:                                
[36mINFO   [0m[Sep 25 03:22:16.919][autodiscover_operators.go: 93]  CSV name: ibm-block-csi-operator.v1.11.1 (ns: test) 
[36mINFO   [0m[Sep 25 03:22:16.919][autodiscover_operators.go: 93]  CSV name: k8s-triliovault-stable.3.1.0 (ns: test) 
[36mINFO   [0m[Sep 25 03:22:16.961][autodiscover_operators.go: 144] Found 2 subscriptions in the target namespaces 
[36mINFO   [0m[Sep 25 03:22:16.961][autodiscover_operators.go: 146]  Subscriptions name: ibm-block-csi-operator-stable-certified-operators-openshift-marketplace (ns: test) 
[36mINFO   [0m[Sep 25 03:22:16.961][autodiscover_operators.go: 146]  Subscriptions name: k8s-triliovault-stable-3-1-0-sub (ns: test) 
[36mINFO   [0m[Sep 25 03:22:17.079][autodiscover.go: 257] OpenShift Version found: 4.13.4              
[33mWARNING[0m[Sep 25 03:22:17.168][autodiscover_podset.go: 87] Did not find any deployment in the configured namespaces [test] 
[33mWARNING[0m[Sep 25 03:22:17.205][autodiscover_podset.go: 106] Did not find any statefulSet in ns=test      
[33mWARNING[0m[Sep 25 03:22:17.206][autodiscover_podset.go: 120] Did not find any statefulset in the configured namespaces [test] 
[36mINFO   [0m[Sep 25 03:22:17.540][autodiscover_podset.go: 138] Cannot find any deployed HorizontalPodAutoscaler 
[36mINFO   [0m[Sep 25 03:22:17.709][operators.go: 130] Found 3 unique CSVs                          
[36mINFO   [0m[Sep 25 03:22:17.710][operators.go: 132]   CSV: packageserver                         
[36mINFO   [0m[Sep 25 03:22:17.710][operators.go: 132]   CSV: ibm-block-csi-operator.v1.11.1        
[36mINFO   [0m[Sep 25 03:22:17.710][operators.go: 132]   CSV: k8s-triliovault-stable.3.1.0          
[36mINFO   [0m[Sep 25 03:22:17.749][operators.go: 185] Getting installplans for op ibm-block-csi-operator.v1.11.1 (subs ibm-block-csi-operator-stable-certified-operators-openshift-marketplace ns test) 
[36mINFO   [0m[Sep 25 03:22:17.788][operators.go: 185] Getting installplans for op k8s-triliovault-stable.3.1.0 (subs k8s-triliovault-stable-3-1-0-sub ns test) 
[33mWARNING[0m[Sep 25 03:22:17.790][operators.go: 183] Subscription not found for CSV: packageserver (ns openshift-operator-lifecycle-manager) 
[36mINFO   [0m[Sep 25 03:22:17.791][operators.go: 185] Getting installplans for op packageserver (subs  ns ) 
[36mINFO   [0m[Sep 25 03:22:17.793][provider.go: 564] Node ip-10-0-138-139.ec2.internal - mc name: rendered-worker-2d2f3b16cfd49fa63f019201ad937fb4 
[36mINFO   [0m[Sep 25 03:22:17.898][provider.go: 564] Node ip-10-0-140-127.ec2.internal - mc name: rendered-master-c13f40c1d9ca7958e3551ada049691f6 
[36mINFO   [0m[Sep 25 03:22:17.973][provider.go: 564] Node ip-10-0-144-53.ec2.internal - mc name: rendered-master-c13f40c1d9ca7958e3551ada049691f6 
[36mINFO   [0m[Sep 25 03:22:18.043][provider.go: 564] Node ip-10-0-146-178.ec2.internal - mc name: rendered-worker-2d2f3b16cfd49fa63f019201ad937fb4 
[36mINFO   [0m[Sep 25 03:22:18.109][provider.go: 564] Node ip-10-0-171-112.ec2.internal - mc name: rendered-worker-2d2f3b16cfd49fa63f019201ad937fb4 
[36mINFO   [0m[Sep 25 03:22:18.171][provider.go: 564] Node ip-10-0-173-119.ec2.internal - mc name: rendered-master-c13f40c1d9ca7958e3551ada049691f6 
[31mERROR  [0m[Sep 25 03:22:18.235][pods.go: 57] Could not decode networks-status annotation, error: could not unmarshal network-status annotation 
[31mERROR  [0m[Sep 25 03:22:18.235][pods.go: 62] Could not decode networks-status annotation, error: could not unmarshal network-status annotation 
[31mERROR  [0m[Sep 25 03:22:18.235][pods.go: 57] Could not decode networks-status annotation, error: could not unmarshal network-status annotation 
[31mERROR  [0m[Sep 25 03:22:18.235][pods.go: 62] Could not decode networks-status annotation, error: could not unmarshal network-status annotation 
[31mERROR  [0m[Sep 25 03:22:18.236][pods.go: 57] Could not decode networks-status annotation, error: could not unmarshal network-status annotation 
[31mERROR  [0m[Sep 25 03:22:18.236][pods.go: 62] Could not decode networks-status annotation, error: could not unmarshal network-status annotation 
[31mERROR  [0m[Sep 25 03:22:18.238][pods.go: 57] Could not decode networks-status annotation, error: could not unmarshal network-status annotation 
[31mERROR  [0m[Sep 25 03:22:18.238][pods.go: 62] Could not decode networks-status annotation, error: could not unmarshal network-status annotation 
[31mERROR  [0m[Sep 25 03:22:18.239][pods.go: 57] Could not decode networks-status annotation, error: could not unmarshal network-status annotation 
[31mERROR  [0m[Sep 25 03:22:18.239][pods.go: 62] Could not decode networks-status annotation, error: could not unmarshal network-status annotation 
[31mERROR  [0m[Sep 25 03:22:18.239][pods.go: 57] Could not decode networks-status annotation, error: could not unmarshal network-status annotation 
[31mERROR  [0m[Sep 25 03:22:18.239][pods.go: 62] Could not decode networks-status annotation, error: could not unmarshal network-status annotation 
[33mWARNING[0m[Sep 25 03:22:18.243][provider.go: 341] container: extract pod: 600a44d1aa36577086fbb4c1d50141a9bb098df6aa2cc2bfcfca67dff3rdsgn ns: test is not ready yet. 
[33mWARNING[0m[Sep 25 03:22:18.243][provider.go: 357] container: extract pod: 600a44d1aa36577086fbb4c1d50141a9bb098df6aa2cc2bfcfca67dff3rdsgn ns: test is not running (reason: terminated - Completed, restarts 0): some test cases might fail. 
[33mWARNING[0m[Sep 25 03:22:18.244][provider.go: 341] container: extract pod: bad2d6671ea70976c64d77118c2b9378d57202296104365774df80d681dwpfd ns: test is not ready yet. 
[33mWARNING[0m[Sep 25 03:22:18.244][provider.go: 357] container: extract pod: bad2d6671ea70976c64d77118c2b9378d57202296104365774df80d681dwpfd ns: test is not running (reason: terminated - Completed, restarts 0): some test cases might fail. 
[31mERROR  [0m[Sep 25 03:22:18.244][pods.go: 57] Could not decode networks-status annotation, error: could not unmarshal network-status annotation 
[31mERROR  [0m[Sep 25 03:22:18.244][pods.go: 62] Could not decode networks-status annotation, error: could not unmarshal network-status annotation 
[31mERROR  [0m[Sep 25 03:22:18.245][pods.go: 57] Could not decode networks-status annotation, error: could not unmarshal network-status annotation 
[31mERROR  [0m[Sep 25 03:22:18.245][pods.go: 62] Could not decode networks-status annotation, error: could not unmarshal network-status annotation 
[31mERROR  [0m[Sep 25 03:22:18.245][pods.go: 57] Could not decode networks-status annotation, error: could not unmarshal network-status annotation 
[31mERROR  [0m[Sep 25 03:22:18.245][pods.go: 62] Could not decode networks-status annotation, error: could not unmarshal network-status annotation 
[31mERROR  [0m[Sep 25 03:22:18.246][pods.go: 57] Could not decode networks-status annotation, error: could not unmarshal network-status annotation 
[31mERROR  [0m[Sep 25 03:22:18.246][pods.go: 62] Could not decode networks-status annotation, error: could not unmarshal network-status annotation 
[31mERROR  [0m[Sep 25 03:22:18.247][pods.go: 57] Could not decode networks-status annotation, error: could not unmarshal network-status annotation 
[31mERROR  [0m[Sep 25 03:22:18.247][pods.go: 62] Could not decode networks-status annotation, error: could not unmarshal network-status annotation 
[31mERROR  [0m[Sep 25 03:22:18.247][pods.go: 57] Could not decode networks-status annotation, error: could not unmarshal network-status annotation 
[31mERROR  [0m[Sep 25 03:22:18.247][pods.go: 62] Could not decode networks-status annotation, error: could not unmarshal network-status annotation 
[33mWARNING[0m[Sep 25 03:22:18.248][provider.go: 341] container: extract pod: d43224ecf8a90e2689f1b48690ce45a9c382a5ed2d2ce8b0d2fbba172a8xrtm ns: test is not ready yet. 
[33mWARNING[0m[Sep 25 03:22:18.249][provider.go: 357] container: extract pod: d43224ecf8a90e2689f1b48690ce45a9c382a5ed2d2ce8b0d2fbba172a8xrtm ns: test is not running (reason: terminated - Completed, restarts 0): some test cases might fail. 
[33mWARNING[0m[Sep 25 03:22:18.249][provider.go: 341] container: extract pod: d4fe36668cbff5bf360eabb230ae7caeb430b86f4a6636c74f4314f7c0grbkk ns: test is not ready yet. 
[33mWARNING[0m[Sep 25 03:22:18.249][provider.go: 357] container: extract pod: d4fe36668cbff5bf360eabb230ae7caeb430b86f4a6636c74f4314f7c0grbkk ns: test is not running (reason: terminated - Completed, restarts 0): some test cases might fail. 
[36mINFO   [0m[Sep 25 03:22:18.250][operators.go: 130] Found 2 unique CSVs                          
[36mINFO   [0m[Sep 25 03:22:18.250][operators.go: 132]   CSV: ibm-block-csi-operator.v1.11.1        
[36mINFO   [0m[Sep 25 03:22:18.250][operators.go: 132]   CSV: k8s-triliovault-stable.3.1.0          
[36mINFO   [0m[Sep 25 03:22:18.288][operators.go: 185] Getting installplans for op ibm-block-csi-operator.v1.11.1 (subs ibm-block-csi-operator-stable-certified-operators-openshift-marketplace ns test) 
[36mINFO   [0m[Sep 25 03:22:18.328][operators.go: 185] Getting installplans for op k8s-triliovault-stable.3.1.0 (subs k8s-triliovault-stable-3-1-0-sub ns test) 
[36mINFO   [0m[Sep 25 03:22:18.329][provider.go: 290] Operators found: 2                           
[36mINFO   [0m[Sep 25 03:22:18.330][provider.go: 302] Completed the test environment build process in 4.15 seconds 
[33mWARNING[0m[Sep 25 03:22:30.574][autodiscover.go: 110] DEPRECATED: targetPodLabels config field is about to be obsolete. Please use the new "podsUnderTestLabels" field instead. 
[33mWARNING[0m[Sep 25 03:22:30.575][autodiscover.go: 113] DEPRECATED: deprecated default operator label in use ( test-network-function.com/operator: ) is about to be obsolete. Please use the new "operatorsUnderTestLabels" field to specify operators labels instead. 
[36mINFO   [0m[Sep 25 03:22:30.575][autodiscover.go: 143] parsed pods under test labels: [{LabelKey:test-network-function.com/generic LabelValue:target}] 
[36mINFO   [0m[Sep 25 03:22:30.575][autodiscover.go: 144] parsed operators under test labels: [{LabelKey:test-network-function.com/operator LabelValue:}] 
[36mINFO   [0m[Sep 25 03:22:30.725][autodiscover_operators.go: 144] Found 2 subscriptions in the target namespaces 
[36mINFO   [0m[Sep 25 03:22:30.725][autodiscover_operators.go: 146]  Subscriptions name: ibm-block-csi-operator-stable-certified-operators-openshift-marketplace (ns: test) 
[36mINFO   [0m[Sep 25 03:22:30.725][autodiscover_operators.go: 146]  Subscriptions name: k8s-triliovault-stable-3-1-0-sub (ns: test) 
[36mINFO   [0m[Sep 25 03:22:30.847][autodiscover_operators.go: 121] Found 3 CSVs:                                
[36mINFO   [0m[Sep 25 03:22:30.847][autodiscover_operators.go: 123]  CSV name: packageserver (ns: openshift-operator-lifecycle-manager) 
[36mINFO   [0m[Sep 25 03:22:30.847][autodiscover_operators.go: 123]  CSV name: ibm-block-csi-operator.v1.11.1 (ns: test) 
[36mINFO   [0m[Sep 25 03:22:30.847][autodiscover_operators.go: 123]  CSV name: k8s-triliovault-stable.3.1.0 (ns: test) 
[36mINFO   [0m[Sep 25 03:22:33.461][autodiscover_operators.go: 91] Found 2 CSVs:                                
[36mINFO   [0m[Sep 25 03:22:33.461][autodiscover_operators.go: 93]  CSV name: ibm-block-csi-operator.v1.11.1 (ns: test) 
[36mINFO   [0m[Sep 25 03:22:33.461][autodiscover_operators.go: 93]  CSV name: k8s-triliovault-stable.3.1.0 (ns: test) 
[36mINFO   [0m[Sep 25 03:22:33.505][autodiscover_operators.go: 144] Found 2 subscriptions in the target namespaces 
[36mINFO   [0m[Sep 25 03:22:33.505][autodiscover_operators.go: 146]  Subscriptions name: ibm-block-csi-operator-stable-certified-operators-openshift-marketplace (ns: test) 
[36mINFO   [0m[Sep 25 03:22:33.506][autodiscover_operators.go: 146]  Subscriptions name: k8s-triliovault-stable-3-1-0-sub (ns: test) 
[36mINFO   [0m[Sep 25 03:22:33.630][autodiscover.go: 257] OpenShift Version found: 4.13.4              
[33mWARNING[0m[Sep 25 03:22:33.739][autodiscover_podset.go: 87] Did not find any deployment in the configured namespaces [test] 
[33mWARNING[0m[Sep 25 03:22:33.786][autodiscover_podset.go: 106] Did not find any statefulSet in ns=test      
[33mWARNING[0m[Sep 25 03:22:33.787][autodiscover_podset.go: 120] Did not find any statefulset in the configured namespaces [test] 
[36mINFO   [0m[Sep 25 03:22:34.138][autodiscover_podset.go: 138] Cannot find any deployed HorizontalPodAutoscaler 
[36mINFO   [0m[Sep 25 03:22:34.339][operators.go: 130] Found 3 unique CSVs                          
[36mINFO   [0m[Sep 25 03:22:34.340][operators.go: 132]   CSV: k8s-triliovault-stable.3.1.0          
[36mINFO   [0m[Sep 25 03:22:34.340][operators.go: 132]   CSV: packageserver                         
[36mINFO   [0m[Sep 25 03:22:34.340][operators.go: 132]   CSV: ibm-block-csi-operator.v1.11.1        
[36mINFO   [0m[Sep 25 03:22:34.381][operators.go: 185] Getting installplans for op ibm-block-csi-operator.v1.11.1 (subs ibm-block-csi-operator-stable-certified-operators-openshift-marketplace ns test) 
[36mINFO   [0m[Sep 25 03:22:34.423][operators.go: 185] Getting installplans for op k8s-triliovault-stable.3.1.0 (subs k8s-triliovault-stable-3-1-0-sub ns test) 
[33mWARNING[0m[Sep 25 03:22:34.424][operators.go: 183] Subscription not found for CSV: packageserver (ns openshift-operator-lifecycle-manager) 
[36mINFO   [0m[Sep 25 03:22:34.425][operators.go: 185] Getting installplans for op packageserver (subs  ns ) 
[36mINFO   [0m[Sep 25 03:22:34.426][provider.go: 564] Node ip-10-0-138-139.ec2.internal - mc name: rendered-worker-2d2f3b16cfd49fa63f019201ad937fb4 
[36mINFO   [0m[Sep 25 03:22:34.532][provider.go: 564] Node ip-10-0-140-127.ec2.internal - mc name: rendered-master-c13f40c1d9ca7958e3551ada049691f6 
[36mINFO   [0m[Sep 25 03:22:34.611][provider.go: 564] Node ip-10-0-144-53.ec2.internal - mc name: rendered-master-c13f40c1d9ca7958e3551ada049691f6 
[36mINFO   [0m[Sep 25 03:22:34.678][provider.go: 564] Node ip-10-0-146-178.ec2.internal - mc name: rendered-worker-2d2f3b16cfd49fa63f019201ad937fb4 
[36mINFO   [0m[Sep 25 03:22:34.747][provider.go: 564] Node ip-10-0-171-112.ec2.internal - mc name: rendered-worker-2d2f3b16cfd49fa63f019201ad937fb4 
[36mINFO   [0m[Sep 25 03:22:34.821][provider.go: 564] Node ip-10-0-173-119.ec2.internal - mc name: rendered-master-c13f40c1d9ca7958e3551ada049691f6 
[31mERROR  [0m[Sep 25 03:22:34.888][pods.go: 57] Could not decode networks-status annotation, error: could not unmarshal network-status annotation 
[31mERROR  [0m[Sep 25 03:22:34.888][pods.go: 62] Could not decode networks-status annotation, error: could not unmarshal network-status annotation 
[31mERROR  [0m[Sep 25 03:22:34.888][pods.go: 57] Could not decode networks-status annotation, error: could not unmarshal network-status annotation 
[31mERROR  [0m[Sep 25 03:22:34.888][pods.go: 62] Could not decode networks-status annotation, error: could not unmarshal network-status annotation 
[31mERROR  [0m[Sep 25 03:22:34.889][pods.go: 57] Could not decode networks-status annotation, error: could not unmarshal network-status annotation 
[31mERROR  [0m[Sep 25 03:22:34.889][pods.go: 62] Could not decode networks-status annotation, error: could not unmarshal network-status annotation 
[31mERROR  [0m[Sep 25 03:22:34.890][pods.go: 57] Could not decode networks-status annotation, error: could not unmarshal network-status annotation 
[31mERROR  [0m[Sep 25 03:22:34.890][pods.go: 62] Could not decode networks-status annotation, error: could not unmarshal network-status annotation 
[31mERROR  [0m[Sep 25 03:22:34.891][pods.go: 57] Could not decode networks-status annotation, error: could not unmarshal network-status annotation 
[31mERROR  [0m[Sep 25 03:22:34.891][pods.go: 62] Could not decode networks-status annotation, error: could not unmarshal network-status annotation 
[31mERROR  [0m[Sep 25 03:22:34.891][pods.go: 57] Could not decode networks-status annotation, error: could not unmarshal network-status annotation 
[31mERROR  [0m[Sep 25 03:22:34.892][pods.go: 62] Could not decode networks-status annotation, error: could not unmarshal network-status annotation 
[33mWARNING[0m[Sep 25 03:22:34.895][provider.go: 341] container: extract pod: 600a44d1aa36577086fbb4c1d50141a9bb098df6aa2cc2bfcfca67dff3rdsgn ns: test is not ready yet. 
[33mWARNING[0m[Sep 25 03:22:34.895][provider.go: 357] container: extract pod: 600a44d1aa36577086fbb4c1d50141a9bb098df6aa2cc2bfcfca67dff3rdsgn ns: test is not running (reason: terminated - Completed, restarts 0): some test cases might fail. 
[33mWARNING[0m[Sep 25 03:22:34.896][provider.go: 341] container: extract pod: bad2d6671ea70976c64d77118c2b9378d57202296104365774df80d681dwpfd ns: test is not ready yet. 
[33mWARNING[0m[Sep 25 03:22:34.896][provider.go: 357] container: extract pod: bad2d6671ea70976c64d77118c2b9378d57202296104365774df80d681dwpfd ns: test is not running (reason: terminated - Completed, restarts 0): some test cases might fail. 
[31mERROR  [0m[Sep 25 03:22:34.896][pods.go: 57] Could not decode networks-status annotation, error: could not unmarshal network-status annotation 
[31mERROR  [0m[Sep 25 03:22:34.896][pods.go: 62] Could not decode networks-status annotation, error: could not unmarshal network-status annotation 
[31mERROR  [0m[Sep 25 03:22:34.897][pods.go: 57] Could not decode networks-status annotation, error: could not unmarshal network-status annotation 
[31mERROR  [0m[Sep 25 03:22:34.897][pods.go: 62] Could not decode networks-status annotation, error: could not unmarshal network-status annotation 
[31mERROR  [0m[Sep 25 03:22:34.897][pods.go: 57] Could not decode networks-status annotation, error: could not unmarshal network-status annotation 
[31mERROR  [0m[Sep 25 03:22:34.897][pods.go: 62] Could not decode networks-status annotation, error: could not unmarshal network-status annotation 
[31mERROR  [0m[Sep 25 03:22:34.898][pods.go: 57] Could not decode networks-status annotation, error: could not unmarshal network-status annotation 
[31mERROR  [0m[Sep 25 03:22:34.898][pods.go: 62] Could not decode networks-status annotation, error: could not unmarshal network-status annotation 
[31mERROR  [0m[Sep 25 03:22:34.898][pods.go: 57] Could not decode networks-status annotation, error: could not unmarshal network-status annotation 
[31mERROR  [0m[Sep 25 03:22:34.898][pods.go: 62] Could not decode networks-status annotation, error: could not unmarshal network-status annotation 
[31mERROR  [0m[Sep 25 03:22:34.899][pods.go: 57] Could not decode networks-status annotation, error: could not unmarshal network-status annotation 
[31mERROR  [0m[Sep 25 03:22:34.899][pods.go: 62] Could not decode networks-status annotation, error: could not unmarshal network-status annotation 
[33mWARNING[0m[Sep 25 03:22:34.900][provider.go: 341] container: extract pod: d43224ecf8a90e2689f1b48690ce45a9c382a5ed2d2ce8b0d2fbba172a8xrtm ns: test is not ready yet. 
[33mWARNING[0m[Sep 25 03:22:34.900][provider.go: 357] container: extract pod: d43224ecf8a90e2689f1b48690ce45a9c382a5ed2d2ce8b0d2fbba172a8xrtm ns: test is not running (reason: terminated - Completed, restarts 0): some test cases might fail. 
[33mWARNING[0m[Sep 25 03:22:34.900][provider.go: 341] container: extract pod: d4fe36668cbff5bf360eabb230ae7caeb430b86f4a6636c74f4314f7c0grbkk ns: test is not ready yet. 
[33mWARNING[0m[Sep 25 03:22:34.900][provider.go: 357] container: extract pod: d4fe36668cbff5bf360eabb230ae7caeb430b86f4a6636c74f4314f7c0grbkk ns: test is not running (reason: terminated - Completed, restarts 0): some test cases might fail. 
[36mINFO   [0m[Sep 25 03:22:34.901][operators.go: 130] Found 2 unique CSVs                          
[36mINFO   [0m[Sep 25 03:22:34.901][operators.go: 132]   CSV: k8s-triliovault-stable.3.1.0          
[36mINFO   [0m[Sep 25 03:22:34.902][operators.go: 132]   CSV: ibm-block-csi-operator.v1.11.1        
[36mINFO   [0m[Sep 25 03:22:34.938][operators.go: 185] Getting installplans for op ibm-block-csi-operator.v1.11.1 (subs ibm-block-csi-operator-stable-certified-operators-openshift-marketplace ns test) 
[36mINFO   [0m[Sep 25 03:22:34.980][operators.go: 185] Getting installplans for op k8s-triliovault-stable.3.1.0 (subs k8s-triliovault-stable-3-1-0-sub ns test) 
[36mINFO   [0m[Sep 25 03:22:34.980][provider.go: 290] Operators found: 2                           
[36mINFO   [0m[Sep 25 03:22:34.980][provider.go: 302] Completed the test environment build process in 4.49 seconds 
[33mWARNING[0m[Sep 25 03:22:34.993][suite.go: 50] LabelFilter is set but 'preflight' tests are not targeted. Skipping the preflight tests. 
Running Suite: CNF Certification Test Suite - /usr/tnf/cnf-certification-test
=============================================================================
Random Seed: [1m1695612133[0m

Will run [1m82[0m of [1m87[0m specs
[38;5;243m------------------------------[0m
[0moperator [0m[1moperator-install-status-succeeded[0m [38;5;204m[common, operator-install-status-succeeded, operator][0m
[38;5;243m/usr/tnf/tnf-src/cnf-certification-test/operator/suite.go:44[0m
[31mFATAL  [0m[Sep 25 03:27:36.010][phasecheck.go: 50] Timeout waiting for operator csv: k8s-triliovault-stable.3.1.0 ns: test to be ready 
