time="2023-08-24T21:52:07Z" level=info msg="Saving environment variables & parameters."
time="2023-08-24T21:52:07Z" level=info msg="Environment: {Home:/root Kubeconfig:/usr/tnf/kubeconfig/config ConfigurationPath:/usr/tnf/config/tnf_config.yml NonIntrusiveOnly:false LogLevel:info OfflineDB:/usr/offline-db AllowPreflightInsecure:false PfltDockerconfig:/usr/tnf/dockercfg/config.json IncludeWebFilesInOutputFolder:false OmitArtifactsZipFile:false}"
=== RUN   TestTest
[36mINFO   [0m[Aug 24 21:52:07.312][suite_test.go: 98] Log level set to: info                       
[36mINFO   [0m[Aug 24 21:52:07.314][suite_test.go: 140] TNF Version         : v4.3.4 ( 2037b43c9bccf6b00fe91797adfabcbeeeb5efdc ) 
[36mINFO   [0m[Aug 24 21:52:07.314][suite_test.go: 141] Claim Format Version: v0.1.0                 
[36mINFO   [0m[Aug 24 21:52:07.314][suite_test.go: 142] Ginkgo Version      : 2.11.0                 
[36mINFO   [0m[Aug 24 21:52:07.314][suite_test.go: 143] Labels filter       : operator, access-control, networking, affiliated-certification, lifecycle, manageability, networking, observability, platform-alteration 
[36mINFO   [0m[Aug 24 21:52:07.314][clientsholder.go: 169] Creating k8s go-clients holder.              
[36mINFO   [0m[Aug 24 21:52:07.783][utils.go: 51] Loading config from file: /usr/tnf/config/tnf_config.yml 
[33mWARNING[0m[Aug 24 21:52:07.789][utils.go: 64] No namespace configured for the debug DaemonSet. Defaulting to namespace cnf-suite 
[33mWARNING[0m[Aug 24 21:52:07.873][autodiscover.go: 110] DEPRECATED: targetPodLabels config field is about to be obsolete. Please use the new "podsUnderTestLabels" field instead. 
[33mWARNING[0m[Aug 24 21:52:07.873][autodiscover.go: 113] DEPRECATED: deprecated default operator label in use ( test-network-function.com/operator: ) is about to be obsolete. Please use the new "operatorsUnderTestLabels" field to specify operators labels instead. 
[36mINFO   [0m[Aug 24 21:52:07.873][autodiscover.go: 143] parsed pods under test labels: [{LabelKey:test-network-function.com/generic LabelValue:target}] 
[36mINFO   [0m[Aug 24 21:52:07.873][autodiscover.go: 144] parsed operators under test labels: [{LabelKey:test-network-function.com/operator LabelValue:}] 
[36mINFO   [0m[Aug 24 21:52:07.982][autodiscover_operators.go: 144] Found 5 subscriptions in the target namespaces 
[36mINFO   [0m[Aug 24 21:52:07.982][autodiscover_operators.go: 146]  Subscriptions name: cert-manager-stable-community-operators-openshift-marketplace (ns: test) 
[36mINFO   [0m[Aug 24 21:52:07.983][autodiscover_operators.go: 146]  Subscriptions name: ibm-data-reporter-operator-v2-11-1-sub (ns: test) 
[36mINFO   [0m[Aug 24 21:52:07.983][autodiscover_operators.go: 146]  Subscriptions name: openshift-nfd-operator-stable-community-operators-openshift-marketplace (ns: test) 
[36mINFO   [0m[Aug 24 21:52:07.983][autodiscover_operators.go: 146]  Subscriptions name: self-node-remediation-v0-6-1-sub (ns: test) 
[36mINFO   [0m[Aug 24 21:52:07.983][autodiscover_operators.go: 146]  Subscriptions name: special-resource-operator-alpha-community-operators-openshift-marketplace (ns: test) 
[36mINFO   [0m[Aug 24 21:52:09.632][autodiscover_operators.go: 121] Found 149 CSVs:                              
[36mINFO   [0m[Aug 24 21:52:09.632][autodiscover_operators.go: 123]  CSV name: nfd.v4.10.0 (ns: cert-manager)    
[36mINFO   [0m[Aug 24 21:52:09.632][autodiscover_operators.go: 123]  CSV name: self-node-remediation.v0.6.1 (ns: cert-manager) 
[36mINFO   [0m[Aug 24 21:52:09.632][autodiscover_operators.go: 123]  CSV name: nfd.v4.10.0 (ns: cnf-suite)       
[36mINFO   [0m[Aug 24 21:52:09.632][autodiscover_operators.go: 123]  CSV name: self-node-remediation.v0.6.1 (ns: cnf-suite) 
[36mINFO   [0m[Aug 24 21:52:09.632][autodiscover_operators.go: 123]  CSV name: nfd.v4.10.0 (ns: default)         
[36mINFO   [0m[Aug 24 21:52:09.632][autodiscover_operators.go: 123]  CSV name: self-node-remediation.v0.6.1 (ns: default) 
[36mINFO   [0m[Aug 24 21:52:09.632][autodiscover_operators.go: 123]  CSV name: nfd.v4.10.0 (ns: kube-node-lease) 
[36mINFO   [0m[Aug 24 21:52:09.632][autodiscover_operators.go: 123]  CSV name: self-node-remediation.v0.6.1 (ns: kube-node-lease) 
[36mINFO   [0m[Aug 24 21:52:09.632][autodiscover_operators.go: 123]  CSV name: nfd.v4.10.0 (ns: kube-public)     
[36mINFO   [0m[Aug 24 21:52:09.632][autodiscover_operators.go: 123]  CSV name: self-node-remediation.v0.6.1 (ns: kube-public) 
[36mINFO   [0m[Aug 24 21:52:09.632][autodiscover_operators.go: 123]  CSV name: nfd.v4.10.0 (ns: kube-system)     
[36mINFO   [0m[Aug 24 21:52:09.632][autodiscover_operators.go: 123]  CSV name: self-node-remediation.v0.6.1 (ns: kube-system) 
[36mINFO   [0m[Aug 24 21:52:09.632][autodiscover_operators.go: 123]  CSV name: nfd.v4.10.0 (ns: openshift-apiserver-operator) 
[36mINFO   [0m[Aug 24 21:52:09.633][autodiscover_operators.go: 123]  CSV name: self-node-remediation.v0.6.1 (ns: openshift-apiserver-operator) 
[36mINFO   [0m[Aug 24 21:52:09.633][autodiscover_operators.go: 123]  CSV name: nfd.v4.10.0 (ns: openshift-apiserver) 
[36mINFO   [0m[Aug 24 21:52:09.633][autodiscover_operators.go: 123]  CSV name: self-node-remediation.v0.6.1 (ns: openshift-apiserver) 
[36mINFO   [0m[Aug 24 21:52:09.633][autodiscover_operators.go: 123]  CSV name: nfd.v4.10.0 (ns: openshift-authentication-operator) 
[36mINFO   [0m[Aug 24 21:52:09.633][autodiscover_operators.go: 123]  CSV name: self-node-remediation.v0.6.1 (ns: openshift-authentication-operator) 
[36mINFO   [0m[Aug 24 21:52:09.633][autodiscover_operators.go: 123]  CSV name: nfd.v4.10.0 (ns: openshift-authentication) 
[36mINFO   [0m[Aug 24 21:52:09.633][autodiscover_operators.go: 123]  CSV name: self-node-remediation.v0.6.1 (ns: openshift-authentication) 
[36mINFO   [0m[Aug 24 21:52:09.633][autodiscover_operators.go: 123]  CSV name: nfd.v4.10.0 (ns: openshift-cloud-controller-manager-operator) 
[36mINFO   [0m[Aug 24 21:52:09.633][autodiscover_operators.go: 123]  CSV name: self-node-remediation.v0.6.1 (ns: openshift-cloud-controller-manager-operator) 
[36mINFO   [0m[Aug 24 21:52:09.633][autodiscover_operators.go: 123]  CSV name: nfd.v4.10.0 (ns: openshift-cloud-controller-manager) 
[36mINFO   [0m[Aug 24 21:52:09.633][autodiscover_operators.go: 123]  CSV name: self-node-remediation.v0.6.1 (ns: openshift-cloud-controller-manager) 
[36mINFO   [0m[Aug 24 21:52:09.633][autodiscover_operators.go: 123]  CSV name: nfd.v4.10.0 (ns: openshift-cloud-credential-operator) 
[36mINFO   [0m[Aug 24 21:52:09.633][autodiscover_operators.go: 123]  CSV name: self-node-remediation.v0.6.1 (ns: openshift-cloud-credential-operator) 
[36mINFO   [0m[Aug 24 21:52:09.633][autodiscover_operators.go: 123]  CSV name: nfd.v4.10.0 (ns: openshift-cloud-network-config-controller) 
[36mINFO   [0m[Aug 24 21:52:09.633][autodiscover_operators.go: 123]  CSV name: self-node-remediation.v0.6.1 (ns: openshift-cloud-network-config-controller) 
[36mINFO   [0m[Aug 24 21:52:09.633][autodiscover_operators.go: 123]  CSV name: nfd.v4.10.0 (ns: openshift-cluster-csi-drivers) 
[36mINFO   [0m[Aug 24 21:52:09.633][autodiscover_operators.go: 123]  CSV name: self-node-remediation.v0.6.1 (ns: openshift-cluster-csi-drivers) 
[36mINFO   [0m[Aug 24 21:52:09.634][autodiscover_operators.go: 123]  CSV name: nfd.v4.10.0 (ns: openshift-cluster-machine-approver) 
[36mINFO   [0m[Aug 24 21:52:09.634][autodiscover_operators.go: 123]  CSV name: self-node-remediation.v0.6.1 (ns: openshift-cluster-machine-approver) 
[36mINFO   [0m[Aug 24 21:52:09.634][autodiscover_operators.go: 123]  CSV name: nfd.v4.10.0 (ns: openshift-cluster-node-tuning-operator) 
[36mINFO   [0m[Aug 24 21:52:09.634][autodiscover_operators.go: 123]  CSV name: self-node-remediation.v0.6.1 (ns: openshift-cluster-node-tuning-operator) 
[36mINFO   [0m[Aug 24 21:52:09.634][autodiscover_operators.go: 123]  CSV name: nfd.v4.10.0 (ns: openshift-cluster-samples-operator) 
[36mINFO   [0m[Aug 24 21:52:09.634][autodiscover_operators.go: 123]  CSV name: self-node-remediation.v0.6.1 (ns: openshift-cluster-samples-operator) 
[36mINFO   [0m[Aug 24 21:52:09.634][autodiscover_operators.go: 123]  CSV name: nfd.v4.10.0 (ns: openshift-cluster-storage-operator) 
[36mINFO   [0m[Aug 24 21:52:09.634][autodiscover_operators.go: 123]  CSV name: self-node-remediation.v0.6.1 (ns: openshift-cluster-storage-operator) 
[36mINFO   [0m[Aug 24 21:52:09.634][autodiscover_operators.go: 123]  CSV name: nfd.v4.10.0 (ns: openshift-cluster-version) 
[36mINFO   [0m[Aug 24 21:52:09.634][autodiscover_operators.go: 123]  CSV name: self-node-remediation.v0.6.1 (ns: openshift-cluster-version) 
[36mINFO   [0m[Aug 24 21:52:09.634][autodiscover_operators.go: 123]  CSV name: nfd.v4.10.0 (ns: openshift-config-managed) 
[36mINFO   [0m[Aug 24 21:52:09.634][autodiscover_operators.go: 123]  CSV name: self-node-remediation.v0.6.1 (ns: openshift-config-managed) 
[36mINFO   [0m[Aug 24 21:52:09.634][autodiscover_operators.go: 123]  CSV name: nfd.v4.10.0 (ns: openshift-config-operator) 
[36mINFO   [0m[Aug 24 21:52:09.634][autodiscover_operators.go: 123]  CSV name: self-node-remediation.v0.6.1 (ns: openshift-config-operator) 
[36mINFO   [0m[Aug 24 21:52:09.634][autodiscover_operators.go: 123]  CSV name: nfd.v4.10.0 (ns: openshift-config) 
[36mINFO   [0m[Aug 24 21:52:09.634][autodiscover_operators.go: 123]  CSV name: self-node-remediation.v0.6.1 (ns: openshift-config) 
[36mINFO   [0m[Aug 24 21:52:09.635][autodiscover_operators.go: 123]  CSV name: nfd.v4.10.0 (ns: openshift-console-operator) 
[36mINFO   [0m[Aug 24 21:52:09.635][autodiscover_operators.go: 123]  CSV name: self-node-remediation.v0.6.1 (ns: openshift-console-operator) 
[36mINFO   [0m[Aug 24 21:52:09.635][autodiscover_operators.go: 123]  CSV name: nfd.v4.10.0 (ns: openshift-console-user-settings) 
[36mINFO   [0m[Aug 24 21:52:09.635][autodiscover_operators.go: 123]  CSV name: self-node-remediation.v0.6.1 (ns: openshift-console-user-settings) 
[36mINFO   [0m[Aug 24 21:52:09.635][autodiscover_operators.go: 123]  CSV name: nfd.v4.10.0 (ns: openshift-console) 
[36mINFO   [0m[Aug 24 21:52:09.635][autodiscover_operators.go: 123]  CSV name: self-node-remediation.v0.6.1 (ns: openshift-console) 
[36mINFO   [0m[Aug 24 21:52:09.635][autodiscover_operators.go: 123]  CSV name: nfd.v4.10.0 (ns: openshift-controller-manager-operator) 
[36mINFO   [0m[Aug 24 21:52:09.635][autodiscover_operators.go: 123]  CSV name: self-node-remediation.v0.6.1 (ns: openshift-controller-manager-operator) 
[36mINFO   [0m[Aug 24 21:52:09.635][autodiscover_operators.go: 123]  CSV name: nfd.v4.10.0 (ns: openshift-controller-manager) 
[36mINFO   [0m[Aug 24 21:52:09.635][autodiscover_operators.go: 123]  CSV name: self-node-remediation.v0.6.1 (ns: openshift-controller-manager) 
[36mINFO   [0m[Aug 24 21:52:09.635][autodiscover_operators.go: 123]  CSV name: nfd.v4.10.0 (ns: openshift-dns-operator) 
[36mINFO   [0m[Aug 24 21:52:09.635][autodiscover_operators.go: 123]  CSV name: self-node-remediation.v0.6.1 (ns: openshift-dns-operator) 
[36mINFO   [0m[Aug 24 21:52:09.635][autodiscover_operators.go: 123]  CSV name: nfd.v4.10.0 (ns: openshift-dns)   
[36mINFO   [0m[Aug 24 21:52:09.635][autodiscover_operators.go: 123]  CSV name: self-node-remediation.v0.6.1 (ns: openshift-dns) 
[36mINFO   [0m[Aug 24 21:52:09.635][autodiscover_operators.go: 123]  CSV name: nfd.v4.10.0 (ns: openshift-etcd-operator) 
[36mINFO   [0m[Aug 24 21:52:09.635][autodiscover_operators.go: 123]  CSV name: self-node-remediation.v0.6.1 (ns: openshift-etcd-operator) 
[36mINFO   [0m[Aug 24 21:52:09.635][autodiscover_operators.go: 123]  CSV name: nfd.v4.10.0 (ns: openshift-etcd)  
[36mINFO   [0m[Aug 24 21:52:09.635][autodiscover_operators.go: 123]  CSV name: self-node-remediation.v0.6.1 (ns: openshift-etcd) 
[36mINFO   [0m[Aug 24 21:52:09.635][autodiscover_operators.go: 123]  CSV name: nfd.v4.10.0 (ns: openshift-host-network) 
[36mINFO   [0m[Aug 24 21:52:09.636][autodiscover_operators.go: 123]  CSV name: self-node-remediation.v0.6.1 (ns: openshift-host-network) 
[36mINFO   [0m[Aug 24 21:52:09.636][autodiscover_operators.go: 123]  CSV name: nfd.v4.10.0 (ns: openshift-image-registry) 
[36mINFO   [0m[Aug 24 21:52:09.636][autodiscover_operators.go: 123]  CSV name: self-node-remediation.v0.6.1 (ns: openshift-image-registry) 
[36mINFO   [0m[Aug 24 21:52:09.636][autodiscover_operators.go: 123]  CSV name: nfd.v4.10.0 (ns: openshift-infra) 
[36mINFO   [0m[Aug 24 21:52:09.636][autodiscover_operators.go: 123]  CSV name: self-node-remediation.v0.6.1 (ns: openshift-infra) 
[36mINFO   [0m[Aug 24 21:52:09.636][autodiscover_operators.go: 123]  CSV name: nfd.v4.10.0 (ns: openshift-ingress-canary) 
[36mINFO   [0m[Aug 24 21:52:09.636][autodiscover_operators.go: 123]  CSV name: self-node-remediation.v0.6.1 (ns: openshift-ingress-canary) 
[36mINFO   [0m[Aug 24 21:52:09.636][autodiscover_operators.go: 123]  CSV name: nfd.v4.10.0 (ns: openshift-ingress-operator) 
[36mINFO   [0m[Aug 24 21:52:09.636][autodiscover_operators.go: 123]  CSV name: self-node-remediation.v0.6.1 (ns: openshift-ingress-operator) 
[36mINFO   [0m[Aug 24 21:52:09.636][autodiscover_operators.go: 123]  CSV name: nfd.v4.10.0 (ns: openshift-ingress) 
[36mINFO   [0m[Aug 24 21:52:09.636][autodiscover_operators.go: 123]  CSV name: self-node-remediation.v0.6.1 (ns: openshift-ingress) 
[36mINFO   [0m[Aug 24 21:52:09.636][autodiscover_operators.go: 123]  CSV name: nfd.v4.10.0 (ns: openshift-insights) 
[36mINFO   [0m[Aug 24 21:52:09.636][autodiscover_operators.go: 123]  CSV name: self-node-remediation.v0.6.1 (ns: openshift-insights) 
[36mINFO   [0m[Aug 24 21:52:09.636][autodiscover_operators.go: 123]  CSV name: nfd.v4.10.0 (ns: openshift-kni-infra) 
[36mINFO   [0m[Aug 24 21:52:09.636][autodiscover_operators.go: 123]  CSV name: self-node-remediation.v0.6.1 (ns: openshift-kni-infra) 
[36mINFO   [0m[Aug 24 21:52:09.637][autodiscover_operators.go: 123]  CSV name: nfd.v4.10.0 (ns: openshift-kube-apiserver-operator) 
[36mINFO   [0m[Aug 24 21:52:09.637][autodiscover_operators.go: 123]  CSV name: self-node-remediation.v0.6.1 (ns: openshift-kube-apiserver-operator) 
[36mINFO   [0m[Aug 24 21:52:09.637][autodiscover_operators.go: 123]  CSV name: nfd.v4.10.0 (ns: openshift-kube-apiserver) 
[36mINFO   [0m[Aug 24 21:52:09.637][autodiscover_operators.go: 123]  CSV name: self-node-remediation.v0.6.1 (ns: openshift-kube-apiserver) 
[36mINFO   [0m[Aug 24 21:52:09.637][autodiscover_operators.go: 123]  CSV name: nfd.v4.10.0 (ns: openshift-kube-controller-manager-operator) 
[36mINFO   [0m[Aug 24 21:52:09.637][autodiscover_operators.go: 123]  CSV name: self-node-remediation.v0.6.1 (ns: openshift-kube-controller-manager-operator) 
[36mINFO   [0m[Aug 24 21:52:09.637][autodiscover_operators.go: 123]  CSV name: nfd.v4.10.0 (ns: openshift-kube-controller-manager) 
[36mINFO   [0m[Aug 24 21:52:09.637][autodiscover_operators.go: 123]  CSV name: self-node-remediation.v0.6.1 (ns: openshift-kube-controller-manager) 
[36mINFO   [0m[Aug 24 21:52:09.637][autodiscover_operators.go: 123]  CSV name: nfd.v4.10.0 (ns: openshift-kube-scheduler-operator) 
[36mINFO   [0m[Aug 24 21:52:09.637][autodiscover_operators.go: 123]  CSV name: self-node-remediation.v0.6.1 (ns: openshift-kube-scheduler-operator) 
[36mINFO   [0m[Aug 24 21:52:09.637][autodiscover_operators.go: 123]  CSV name: nfd.v4.10.0 (ns: openshift-kube-scheduler) 
[36mINFO   [0m[Aug 24 21:52:09.637][autodiscover_operators.go: 123]  CSV name: self-node-remediation.v0.6.1 (ns: openshift-kube-scheduler) 
[36mINFO   [0m[Aug 24 21:52:09.637][autodiscover_operators.go: 123]  CSV name: nfd.v4.10.0 (ns: openshift-kube-storage-version-migrator-operator) 
[36mINFO   [0m[Aug 24 21:52:09.637][autodiscover_operators.go: 123]  CSV name: self-node-remediation.v0.6.1 (ns: openshift-kube-storage-version-migrator-operator) 
[36mINFO   [0m[Aug 24 21:52:09.637][autodiscover_operators.go: 123]  CSV name: nfd.v4.10.0 (ns: openshift-kube-storage-version-migrator) 
[36mINFO   [0m[Aug 24 21:52:09.637][autodiscover_operators.go: 123]  CSV name: self-node-remediation.v0.6.1 (ns: openshift-kube-storage-version-migrator) 
[36mINFO   [0m[Aug 24 21:52:09.638][autodiscover_operators.go: 123]  CSV name: nfd.v4.10.0 (ns: openshift-machine-api) 
[36mINFO   [0m[Aug 24 21:52:09.638][autodiscover_operators.go: 123]  CSV name: self-node-remediation.v0.6.1 (ns: openshift-machine-api) 
[36mINFO   [0m[Aug 24 21:52:09.638][autodiscover_operators.go: 123]  CSV name: nfd.v4.10.0 (ns: openshift-machine-config-operator) 
[36mINFO   [0m[Aug 24 21:52:09.638][autodiscover_operators.go: 123]  CSV name: self-node-remediation.v0.6.1 (ns: openshift-machine-config-operator) 
[36mINFO   [0m[Aug 24 21:52:09.638][autodiscover_operators.go: 123]  CSV name: nfd.v4.10.0 (ns: openshift-marketplace) 
[36mINFO   [0m[Aug 24 21:52:09.638][autodiscover_operators.go: 123]  CSV name: self-node-remediation.v0.6.1 (ns: openshift-marketplace) 
[36mINFO   [0m[Aug 24 21:52:09.638][autodiscover_operators.go: 123]  CSV name: nfd.v4.10.0 (ns: openshift-monitoring) 
[36mINFO   [0m[Aug 24 21:52:09.638][autodiscover_operators.go: 123]  CSV name: self-node-remediation.v0.6.1 (ns: openshift-monitoring) 
[36mINFO   [0m[Aug 24 21:52:09.638][autodiscover_operators.go: 123]  CSV name: nfd.v4.10.0 (ns: openshift-multus) 
[36mINFO   [0m[Aug 24 21:52:09.638][autodiscover_operators.go: 123]  CSV name: self-node-remediation.v0.6.1 (ns: openshift-multus) 
[36mINFO   [0m[Aug 24 21:52:09.638][autodiscover_operators.go: 123]  CSV name: nfd.v4.10.0 (ns: openshift-network-diagnostics) 
[36mINFO   [0m[Aug 24 21:52:09.638][autodiscover_operators.go: 123]  CSV name: self-node-remediation.v0.6.1 (ns: openshift-network-diagnostics) 
[36mINFO   [0m[Aug 24 21:52:09.638][autodiscover_operators.go: 123]  CSV name: nfd.v4.10.0 (ns: openshift-network-operator) 
[36mINFO   [0m[Aug 24 21:52:09.638][autodiscover_operators.go: 123]  CSV name: self-node-remediation.v0.6.1 (ns: openshift-network-operator) 
[36mINFO   [0m[Aug 24 21:52:09.638][autodiscover_operators.go: 123]  CSV name: nfd.v4.10.0 (ns: openshift-node)  
[36mINFO   [0m[Aug 24 21:52:09.638][autodiscover_operators.go: 123]  CSV name: self-node-remediation.v0.6.1 (ns: openshift-node) 
[36mINFO   [0m[Aug 24 21:52:09.638][autodiscover_operators.go: 123]  CSV name: nfd.v4.10.0 (ns: openshift-nutanix-infra) 
[36mINFO   [0m[Aug 24 21:52:09.638][autodiscover_operators.go: 123]  CSV name: self-node-remediation.v0.6.1 (ns: openshift-nutanix-infra) 
[36mINFO   [0m[Aug 24 21:52:09.638][autodiscover_operators.go: 123]  CSV name: nfd.v4.10.0 (ns: openshift-oauth-apiserver) 
[36mINFO   [0m[Aug 24 21:52:09.638][autodiscover_operators.go: 123]  CSV name: self-node-remediation.v0.6.1 (ns: openshift-oauth-apiserver) 
[36mINFO   [0m[Aug 24 21:52:09.639][autodiscover_operators.go: 123]  CSV name: nfd.v4.10.0 (ns: openshift-openstack-infra) 
[36mINFO   [0m[Aug 24 21:52:09.639][autodiscover_operators.go: 123]  CSV name: self-node-remediation.v0.6.1 (ns: openshift-openstack-infra) 
[36mINFO   [0m[Aug 24 21:52:09.639][autodiscover_operators.go: 123]  CSV name: nfd.v4.10.0 (ns: openshift-operator-lifecycle-manager) 
[36mINFO   [0m[Aug 24 21:52:09.639][autodiscover_operators.go: 123]  CSV name: packageserver (ns: openshift-operator-lifecycle-manager) 
[36mINFO   [0m[Aug 24 21:52:09.639][autodiscover_operators.go: 123]  CSV name: self-node-remediation.v0.6.1 (ns: openshift-operator-lifecycle-manager) 
[36mINFO   [0m[Aug 24 21:52:09.639][autodiscover_operators.go: 123]  CSV name: nfd.v4.10.0 (ns: openshift-operators) 
[36mINFO   [0m[Aug 24 21:52:09.639][autodiscover_operators.go: 123]  CSV name: self-node-remediation.v0.6.1 (ns: openshift-operators) 
[36mINFO   [0m[Aug 24 21:52:09.639][autodiscover_operators.go: 123]  CSV name: nfd.v4.10.0 (ns: openshift-ovirt-infra) 
[36mINFO   [0m[Aug 24 21:52:09.639][autodiscover_operators.go: 123]  CSV name: self-node-remediation.v0.6.1 (ns: openshift-ovirt-infra) 
[36mINFO   [0m[Aug 24 21:52:09.639][autodiscover_operators.go: 123]  CSV name: nfd.v4.10.0 (ns: openshift-ovn-kubernetes) 
[36mINFO   [0m[Aug 24 21:52:09.639][autodiscover_operators.go: 123]  CSV name: self-node-remediation.v0.6.1 (ns: openshift-ovn-kubernetes) 
[36mINFO   [0m[Aug 24 21:52:09.639][autodiscover_operators.go: 123]  CSV name: nfd.v4.10.0 (ns: openshift-route-controller-manager) 
[36mINFO   [0m[Aug 24 21:52:09.639][autodiscover_operators.go: 123]  CSV name: self-node-remediation.v0.6.1 (ns: openshift-route-controller-manager) 
[36mINFO   [0m[Aug 24 21:52:09.639][autodiscover_operators.go: 123]  CSV name: nfd.v4.10.0 (ns: openshift-service-ca-operator) 
[36mINFO   [0m[Aug 24 21:52:09.639][autodiscover_operators.go: 123]  CSV name: self-node-remediation.v0.6.1 (ns: openshift-service-ca-operator) 
[36mINFO   [0m[Aug 24 21:52:09.639][autodiscover_operators.go: 123]  CSV name: nfd.v4.10.0 (ns: openshift-service-ca) 
[36mINFO   [0m[Aug 24 21:52:09.639][autodiscover_operators.go: 123]  CSV name: self-node-remediation.v0.6.1 (ns: openshift-service-ca) 
[36mINFO   [0m[Aug 24 21:52:09.639][autodiscover_operators.go: 123]  CSV name: nfd.v4.10.0 (ns: openshift-user-workload-monitoring) 
[36mINFO   [0m[Aug 24 21:52:09.639][autodiscover_operators.go: 123]  CSV name: self-node-remediation.v0.6.1 (ns: openshift-user-workload-monitoring) 
[36mINFO   [0m[Aug 24 21:52:09.639][autodiscover_operators.go: 123]  CSV name: nfd.v4.10.0 (ns: openshift-vsphere-infra) 
[36mINFO   [0m[Aug 24 21:52:09.640][autodiscover_operators.go: 123]  CSV name: self-node-remediation.v0.6.1 (ns: openshift-vsphere-infra) 
[36mINFO   [0m[Aug 24 21:52:09.640][autodiscover_operators.go: 123]  CSV name: nfd.v4.10.0 (ns: openshift)       
[36mINFO   [0m[Aug 24 21:52:09.640][autodiscover_operators.go: 123]  CSV name: self-node-remediation.v0.6.1 (ns: openshift) 
[36mINFO   [0m[Aug 24 21:52:09.640][autodiscover_operators.go: 123]  CSV name: nfd.v4.10.0 (ns: redhat-ods-applications) 
[36mINFO   [0m[Aug 24 21:52:09.640][autodiscover_operators.go: 123]  CSV name: self-node-remediation.v0.6.1 (ns: redhat-ods-applications) 
[36mINFO   [0m[Aug 24 21:52:09.640][autodiscover_operators.go: 123]  CSV name: nfd.v4.10.0 (ns: redhat-ods-monitoring) 
[36mINFO   [0m[Aug 24 21:52:09.640][autodiscover_operators.go: 123]  CSV name: self-node-remediation.v0.6.1 (ns: redhat-ods-monitoring) 
[36mINFO   [0m[Aug 24 21:52:09.640][autodiscover_operators.go: 123]  CSV name: nfd.v4.10.0 (ns: rhods-notebooks) 
[36mINFO   [0m[Aug 24 21:52:09.640][autodiscover_operators.go: 123]  CSV name: self-node-remediation.v0.6.1 (ns: rhods-notebooks) 
[36mINFO   [0m[Aug 24 21:52:09.640][autodiscover_operators.go: 123]  CSV name: nfd.v4.10.0 (ns: test)            
[36mINFO   [0m[Aug 24 21:52:09.640][autodiscover_operators.go: 123]  CSV name: self-node-remediation.v0.6.1 (ns: test) 
[36mINFO   [0m[Aug 24 21:52:09.640][autodiscover_operators.go: 123]  CSV name: nfd.v4.10.0 (ns: ztp-install)     
[36mINFO   [0m[Aug 24 21:52:09.640][autodiscover_operators.go: 123]  CSV name: self-node-remediation.v0.6.1 (ns: ztp-install) 
[36mINFO   [0m[Aug 24 21:52:12.135][autodiscover_operators.go: 91] Found 2 CSVs:                                
[36mINFO   [0m[Aug 24 21:52:12.135][autodiscover_operators.go: 93]  CSV name: nfd.v4.10.0 (ns: test)            
[36mINFO   [0m[Aug 24 21:52:12.135][autodiscover_operators.go: 93]  CSV name: self-node-remediation.v0.6.1 (ns: test) 
[36mINFO   [0m[Aug 24 21:52:12.180][autodiscover_operators.go: 144] Found 5 subscriptions in the target namespaces 
[36mINFO   [0m[Aug 24 21:52:12.180][autodiscover_operators.go: 146]  Subscriptions name: cert-manager-stable-community-operators-openshift-marketplace (ns: test) 
[36mINFO   [0m[Aug 24 21:52:12.181][autodiscover_operators.go: 146]  Subscriptions name: ibm-data-reporter-operator-v2-11-1-sub (ns: test) 
[36mINFO   [0m[Aug 24 21:52:12.181][autodiscover_operators.go: 146]  Subscriptions name: openshift-nfd-operator-stable-community-operators-openshift-marketplace (ns: test) 
[36mINFO   [0m[Aug 24 21:52:12.181][autodiscover_operators.go: 146]  Subscriptions name: self-node-remediation-v0-6-1-sub (ns: test) 
[36mINFO   [0m[Aug 24 21:52:12.181][autodiscover_operators.go: 146]  Subscriptions name: special-resource-operator-alpha-community-operators-openshift-marketplace (ns: test) 
[36mINFO   [0m[Aug 24 21:52:12.316][autodiscover.go: 257] OpenShift Version found: 4.13.4              
[33mWARNING[0m[Aug 24 21:52:12.420][autodiscover_podset.go: 87] Did not find any deployment in the configured namespaces [test] 
[33mWARNING[0m[Aug 24 21:52:12.461][autodiscover_podset.go: 106] Did not find any statefulSet in ns=test      
[33mWARNING[0m[Aug 24 21:52:12.461][autodiscover_podset.go: 120] Did not find any statefulset in the configured namespaces [test] 
[36mINFO   [0m[Aug 24 21:52:12.773][autodiscover_podset.go: 138] Cannot find any deployed HorizontalPodAutoscaler 
[36mINFO   [0m[Aug 24 21:52:12.942][operators.go: 130] Found 3 unique CSVs                          
[36mINFO   [0m[Aug 24 21:52:12.943][operators.go: 132]   CSV: nfd.v4.10.0                           
[36mINFO   [0m[Aug 24 21:52:12.943][operators.go: 132]   CSV: self-node-remediation.v0.6.1          
[36mINFO   [0m[Aug 24 21:52:12.943][operators.go: 132]   CSV: packageserver                         
[36mINFO   [0m[Aug 24 21:52:12.988][operators.go: 185] Getting installplans for op nfd.v4.10.0 (subs openshift-nfd-operator-stable-community-operators-openshift-marketplace ns test) 
[33mWARNING[0m[Aug 24 21:52:12.989][operators.go: 183] Subscription not found for CSV: packageserver (ns openshift-operator-lifecycle-manager) 
[36mINFO   [0m[Aug 24 21:52:12.989][operators.go: 185] Getting installplans for op packageserver (subs  ns ) 
[36mINFO   [0m[Aug 24 21:52:13.024][operators.go: 185] Getting installplans for op self-node-remediation.v0.6.1 (subs self-node-remediation-v0-6-1-sub ns test) 
[36mINFO   [0m[Aug 24 21:52:13.026][provider.go: 564] Node ip-10-0-138-139.ec2.internal - mc name: rendered-worker-4d7f2d5d759a3f0196274c4702ff2d3a 
[36mINFO   [0m[Aug 24 21:52:13.110][provider.go: 564] Node ip-10-0-140-127.ec2.internal - mc name: rendered-master-264a3e0d880b40507d6aa6d24e9b1296 
[36mINFO   [0m[Aug 24 21:52:13.171][provider.go: 564] Node ip-10-0-144-53.ec2.internal - mc name: rendered-master-264a3e0d880b40507d6aa6d24e9b1296 
[36mINFO   [0m[Aug 24 21:52:13.234][provider.go: 564] Node ip-10-0-146-178.ec2.internal - mc name: rendered-worker-4d7f2d5d759a3f0196274c4702ff2d3a 
[36mINFO   [0m[Aug 24 21:52:13.298][provider.go: 564] Node ip-10-0-171-112.ec2.internal - mc name: rendered-worker-4d7f2d5d759a3f0196274c4702ff2d3a 
[36mINFO   [0m[Aug 24 21:52:13.359][provider.go: 564] Node ip-10-0-173-119.ec2.internal - mc name: rendered-master-264a3e0d880b40507d6aa6d24e9b1296 
[31mERROR  [0m[Aug 24 21:52:13.423][pods.go: 57] Could not decode networks-status annotation, error: could not unmarshal network-status annotation 
[31mERROR  [0m[Aug 24 21:52:13.423][pods.go: 62] Could not decode networks-status annotation, error: could not unmarshal network-status annotation 
[31mERROR  [0m[Aug 24 21:52:13.423][pods.go: 57] Could not decode networks-status annotation, error: could not unmarshal network-status annotation 
[31mERROR  [0m[Aug 24 21:52:13.423][pods.go: 62] Could not decode networks-status annotation, error: could not unmarshal network-status annotation 
[31mERROR  [0m[Aug 24 21:52:13.424][pods.go: 57] Could not decode networks-status annotation, error: could not unmarshal network-status annotation 
[31mERROR  [0m[Aug 24 21:52:13.424][pods.go: 62] Could not decode networks-status annotation, error: could not unmarshal network-status annotation 
[31mERROR  [0m[Aug 24 21:52:13.425][pods.go: 57] Could not decode networks-status annotation, error: could not unmarshal network-status annotation 
[31mERROR  [0m[Aug 24 21:52:13.426][pods.go: 62] Could not decode networks-status annotation, error: could not unmarshal network-status annotation 
[31mERROR  [0m[Aug 24 21:52:13.426][pods.go: 57] Could not decode networks-status annotation, error: could not unmarshal network-status annotation 
[31mERROR  [0m[Aug 24 21:52:13.426][pods.go: 62] Could not decode networks-status annotation, error: could not unmarshal network-status annotation 
[31mERROR  [0m[Aug 24 21:52:13.427][pods.go: 57] Could not decode networks-status annotation, error: could not unmarshal network-status annotation 
[31mERROR  [0m[Aug 24 21:52:13.427][pods.go: 62] Could not decode networks-status annotation, error: could not unmarshal network-status annotation 
[33mWARNING[0m[Aug 24 21:52:13.432][provider.go: 341] container: extract pod: bad2d6671ea70976c64d77118c2b9378d57202296104365774df80d681dwpfd ns: test is not ready yet. 
[33mWARNING[0m[Aug 24 21:52:13.432][provider.go: 357] container: extract pod: bad2d6671ea70976c64d77118c2b9378d57202296104365774df80d681dwpfd ns: test is not running (reason: terminated - Completed, restarts 0): some test cases might fail. 
[31mERROR  [0m[Aug 24 21:52:13.433][pods.go: 57] Could not decode networks-status annotation, error: could not unmarshal network-status annotation 
[31mERROR  [0m[Aug 24 21:52:13.433][pods.go: 62] Could not decode networks-status annotation, error: could not unmarshal network-status annotation 
[31mERROR  [0m[Aug 24 21:52:13.433][pods.go: 57] Could not decode networks-status annotation, error: could not unmarshal network-status annotation 
[31mERROR  [0m[Aug 24 21:52:13.433][pods.go: 62] Could not decode networks-status annotation, error: could not unmarshal network-status annotation 
[31mERROR  [0m[Aug 24 21:52:13.433][pods.go: 57] Could not decode networks-status annotation, error: could not unmarshal network-status annotation 
[31mERROR  [0m[Aug 24 21:52:13.433][pods.go: 62] Could not decode networks-status annotation, error: could not unmarshal network-status annotation 
[31mERROR  [0m[Aug 24 21:52:13.434][pods.go: 57] Could not decode networks-status annotation, error: could not unmarshal network-status annotation 
[31mERROR  [0m[Aug 24 21:52:13.434][pods.go: 62] Could not decode networks-status annotation, error: could not unmarshal network-status annotation 
[31mERROR  [0m[Aug 24 21:52:13.434][pods.go: 57] Could not decode networks-status annotation, error: could not unmarshal network-status annotation 
[31mERROR  [0m[Aug 24 21:52:13.435][pods.go: 62] Could not decode networks-status annotation, error: could not unmarshal network-status annotation 
[31mERROR  [0m[Aug 24 21:52:13.435][pods.go: 57] Could not decode networks-status annotation, error: could not unmarshal network-status annotation 
[31mERROR  [0m[Aug 24 21:52:13.435][pods.go: 62] Could not decode networks-status annotation, error: could not unmarshal network-status annotation 
[33mWARNING[0m[Aug 24 21:52:13.436][provider.go: 341] container: extract pod: d43224ecf8a90e2689f1b48690ce45a9c382a5ed2d2ce8b0d2fbba172a8xrtm ns: test is not ready yet. 
[33mWARNING[0m[Aug 24 21:52:13.436][provider.go: 357] container: extract pod: d43224ecf8a90e2689f1b48690ce45a9c382a5ed2d2ce8b0d2fbba172a8xrtm ns: test is not running (reason: terminated - Completed, restarts 0): some test cases might fail. 
[36mINFO   [0m[Aug 24 21:52:13.438][operators.go: 130] Found 2 unique CSVs                          
[36mINFO   [0m[Aug 24 21:52:13.438][operators.go: 132]   CSV: nfd.v4.10.0                           
[36mINFO   [0m[Aug 24 21:52:13.438][operators.go: 132]   CSV: self-node-remediation.v0.6.1          
[36mINFO   [0m[Aug 24 21:52:13.473][operators.go: 185] Getting installplans for op nfd.v4.10.0 (subs openshift-nfd-operator-stable-community-operators-openshift-marketplace ns test) 
[36mINFO   [0m[Aug 24 21:52:13.510][operators.go: 185] Getting installplans for op self-node-remediation.v0.6.1 (subs self-node-remediation-v0-6-1-sub ns test) 
[36mINFO   [0m[Aug 24 21:52:13.510][provider.go: 290] Operators found: 2                           
[36mINFO   [0m[Aug 24 21:52:13.511][provider.go: 302] Completed the test environment build process in 5.73 seconds 
[33mWARNING[0m[Aug 24 21:52:24.324][autodiscover.go: 110] DEPRECATED: targetPodLabels config field is about to be obsolete. Please use the new "podsUnderTestLabels" field instead. 
[33mWARNING[0m[Aug 24 21:52:24.324][autodiscover.go: 113] DEPRECATED: deprecated default operator label in use ( test-network-function.com/operator: ) is about to be obsolete. Please use the new "operatorsUnderTestLabels" field to specify operators labels instead. 
[36mINFO   [0m[Aug 24 21:52:24.325][autodiscover.go: 143] parsed pods under test labels: [{LabelKey:test-network-function.com/generic LabelValue:target}] 
[36mINFO   [0m[Aug 24 21:52:24.325][autodiscover.go: 144] parsed operators under test labels: [{LabelKey:test-network-function.com/operator LabelValue:}] 
[36mINFO   [0m[Aug 24 21:52:24.481][autodiscover_operators.go: 144] Found 5 subscriptions in the target namespaces 
[36mINFO   [0m[Aug 24 21:52:24.481][autodiscover_operators.go: 146]  Subscriptions name: cert-manager-stable-community-operators-openshift-marketplace (ns: test) 
[36mINFO   [0m[Aug 24 21:52:24.481][autodiscover_operators.go: 146]  Subscriptions name: ibm-data-reporter-operator-v2-11-1-sub (ns: test) 
[36mINFO   [0m[Aug 24 21:52:24.481][autodiscover_operators.go: 146]  Subscriptions name: openshift-nfd-operator-stable-community-operators-openshift-marketplace (ns: test) 
[36mINFO   [0m[Aug 24 21:52:24.481][autodiscover_operators.go: 146]  Subscriptions name: self-node-remediation-v0-6-1-sub (ns: test) 
[36mINFO   [0m[Aug 24 21:52:24.481][autodiscover_operators.go: 146]  Subscriptions name: special-resource-operator-alpha-community-operators-openshift-marketplace (ns: test) 
[36mINFO   [0m[Aug 24 21:52:25.960][autodiscover_operators.go: 121] Found 149 CSVs:                              
[36mINFO   [0m[Aug 24 21:52:25.961][autodiscover_operators.go: 123]  CSV name: nfd.v4.10.0 (ns: cert-manager)    
[36mINFO   [0m[Aug 24 21:52:25.961][autodiscover_operators.go: 123]  CSV name: self-node-remediation.v0.6.1 (ns: cert-manager) 
[36mINFO   [0m[Aug 24 21:52:25.961][autodiscover_operators.go: 123]  CSV name: nfd.v4.10.0 (ns: cnf-suite)       
[36mINFO   [0m[Aug 24 21:52:25.961][autodiscover_operators.go: 123]  CSV name: self-node-remediation.v0.6.1 (ns: cnf-suite) 
[36mINFO   [0m[Aug 24 21:52:25.961][autodiscover_operators.go: 123]  CSV name: nfd.v4.10.0 (ns: default)         
[36mINFO   [0m[Aug 24 21:52:25.961][autodiscover_operators.go: 123]  CSV name: self-node-remediation.v0.6.1 (ns: default) 
[36mINFO   [0m[Aug 24 21:52:25.961][autodiscover_operators.go: 123]  CSV name: nfd.v4.10.0 (ns: kube-node-lease) 
[36mINFO   [0m[Aug 24 21:52:25.961][autodiscover_operators.go: 123]  CSV name: self-node-remediation.v0.6.1 (ns: kube-node-lease) 
[36mINFO   [0m[Aug 24 21:52:25.962][autodiscover_operators.go: 123]  CSV name: nfd.v4.10.0 (ns: kube-public)     
[36mINFO   [0m[Aug 24 21:52:25.962][autodiscover_operators.go: 123]  CSV name: self-node-remediation.v0.6.1 (ns: kube-public) 
[36mINFO   [0m[Aug 24 21:52:25.962][autodiscover_operators.go: 123]  CSV name: nfd.v4.10.0 (ns: kube-system)     
[36mINFO   [0m[Aug 24 21:52:25.962][autodiscover_operators.go: 123]  CSV name: self-node-remediation.v0.6.1 (ns: kube-system) 
[36mINFO   [0m[Aug 24 21:52:25.962][autodiscover_operators.go: 123]  CSV name: nfd.v4.10.0 (ns: openshift-apiserver-operator) 
[36mINFO   [0m[Aug 24 21:52:25.962][autodiscover_operators.go: 123]  CSV name: self-node-remediation.v0.6.1 (ns: openshift-apiserver-operator) 
[36mINFO   [0m[Aug 24 21:52:25.962][autodiscover_operators.go: 123]  CSV name: nfd.v4.10.0 (ns: openshift-apiserver) 
[36mINFO   [0m[Aug 24 21:52:25.962][autodiscover_operators.go: 123]  CSV name: self-node-remediation.v0.6.1 (ns: openshift-apiserver) 
[36mINFO   [0m[Aug 24 21:52:25.962][autodiscover_operators.go: 123]  CSV name: nfd.v4.10.0 (ns: openshift-authentication-operator) 
[36mINFO   [0m[Aug 24 21:52:25.962][autodiscover_operators.go: 123]  CSV name: self-node-remediation.v0.6.1 (ns: openshift-authentication-operator) 
[36mINFO   [0m[Aug 24 21:52:25.962][autodiscover_operators.go: 123]  CSV name: nfd.v4.10.0 (ns: openshift-authentication) 
[36mINFO   [0m[Aug 24 21:52:25.962][autodiscover_operators.go: 123]  CSV name: self-node-remediation.v0.6.1 (ns: openshift-authentication) 
[36mINFO   [0m[Aug 24 21:52:25.962][autodiscover_operators.go: 123]  CSV name: nfd.v4.10.0 (ns: openshift-cloud-controller-manager-operator) 
[36mINFO   [0m[Aug 24 21:52:25.962][autodiscover_operators.go: 123]  CSV name: self-node-remediation.v0.6.1 (ns: openshift-cloud-controller-manager-operator) 
[36mINFO   [0m[Aug 24 21:52:25.962][autodiscover_operators.go: 123]  CSV name: nfd.v4.10.0 (ns: openshift-cloud-controller-manager) 
[36mINFO   [0m[Aug 24 21:52:25.962][autodiscover_operators.go: 123]  CSV name: self-node-remediation.v0.6.1 (ns: openshift-cloud-controller-manager) 
[36mINFO   [0m[Aug 24 21:52:25.963][autodiscover_operators.go: 123]  CSV name: nfd.v4.10.0 (ns: openshift-cloud-credential-operator) 
[36mINFO   [0m[Aug 24 21:52:25.963][autodiscover_operators.go: 123]  CSV name: self-node-remediation.v0.6.1 (ns: openshift-cloud-credential-operator) 
[36mINFO   [0m[Aug 24 21:52:25.963][autodiscover_operators.go: 123]  CSV name: nfd.v4.10.0 (ns: openshift-cloud-network-config-controller) 
[36mINFO   [0m[Aug 24 21:52:25.963][autodiscover_operators.go: 123]  CSV name: self-node-remediation.v0.6.1 (ns: openshift-cloud-network-config-controller) 
[36mINFO   [0m[Aug 24 21:52:25.963][autodiscover_operators.go: 123]  CSV name: nfd.v4.10.0 (ns: openshift-cluster-csi-drivers) 
[36mINFO   [0m[Aug 24 21:52:25.963][autodiscover_operators.go: 123]  CSV name: self-node-remediation.v0.6.1 (ns: openshift-cluster-csi-drivers) 
[36mINFO   [0m[Aug 24 21:52:25.963][autodiscover_operators.go: 123]  CSV name: nfd.v4.10.0 (ns: openshift-cluster-machine-approver) 
[36mINFO   [0m[Aug 24 21:52:25.963][autodiscover_operators.go: 123]  CSV name: self-node-remediation.v0.6.1 (ns: openshift-cluster-machine-approver) 
[36mINFO   [0m[Aug 24 21:52:25.963][autodiscover_operators.go: 123]  CSV name: nfd.v4.10.0 (ns: openshift-cluster-node-tuning-operator) 
[36mINFO   [0m[Aug 24 21:52:25.963][autodiscover_operators.go: 123]  CSV name: self-node-remediation.v0.6.1 (ns: openshift-cluster-node-tuning-operator) 
[36mINFO   [0m[Aug 24 21:52:25.963][autodiscover_operators.go: 123]  CSV name: nfd.v4.10.0 (ns: openshift-cluster-samples-operator) 
[36mINFO   [0m[Aug 24 21:52:25.963][autodiscover_operators.go: 123]  CSV name: self-node-remediation.v0.6.1 (ns: openshift-cluster-samples-operator) 
[36mINFO   [0m[Aug 24 21:52:25.963][autodiscover_operators.go: 123]  CSV name: nfd.v4.10.0 (ns: openshift-cluster-storage-operator) 
[36mINFO   [0m[Aug 24 21:52:25.963][autodiscover_operators.go: 123]  CSV name: self-node-remediation.v0.6.1 (ns: openshift-cluster-storage-operator) 
[36mINFO   [0m[Aug 24 21:52:25.964][autodiscover_operators.go: 123]  CSV name: nfd.v4.10.0 (ns: openshift-cluster-version) 
[36mINFO   [0m[Aug 24 21:52:25.964][autodiscover_operators.go: 123]  CSV name: self-node-remediation.v0.6.1 (ns: openshift-cluster-version) 
[36mINFO   [0m[Aug 24 21:52:25.964][autodiscover_operators.go: 123]  CSV name: nfd.v4.10.0 (ns: openshift-config-managed) 
[36mINFO   [0m[Aug 24 21:52:25.964][autodiscover_operators.go: 123]  CSV name: self-node-remediation.v0.6.1 (ns: openshift-config-managed) 
[36mINFO   [0m[Aug 24 21:52:25.964][autodiscover_operators.go: 123]  CSV name: nfd.v4.10.0 (ns: openshift-config-operator) 
[36mINFO   [0m[Aug 24 21:52:25.964][autodiscover_operators.go: 123]  CSV name: self-node-remediation.v0.6.1 (ns: openshift-config-operator) 
[36mINFO   [0m[Aug 24 21:52:25.964][autodiscover_operators.go: 123]  CSV name: nfd.v4.10.0 (ns: openshift-config) 
[36mINFO   [0m[Aug 24 21:52:25.964][autodiscover_operators.go: 123]  CSV name: self-node-remediation.v0.6.1 (ns: openshift-config) 
[36mINFO   [0m[Aug 24 21:52:25.964][autodiscover_operators.go: 123]  CSV name: nfd.v4.10.0 (ns: openshift-console-operator) 
[36mINFO   [0m[Aug 24 21:52:25.964][autodiscover_operators.go: 123]  CSV name: self-node-remediation.v0.6.1 (ns: openshift-console-operator) 
[36mINFO   [0m[Aug 24 21:52:25.964][autodiscover_operators.go: 123]  CSV name: nfd.v4.10.0 (ns: openshift-console-user-settings) 
[36mINFO   [0m[Aug 24 21:52:25.964][autodiscover_operators.go: 123]  CSV name: self-node-remediation.v0.6.1 (ns: openshift-console-user-settings) 
[36mINFO   [0m[Aug 24 21:52:25.964][autodiscover_operators.go: 123]  CSV name: nfd.v4.10.0 (ns: openshift-console) 
[36mINFO   [0m[Aug 24 21:52:25.964][autodiscover_operators.go: 123]  CSV name: self-node-remediation.v0.6.1 (ns: openshift-console) 
[36mINFO   [0m[Aug 24 21:52:25.964][autodiscover_operators.go: 123]  CSV name: nfd.v4.10.0 (ns: openshift-controller-manager-operator) 
[36mINFO   [0m[Aug 24 21:52:25.964][autodiscover_operators.go: 123]  CSV name: self-node-remediation.v0.6.1 (ns: openshift-controller-manager-operator) 
[36mINFO   [0m[Aug 24 21:52:25.964][autodiscover_operators.go: 123]  CSV name: nfd.v4.10.0 (ns: openshift-controller-manager) 
[36mINFO   [0m[Aug 24 21:52:25.964][autodiscover_operators.go: 123]  CSV name: self-node-remediation.v0.6.1 (ns: openshift-controller-manager) 
[36mINFO   [0m[Aug 24 21:52:25.965][autodiscover_operators.go: 123]  CSV name: nfd.v4.10.0 (ns: openshift-dns-operator) 
[36mINFO   [0m[Aug 24 21:52:25.965][autodiscover_operators.go: 123]  CSV name: self-node-remediation.v0.6.1 (ns: openshift-dns-operator) 
[36mINFO   [0m[Aug 24 21:52:25.965][autodiscover_operators.go: 123]  CSV name: nfd.v4.10.0 (ns: openshift-dns)   
[36mINFO   [0m[Aug 24 21:52:25.965][autodiscover_operators.go: 123]  CSV name: self-node-remediation.v0.6.1 (ns: openshift-dns) 
[36mINFO   [0m[Aug 24 21:52:25.965][autodiscover_operators.go: 123]  CSV name: nfd.v4.10.0 (ns: openshift-etcd-operator) 
[36mINFO   [0m[Aug 24 21:52:25.965][autodiscover_operators.go: 123]  CSV name: self-node-remediation.v0.6.1 (ns: openshift-etcd-operator) 
[36mINFO   [0m[Aug 24 21:52:25.965][autodiscover_operators.go: 123]  CSV name: nfd.v4.10.0 (ns: openshift-etcd)  
[36mINFO   [0m[Aug 24 21:52:25.965][autodiscover_operators.go: 123]  CSV name: self-node-remediation.v0.6.1 (ns: openshift-etcd) 
[36mINFO   [0m[Aug 24 21:52:25.965][autodiscover_operators.go: 123]  CSV name: nfd.v4.10.0 (ns: openshift-host-network) 
[36mINFO   [0m[Aug 24 21:52:25.965][autodiscover_operators.go: 123]  CSV name: self-node-remediation.v0.6.1 (ns: openshift-host-network) 
[36mINFO   [0m[Aug 24 21:52:25.965][autodiscover_operators.go: 123]  CSV name: nfd.v4.10.0 (ns: openshift-image-registry) 
[36mINFO   [0m[Aug 24 21:52:25.965][autodiscover_operators.go: 123]  CSV name: self-node-remediation.v0.6.1 (ns: openshift-image-registry) 
[36mINFO   [0m[Aug 24 21:52:25.965][autodiscover_operators.go: 123]  CSV name: nfd.v4.10.0 (ns: openshift-infra) 
[36mINFO   [0m[Aug 24 21:52:25.965][autodiscover_operators.go: 123]  CSV name: self-node-remediation.v0.6.1 (ns: openshift-infra) 
[36mINFO   [0m[Aug 24 21:52:25.965][autodiscover_operators.go: 123]  CSV name: nfd.v4.10.0 (ns: openshift-ingress-canary) 
[36mINFO   [0m[Aug 24 21:52:25.965][autodiscover_operators.go: 123]  CSV name: self-node-remediation.v0.6.1 (ns: openshift-ingress-canary) 
[36mINFO   [0m[Aug 24 21:52:25.965][autodiscover_operators.go: 123]  CSV name: nfd.v4.10.0 (ns: openshift-ingress-operator) 
[36mINFO   [0m[Aug 24 21:52:25.966][autodiscover_operators.go: 123]  CSV name: self-node-remediation.v0.6.1 (ns: openshift-ingress-operator) 
[36mINFO   [0m[Aug 24 21:52:25.966][autodiscover_operators.go: 123]  CSV name: nfd.v4.10.0 (ns: openshift-ingress) 
[36mINFO   [0m[Aug 24 21:52:25.966][autodiscover_operators.go: 123]  CSV name: self-node-remediation.v0.6.1 (ns: openshift-ingress) 
[36mINFO   [0m[Aug 24 21:52:25.966][autodiscover_operators.go: 123]  CSV name: nfd.v4.10.0 (ns: openshift-insights) 
[36mINFO   [0m[Aug 24 21:52:25.966][autodiscover_operators.go: 123]  CSV name: self-node-remediation.v0.6.1 (ns: openshift-insights) 
[36mINFO   [0m[Aug 24 21:52:25.966][autodiscover_operators.go: 123]  CSV name: nfd.v4.10.0 (ns: openshift-kni-infra) 
[36mINFO   [0m[Aug 24 21:52:25.966][autodiscover_operators.go: 123]  CSV name: self-node-remediation.v0.6.1 (ns: openshift-kni-infra) 
[36mINFO   [0m[Aug 24 21:52:25.966][autodiscover_operators.go: 123]  CSV name: nfd.v4.10.0 (ns: openshift-kube-apiserver-operator) 
[36mINFO   [0m[Aug 24 21:52:25.966][autodiscover_operators.go: 123]  CSV name: self-node-remediation.v0.6.1 (ns: openshift-kube-apiserver-operator) 
[36mINFO   [0m[Aug 24 21:52:25.966][autodiscover_operators.go: 123]  CSV name: nfd.v4.10.0 (ns: openshift-kube-apiserver) 
[36mINFO   [0m[Aug 24 21:52:25.966][autodiscover_operators.go: 123]  CSV name: self-node-remediation.v0.6.1 (ns: openshift-kube-apiserver) 
[36mINFO   [0m[Aug 24 21:52:25.966][autodiscover_operators.go: 123]  CSV name: nfd.v4.10.0 (ns: openshift-kube-controller-manager-operator) 
[36mINFO   [0m[Aug 24 21:52:25.966][autodiscover_operators.go: 123]  CSV name: self-node-remediation.v0.6.1 (ns: openshift-kube-controller-manager-operator) 
[36mINFO   [0m[Aug 24 21:52:25.966][autodiscover_operators.go: 123]  CSV name: nfd.v4.10.0 (ns: openshift-kube-controller-manager) 
[36mINFO   [0m[Aug 24 21:52:25.966][autodiscover_operators.go: 123]  CSV name: self-node-remediation.v0.6.1 (ns: openshift-kube-controller-manager) 
[36mINFO   [0m[Aug 24 21:52:25.966][autodiscover_operators.go: 123]  CSV name: nfd.v4.10.0 (ns: openshift-kube-scheduler-operator) 
[36mINFO   [0m[Aug 24 21:52:25.966][autodiscover_operators.go: 123]  CSV name: self-node-remediation.v0.6.1 (ns: openshift-kube-scheduler-operator) 
[36mINFO   [0m[Aug 24 21:52:25.966][autodiscover_operators.go: 123]  CSV name: nfd.v4.10.0 (ns: openshift-kube-scheduler) 
[36mINFO   [0m[Aug 24 21:52:25.966][autodiscover_operators.go: 123]  CSV name: self-node-remediation.v0.6.1 (ns: openshift-kube-scheduler) 
[36mINFO   [0m[Aug 24 21:52:25.966][autodiscover_operators.go: 123]  CSV name: nfd.v4.10.0 (ns: openshift-kube-storage-version-migrator-operator) 
[36mINFO   [0m[Aug 24 21:52:25.967][autodiscover_operators.go: 123]  CSV name: self-node-remediation.v0.6.1 (ns: openshift-kube-storage-version-migrator-operator) 
[36mINFO   [0m[Aug 24 21:52:25.967][autodiscover_operators.go: 123]  CSV name: nfd.v4.10.0 (ns: openshift-kube-storage-version-migrator) 
[36mINFO   [0m[Aug 24 21:52:25.967][autodiscover_operators.go: 123]  CSV name: self-node-remediation.v0.6.1 (ns: openshift-kube-storage-version-migrator) 
[36mINFO   [0m[Aug 24 21:52:25.967][autodiscover_operators.go: 123]  CSV name: nfd.v4.10.0 (ns: openshift-machine-api) 
[36mINFO   [0m[Aug 24 21:52:25.967][autodiscover_operators.go: 123]  CSV name: self-node-remediation.v0.6.1 (ns: openshift-machine-api) 
[36mINFO   [0m[Aug 24 21:52:25.967][autodiscover_operators.go: 123]  CSV name: nfd.v4.10.0 (ns: openshift-machine-config-operator) 
[36mINFO   [0m[Aug 24 21:52:25.967][autodiscover_operators.go: 123]  CSV name: self-node-remediation.v0.6.1 (ns: openshift-machine-config-operator) 
[36mINFO   [0m[Aug 24 21:52:25.967][autodiscover_operators.go: 123]  CSV name: nfd.v4.10.0 (ns: openshift-marketplace) 
[36mINFO   [0m[Aug 24 21:52:25.967][autodiscover_operators.go: 123]  CSV name: self-node-remediation.v0.6.1 (ns: openshift-marketplace) 
[36mINFO   [0m[Aug 24 21:52:25.967][autodiscover_operators.go: 123]  CSV name: nfd.v4.10.0 (ns: openshift-monitoring) 
[36mINFO   [0m[Aug 24 21:52:25.967][autodiscover_operators.go: 123]  CSV name: self-node-remediation.v0.6.1 (ns: openshift-monitoring) 
[36mINFO   [0m[Aug 24 21:52:25.967][autodiscover_operators.go: 123]  CSV name: nfd.v4.10.0 (ns: openshift-multus) 
[36mINFO   [0m[Aug 24 21:52:25.967][autodiscover_operators.go: 123]  CSV name: self-node-remediation.v0.6.1 (ns: openshift-multus) 
[36mINFO   [0m[Aug 24 21:52:25.967][autodiscover_operators.go: 123]  CSV name: nfd.v4.10.0 (ns: openshift-network-diagnostics) 
[36mINFO   [0m[Aug 24 21:52:25.967][autodiscover_operators.go: 123]  CSV name: self-node-remediation.v0.6.1 (ns: openshift-network-diagnostics) 
[36mINFO   [0m[Aug 24 21:52:25.967][autodiscover_operators.go: 123]  CSV name: nfd.v4.10.0 (ns: openshift-network-operator) 
[36mINFO   [0m[Aug 24 21:52:25.968][autodiscover_operators.go: 123]  CSV name: self-node-remediation.v0.6.1 (ns: openshift-network-operator) 
[36mINFO   [0m[Aug 24 21:52:25.968][autodiscover_operators.go: 123]  CSV name: nfd.v4.10.0 (ns: openshift-node)  
[36mINFO   [0m[Aug 24 21:52:25.968][autodiscover_operators.go: 123]  CSV name: self-node-remediation.v0.6.1 (ns: openshift-node) 
[36mINFO   [0m[Aug 24 21:52:25.968][autodiscover_operators.go: 123]  CSV name: nfd.v4.10.0 (ns: openshift-nutanix-infra) 
[36mINFO   [0m[Aug 24 21:52:25.968][autodiscover_operators.go: 123]  CSV name: self-node-remediation.v0.6.1 (ns: openshift-nutanix-infra) 
[36mINFO   [0m[Aug 24 21:52:25.968][autodiscover_operators.go: 123]  CSV name: nfd.v4.10.0 (ns: openshift-oauth-apiserver) 
[36mINFO   [0m[Aug 24 21:52:25.968][autodiscover_operators.go: 123]  CSV name: self-node-remediation.v0.6.1 (ns: openshift-oauth-apiserver) 
[36mINFO   [0m[Aug 24 21:52:25.968][autodiscover_operators.go: 123]  CSV name: nfd.v4.10.0 (ns: openshift-openstack-infra) 
[36mINFO   [0m[Aug 24 21:52:25.968][autodiscover_operators.go: 123]  CSV name: self-node-remediation.v0.6.1 (ns: openshift-openstack-infra) 
[36mINFO   [0m[Aug 24 21:52:25.968][autodiscover_operators.go: 123]  CSV name: nfd.v4.10.0 (ns: openshift-operator-lifecycle-manager) 
[36mINFO   [0m[Aug 24 21:52:25.968][autodiscover_operators.go: 123]  CSV name: packageserver (ns: openshift-operator-lifecycle-manager) 
[36mINFO   [0m[Aug 24 21:52:25.968][autodiscover_operators.go: 123]  CSV name: self-node-remediation.v0.6.1 (ns: openshift-operator-lifecycle-manager) 
[36mINFO   [0m[Aug 24 21:52:25.968][autodiscover_operators.go: 123]  CSV name: nfd.v4.10.0 (ns: openshift-operators) 
[36mINFO   [0m[Aug 24 21:52:25.968][autodiscover_operators.go: 123]  CSV name: self-node-remediation.v0.6.1 (ns: openshift-operators) 
[36mINFO   [0m[Aug 24 21:52:25.968][autodiscover_operators.go: 123]  CSV name: nfd.v4.10.0 (ns: openshift-ovirt-infra) 
[36mINFO   [0m[Aug 24 21:52:25.968][autodiscover_operators.go: 123]  CSV name: self-node-remediation.v0.6.1 (ns: openshift-ovirt-infra) 
[36mINFO   [0m[Aug 24 21:52:25.968][autodiscover_operators.go: 123]  CSV name: nfd.v4.10.0 (ns: openshift-ovn-kubernetes) 
[36mINFO   [0m[Aug 24 21:52:25.969][autodiscover_operators.go: 123]  CSV name: self-node-remediation.v0.6.1 (ns: openshift-ovn-kubernetes) 
[36mINFO   [0m[Aug 24 21:52:25.969][autodiscover_operators.go: 123]  CSV name: nfd.v4.10.0 (ns: openshift-route-controller-manager) 
[36mINFO   [0m[Aug 24 21:52:25.969][autodiscover_operators.go: 123]  CSV name: self-node-remediation.v0.6.1 (ns: openshift-route-controller-manager) 
[36mINFO   [0m[Aug 24 21:52:25.969][autodiscover_operators.go: 123]  CSV name: nfd.v4.10.0 (ns: openshift-service-ca-operator) 
[36mINFO   [0m[Aug 24 21:52:25.969][autodiscover_operators.go: 123]  CSV name: self-node-remediation.v0.6.1 (ns: openshift-service-ca-operator) 
[36mINFO   [0m[Aug 24 21:52:25.969][autodiscover_operators.go: 123]  CSV name: nfd.v4.10.0 (ns: openshift-service-ca) 
[36mINFO   [0m[Aug 24 21:52:25.969][autodiscover_operators.go: 123]  CSV name: self-node-remediation.v0.6.1 (ns: openshift-service-ca) 
[36mINFO   [0m[Aug 24 21:52:25.969][autodiscover_operators.go: 123]  CSV name: nfd.v4.10.0 (ns: openshift-user-workload-monitoring) 
[36mINFO   [0m[Aug 24 21:52:25.969][autodiscover_operators.go: 123]  CSV name: self-node-remediation.v0.6.1 (ns: openshift-user-workload-monitoring) 
[36mINFO   [0m[Aug 24 21:52:25.969][autodiscover_operators.go: 123]  CSV name: nfd.v4.10.0 (ns: openshift-vsphere-infra) 
[36mINFO   [0m[Aug 24 21:52:25.969][autodiscover_operators.go: 123]  CSV name: self-node-remediation.v0.6.1 (ns: openshift-vsphere-infra) 
[36mINFO   [0m[Aug 24 21:52:25.969][autodiscover_operators.go: 123]  CSV name: nfd.v4.10.0 (ns: openshift)       
[36mINFO   [0m[Aug 24 21:52:25.969][autodiscover_operators.go: 123]  CSV name: self-node-remediation.v0.6.1 (ns: openshift) 
[36mINFO   [0m[Aug 24 21:52:25.969][autodiscover_operators.go: 123]  CSV name: nfd.v4.10.0 (ns: redhat-ods-applications) 
[36mINFO   [0m[Aug 24 21:52:25.969][autodiscover_operators.go: 123]  CSV name: self-node-remediation.v0.6.1 (ns: redhat-ods-applications) 
[36mINFO   [0m[Aug 24 21:52:25.969][autodiscover_operators.go: 123]  CSV name: nfd.v4.10.0 (ns: redhat-ods-monitoring) 
[36mINFO   [0m[Aug 24 21:52:25.969][autodiscover_operators.go: 123]  CSV name: self-node-remediation.v0.6.1 (ns: redhat-ods-monitoring) 
[36mINFO   [0m[Aug 24 21:52:25.969][autodiscover_operators.go: 123]  CSV name: nfd.v4.10.0 (ns: rhods-notebooks) 
[36mINFO   [0m[Aug 24 21:52:25.970][autodiscover_operators.go: 123]  CSV name: self-node-remediation.v0.6.1 (ns: rhods-notebooks) 
[36mINFO   [0m[Aug 24 21:52:25.970][autodiscover_operators.go: 123]  CSV name: nfd.v4.10.0 (ns: test)            
[36mINFO   [0m[Aug 24 21:52:25.970][autodiscover_operators.go: 123]  CSV name: self-node-remediation.v0.6.1 (ns: test) 
[36mINFO   [0m[Aug 24 21:52:25.970][autodiscover_operators.go: 123]  CSV name: nfd.v4.10.0 (ns: ztp-install)     
[36mINFO   [0m[Aug 24 21:52:25.970][autodiscover_operators.go: 123]  CSV name: self-node-remediation.v0.6.1 (ns: ztp-install) 
[36mINFO   [0m[Aug 24 21:52:28.442][autodiscover_operators.go: 91] Found 2 CSVs:                                
[36mINFO   [0m[Aug 24 21:52:28.442][autodiscover_operators.go: 93]  CSV name: nfd.v4.10.0 (ns: test)            
[36mINFO   [0m[Aug 24 21:52:28.442][autodiscover_operators.go: 93]  CSV name: self-node-remediation.v0.6.1 (ns: test) 
[36mINFO   [0m[Aug 24 21:52:28.486][autodiscover_operators.go: 144] Found 5 subscriptions in the target namespaces 
[36mINFO   [0m[Aug 24 21:52:28.486][autodiscover_operators.go: 146]  Subscriptions name: cert-manager-stable-community-operators-openshift-marketplace (ns: test) 
[36mINFO   [0m[Aug 24 21:52:28.486][autodiscover_operators.go: 146]  Subscriptions name: ibm-data-reporter-operator-v2-11-1-sub (ns: test) 
[36mINFO   [0m[Aug 24 21:52:28.486][autodiscover_operators.go: 146]  Subscriptions name: openshift-nfd-operator-stable-community-operators-openshift-marketplace (ns: test) 
[36mINFO   [0m[Aug 24 21:52:28.486][autodiscover_operators.go: 146]  Subscriptions name: self-node-remediation-v0-6-1-sub (ns: test) 
[36mINFO   [0m[Aug 24 21:52:28.486][autodiscover_operators.go: 146]  Subscriptions name: special-resource-operator-alpha-community-operators-openshift-marketplace (ns: test) 
[36mINFO   [0m[Aug 24 21:52:28.610][autodiscover.go: 257] OpenShift Version found: 4.13.4              
[33mWARNING[0m[Aug 24 21:52:28.710][autodiscover_podset.go: 87] Did not find any deployment in the configured namespaces [test] 
[33mWARNING[0m[Aug 24 21:52:28.749][autodiscover_podset.go: 106] Did not find any statefulSet in ns=test      
[33mWARNING[0m[Aug 24 21:52:28.750][autodiscover_podset.go: 120] Did not find any statefulset in the configured namespaces [test] 
[36mINFO   [0m[Aug 24 21:52:29.054][autodiscover_podset.go: 138] Cannot find any deployed HorizontalPodAutoscaler 
[36mINFO   [0m[Aug 24 21:52:29.225][operators.go: 130] Found 3 unique CSVs                          
[36mINFO   [0m[Aug 24 21:52:29.225][operators.go: 132]   CSV: nfd.v4.10.0                           
[36mINFO   [0m[Aug 24 21:52:29.226][operators.go: 132]   CSV: self-node-remediation.v0.6.1          
[36mINFO   [0m[Aug 24 21:52:29.226][operators.go: 132]   CSV: packageserver                         
[36mINFO   [0m[Aug 24 21:52:29.267][operators.go: 185] Getting installplans for op nfd.v4.10.0 (subs openshift-nfd-operator-stable-community-operators-openshift-marketplace ns test) 
[33mWARNING[0m[Aug 24 21:52:29.268][operators.go: 183] Subscription not found for CSV: packageserver (ns openshift-operator-lifecycle-manager) 
[36mINFO   [0m[Aug 24 21:52:29.268][operators.go: 185] Getting installplans for op packageserver (subs  ns ) 
[36mINFO   [0m[Aug 24 21:52:29.305][operators.go: 185] Getting installplans for op self-node-remediation.v0.6.1 (subs self-node-remediation-v0-6-1-sub ns test) 
[36mINFO   [0m[Aug 24 21:52:29.305][provider.go: 564] Node ip-10-0-138-139.ec2.internal - mc name: rendered-worker-4d7f2d5d759a3f0196274c4702ff2d3a 
[36mINFO   [0m[Aug 24 21:52:29.390][provider.go: 564] Node ip-10-0-140-127.ec2.internal - mc name: rendered-master-264a3e0d880b40507d6aa6d24e9b1296 
[36mINFO   [0m[Aug 24 21:52:29.457][provider.go: 564] Node ip-10-0-144-53.ec2.internal - mc name: rendered-master-264a3e0d880b40507d6aa6d24e9b1296 
[36mINFO   [0m[Aug 24 21:52:29.520][provider.go: 564] Node ip-10-0-146-178.ec2.internal - mc name: rendered-worker-4d7f2d5d759a3f0196274c4702ff2d3a 
[36mINFO   [0m[Aug 24 21:52:29.582][provider.go: 564] Node ip-10-0-171-112.ec2.internal - mc name: rendered-worker-4d7f2d5d759a3f0196274c4702ff2d3a 
[36mINFO   [0m[Aug 24 21:52:29.645][provider.go: 564] Node ip-10-0-173-119.ec2.internal - mc name: rendered-master-264a3e0d880b40507d6aa6d24e9b1296 
[31mERROR  [0m[Aug 24 21:52:29.731][pods.go: 57] Could not decode networks-status annotation, error: could not unmarshal network-status annotation 
[31mERROR  [0m[Aug 24 21:52:29.731][pods.go: 62] Could not decode networks-status annotation, error: could not unmarshal network-status annotation 
[31mERROR  [0m[Aug 24 21:52:29.732][pods.go: 57] Could not decode networks-status annotation, error: could not unmarshal network-status annotation 
[31mERROR  [0m[Aug 24 21:52:29.732][pods.go: 62] Could not decode networks-status annotation, error: could not unmarshal network-status annotation 
[31mERROR  [0m[Aug 24 21:52:29.732][pods.go: 57] Could not decode networks-status annotation, error: could not unmarshal network-status annotation 
[31mERROR  [0m[Aug 24 21:52:29.732][pods.go: 62] Could not decode networks-status annotation, error: could not unmarshal network-status annotation 
[31mERROR  [0m[Aug 24 21:52:29.734][pods.go: 57] Could not decode networks-status annotation, error: could not unmarshal network-status annotation 
[31mERROR  [0m[Aug 24 21:52:29.734][pods.go: 62] Could not decode networks-status annotation, error: could not unmarshal network-status annotation 
[31mERROR  [0m[Aug 24 21:52:29.734][pods.go: 57] Could not decode networks-status annotation, error: could not unmarshal network-status annotation 
[31mERROR  [0m[Aug 24 21:52:29.734][pods.go: 62] Could not decode networks-status annotation, error: could not unmarshal network-status annotation 
[31mERROR  [0m[Aug 24 21:52:29.735][pods.go: 57] Could not decode networks-status annotation, error: could not unmarshal network-status annotation 
[31mERROR  [0m[Aug 24 21:52:29.735][pods.go: 62] Could not decode networks-status annotation, error: could not unmarshal network-status annotation 
[33mWARNING[0m[Aug 24 21:52:29.740][provider.go: 341] container: extract pod: bad2d6671ea70976c64d77118c2b9378d57202296104365774df80d681dwpfd ns: test is not ready yet. 
[33mWARNING[0m[Aug 24 21:52:29.740][provider.go: 357] container: extract pod: bad2d6671ea70976c64d77118c2b9378d57202296104365774df80d681dwpfd ns: test is not running (reason: terminated - Completed, restarts 0): some test cases might fail. 
[31mERROR  [0m[Aug 24 21:52:29.740][pods.go: 57] Could not decode networks-status annotation, error: could not unmarshal network-status annotation 
[31mERROR  [0m[Aug 24 21:52:29.740][pods.go: 62] Could not decode networks-status annotation, error: could not unmarshal network-status annotation 
[31mERROR  [0m[Aug 24 21:52:29.740][pods.go: 57] Could not decode networks-status annotation, error: could not unmarshal network-status annotation 
[31mERROR  [0m[Aug 24 21:52:29.740][pods.go: 62] Could not decode networks-status annotation, error: could not unmarshal network-status annotation 
[31mERROR  [0m[Aug 24 21:52:29.741][pods.go: 57] Could not decode networks-status annotation, error: could not unmarshal network-status annotation 
[31mERROR  [0m[Aug 24 21:52:29.741][pods.go: 62] Could not decode networks-status annotation, error: could not unmarshal network-status annotation 
[31mERROR  [0m[Aug 24 21:52:29.742][pods.go: 57] Could not decode networks-status annotation, error: could not unmarshal network-status annotation 
[31mERROR  [0m[Aug 24 21:52:29.742][pods.go: 62] Could not decode networks-status annotation, error: could not unmarshal network-status annotation 
[31mERROR  [0m[Aug 24 21:52:29.742][pods.go: 57] Could not decode networks-status annotation, error: could not unmarshal network-status annotation 
[31mERROR  [0m[Aug 24 21:52:29.742][pods.go: 62] Could not decode networks-status annotation, error: could not unmarshal network-status annotation 
[31mERROR  [0m[Aug 24 21:52:29.742][pods.go: 57] Could not decode networks-status annotation, error: could not unmarshal network-status annotation 
[31mERROR  [0m[Aug 24 21:52:29.742][pods.go: 62] Could not decode networks-status annotation, error: could not unmarshal network-status annotation 
[33mWARNING[0m[Aug 24 21:52:29.744][provider.go: 341] container: extract pod: d43224ecf8a90e2689f1b48690ce45a9c382a5ed2d2ce8b0d2fbba172a8xrtm ns: test is not ready yet. 
[33mWARNING[0m[Aug 24 21:52:29.744][provider.go: 357] container: extract pod: d43224ecf8a90e2689f1b48690ce45a9c382a5ed2d2ce8b0d2fbba172a8xrtm ns: test is not running (reason: terminated - Completed, restarts 0): some test cases might fail. 
[36mINFO   [0m[Aug 24 21:52:29.746][operators.go: 130] Found 2 unique CSVs                          
[36mINFO   [0m[Aug 24 21:52:29.746][operators.go: 132]   CSV: self-node-remediation.v0.6.1          
[36mINFO   [0m[Aug 24 21:52:29.746][operators.go: 132]   CSV: nfd.v4.10.0                           
[36mINFO   [0m[Aug 24 21:52:29.785][operators.go: 185] Getting installplans for op nfd.v4.10.0 (subs openshift-nfd-operator-stable-community-operators-openshift-marketplace ns test) 
[36mINFO   [0m[Aug 24 21:52:29.823][operators.go: 185] Getting installplans for op self-node-remediation.v0.6.1 (subs self-node-remediation-v0-6-1-sub ns test) 
[36mINFO   [0m[Aug 24 21:52:29.823][provider.go: 290] Operators found: 2                           
[36mINFO   [0m[Aug 24 21:52:29.823][provider.go: 302] Completed the test environment build process in 5.60 seconds 
[33mWARNING[0m[Aug 24 21:52:29.831][suite.go: 50] LabelFilter is set but 'preflight' tests are not targeted. Skipping the preflight tests. 
Running Suite: CNF Certification Test Suite - /usr/tnf/cnf-certification-test
=============================================================================
Random Seed: [1m1692913926[0m

Will run [1m82[0m of [1m87[0m specs
[38;5;14mS[0m[38;5;14mS[0m[38;5;14mS[0m[38;5;14mS[0m[38;5;14mS[0m
[38;5;243m------------------------------[0m
[0moperator [0m[1moperator-install-status-succeeded[0m [38;5;204m[common, operator-install-status-succeeded, operator][0m
[38;5;243m/usr/tnf/tnf-src/cnf-certification-test/operator/suite.go:44[0m
[31mFATAL  [0m[Aug 24 21:57:30.774][phasecheck.go: 50] Timeout waiting for operator csv: nfd.v4.10.0 ns: test to be ready 
