time="2023-08-24T17:46:20Z" level=info msg="Saving environment variables & parameters."
time="2023-08-24T17:46:20Z" level=info msg="Environment: {Home:/root Kubeconfig:/usr/tnf/kubeconfig/config ConfigurationPath:/usr/tnf/config/tnf_config.yml NonIntrusiveOnly:false LogLevel:info OfflineDB:/usr/offline-db AllowPreflightInsecure:false PfltDockerconfig:/usr/tnf/dockercfg/config.json IncludeWebFilesInOutputFolder:false OmitArtifactsZipFile:false}"
=== RUN   TestTest
[36mINFO   [0m[Aug 24 17:46:20.915][suite_test.go: 98] Log level set to: info                       
[36mINFO   [0m[Aug 24 17:46:20.917][suite_test.go: 140] TNF Version         : v4.3.4 ( 2037b43c9bccf6b00fe91797adfabcbeeeb5efdc ) 
[36mINFO   [0m[Aug 24 17:46:20.917][suite_test.go: 141] Claim Format Version: v0.1.0                 
[36mINFO   [0m[Aug 24 17:46:20.917][suite_test.go: 142] Ginkgo Version      : 2.11.0                 
[36mINFO   [0m[Aug 24 17:46:20.918][suite_test.go: 143] Labels filter       : operator, access-control, networking, affiliated-certification, lifecycle, manageability, networking, observability, platform-alteration 
[36mINFO   [0m[Aug 24 17:46:20.918][clientsholder.go: 169] Creating k8s go-clients holder.              
[36mINFO   [0m[Aug 24 17:46:21.377][utils.go: 51] Loading config from file: /usr/tnf/config/tnf_config.yml 
[33mWARNING[0m[Aug 24 17:46:21.383][utils.go: 64] No namespace configured for the debug DaemonSet. Defaulting to namespace cnf-suite 
[33mWARNING[0m[Aug 24 17:46:21.468][autodiscover.go: 110] DEPRECATED: targetPodLabels config field is about to be obsolete. Please use the new "podsUnderTestLabels" field instead. 
[33mWARNING[0m[Aug 24 17:46:21.468][autodiscover.go: 113] DEPRECATED: deprecated default operator label in use ( test-network-function.com/operator: ) is about to be obsolete. Please use the new "operatorsUnderTestLabels" field to specify operators labels instead. 
[36mINFO   [0m[Aug 24 17:46:21.468][autodiscover.go: 143] parsed pods under test labels: [{LabelKey:test-network-function.com/generic LabelValue:target}] 
[36mINFO   [0m[Aug 24 17:46:21.468][autodiscover.go: 144] parsed operators under test labels: [{LabelKey:test-network-function.com/operator LabelValue:}] 
[36mINFO   [0m[Aug 24 17:46:21.585][autodiscover_operators.go: 144] Found 3 subscriptions in the target namespaces 
[36mINFO   [0m[Aug 24 17:46:21.585][autodiscover_operators.go: 146]  Subscriptions name: ibm-block-csi-operator-stable-certified-operators-openshift-marketplace (ns: test) 
[36mINFO   [0m[Aug 24 17:46:21.585][autodiscover_operators.go: 146]  Subscriptions name: self-node-remediation-v0-6-1-sub (ns: test) 
[36mINFO   [0m[Aug 24 17:46:21.585][autodiscover_operators.go: 146]  Subscriptions name: webotx-operator-v11-11-0-sub (ns: test) 
[36mINFO   [0m[Aug 24 17:46:22.291][autodiscover_operators.go: 121] Found 77 CSVs:                               
[36mINFO   [0m[Aug 24 17:46:22.292][autodiscover_operators.go: 123]  CSV name: self-node-remediation.v0.6.1 (ns: cert-manager) 
[36mINFO   [0m[Aug 24 17:46:22.292][autodiscover_operators.go: 123]  CSV name: self-node-remediation.v0.6.1 (ns: cnf-suite) 
[36mINFO   [0m[Aug 24 17:46:22.292][autodiscover_operators.go: 123]  CSV name: self-node-remediation.v0.6.1 (ns: default) 
[36mINFO   [0m[Aug 24 17:46:22.292][autodiscover_operators.go: 123]  CSV name: self-node-remediation.v0.6.1 (ns: kube-node-lease) 
[36mINFO   [0m[Aug 24 17:46:22.292][autodiscover_operators.go: 123]  CSV name: self-node-remediation.v0.6.1 (ns: kube-public) 
[36mINFO   [0m[Aug 24 17:46:22.292][autodiscover_operators.go: 123]  CSV name: self-node-remediation.v0.6.1 (ns: kube-system) 
[36mINFO   [0m[Aug 24 17:46:22.292][autodiscover_operators.go: 123]  CSV name: self-node-remediation.v0.6.1 (ns: openshift-apiserver-operator) 
[36mINFO   [0m[Aug 24 17:46:22.292][autodiscover_operators.go: 123]  CSV name: self-node-remediation.v0.6.1 (ns: openshift-apiserver) 
[36mINFO   [0m[Aug 24 17:46:22.292][autodiscover_operators.go: 123]  CSV name: self-node-remediation.v0.6.1 (ns: openshift-authentication-operator) 
[36mINFO   [0m[Aug 24 17:46:22.292][autodiscover_operators.go: 123]  CSV name: self-node-remediation.v0.6.1 (ns: openshift-authentication) 
[36mINFO   [0m[Aug 24 17:46:22.292][autodiscover_operators.go: 123]  CSV name: self-node-remediation.v0.6.1 (ns: openshift-cloud-controller-manager-operator) 
[36mINFO   [0m[Aug 24 17:46:22.292][autodiscover_operators.go: 123]  CSV name: self-node-remediation.v0.6.1 (ns: openshift-cloud-controller-manager) 
[36mINFO   [0m[Aug 24 17:46:22.292][autodiscover_operators.go: 123]  CSV name: self-node-remediation.v0.6.1 (ns: openshift-cloud-credential-operator) 
[36mINFO   [0m[Aug 24 17:46:22.292][autodiscover_operators.go: 123]  CSV name: self-node-remediation.v0.6.1 (ns: openshift-cloud-network-config-controller) 
[36mINFO   [0m[Aug 24 17:46:22.293][autodiscover_operators.go: 123]  CSV name: self-node-remediation.v0.6.1 (ns: openshift-cluster-csi-drivers) 
[36mINFO   [0m[Aug 24 17:46:22.293][autodiscover_operators.go: 123]  CSV name: self-node-remediation.v0.6.1 (ns: openshift-cluster-machine-approver) 
[36mINFO   [0m[Aug 24 17:46:22.293][autodiscover_operators.go: 123]  CSV name: self-node-remediation.v0.6.1 (ns: openshift-cluster-node-tuning-operator) 
[36mINFO   [0m[Aug 24 17:46:22.293][autodiscover_operators.go: 123]  CSV name: self-node-remediation.v0.6.1 (ns: openshift-cluster-samples-operator) 
[36mINFO   [0m[Aug 24 17:46:22.293][autodiscover_operators.go: 123]  CSV name: self-node-remediation.v0.6.1 (ns: openshift-cluster-storage-operator) 
[36mINFO   [0m[Aug 24 17:46:22.293][autodiscover_operators.go: 123]  CSV name: self-node-remediation.v0.6.1 (ns: openshift-cluster-version) 
[36mINFO   [0m[Aug 24 17:46:22.293][autodiscover_operators.go: 123]  CSV name: self-node-remediation.v0.6.1 (ns: openshift-config-managed) 
[36mINFO   [0m[Aug 24 17:46:22.293][autodiscover_operators.go: 123]  CSV name: self-node-remediation.v0.6.1 (ns: openshift-config-operator) 
[36mINFO   [0m[Aug 24 17:46:22.293][autodiscover_operators.go: 123]  CSV name: self-node-remediation.v0.6.1 (ns: openshift-config) 
[36mINFO   [0m[Aug 24 17:46:22.293][autodiscover_operators.go: 123]  CSV name: self-node-remediation.v0.6.1 (ns: openshift-console-operator) 
[36mINFO   [0m[Aug 24 17:46:22.293][autodiscover_operators.go: 123]  CSV name: self-node-remediation.v0.6.1 (ns: openshift-console-user-settings) 
[36mINFO   [0m[Aug 24 17:46:22.293][autodiscover_operators.go: 123]  CSV name: self-node-remediation.v0.6.1 (ns: openshift-console) 
[36mINFO   [0m[Aug 24 17:46:22.293][autodiscover_operators.go: 123]  CSV name: self-node-remediation.v0.6.1 (ns: openshift-controller-manager-operator) 
[36mINFO   [0m[Aug 24 17:46:22.293][autodiscover_operators.go: 123]  CSV name: self-node-remediation.v0.6.1 (ns: openshift-controller-manager) 
[36mINFO   [0m[Aug 24 17:46:22.293][autodiscover_operators.go: 123]  CSV name: self-node-remediation.v0.6.1 (ns: openshift-dns-operator) 
[36mINFO   [0m[Aug 24 17:46:22.293][autodiscover_operators.go: 123]  CSV name: self-node-remediation.v0.6.1 (ns: openshift-dns) 
[36mINFO   [0m[Aug 24 17:46:22.293][autodiscover_operators.go: 123]  CSV name: self-node-remediation.v0.6.1 (ns: openshift-etcd-operator) 
[36mINFO   [0m[Aug 24 17:46:22.294][autodiscover_operators.go: 123]  CSV name: self-node-remediation.v0.6.1 (ns: openshift-etcd) 
[36mINFO   [0m[Aug 24 17:46:22.294][autodiscover_operators.go: 123]  CSV name: self-node-remediation.v0.6.1 (ns: openshift-host-network) 
[36mINFO   [0m[Aug 24 17:46:22.294][autodiscover_operators.go: 123]  CSV name: self-node-remediation.v0.6.1 (ns: openshift-image-registry) 
[36mINFO   [0m[Aug 24 17:46:22.294][autodiscover_operators.go: 123]  CSV name: self-node-remediation.v0.6.1 (ns: openshift-infra) 
[36mINFO   [0m[Aug 24 17:46:22.294][autodiscover_operators.go: 123]  CSV name: self-node-remediation.v0.6.1 (ns: openshift-ingress-canary) 
[36mINFO   [0m[Aug 24 17:46:22.294][autodiscover_operators.go: 123]  CSV name: self-node-remediation.v0.6.1 (ns: openshift-ingress-operator) 
[36mINFO   [0m[Aug 24 17:46:22.294][autodiscover_operators.go: 123]  CSV name: self-node-remediation.v0.6.1 (ns: openshift-ingress) 
[36mINFO   [0m[Aug 24 17:46:22.294][autodiscover_operators.go: 123]  CSV name: self-node-remediation.v0.6.1 (ns: openshift-insights) 
[36mINFO   [0m[Aug 24 17:46:22.294][autodiscover_operators.go: 123]  CSV name: self-node-remediation.v0.6.1 (ns: openshift-kni-infra) 
[36mINFO   [0m[Aug 24 17:46:22.294][autodiscover_operators.go: 123]  CSV name: self-node-remediation.v0.6.1 (ns: openshift-kube-apiserver-operator) 
[36mINFO   [0m[Aug 24 17:46:22.294][autodiscover_operators.go: 123]  CSV name: self-node-remediation.v0.6.1 (ns: openshift-kube-apiserver) 
[36mINFO   [0m[Aug 24 17:46:22.294][autodiscover_operators.go: 123]  CSV name: self-node-remediation.v0.6.1 (ns: openshift-kube-controller-manager-operator) 
[36mINFO   [0m[Aug 24 17:46:22.294][autodiscover_operators.go: 123]  CSV name: self-node-remediation.v0.6.1 (ns: openshift-kube-controller-manager) 
[36mINFO   [0m[Aug 24 17:46:22.294][autodiscover_operators.go: 123]  CSV name: self-node-remediation.v0.6.1 (ns: openshift-kube-scheduler-operator) 
[36mINFO   [0m[Aug 24 17:46:22.295][autodiscover_operators.go: 123]  CSV name: self-node-remediation.v0.6.1 (ns: openshift-kube-scheduler) 
[36mINFO   [0m[Aug 24 17:46:22.295][autodiscover_operators.go: 123]  CSV name: self-node-remediation.v0.6.1 (ns: openshift-kube-storage-version-migrator-operator) 
[36mINFO   [0m[Aug 24 17:46:22.295][autodiscover_operators.go: 123]  CSV name: self-node-remediation.v0.6.1 (ns: openshift-kube-storage-version-migrator) 
[36mINFO   [0m[Aug 24 17:46:22.295][autodiscover_operators.go: 123]  CSV name: self-node-remediation.v0.6.1 (ns: openshift-machine-api) 
[36mINFO   [0m[Aug 24 17:46:22.295][autodiscover_operators.go: 123]  CSV name: self-node-remediation.v0.6.1 (ns: openshift-machine-config-operator) 
[36mINFO   [0m[Aug 24 17:46:22.295][autodiscover_operators.go: 123]  CSV name: self-node-remediation.v0.6.1 (ns: openshift-marketplace) 
[36mINFO   [0m[Aug 24 17:46:22.295][autodiscover_operators.go: 123]  CSV name: self-node-remediation.v0.6.1 (ns: openshift-monitoring) 
[36mINFO   [0m[Aug 24 17:46:22.295][autodiscover_operators.go: 123]  CSV name: self-node-remediation.v0.6.1 (ns: openshift-multus) 
[36mINFO   [0m[Aug 24 17:46:22.295][autodiscover_operators.go: 123]  CSV name: self-node-remediation.v0.6.1 (ns: openshift-network-diagnostics) 
[36mINFO   [0m[Aug 24 17:46:22.295][autodiscover_operators.go: 123]  CSV name: self-node-remediation.v0.6.1 (ns: openshift-network-operator) 
[36mINFO   [0m[Aug 24 17:46:22.295][autodiscover_operators.go: 123]  CSV name: self-node-remediation.v0.6.1 (ns: openshift-node) 
[36mINFO   [0m[Aug 24 17:46:22.295][autodiscover_operators.go: 123]  CSV name: self-node-remediation.v0.6.1 (ns: openshift-nutanix-infra) 
[36mINFO   [0m[Aug 24 17:46:22.295][autodiscover_operators.go: 123]  CSV name: self-node-remediation.v0.6.1 (ns: openshift-oauth-apiserver) 
[36mINFO   [0m[Aug 24 17:46:22.295][autodiscover_operators.go: 123]  CSV name: self-node-remediation.v0.6.1 (ns: openshift-openstack-infra) 
[36mINFO   [0m[Aug 24 17:46:22.295][autodiscover_operators.go: 123]  CSV name: packageserver (ns: openshift-operator-lifecycle-manager) 
[36mINFO   [0m[Aug 24 17:46:22.295][autodiscover_operators.go: 123]  CSV name: self-node-remediation.v0.6.1 (ns: openshift-operator-lifecycle-manager) 
[36mINFO   [0m[Aug 24 17:46:22.295][autodiscover_operators.go: 123]  CSV name: self-node-remediation.v0.6.1 (ns: openshift-operators) 
[36mINFO   [0m[Aug 24 17:46:22.295][autodiscover_operators.go: 123]  CSV name: self-node-remediation.v0.6.1 (ns: openshift-ovirt-infra) 
[36mINFO   [0m[Aug 24 17:46:22.295][autodiscover_operators.go: 123]  CSV name: self-node-remediation.v0.6.1 (ns: openshift-ovn-kubernetes) 
[36mINFO   [0m[Aug 24 17:46:22.295][autodiscover_operators.go: 123]  CSV name: self-node-remediation.v0.6.1 (ns: openshift-route-controller-manager) 
[36mINFO   [0m[Aug 24 17:46:22.296][autodiscover_operators.go: 123]  CSV name: self-node-remediation.v0.6.1 (ns: openshift-service-ca-operator) 
[36mINFO   [0m[Aug 24 17:46:22.296][autodiscover_operators.go: 123]  CSV name: self-node-remediation.v0.6.1 (ns: openshift-service-ca) 
[36mINFO   [0m[Aug 24 17:46:22.296][autodiscover_operators.go: 123]  CSV name: self-node-remediation.v0.6.1 (ns: openshift-user-workload-monitoring) 
[36mINFO   [0m[Aug 24 17:46:22.296][autodiscover_operators.go: 123]  CSV name: self-node-remediation.v0.6.1 (ns: openshift-vsphere-infra) 
[36mINFO   [0m[Aug 24 17:46:22.296][autodiscover_operators.go: 123]  CSV name: self-node-remediation.v0.6.1 (ns: openshift) 
[36mINFO   [0m[Aug 24 17:46:22.296][autodiscover_operators.go: 123]  CSV name: self-node-remediation.v0.6.1 (ns: redhat-ods-applications) 
[36mINFO   [0m[Aug 24 17:46:22.296][autodiscover_operators.go: 123]  CSV name: self-node-remediation.v0.6.1 (ns: redhat-ods-monitoring) 
[36mINFO   [0m[Aug 24 17:46:22.296][autodiscover_operators.go: 123]  CSV name: self-node-remediation.v0.6.1 (ns: rhods-notebooks) 
[36mINFO   [0m[Aug 24 17:46:22.296][autodiscover_operators.go: 123]  CSV name: ibm-block-csi-operator.v1.11.1 (ns: test) 
[36mINFO   [0m[Aug 24 17:46:22.296][autodiscover_operators.go: 123]  CSV name: self-node-remediation.v0.6.1 (ns: test) 
[36mINFO   [0m[Aug 24 17:46:22.296][autodiscover_operators.go: 123]  CSV name: webotx-operator.v11.11.0 (ns: test) 
[36mINFO   [0m[Aug 24 17:46:22.296][autodiscover_operators.go: 123]  CSV name: self-node-remediation.v0.6.1 (ns: ztp-install) 
[36mINFO   [0m[Aug 24 17:46:24.559][autodiscover_operators.go: 91] Found 3 CSVs:                                
[36mINFO   [0m[Aug 24 17:46:24.559][autodiscover_operators.go: 93]  CSV name: ibm-block-csi-operator.v1.11.1 (ns: test) 
[36mINFO   [0m[Aug 24 17:46:24.559][autodiscover_operators.go: 93]  CSV name: self-node-remediation.v0.6.1 (ns: test) 
[36mINFO   [0m[Aug 24 17:46:24.559][autodiscover_operators.go: 93]  CSV name: webotx-operator.v11.11.0 (ns: test) 
[36mINFO   [0m[Aug 24 17:46:24.601][autodiscover_operators.go: 144] Found 3 subscriptions in the target namespaces 
[36mINFO   [0m[Aug 24 17:46:24.601][autodiscover_operators.go: 146]  Subscriptions name: ibm-block-csi-operator-stable-certified-operators-openshift-marketplace (ns: test) 
[36mINFO   [0m[Aug 24 17:46:24.601][autodiscover_operators.go: 146]  Subscriptions name: self-node-remediation-v0-6-1-sub (ns: test) 
[36mINFO   [0m[Aug 24 17:46:24.601][autodiscover_operators.go: 146]  Subscriptions name: webotx-operator-v11-11-0-sub (ns: test) 
[36mINFO   [0m[Aug 24 17:46:24.733][autodiscover.go: 257] OpenShift Version found: 4.13.4              
[33mWARNING[0m[Aug 24 17:46:24.809][autodiscover_podset.go: 87] Did not find any deployment in the configured namespaces [test] 
[33mWARNING[0m[Aug 24 17:46:24.852][autodiscover_podset.go: 106] Did not find any statefulSet in ns=test      
[33mWARNING[0m[Aug 24 17:46:24.853][autodiscover_podset.go: 120] Did not find any statefulset in the configured namespaces [test] 
[36mINFO   [0m[Aug 24 17:46:25.155][autodiscover_podset.go: 138] Cannot find any deployed HorizontalPodAutoscaler 
[36mINFO   [0m[Aug 24 17:46:25.346][operators.go: 130] Found 4 unique CSVs                          
[36mINFO   [0m[Aug 24 17:46:25.346][operators.go: 132]   CSV: ibm-block-csi-operator.v1.11.1        
[36mINFO   [0m[Aug 24 17:46:25.346][operators.go: 132]   CSV: webotx-operator.v11.11.0              
[36mINFO   [0m[Aug 24 17:46:25.346][operators.go: 132]   CSV: self-node-remediation.v0.6.1          
[36mINFO   [0m[Aug 24 17:46:25.346][operators.go: 132]   CSV: packageserver                         
[36mINFO   [0m[Aug 24 17:46:25.380][operators.go: 185] Getting installplans for op ibm-block-csi-operator.v1.11.1 (subs ibm-block-csi-operator-stable-certified-operators-openshift-marketplace ns test) 
[33mWARNING[0m[Aug 24 17:46:25.381][operators.go: 183] Subscription not found for CSV: packageserver (ns openshift-operator-lifecycle-manager) 
[36mINFO   [0m[Aug 24 17:46:25.381][operators.go: 185] Getting installplans for op packageserver (subs  ns ) 
[36mINFO   [0m[Aug 24 17:46:25.412][operators.go: 185] Getting installplans for op self-node-remediation.v0.6.1 (subs self-node-remediation-v0-6-1-sub ns test) 
[36mINFO   [0m[Aug 24 17:46:25.446][operators.go: 185] Getting installplans for op webotx-operator.v11.11.0 (subs webotx-operator-v11-11-0-sub ns test) 
[36mINFO   [0m[Aug 24 17:46:25.448][provider.go: 564] Node ip-10-0-138-139.ec2.internal - mc name: rendered-worker-4d7f2d5d759a3f0196274c4702ff2d3a 
[36mINFO   [0m[Aug 24 17:46:25.528][provider.go: 564] Node ip-10-0-140-127.ec2.internal - mc name: rendered-master-264a3e0d880b40507d6aa6d24e9b1296 
[36mINFO   [0m[Aug 24 17:46:25.593][provider.go: 564] Node ip-10-0-144-53.ec2.internal - mc name: rendered-master-264a3e0d880b40507d6aa6d24e9b1296 
[36mINFO   [0m[Aug 24 17:46:25.660][provider.go: 564] Node ip-10-0-146-178.ec2.internal - mc name: rendered-worker-4d7f2d5d759a3f0196274c4702ff2d3a 
[36mINFO   [0m[Aug 24 17:46:25.762][provider.go: 564] Node ip-10-0-171-112.ec2.internal - mc name: rendered-worker-4d7f2d5d759a3f0196274c4702ff2d3a 
[36mINFO   [0m[Aug 24 17:46:25.826][provider.go: 564] Node ip-10-0-173-119.ec2.internal - mc name: rendered-master-264a3e0d880b40507d6aa6d24e9b1296 
[31mERROR  [0m[Aug 24 17:46:25.890][pods.go: 57] Could not decode networks-status annotation, error: could not unmarshal network-status annotation 
[31mERROR  [0m[Aug 24 17:46:25.890][pods.go: 62] Could not decode networks-status annotation, error: could not unmarshal network-status annotation 
[31mERROR  [0m[Aug 24 17:46:25.890][pods.go: 57] Could not decode networks-status annotation, error: could not unmarshal network-status annotation 
[31mERROR  [0m[Aug 24 17:46:25.890][pods.go: 62] Could not decode networks-status annotation, error: could not unmarshal network-status annotation 
[31mERROR  [0m[Aug 24 17:46:25.890][pods.go: 57] Could not decode networks-status annotation, error: could not unmarshal network-status annotation 
[31mERROR  [0m[Aug 24 17:46:25.891][pods.go: 62] Could not decode networks-status annotation, error: could not unmarshal network-status annotation 
[31mERROR  [0m[Aug 24 17:46:25.892][pods.go: 57] Could not decode networks-status annotation, error: could not unmarshal network-status annotation 
[31mERROR  [0m[Aug 24 17:46:25.892][pods.go: 62] Could not decode networks-status annotation, error: could not unmarshal network-status annotation 
[31mERROR  [0m[Aug 24 17:46:25.893][pods.go: 57] Could not decode networks-status annotation, error: could not unmarshal network-status annotation 
[31mERROR  [0m[Aug 24 17:46:25.893][pods.go: 62] Could not decode networks-status annotation, error: could not unmarshal network-status annotation 
[31mERROR  [0m[Aug 24 17:46:25.893][pods.go: 57] Could not decode networks-status annotation, error: could not unmarshal network-status annotation 
[31mERROR  [0m[Aug 24 17:46:25.893][pods.go: 62] Could not decode networks-status annotation, error: could not unmarshal network-status annotation 
[31mERROR  [0m[Aug 24 17:46:25.899][pods.go: 57] Could not decode networks-status annotation, error: could not unmarshal network-status annotation 
[31mERROR  [0m[Aug 24 17:46:25.899][pods.go: 62] Could not decode networks-status annotation, error: could not unmarshal network-status annotation 
[31mERROR  [0m[Aug 24 17:46:25.899][pods.go: 57] Could not decode networks-status annotation, error: could not unmarshal network-status annotation 
[31mERROR  [0m[Aug 24 17:46:25.899][pods.go: 62] Could not decode networks-status annotation, error: could not unmarshal network-status annotation 
[31mERROR  [0m[Aug 24 17:46:25.899][pods.go: 57] Could not decode networks-status annotation, error: could not unmarshal network-status annotation 
[31mERROR  [0m[Aug 24 17:46:25.899][pods.go: 62] Could not decode networks-status annotation, error: could not unmarshal network-status annotation 
[31mERROR  [0m[Aug 24 17:46:25.900][pods.go: 57] Could not decode networks-status annotation, error: could not unmarshal network-status annotation 
[31mERROR  [0m[Aug 24 17:46:25.900][pods.go: 62] Could not decode networks-status annotation, error: could not unmarshal network-status annotation 
[31mERROR  [0m[Aug 24 17:46:25.901][pods.go: 57] Could not decode networks-status annotation, error: could not unmarshal network-status annotation 
[31mERROR  [0m[Aug 24 17:46:25.901][pods.go: 62] Could not decode networks-status annotation, error: could not unmarshal network-status annotation 
[31mERROR  [0m[Aug 24 17:46:25.901][pods.go: 57] Could not decode networks-status annotation, error: could not unmarshal network-status annotation 
[31mERROR  [0m[Aug 24 17:46:25.901][pods.go: 62] Could not decode networks-status annotation, error: could not unmarshal network-status annotation 
[33mWARNING[0m[Aug 24 17:46:25.902][provider.go: 341] container: extract pod: d43224ecf8a90e2689f1b48690ce45a9c382a5ed2d2ce8b0d2fbba172a8xrtm ns: test is not ready yet. 
[33mWARNING[0m[Aug 24 17:46:25.903][provider.go: 357] container: extract pod: d43224ecf8a90e2689f1b48690ce45a9c382a5ed2d2ce8b0d2fbba172a8xrtm ns: test is not running (reason: terminated - Completed, restarts 0): some test cases might fail. 
[33mWARNING[0m[Aug 24 17:46:25.904][provider.go: 341] container: extract pod: edb6419b2083ee33269f3f0944ba2eaed5d1064a9f47b2ddf589d7fea5q8dm9 ns: test is not ready yet. 
[33mWARNING[0m[Aug 24 17:46:25.904][provider.go: 357] container: extract pod: edb6419b2083ee33269f3f0944ba2eaed5d1064a9f47b2ddf589d7fea5q8dm9 ns: test is not running (reason: terminated - Completed, restarts 0): some test cases might fail. 
[36mINFO   [0m[Aug 24 17:46:25.906][operators.go: 130] Found 3 unique CSVs                          
[36mINFO   [0m[Aug 24 17:46:25.906][operators.go: 132]   CSV: ibm-block-csi-operator.v1.11.1        
[36mINFO   [0m[Aug 24 17:46:25.906][operators.go: 132]   CSV: self-node-remediation.v0.6.1          
[36mINFO   [0m[Aug 24 17:46:25.906][operators.go: 132]   CSV: webotx-operator.v11.11.0              
[36mINFO   [0m[Aug 24 17:46:25.942][operators.go: 185] Getting installplans for op ibm-block-csi-operator.v1.11.1 (subs ibm-block-csi-operator-stable-certified-operators-openshift-marketplace ns test) 
[36mINFO   [0m[Aug 24 17:46:25.974][operators.go: 185] Getting installplans for op self-node-remediation.v0.6.1 (subs self-node-remediation-v0-6-1-sub ns test) 
[36mINFO   [0m[Aug 24 17:46:26.011][operators.go: 185] Getting installplans for op webotx-operator.v11.11.0 (subs webotx-operator-v11-11-0-sub ns test) 
[36mINFO   [0m[Aug 24 17:46:26.012][provider.go: 290] Operators found: 3                           
[36mINFO   [0m[Aug 24 17:46:26.013][provider.go: 302] Completed the test environment build process in 4.64 seconds 
[33mWARNING[0m[Aug 24 17:46:36.705][autodiscover.go: 110] DEPRECATED: targetPodLabels config field is about to be obsolete. Please use the new "podsUnderTestLabels" field instead. 
[33mWARNING[0m[Aug 24 17:46:36.705][autodiscover.go: 113] DEPRECATED: deprecated default operator label in use ( test-network-function.com/operator: ) is about to be obsolete. Please use the new "operatorsUnderTestLabels" field to specify operators labels instead. 
[36mINFO   [0m[Aug 24 17:46:36.705][autodiscover.go: 143] parsed pods under test labels: [{LabelKey:test-network-function.com/generic LabelValue:target}] 
[36mINFO   [0m[Aug 24 17:46:36.705][autodiscover.go: 144] parsed operators under test labels: [{LabelKey:test-network-function.com/operator LabelValue:}] 
[36mINFO   [0m[Aug 24 17:46:36.848][autodiscover_operators.go: 144] Found 3 subscriptions in the target namespaces 
[36mINFO   [0m[Aug 24 17:46:36.848][autodiscover_operators.go: 146]  Subscriptions name: ibm-block-csi-operator-stable-certified-operators-openshift-marketplace (ns: test) 
[36mINFO   [0m[Aug 24 17:46:36.848][autodiscover_operators.go: 146]  Subscriptions name: self-node-remediation-v0-6-1-sub (ns: test) 
[36mINFO   [0m[Aug 24 17:46:36.848][autodiscover_operators.go: 146]  Subscriptions name: webotx-operator-v11-11-0-sub (ns: test) 
[36mINFO   [0m[Aug 24 17:46:37.705][autodiscover_operators.go: 121] Found 77 CSVs:                               
[36mINFO   [0m[Aug 24 17:46:37.705][autodiscover_operators.go: 123]  CSV name: self-node-remediation.v0.6.1 (ns: cert-manager) 
[36mINFO   [0m[Aug 24 17:46:37.705][autodiscover_operators.go: 123]  CSV name: self-node-remediation.v0.6.1 (ns: cnf-suite) 
[36mINFO   [0m[Aug 24 17:46:37.706][autodiscover_operators.go: 123]  CSV name: self-node-remediation.v0.6.1 (ns: default) 
[36mINFO   [0m[Aug 24 17:46:37.706][autodiscover_operators.go: 123]  CSV name: self-node-remediation.v0.6.1 (ns: kube-node-lease) 
[36mINFO   [0m[Aug 24 17:46:37.706][autodiscover_operators.go: 123]  CSV name: self-node-remediation.v0.6.1 (ns: kube-public) 
[36mINFO   [0m[Aug 24 17:46:37.706][autodiscover_operators.go: 123]  CSV name: self-node-remediation.v0.6.1 (ns: kube-system) 
[36mINFO   [0m[Aug 24 17:46:37.706][autodiscover_operators.go: 123]  CSV name: self-node-remediation.v0.6.1 (ns: openshift-apiserver-operator) 
[36mINFO   [0m[Aug 24 17:46:37.706][autodiscover_operators.go: 123]  CSV name: self-node-remediation.v0.6.1 (ns: openshift-apiserver) 
[36mINFO   [0m[Aug 24 17:46:37.707][autodiscover_operators.go: 123]  CSV name: self-node-remediation.v0.6.1 (ns: openshift-authentication-operator) 
[36mINFO   [0m[Aug 24 17:46:37.707][autodiscover_operators.go: 123]  CSV name: self-node-remediation.v0.6.1 (ns: openshift-authentication) 
[36mINFO   [0m[Aug 24 17:46:37.707][autodiscover_operators.go: 123]  CSV name: self-node-remediation.v0.6.1 (ns: openshift-cloud-controller-manager-operator) 
[36mINFO   [0m[Aug 24 17:46:37.707][autodiscover_operators.go: 123]  CSV name: self-node-remediation.v0.6.1 (ns: openshift-cloud-controller-manager) 
[36mINFO   [0m[Aug 24 17:46:37.707][autodiscover_operators.go: 123]  CSV name: self-node-remediation.v0.6.1 (ns: openshift-cloud-credential-operator) 
[36mINFO   [0m[Aug 24 17:46:37.707][autodiscover_operators.go: 123]  CSV name: self-node-remediation.v0.6.1 (ns: openshift-cloud-network-config-controller) 
[36mINFO   [0m[Aug 24 17:46:37.707][autodiscover_operators.go: 123]  CSV name: self-node-remediation.v0.6.1 (ns: openshift-cluster-csi-drivers) 
[36mINFO   [0m[Aug 24 17:46:37.707][autodiscover_operators.go: 123]  CSV name: self-node-remediation.v0.6.1 (ns: openshift-cluster-machine-approver) 
[36mINFO   [0m[Aug 24 17:46:37.707][autodiscover_operators.go: 123]  CSV name: self-node-remediation.v0.6.1 (ns: openshift-cluster-node-tuning-operator) 
[36mINFO   [0m[Aug 24 17:46:37.707][autodiscover_operators.go: 123]  CSV name: self-node-remediation.v0.6.1 (ns: openshift-cluster-samples-operator) 
[36mINFO   [0m[Aug 24 17:46:37.707][autodiscover_operators.go: 123]  CSV name: self-node-remediation.v0.6.1 (ns: openshift-cluster-storage-operator) 
[36mINFO   [0m[Aug 24 17:46:37.707][autodiscover_operators.go: 123]  CSV name: self-node-remediation.v0.6.1 (ns: openshift-cluster-version) 
[36mINFO   [0m[Aug 24 17:46:37.707][autodiscover_operators.go: 123]  CSV name: self-node-remediation.v0.6.1 (ns: openshift-config-managed) 
[36mINFO   [0m[Aug 24 17:46:37.707][autodiscover_operators.go: 123]  CSV name: self-node-remediation.v0.6.1 (ns: openshift-config-operator) 
[36mINFO   [0m[Aug 24 17:46:37.707][autodiscover_operators.go: 123]  CSV name: self-node-remediation.v0.6.1 (ns: openshift-config) 
[36mINFO   [0m[Aug 24 17:46:37.707][autodiscover_operators.go: 123]  CSV name: self-node-remediation.v0.6.1 (ns: openshift-console-operator) 
[36mINFO   [0m[Aug 24 17:46:37.707][autodiscover_operators.go: 123]  CSV name: self-node-remediation.v0.6.1 (ns: openshift-console-user-settings) 
[36mINFO   [0m[Aug 24 17:46:37.708][autodiscover_operators.go: 123]  CSV name: self-node-remediation.v0.6.1 (ns: openshift-console) 
[36mINFO   [0m[Aug 24 17:46:37.708][autodiscover_operators.go: 123]  CSV name: self-node-remediation.v0.6.1 (ns: openshift-controller-manager-operator) 
[36mINFO   [0m[Aug 24 17:46:37.708][autodiscover_operators.go: 123]  CSV name: self-node-remediation.v0.6.1 (ns: openshift-controller-manager) 
[36mINFO   [0m[Aug 24 17:46:37.708][autodiscover_operators.go: 123]  CSV name: self-node-remediation.v0.6.1 (ns: openshift-dns-operator) 
[36mINFO   [0m[Aug 24 17:46:37.708][autodiscover_operators.go: 123]  CSV name: self-node-remediation.v0.6.1 (ns: openshift-dns) 
[36mINFO   [0m[Aug 24 17:46:37.708][autodiscover_operators.go: 123]  CSV name: self-node-remediation.v0.6.1 (ns: openshift-etcd-operator) 
[36mINFO   [0m[Aug 24 17:46:37.708][autodiscover_operators.go: 123]  CSV name: self-node-remediation.v0.6.1 (ns: openshift-etcd) 
[36mINFO   [0m[Aug 24 17:46:37.708][autodiscover_operators.go: 123]  CSV name: self-node-remediation.v0.6.1 (ns: openshift-host-network) 
[36mINFO   [0m[Aug 24 17:46:37.708][autodiscover_operators.go: 123]  CSV name: self-node-remediation.v0.6.1 (ns: openshift-image-registry) 
[36mINFO   [0m[Aug 24 17:46:37.708][autodiscover_operators.go: 123]  CSV name: self-node-remediation.v0.6.1 (ns: openshift-infra) 
[36mINFO   [0m[Aug 24 17:46:37.708][autodiscover_operators.go: 123]  CSV name: self-node-remediation.v0.6.1 (ns: openshift-ingress-canary) 
[36mINFO   [0m[Aug 24 17:46:37.708][autodiscover_operators.go: 123]  CSV name: self-node-remediation.v0.6.1 (ns: openshift-ingress-operator) 
[36mINFO   [0m[Aug 24 17:46:37.708][autodiscover_operators.go: 123]  CSV name: self-node-remediation.v0.6.1 (ns: openshift-ingress) 
[36mINFO   [0m[Aug 24 17:46:37.708][autodiscover_operators.go: 123]  CSV name: self-node-remediation.v0.6.1 (ns: openshift-insights) 
[36mINFO   [0m[Aug 24 17:46:37.708][autodiscover_operators.go: 123]  CSV name: self-node-remediation.v0.6.1 (ns: openshift-kni-infra) 
[36mINFO   [0m[Aug 24 17:46:37.708][autodiscover_operators.go: 123]  CSV name: self-node-remediation.v0.6.1 (ns: openshift-kube-apiserver-operator) 
[36mINFO   [0m[Aug 24 17:46:37.708][autodiscover_operators.go: 123]  CSV name: self-node-remediation.v0.6.1 (ns: openshift-kube-apiserver) 
[36mINFO   [0m[Aug 24 17:46:37.708][autodiscover_operators.go: 123]  CSV name: self-node-remediation.v0.6.1 (ns: openshift-kube-controller-manager-operator) 
[36mINFO   [0m[Aug 24 17:46:37.708][autodiscover_operators.go: 123]  CSV name: self-node-remediation.v0.6.1 (ns: openshift-kube-controller-manager) 
[36mINFO   [0m[Aug 24 17:46:37.708][autodiscover_operators.go: 123]  CSV name: self-node-remediation.v0.6.1 (ns: openshift-kube-scheduler-operator) 
[36mINFO   [0m[Aug 24 17:46:37.709][autodiscover_operators.go: 123]  CSV name: self-node-remediation.v0.6.1 (ns: openshift-kube-scheduler) 
[36mINFO   [0m[Aug 24 17:46:37.709][autodiscover_operators.go: 123]  CSV name: self-node-remediation.v0.6.1 (ns: openshift-kube-storage-version-migrator-operator) 
[36mINFO   [0m[Aug 24 17:46:37.709][autodiscover_operators.go: 123]  CSV name: self-node-remediation.v0.6.1 (ns: openshift-kube-storage-version-migrator) 
[36mINFO   [0m[Aug 24 17:46:37.709][autodiscover_operators.go: 123]  CSV name: self-node-remediation.v0.6.1 (ns: openshift-machine-api) 
[36mINFO   [0m[Aug 24 17:46:37.709][autodiscover_operators.go: 123]  CSV name: self-node-remediation.v0.6.1 (ns: openshift-machine-config-operator) 
[36mINFO   [0m[Aug 24 17:46:37.709][autodiscover_operators.go: 123]  CSV name: self-node-remediation.v0.6.1 (ns: openshift-marketplace) 
[36mINFO   [0m[Aug 24 17:46:37.709][autodiscover_operators.go: 123]  CSV name: self-node-remediation.v0.6.1 (ns: openshift-monitoring) 
[36mINFO   [0m[Aug 24 17:46:37.709][autodiscover_operators.go: 123]  CSV name: self-node-remediation.v0.6.1 (ns: openshift-multus) 
[36mINFO   [0m[Aug 24 17:46:37.709][autodiscover_operators.go: 123]  CSV name: self-node-remediation.v0.6.1 (ns: openshift-network-diagnostics) 
[36mINFO   [0m[Aug 24 17:46:37.709][autodiscover_operators.go: 123]  CSV name: self-node-remediation.v0.6.1 (ns: openshift-network-operator) 
[36mINFO   [0m[Aug 24 17:46:37.709][autodiscover_operators.go: 123]  CSV name: self-node-remediation.v0.6.1 (ns: openshift-node) 
[36mINFO   [0m[Aug 24 17:46:37.709][autodiscover_operators.go: 123]  CSV name: self-node-remediation.v0.6.1 (ns: openshift-nutanix-infra) 
[36mINFO   [0m[Aug 24 17:46:37.709][autodiscover_operators.go: 123]  CSV name: self-node-remediation.v0.6.1 (ns: openshift-oauth-apiserver) 
[36mINFO   [0m[Aug 24 17:46:37.709][autodiscover_operators.go: 123]  CSV name: self-node-remediation.v0.6.1 (ns: openshift-openstack-infra) 
[36mINFO   [0m[Aug 24 17:46:37.709][autodiscover_operators.go: 123]  CSV name: packageserver (ns: openshift-operator-lifecycle-manager) 
[36mINFO   [0m[Aug 24 17:46:37.709][autodiscover_operators.go: 123]  CSV name: self-node-remediation.v0.6.1 (ns: openshift-operator-lifecycle-manager) 
[36mINFO   [0m[Aug 24 17:46:37.709][autodiscover_operators.go: 123]  CSV name: self-node-remediation.v0.6.1 (ns: openshift-operators) 
[36mINFO   [0m[Aug 24 17:46:37.709][autodiscover_operators.go: 123]  CSV name: self-node-remediation.v0.6.1 (ns: openshift-ovirt-infra) 
[36mINFO   [0m[Aug 24 17:46:37.709][autodiscover_operators.go: 123]  CSV name: self-node-remediation.v0.6.1 (ns: openshift-ovn-kubernetes) 
[36mINFO   [0m[Aug 24 17:46:37.709][autodiscover_operators.go: 123]  CSV name: self-node-remediation.v0.6.1 (ns: openshift-route-controller-manager) 
[36mINFO   [0m[Aug 24 17:46:37.710][autodiscover_operators.go: 123]  CSV name: self-node-remediation.v0.6.1 (ns: openshift-service-ca-operator) 
[36mINFO   [0m[Aug 24 17:46:37.710][autodiscover_operators.go: 123]  CSV name: self-node-remediation.v0.6.1 (ns: openshift-service-ca) 
[36mINFO   [0m[Aug 24 17:46:37.710][autodiscover_operators.go: 123]  CSV name: self-node-remediation.v0.6.1 (ns: openshift-user-workload-monitoring) 
[36mINFO   [0m[Aug 24 17:46:37.710][autodiscover_operators.go: 123]  CSV name: self-node-remediation.v0.6.1 (ns: openshift-vsphere-infra) 
[36mINFO   [0m[Aug 24 17:46:37.710][autodiscover_operators.go: 123]  CSV name: self-node-remediation.v0.6.1 (ns: openshift) 
[36mINFO   [0m[Aug 24 17:46:37.710][autodiscover_operators.go: 123]  CSV name: self-node-remediation.v0.6.1 (ns: redhat-ods-applications) 
[36mINFO   [0m[Aug 24 17:46:37.710][autodiscover_operators.go: 123]  CSV name: self-node-remediation.v0.6.1 (ns: redhat-ods-monitoring) 
[36mINFO   [0m[Aug 24 17:46:37.710][autodiscover_operators.go: 123]  CSV name: self-node-remediation.v0.6.1 (ns: rhods-notebooks) 
[36mINFO   [0m[Aug 24 17:46:37.710][autodiscover_operators.go: 123]  CSV name: ibm-block-csi-operator.v1.11.1 (ns: test) 
[36mINFO   [0m[Aug 24 17:46:37.710][autodiscover_operators.go: 123]  CSV name: self-node-remediation.v0.6.1 (ns: test) 
[36mINFO   [0m[Aug 24 17:46:37.710][autodiscover_operators.go: 123]  CSV name: webotx-operator.v11.11.0 (ns: test) 
[36mINFO   [0m[Aug 24 17:46:37.710][autodiscover_operators.go: 123]  CSV name: self-node-remediation.v0.6.1 (ns: ztp-install) 
[36mINFO   [0m[Aug 24 17:46:39.928][autodiscover_operators.go: 91] Found 3 CSVs:                                
[36mINFO   [0m[Aug 24 17:46:39.928][autodiscover_operators.go: 93]  CSV name: ibm-block-csi-operator.v1.11.1 (ns: test) 
[36mINFO   [0m[Aug 24 17:46:39.928][autodiscover_operators.go: 93]  CSV name: self-node-remediation.v0.6.1 (ns: test) 
[36mINFO   [0m[Aug 24 17:46:39.928][autodiscover_operators.go: 93]  CSV name: webotx-operator.v11.11.0 (ns: test) 
[36mINFO   [0m[Aug 24 17:46:39.970][autodiscover_operators.go: 144] Found 3 subscriptions in the target namespaces 
[36mINFO   [0m[Aug 24 17:46:39.970][autodiscover_operators.go: 146]  Subscriptions name: ibm-block-csi-operator-stable-certified-operators-openshift-marketplace (ns: test) 
[36mINFO   [0m[Aug 24 17:46:39.970][autodiscover_operators.go: 146]  Subscriptions name: self-node-remediation-v0-6-1-sub (ns: test) 
[36mINFO   [0m[Aug 24 17:46:39.970][autodiscover_operators.go: 146]  Subscriptions name: webotx-operator-v11-11-0-sub (ns: test) 
[36mINFO   [0m[Aug 24 17:46:40.083][autodiscover.go: 257] OpenShift Version found: 4.13.4              
[33mWARNING[0m[Aug 24 17:46:40.176][autodiscover_podset.go: 87] Did not find any deployment in the configured namespaces [test] 
[33mWARNING[0m[Aug 24 17:46:40.213][autodiscover_podset.go: 106] Did not find any statefulSet in ns=test      
[33mWARNING[0m[Aug 24 17:46:40.213][autodiscover_podset.go: 120] Did not find any statefulset in the configured namespaces [test] 
[36mINFO   [0m[Aug 24 17:46:40.503][autodiscover_podset.go: 138] Cannot find any deployed HorizontalPodAutoscaler 
[36mINFO   [0m[Aug 24 17:46:40.682][operators.go: 130] Found 4 unique CSVs                          
[36mINFO   [0m[Aug 24 17:46:40.683][operators.go: 132]   CSV: self-node-remediation.v0.6.1          
[36mINFO   [0m[Aug 24 17:46:40.683][operators.go: 132]   CSV: packageserver                         
[36mINFO   [0m[Aug 24 17:46:40.683][operators.go: 132]   CSV: ibm-block-csi-operator.v1.11.1        
[36mINFO   [0m[Aug 24 17:46:40.683][operators.go: 132]   CSV: webotx-operator.v11.11.0              
[36mINFO   [0m[Aug 24 17:46:40.719][operators.go: 185] Getting installplans for op ibm-block-csi-operator.v1.11.1 (subs ibm-block-csi-operator-stable-certified-operators-openshift-marketplace ns test) 
[33mWARNING[0m[Aug 24 17:46:40.719][operators.go: 183] Subscription not found for CSV: packageserver (ns openshift-operator-lifecycle-manager) 
[36mINFO   [0m[Aug 24 17:46:40.720][operators.go: 185] Getting installplans for op packageserver (subs  ns ) 
[36mINFO   [0m[Aug 24 17:46:40.758][operators.go: 185] Getting installplans for op self-node-remediation.v0.6.1 (subs self-node-remediation-v0-6-1-sub ns test) 
[36mINFO   [0m[Aug 24 17:46:40.794][operators.go: 185] Getting installplans for op webotx-operator.v11.11.0 (subs webotx-operator-v11-11-0-sub ns test) 
[36mINFO   [0m[Aug 24 17:46:40.795][provider.go: 564] Node ip-10-0-138-139.ec2.internal - mc name: rendered-worker-4d7f2d5d759a3f0196274c4702ff2d3a 
[36mINFO   [0m[Aug 24 17:46:40.878][provider.go: 564] Node ip-10-0-140-127.ec2.internal - mc name: rendered-master-264a3e0d880b40507d6aa6d24e9b1296 
[36mINFO   [0m[Aug 24 17:46:40.944][provider.go: 564] Node ip-10-0-144-53.ec2.internal - mc name: rendered-master-264a3e0d880b40507d6aa6d24e9b1296 
[36mINFO   [0m[Aug 24 17:46:41.010][provider.go: 564] Node ip-10-0-146-178.ec2.internal - mc name: rendered-worker-4d7f2d5d759a3f0196274c4702ff2d3a 
[36mINFO   [0m[Aug 24 17:46:41.072][provider.go: 564] Node ip-10-0-171-112.ec2.internal - mc name: rendered-worker-4d7f2d5d759a3f0196274c4702ff2d3a 
[36mINFO   [0m[Aug 24 17:46:41.133][provider.go: 564] Node ip-10-0-173-119.ec2.internal - mc name: rendered-master-264a3e0d880b40507d6aa6d24e9b1296 
[31mERROR  [0m[Aug 24 17:46:41.216][pods.go: 57] Could not decode networks-status annotation, error: could not unmarshal network-status annotation 
[31mERROR  [0m[Aug 24 17:46:41.217][pods.go: 62] Could not decode networks-status annotation, error: could not unmarshal network-status annotation 
[31mERROR  [0m[Aug 24 17:46:41.217][pods.go: 57] Could not decode networks-status annotation, error: could not unmarshal network-status annotation 
[31mERROR  [0m[Aug 24 17:46:41.217][pods.go: 62] Could not decode networks-status annotation, error: could not unmarshal network-status annotation 
[31mERROR  [0m[Aug 24 17:46:41.217][pods.go: 57] Could not decode networks-status annotation, error: could not unmarshal network-status annotation 
[31mERROR  [0m[Aug 24 17:46:41.217][pods.go: 62] Could not decode networks-status annotation, error: could not unmarshal network-status annotation 
[31mERROR  [0m[Aug 24 17:46:41.220][pods.go: 57] Could not decode networks-status annotation, error: could not unmarshal network-status annotation 
[31mERROR  [0m[Aug 24 17:46:41.220][pods.go: 62] Could not decode networks-status annotation, error: could not unmarshal network-status annotation 
[31mERROR  [0m[Aug 24 17:46:41.220][pods.go: 57] Could not decode networks-status annotation, error: could not unmarshal network-status annotation 
[31mERROR  [0m[Aug 24 17:46:41.220][pods.go: 62] Could not decode networks-status annotation, error: could not unmarshal network-status annotation 
[31mERROR  [0m[Aug 24 17:46:41.221][pods.go: 57] Could not decode networks-status annotation, error: could not unmarshal network-status annotation 
[31mERROR  [0m[Aug 24 17:46:41.221][pods.go: 62] Could not decode networks-status annotation, error: could not unmarshal network-status annotation 
[31mERROR  [0m[Aug 24 17:46:41.226][pods.go: 57] Could not decode networks-status annotation, error: could not unmarshal network-status annotation 
[31mERROR  [0m[Aug 24 17:46:41.226][pods.go: 62] Could not decode networks-status annotation, error: could not unmarshal network-status annotation 
[31mERROR  [0m[Aug 24 17:46:41.226][pods.go: 57] Could not decode networks-status annotation, error: could not unmarshal network-status annotation 
[31mERROR  [0m[Aug 24 17:46:41.226][pods.go: 62] Could not decode networks-status annotation, error: could not unmarshal network-status annotation 
[31mERROR  [0m[Aug 24 17:46:41.226][pods.go: 57] Could not decode networks-status annotation, error: could not unmarshal network-status annotation 
[31mERROR  [0m[Aug 24 17:46:41.226][pods.go: 62] Could not decode networks-status annotation, error: could not unmarshal network-status annotation 
[31mERROR  [0m[Aug 24 17:46:41.227][pods.go: 57] Could not decode networks-status annotation, error: could not unmarshal network-status annotation 
[31mERROR  [0m[Aug 24 17:46:41.227][pods.go: 62] Could not decode networks-status annotation, error: could not unmarshal network-status annotation 
[31mERROR  [0m[Aug 24 17:46:41.227][pods.go: 57] Could not decode networks-status annotation, error: could not unmarshal network-status annotation 
[31mERROR  [0m[Aug 24 17:46:41.228][pods.go: 62] Could not decode networks-status annotation, error: could not unmarshal network-status annotation 
[31mERROR  [0m[Aug 24 17:46:41.228][pods.go: 57] Could not decode networks-status annotation, error: could not unmarshal network-status annotation 
[31mERROR  [0m[Aug 24 17:46:41.228][pods.go: 62] Could not decode networks-status annotation, error: could not unmarshal network-status annotation 
[33mWARNING[0m[Aug 24 17:46:41.229][provider.go: 341] container: extract pod: d43224ecf8a90e2689f1b48690ce45a9c382a5ed2d2ce8b0d2fbba172a8xrtm ns: test is not ready yet. 
[33mWARNING[0m[Aug 24 17:46:41.229][provider.go: 357] container: extract pod: d43224ecf8a90e2689f1b48690ce45a9c382a5ed2d2ce8b0d2fbba172a8xrtm ns: test is not running (reason: terminated - Completed, restarts 0): some test cases might fail. 
[33mWARNING[0m[Aug 24 17:46:41.230][provider.go: 341] container: extract pod: edb6419b2083ee33269f3f0944ba2eaed5d1064a9f47b2ddf589d7fea5q8dm9 ns: test is not ready yet. 
[33mWARNING[0m[Aug 24 17:46:41.230][provider.go: 357] container: extract pod: edb6419b2083ee33269f3f0944ba2eaed5d1064a9f47b2ddf589d7fea5q8dm9 ns: test is not running (reason: terminated - Completed, restarts 0): some test cases might fail. 
[36mINFO   [0m[Aug 24 17:46:41.231][operators.go: 130] Found 3 unique CSVs                          
[36mINFO   [0m[Aug 24 17:46:41.231][operators.go: 132]   CSV: ibm-block-csi-operator.v1.11.1        
[36mINFO   [0m[Aug 24 17:46:41.232][operators.go: 132]   CSV: self-node-remediation.v0.6.1          
[36mINFO   [0m[Aug 24 17:46:41.232][operators.go: 132]   CSV: webotx-operator.v11.11.0              
[36mINFO   [0m[Aug 24 17:46:41.269][operators.go: 185] Getting installplans for op ibm-block-csi-operator.v1.11.1 (subs ibm-block-csi-operator-stable-certified-operators-openshift-marketplace ns test) 
[36mINFO   [0m[Aug 24 17:46:41.307][operators.go: 185] Getting installplans for op self-node-remediation.v0.6.1 (subs self-node-remediation-v0-6-1-sub ns test) 
[36mINFO   [0m[Aug 24 17:46:41.344][operators.go: 185] Getting installplans for op webotx-operator.v11.11.0 (subs webotx-operator-v11-11-0-sub ns test) 
[36mINFO   [0m[Aug 24 17:46:41.344][provider.go: 290] Operators found: 3                           
[36mINFO   [0m[Aug 24 17:46:41.344][provider.go: 302] Completed the test environment build process in 4.72 seconds 
[33mWARNING[0m[Aug 24 17:46:41.363][suite.go: 50] LabelFilter is set but 'preflight' tests are not targeted. Skipping the preflight tests. 
Running Suite: CNF Certification Test Suite - /usr/tnf/cnf-certification-test
=============================================================================
Random Seed: [1m1692899180[0m

Will run [1m82[0m of [1m87[0m specs
[38;5;243m------------------------------[0m
[0mmanageability [0m[1mmanageability-containers-image-tag[0m [38;5;204m[extended, manageability-containers-image-tag, manageability][0m
[38;5;243m/usr/tnf/tnf-src/cnf-certification-test/manageability/suite.go:42[0m
  Container container: address-space-controller pod: address-space-controller-56c797f9ff-8g8xm ns: test is missing image tag(s)
  Container container: csi-driver-registrar pod: csi-cephfsplugin-9tnmk ns: test is missing image tag(s)
  Container container: csi-cephfsplugin pod: csi-cephfsplugin-9tnmk ns: test is missing image tag(s)
  Container container: csi-driver-registrar pod: csi-cephfsplugin-fxjb2 ns: test is missing image tag(s)
  Container container: csi-cephfsplugin pod: csi-cephfsplugin-fxjb2 ns: test is missing image tag(s)
  Container container: csi-driver-registrar pod: csi-cephfsplugin-jqqbf ns: test is missing image tag(s)
  Container container: csi-cephfsplugin pod: csi-cephfsplugin-jqqbf ns: test is missing image tag(s)
  Container container: csi-provisioner pod: csi-cephfsplugin-provisioner-7dc6567d6b-f84tr ns: test is missing image tag(s)
  Container container: csi-attacher pod: csi-cephfsplugin-provisioner-7dc6567d6b-f84tr ns: test is missing image tag(s)
  Container container: csi-resizer pod: csi-cephfsplugin-provisioner-7dc6567d6b-f84tr ns: test is missing image tag(s)
  Container container: csi-snapshotter pod: csi-cephfsplugin-provisioner-7dc6567d6b-f84tr ns: test is missing image tag(s)
  Container container: csi-cephfsplugin pod: csi-cephfsplugin-provisioner-7dc6567d6b-f84tr ns: test is missing image tag(s)
  Container container: csi-provisioner pod: csi-cephfsplugin-provisioner-7dc6567d6b-j5r2q ns: test is missing image tag(s)
  Container container: csi-attacher pod: csi-cephfsplugin-provisioner-7dc6567d6b-j5r2q ns: test is missing image tag(s)
  Container container: csi-resizer pod: csi-cephfsplugin-provisioner-7dc6567d6b-j5r2q ns: test is missing image tag(s)
  Container container: csi-snapshotter pod: csi-cephfsplugin-provisioner-7dc6567d6b-j5r2q ns: test is missing image tag(s)
  Container container: csi-cephfsplugin pod: csi-cephfsplugin-provisioner-7dc6567d6b-j5r2q ns: test is missing image tag(s)
  Container container: csi-driver-registrar pod: csi-rbdplugin-5h7hl ns: test is missing image tag(s)
  Container container: csi-rbdplugin pod: csi-rbdplugin-5h7hl ns: test is missing image tag(s)
  Container container: csi-addons pod: csi-rbdplugin-5h7hl ns: test is missing image tag(s)
  Container container: csi-driver-registrar pod: csi-rbdplugin-9fnkm ns: test is missing image tag(s)
  Container container: csi-rbdplugin pod: csi-rbdplugin-9fnkm ns: test is missing image tag(s)
  Container container: csi-addons pod: csi-rbdplugin-9fnkm ns: test is missing image tag(s)
  Container container: csi-driver-registrar pod: csi-rbdplugin-dh846 ns: test is missing image tag(s)
  Container container: csi-rbdplugin pod: csi-rbdplugin-dh846 ns: test is missing image tag(s)
  Container container: csi-addons pod: csi-rbdplugin-dh846 ns: test is missing image tag(s)
  Container container: csi-provisioner pod: csi-rbdplugin-provisioner-58fc6c8f5-4ccl7 ns: test is missing image tag(s)
  Container container: csi-attacher pod: csi-rbdplugin-provisioner-58fc6c8f5-4ccl7 ns: test is missing image tag(s)
  Container container: csi-resizer pod: csi-rbdplugin-provisioner-58fc6c8f5-4ccl7 ns: test is missing image tag(s)
  Container container: csi-snapshotter pod: csi-rbdplugin-provisioner-58fc6c8f5-4ccl7 ns: test is missing image tag(s)
  Container container: csi-rbdplugin pod: csi-rbdplugin-provisioner-58fc6c8f5-4ccl7 ns: test is missing image tag(s)
  Container container: csi-provisioner pod: csi-rbdplugin-provisioner-58fc6c8f5-wbs7k ns: test is missing image tag(s)
  Container container: csi-attacher pod: csi-rbdplugin-provisioner-58fc6c8f5-wbs7k ns: test is missing image tag(s)
  Container container: csi-resizer pod: csi-rbdplugin-provisioner-58fc6c8f5-wbs7k ns: test is missing image tag(s)
  Container container: csi-snapshotter pod: csi-rbdplugin-provisioner-58fc6c8f5-wbs7k ns: test is missing image tag(s)
  Container container: csi-rbdplugin pod: csi-rbdplugin-provisioner-58fc6c8f5-wbs7k ns: test is missing image tag(s)
  Container container: kube-rbac-proxy pod: devworkspace-webhook-server-85d9f8bbfc-cj6z5 ns: test is missing image tag(s)
  Container container: webhook-server pod: devworkspace-webhook-server-85d9f8bbfc-cj6z5 ns: test is missing image tag(s)
  Container container: security-profiles-operator pod: security-profiles-operator-webhook-d844fd745-2vvs5 ns: test is missing image tag(s)
  Container container: security-profiles-operator pod: security-profiles-operator-webhook-d844fd745-6ngkl ns: test is missing image tag(s)
  Container container: security-profiles-operator pod: security-profiles-operator-webhook-d844fd745-hvr8w ns: test is missing image tag(s)
  Container container: manager pod: self-node-remediation-controller-manager-75cc45b9b4-gl92f ns: test is missing image tag(s)
  Container container: manager pod: self-node-remediation-ds-2h42m ns: test is missing image tag(s)
  Container container: manager pod: self-node-remediation-ds-d7w7z ns: test is missing image tag(s)
  Container container: manager pod: self-node-remediation-ds-dn578 ns: test is missing image tag(s)
  Container container: manager pod: self-node-remediation-ds-ljrjl ns: test is missing image tag(s)
  Container container: manager pod: self-node-remediation-ds-nq5rj ns: test is missing image tag(s)
  Container container: manager pod: self-node-remediation-ds-vzv4c ns: test is missing image tag(s)
  {"CompliantObjectsOut":[{"ObjectType":"Container","ObjectFieldsKeys":["Reason For Compliance","Namespace","Pod Name","Container Name"],"ObjectFieldsValues":["Container is tagged","test","1d9ecea6bd177d0eecc89426d7658502fcab44c3e2bce4b3b1a40ed89fd444a","registry-grpc"]},{"ObjectType":"Container","ObjectFieldsKeys":["Reason For Compliance","Namespace","Pod Name","Container Name"],"ObjectFieldsValues":["Container is tagged","test","e655933a7fab3ac3aa88eb5e4ca9ac3a71b98875ef1ef5bc49e87284f160ff8","registry-grpc"]}],"NonCompliantObjectsOut":[{"ObjectType":"Container","ObjectFieldsKeys":["Reason For Non Compliance","Namespace","Pod Name","Container Name"],"ObjectFieldsValues":["Container is missing image tag(s)","test","address-space-controller-56c797f9ff-8g8xm","address-space-controller"]},{"ObjectType":"Container","ObjectFieldsKeys":["Reason For Non Compliance","Namespace","Pod Name","Container Name"],"ObjectFieldsValues":["Container is missing image tag(s)","test","csi-cephfsplugin-9tnmk","csi-driver-registrar"]},{"ObjectType":"Container","ObjectFieldsKeys":["Reason For Non Compliance","Namespace","Pod Name","Container Name"],"ObjectFieldsValues":["Container is missing image tag(s)","test","csi-cephfsplugin-9tnmk","csi-cephfsplugin"]},{"ObjectType":"Container","ObjectFieldsKeys":["Reason For Non Compliance","Namespace","Pod Name","Container Name"],"ObjectFieldsValues":["Container is missing image tag(s)","test","csi-cephfsplugin-fxjb2","csi-driver-registrar"]},{"ObjectType":"Container","ObjectFieldsKeys":["Reason For Non Compliance","Namespace","Pod Name","Container Name"],"ObjectFieldsValues":["Container is missing image tag(s)","test","csi-cephfsplugin-fxjb2","csi-cephfsplugin"]},{"ObjectType":"Container","ObjectFieldsKeys":["Reason For Non Compliance","Namespace","Pod Name","Container Name"],"ObjectFieldsValues":["Container is missing image tag(s)","test","csi-cephfsplugin-jqqbf","csi-driver-registrar"]},{"ObjectType":"Container","ObjectFieldsKeys":["Reason For Non Compliance","Namespace","Pod Name","Container Name"],"ObjectFieldsValues":["Container is missing image tag(s)","test","csi-cephfsplugin-jqqbf","csi-cephfsplugin"]},{"ObjectType":"Container","ObjectFieldsKeys":["Reason For Non Compliance","Namespace","Pod Name","Container Name"],"ObjectFieldsValues":["Container is missing image tag(s)","test","csi-cephfsplugin-provisioner-7dc6567d6b-f84tr","csi-provisioner"]},{"ObjectType":"Container","ObjectFieldsKeys":["Reason For Non Compliance","Namespace","Pod Name","Container Name"],"ObjectFieldsValues":["Container is missing image tag(s)","test","csi-cephfsplugin-provisioner-7dc6567d6b-f84tr","csi-attacher"]},{"ObjectType":"Container","ObjectFieldsKeys":["Reason For Non Compliance","Namespace","Pod Name","Container Name"],"ObjectFieldsValues":["Container is missing image tag(s)","test","csi-cephfsplugin-provisioner-7dc6567d6b-f84tr","csi-resizer"]},{"ObjectType":"Container","ObjectFieldsKeys":["Reason For Non Compliance","Namespace","Pod Name","Container Name"],"ObjectFieldsValues":["Container is missing image tag(s)","test","csi-cephfsplugin-provisioner-7dc6567d6b-f84tr","csi-snapshotter"]},{"ObjectType":"Container","ObjectFieldsKeys":["Reason For Non Compliance","Namespace","Pod Name","Container Name"],"ObjectFieldsValues":["Container is missing image tag(s)","test","csi-cephfsplugin-provisioner-7dc6567d6b-f84tr","csi-cephfsplugin"]},{"ObjectType":"Container","ObjectFieldsKeys":["Reason For Non Compliance","Namespace","Pod Name","Container Name"],"ObjectFieldsValues":["Container is missing image tag(s)","test","csi-cephfsplugin-provisioner-7dc6567d6b-j5r2q","csi-provisioner"]},{"ObjectType":"Container","ObjectFieldsKeys":["Reason For Non Compliance","Namespace","Pod Name","Container Name"],"ObjectFieldsValues":["Container is missing image tag(s)","test","csi-cephfsplugin-provisioner-7dc6567d6b-j5r2q","csi-attacher"]},{"ObjectType":"Container","ObjectFieldsKeys":["Reason For Non Compliance","Namespace","Pod Name","Container Name"],"ObjectFieldsValues":["Container is missing image tag(s)","test","csi-cephfsplugin-provisioner-7dc6567d6b-j5r2q","csi-resizer"]},{"ObjectType":"Container","ObjectFieldsKeys":["Reason For Non Compliance","Namespace","Pod Name","Container Name"],"ObjectFieldsValues":["Container is missing image tag(s)","test","csi-cephfsplugin-provisioner-7dc6567d6b-j5r2q","csi-snapshotter"]},{"ObjectType":"Container","ObjectFieldsKeys":["Reason For Non Compliance","Namespace","Pod Name","Container Name"],"ObjectFieldsValues":["Container is missing image tag(s)","test","csi-cephfsplugin-provisioner-7dc6567d6b-j5r2q","csi-cephfsplugin"]},{"ObjectType":"Container","ObjectFieldsKeys":["Reason For Non Compliance","Namespace","Pod Name","Container Name"],"ObjectFieldsValues":["Container is missing image tag(s)","test","csi-rbdplugin-5h7hl","csi-driver-registrar"]},{"ObjectType":"Container","ObjectFieldsKeys":["Reason For Non Compliance","Namespace","Pod Name","Container Name"],"ObjectFieldsValues":["Container is missing image tag(s)","test","csi-rbdplugin-5h7hl","csi-rbdplugin"]},{"ObjectType":"Container","ObjectFieldsKeys":["Reason For Non Compliance","Namespace","Pod Name","Container Name"],"ObjectFieldsValues":["Container is missing image tag(s)","test","csi-rbdplugin-5h7hl","csi-addons"]},{"ObjectType":"Container","ObjectFieldsKeys":["Reason For Non Compliance","Namespace","Pod Name","Container Name"],"ObjectFieldsValues":["Container is missing image tag(s)","test","csi-rbdplugin-9fnkm","csi-driver-registrar"]},{"ObjectType":"Container","ObjectFieldsKeys":["Reason For Non Compliance","Namespace","Pod Name","Container Name"],"ObjectFieldsValues":["Container is missing image tag(s)","test","csi-rbdplugin-9fnkm","csi-rbdplugin"]},{"ObjectType":"Container","ObjectFieldsKeys":["Reason For Non Compliance","Namespace","Pod Name","Container Name"],"ObjectFieldsValues":["Container is missing image tag(s)","test","csi-rbdplugin-9fnkm","csi-addons"]},{"ObjectType":"Container","ObjectFieldsKeys":["Reason For Non Compliance","Namespace","Pod Name","Container Name"],"ObjectFieldsValues":["Container is missing image tag(s)","test","csi-rbdplugin-dh846","csi-driver-registrar"]},{"ObjectType":"Container","ObjectFieldsKeys":["Reason For Non Compliance","Namespace","Pod Name","Container Name"],"ObjectFieldsValues":["Container is missing image tag(s)","test","csi-rbdplugin-dh846","csi-rbdplugin"]},{"ObjectType":"Container","ObjectFieldsKeys":["Reason For Non Compliance","Namespace","Pod Name","Container Name"],"ObjectFieldsValues":["Container is missing image tag(s)","test","csi-rbdplugin-dh846","csi-addons"]},{"ObjectType":"Container","ObjectFieldsKeys":["Reason For Non Compliance","Namespace","Pod Name","Container Name"],"ObjectFieldsValues":["Container is missing image tag(s)","test","csi-rbdplugin-provisioner-58fc6c8f5-4ccl7","csi-provisioner"]},{"ObjectType":"Container","ObjectFieldsKeys":["Reason For Non Compliance","Namespace","Pod Name","Container Name"],"ObjectFieldsValues":["Container is missing image tag(s)","test","csi-rbdplugin-provisioner-58fc6c8f5-4ccl7","csi-attacher"]},{"ObjectType":"Container","ObjectFieldsKeys":["Reason For Non Compliance","Namespace","Pod Name","Container Name"],"ObjectFieldsValues":["Container is missing image tag(s)","test","csi-rbdplugin-provisioner-58fc6c8f5-4ccl7","csi-resizer"]},{"ObjectType":"Container","ObjectFieldsKeys":["Reason For Non Compliance","Namespace","Pod Name","Container Name"],"ObjectFieldsValues":["Container is missing image tag(s)","test","csi-rbdplugin-provisioner-58fc6c8f5-4ccl7","csi-snapshotter"]},{"ObjectType":"Container","ObjectFieldsKeys":["Reason For Non Compliance","Namespace","Pod Name","Container Name"],"ObjectFieldsValues":["Container is missing image tag(s)","test","csi-rbdplugin-provisioner-58fc6c8f5-4ccl7","csi-rbdplugin"]},{"ObjectType":"Container","ObjectFieldsKeys":["Reason For Non Compliance","Namespace","Pod Name","Container Name"],"ObjectFieldsValues":["Container is missing image tag(s)","test","csi-rbdplugin-provisioner-58fc6c8f5-wbs7k","csi-provisioner"]},{"ObjectType":"Container","ObjectFieldsKeys":["Reason For Non Compliance","Namespace","Pod Name","Container Name"],"ObjectFieldsValues":["Container is missing image tag(s)","test","csi-rbdplugin-provisioner-58fc6c8f5-wbs7k","csi-attacher"]},{"ObjectType":"Container","ObjectFieldsKeys":["Reason For Non Compliance","Namespace","Pod Name","Container Name"],"ObjectFieldsValues":["Container is missing image tag(s)","test","csi-rbdplugin-provisioner-58fc6c8f5-wbs7k","csi-resizer"]},{"ObjectType":"Container","ObjectFieldsKeys":["Reason For Non Compliance","Namespace","Pod Name","Container Name"],"ObjectFieldsValues":["Container is missing image tag(s)","test","csi-rbdplugin-provisioner-58fc6c8f5-wbs7k","csi-snapshotter"]},{"ObjectType":"Container","ObjectFieldsKeys":["Reason For Non Compliance","Namespace","Pod Name","Container Name"],"ObjectFieldsValues":["Container is missing image tag(s)","test","csi-rbdplugin-provisioner-58fc6c8f5-wbs7k","csi-rbdplugin"]},{"ObjectType":"Container","ObjectFieldsKeys":["Reason For Non Compliance","Namespace","Pod Name","Container Name"],"ObjectFieldsValues":["Container is missing image tag(s)","test","devworkspace-webhook-server-85d9f8bbfc-cj6z5","kube-rbac-proxy"]},{"ObjectType":"Container","ObjectFieldsKeys":["Reason For Non Compliance","Namespace","Pod Name","Container Name"],"ObjectFieldsValues":["Container is missing image tag(s)","test","devworkspace-webhook-server-85d9f8bbfc-cj6z5","webhook-server"]},{"ObjectType":"Container","ObjectFieldsKeys":["Reason For Non Compliance","Namespace","Pod Name","Container Name"],"ObjectFieldsValues":["Container is missing image tag(s)","test","security-profiles-operator-webhook-d844fd745-2vvs5","security-profiles-operator"]},{"ObjectType":"Container","ObjectFieldsKeys":["Reason For Non Compliance","Namespace","Pod Name","Container Name"],"ObjectFieldsValues":["Container is missing image tag(s)","test","security-profiles-operator-webhook-d844fd745-6ngkl","security-profiles-operator"]},{"ObjectType":"Container","ObjectFieldsKeys":["Reason For Non Compliance","Namespace","Pod Name","Container Name"],"ObjectFieldsValues":["Container is missing image tag(s)","test","security-profiles-operator-webhook-d844fd745-hvr8w","security-profiles-operator"]},{"ObjectType":"Container","ObjectFieldsKeys":["Reason For Non Compliance","Namespace","Pod Name","Container Name"],"ObjectFieldsValues":["Container is missing image tag(s)","test","self-node-remediation-controller-manager-75cc45b9b4-gl92f","manager"]},{"ObjectType":"Container","ObjectFieldsKeys":["Reason For Non Compliance","Namespace","Pod Name","Container Name"],"ObjectFieldsValues":["Container is missing image tag(s)","test","self-node-remediation-ds-2h42m","manager"]},{"ObjectType":"Container","ObjectFieldsKeys":["Reason For Non Compliance","Namespace","Pod Name","Container Name"],"ObjectFieldsValues":["Container is missing image tag(s)","test","self-node-remediation-ds-d7w7z","manager"]},{"ObjectType":"Container","ObjectFieldsKeys":["Reason For Non Compliance","Namespace","Pod Name","Container Name"],"ObjectFieldsValues":["Container is missing image tag(s)","test","self-node-remediation-ds-dn578","manager"]},{"ObjectType":"Container","ObjectFieldsKeys":["Reason For Non Compliance","Namespace","Pod Name","Container Name"],"ObjectFieldsValues":["Container is missing image tag(s)","test","self-node-remediation-ds-ljrjl","manager"]},{"ObjectType":"Container","ObjectFieldsKeys":["Reason For Non Compliance","Namespace","Pod Name","Container Name"],"ObjectFieldsValues":["Container is missing image tag(s)","test","self-node-remediation-ds-nq5rj","manager"]},{"ObjectType":"Container","ObjectFieldsKeys":["Reason For Non Compliance","Namespace","Pod Name","Container Name"],"ObjectFieldsValues":["Container is missing image tag(s)","test","self-node-remediation-ds-vzv4c","manager"]}]}
  [38;5;9m[FAILED][0m in [It] - /usr/tnf/tnf-src/pkg/testhelper/testhelper.go:358 [38;5;243m@ 08/24/23 17:46:41.378[0m
[38;5;9m• [FAILED] [0.007 seconds][0m
[0mmanageability [38;5;9m[1m[It] manageability-containers-image-tag[0m [38;5;204m[extended, manageability-containers-image-tag, manageability][0m
[38;5;243m/usr/tnf/tnf-src/cnf-certification-test/manageability/suite.go:42[0m

  [38;5;9m[FAILED] {"CompliantObjectsOut":[{"ObjectType":"Container","ObjectFieldsKeys":["Reason For Compliance","Namespace","Pod Name","Container Name"],"ObjectFieldsValues":["Container is tagged","test","1d9ecea6bd177d0eecc89426d7658502fcab44c3e2bce4b3b1a40ed89fd444a","registry-grpc"]},{"ObjectType":"Container","ObjectFieldsKeys":["Reason For Compliance","Namespace","Pod Name","Container Name"],"ObjectFieldsValues":["Container is tagged","test","e655933a7fab3ac3aa88eb5e4ca9ac3a71b98875ef1ef5bc49e87284f160ff8","registry-grpc"]}],"NonCompliantObjectsOut":[{"ObjectType":"Container","ObjectFieldsKeys":["Reason For Non Compliance","Namespace","Pod Name","Container Name"],"ObjectFieldsValues":["Container is missing image tag(s)","test","address-space-controller-56c797f9ff-8g8xm","address-space-controller"]},{"ObjectType":"Container","ObjectFieldsKeys":["Reason For Non Compliance","Namespace","Pod Name","Container Name"],"ObjectFieldsValues":["Container is missing image tag(s)","test","csi-cephfsplugin-9tnmk","csi-driver-registrar"]},{"ObjectType":"Container","ObjectFieldsKeys":["Reason For Non Compliance","Namespace","Pod Name","Container Name"],"ObjectFieldsValues":["Container is missing image tag(s)","test","csi-cephfsplugin-9tnmk","csi-cephfsplugin"]},{"ObjectType":"Container","ObjectFieldsKeys":["Reason For Non Compliance","Namespace","Pod Name","Container Name"],"ObjectFieldsValues":["Container is missing image tag(s)","test","csi-cephfsplugin-fxjb2","csi-driver-registrar"]},{"ObjectType":"Container","ObjectFieldsKeys":["Reason For Non Compliance","Namespace","Pod Name","Container Name"],"ObjectFieldsValues":["Container is missing image tag(s)","test","csi-cephfsplugin-fxjb2","csi-cephfsplugin"]},{"ObjectType":"Container","ObjectFieldsKeys":["Reason For Non Compliance","Namespace","Pod Name","Container Name"],"ObjectFieldsValues":["Container is missing image tag(s)","test","csi-cephfsplugin-jqqbf","csi-driver-registrar"]},{"ObjectType":"Container","ObjectFieldsKeys":["Reason For Non Compliance","Namespace","Pod Name","Container Name"],"ObjectFieldsValues":["Container is missing image tag(s)","test","csi-cephfsplugin-jqqbf","csi-cephfsplugin"]},{"ObjectType":"Container","ObjectFieldsKeys":["Reason For Non Compliance","Namespace","Pod Name","Container Name"],"ObjectFieldsValues":["Container is missing image tag(s)","test","csi-cephfsplugin-provisioner-7dc6567d6b-f84tr","csi-provisioner"]},{"ObjectType":"Container","ObjectFieldsKeys":["Reason For Non Compliance","Namespace","Pod Name","Container Name"],"ObjectFieldsValues":["Container is missing image tag(s)","test","csi-cephfsplugin-provisioner-7dc6567d6b-f84tr","csi-attacher"]},{"ObjectType":"Container","ObjectFieldsKeys":["Reason For Non Compliance","Namespace","Pod Name","Container Name"],"ObjectFieldsValues":["Container is missing image tag(s)","test","csi-cephfsplugin-provisioner-7dc6567d6b-f84tr","csi-resizer"]},{"ObjectType":"Container","ObjectFieldsKeys":["Reason For Non Compliance","Namespace","Pod Name","Container Name"],"ObjectFieldsValues":["Container is missing image tag(s)","test","csi-cephfsplugin-provisioner-7dc6567d6b-f84tr","csi-snapshotter"]},{"ObjectType":"Container","ObjectFieldsKeys":["Reason For Non Compliance","Namespace","Pod Name","Container Name"],"ObjectFieldsValues":["Container is missing image tag(s)","test","csi-cephfsplugin-provisioner-7dc6567d6b-f84tr","csi-cephfsplugin"]},{"ObjectType":"Container","ObjectFieldsKeys":["Reason For Non Compliance","Namespace","Pod Name","Container Name"],"ObjectFieldsValues":["Container is missing image tag(s)","test","csi-cephfsplugin-provisioner-7dc6567d6b-j5r2q","csi-provisioner"]},{"ObjectType":"Container","ObjectFieldsKeys":["Reason For Non Compliance","Namespace","Pod Name","Container Name"],"ObjectFieldsValues":["Container is missing image tag(s)","test","csi-cephfsplugin-provisioner-7dc6567d6b-j5r2q","csi-attacher"]},{"ObjectType":"Container","ObjectFieldsKeys":["Reason For Non Compliance","Namespace","Pod Name","Container Name"],"ObjectFieldsValues":["Container is missing image tag(s)","test","csi-cephfsplugin-provisioner-7dc6567d6b-j5r2q","csi-resizer"]},{"ObjectType":"Container","ObjectFieldsKeys":["Reason For Non Compliance","Namespace","Pod Name","Container Name"],"ObjectFieldsValues":["Container is missing image tag(s)","test","csi-cephfsplugin-provisioner-7dc6567d6b-j5r2q","csi-snapshotter"]},{"ObjectType":"Container","ObjectFieldsKeys":["Reason For Non Compliance","Namespace","Pod Name","Container Name"],"ObjectFieldsValues":["Container is missing image tag(s)","test","csi-cephfsplugin-provisioner-7dc6567d6b-j5r2q","csi-cephfsplugin"]},{"ObjectType":"Container","ObjectFieldsKeys":["Reason For Non Compliance","Namespace","Pod Name","Container Name"],"ObjectFieldsValues":["Container is missing image tag(s)","test","csi-rbdplugin-5h7hl","csi-driver-registrar"]},{"ObjectType":"Container","ObjectFieldsKeys":["Reason For Non Compliance","Namespace","Pod Name","Container Name"],"ObjectFieldsValues":["Container is missing image tag(s)","test","csi-rbdplugin-5h7hl","csi-rbdplugin"]},{"ObjectType":"Container","ObjectFieldsKeys":["Reason For Non Compliance","Namespace","Pod Name","Container Name"],"ObjectFieldsValues":["Container is missing image tag(s)","test","csi-rbdplugin-5h7hl","csi-addons"]},{"ObjectType":"Container","ObjectFieldsKeys":["Reason For Non Compliance","Namespace","Pod Name","Container Name"],"ObjectFieldsValues":["Container is missing image tag(s)","test","csi-rbdplugin-9fnkm","csi-driver-registrar"]},{"ObjectType":"Container","ObjectFieldsKeys":["Reason For Non Compliance","Namespace","Pod Name","Container Name"],"ObjectFieldsValues":["Container is missing image tag(s)","test","csi-rbdplugin-9fnkm","csi-rbdplugin"]},{"ObjectType":"Container","ObjectFieldsKeys":["Reason For Non Compliance","Namespace","Pod Name","Container Name"],"ObjectFieldsValues":["Container is missing image tag(s)","test","csi-rbdplugin-9fnkm","csi-addons"]},{"ObjectType":"Container","ObjectFieldsKeys":["Reason For Non Compliance","Namespace","Pod Name","Container Name"],"ObjectFieldsValues":["Container is missing image tag(s)","test","csi-rbdplugin-dh846","csi-driver-registrar"]},{"ObjectType":"Container","ObjectFieldsKeys":["Reason For Non Compliance","Namespace","Pod Name","Container Name"],"ObjectFieldsValues":["Container is missing image tag(s)","test","csi-rbdplugin-dh846","csi-rbdplugin"]},{"ObjectType":"Container","ObjectFieldsKeys":["Reason For Non Compliance","Namespace","Pod Name","Container Name"],"ObjectFieldsValues":["Container is missing image tag(s)","test","csi-rbdplugin-dh846","csi-addons"]},{"ObjectType":"Container","ObjectFieldsKeys":["Reason For Non Compliance","Namespace","Pod Name","Container Name"],"ObjectFieldsValues":["Container is missing image tag(s)","test","csi-rbdplugin-provisioner-58fc6c8f5-4ccl7","csi-provisioner"]},{"ObjectType":"Container","ObjectFieldsKeys":["Reason For Non Compliance","Namespace","Pod Name","Container Name"],"ObjectFieldsValues":["Container is missing image tag(s)","test","csi-rbdplugin-provisioner-58fc6c8f5-4ccl7","csi-attacher"]},{"ObjectType":"Container","ObjectFieldsKeys":["Reason For Non Compliance","Namespace","Pod Name","Container Name"],"ObjectFieldsValues":["Container is missing image tag(s)","test","csi-rbdplugin-provisioner-58fc6c8f5-4ccl7","csi-resizer"]},{"ObjectType":"Container","ObjectFieldsKeys":["Reason For Non Compliance","Namespace","Pod Name","Container Name"],"ObjectFieldsValues":["Container is missing image tag(s)","test","csi-rbdplugin-provisioner-58fc6c8f5-4ccl7","csi-snapshotter"]},{"ObjectType":"Container","ObjectFieldsKeys":["Reason For Non Compliance","Namespace","Pod Name","Container Name"],"ObjectFieldsValues":["Container is missing image tag(s)","test","csi-rbdplugin-provisioner-58fc6c8f5-4ccl7","csi-rbdplugin"]},{"ObjectType":"Container","ObjectFieldsKeys":["Reason For Non Compliance","Namespace","Pod Name","Container Name"],"ObjectFieldsValues":["Container is missing image tag(s)","test","csi-rbdplugin-provisioner-58fc6c8f5-wbs7k","csi-provisioner"]},{"ObjectType":"Container","ObjectFieldsKeys":["Reason For Non Compliance","Namespace","Pod Name","Container Name"],"ObjectFieldsValues":["Container is missing image tag(s)","test","csi-rbdplugin-provisioner-58fc6c8f5-wbs7k","csi-attacher"]},{"ObjectType":"Container","ObjectFieldsKeys":["Reason For Non Compliance","Namespace","Pod Name","Container Name"],"ObjectFieldsValues":["Container is missing image tag(s)","test","csi-rbdplugin-provisioner-58fc6c8f5-wbs7k","csi-resizer"]},{"ObjectType":"Container","ObjectFieldsKeys":["Reason For Non Compliance","Namespace","Pod Name","Container Name"],"ObjectFieldsValues":["Container is missing image tag(s)","test","csi-rbdplugin-provisioner-58fc6c8f5-wbs7k","csi-snapshotter"]},{"ObjectType":"Container","ObjectFieldsKeys":["Reason For Non Compliance","Namespace","Pod Name","Container Name"],"ObjectFieldsValues":["Container is missing image tag(s)","test","csi-rbdplugin-provisioner-58fc6c8f5-wbs7k","csi-rbdplugin"]},{"ObjectType":"Container","ObjectFieldsKeys":["Reason For Non Compliance","Namespace","Pod Name","Container Name"],"ObjectFieldsValues":["Container is missing image tag(s)","test","devworkspace-webhook-server-85d9f8bbfc-cj6z5","kube-rbac-proxy"]},{"ObjectType":"Container","ObjectFieldsKeys":["Reason For Non Compliance","Namespace","Pod Name","Container Name"],"ObjectFieldsValues":["Container is missing image tag(s)","test","devworkspace-webhook-server-85d9f8bbfc-cj6z5","webhook-server"]},{"ObjectType":"Container","ObjectFieldsKeys":["Reason For Non Compliance","Namespace","Pod Name","Container Name"],"ObjectFieldsValues":["Container is missing image tag(s)","test","security-profiles-operator-webhook-d844fd745-2vvs5","security-profiles-operator"]},{"ObjectType":"Container","ObjectFieldsKeys":["Reason For Non Compliance","Namespace","Pod Name","Container Name"],"ObjectFieldsValues":["Container is missing image tag(s)","test","security-profiles-operator-webhook-d844fd745-6ngkl","security-profiles-operator"]},{"ObjectType":"Container","ObjectFieldsKeys":["Reason For Non Compliance","Namespace","Pod Name","Container Name"],"ObjectFieldsValues":["Container is missing image tag(s)","test","security-profiles-operator-webhook-d844fd745-hvr8w","security-profiles-operator"]},{"ObjectType":"Container","ObjectFieldsKeys":["Reason For Non Compliance","Namespace","Pod Name","Container Name"],"ObjectFieldsValues":["Container is missing image tag(s)","test","self-node-remediation-controller-manager-75cc45b9b4-gl92f","manager"]},{"ObjectType":"Container","ObjectFieldsKeys":["Reason For Non Compliance","Namespace","Pod Name","Container Name"],"ObjectFieldsValues":["Container is missing image tag(s)","test","self-node-remediation-ds-2h42m","manager"]},{"ObjectType":"Container","ObjectFieldsKeys":["Reason For Non Compliance","Namespace","Pod Name","Container Name"],"ObjectFieldsValues":["Container is missing image tag(s)","test","self-node-remediation-ds-d7w7z","manager"]},{"ObjectType":"Container","ObjectFieldsKeys":["Reason For Non Compliance","Namespace","Pod Name","Container Name"],"ObjectFieldsValues":["Container is missing image tag(s)","test","self-node-remediation-ds-dn578","manager"]},{"ObjectType":"Container","ObjectFieldsKeys":["Reason For Non Compliance","Namespace","Pod Name","Container Name"],"ObjectFieldsValues":["Container is missing image tag(s)","test","self-node-remediation-ds-ljrjl","manager"]},{"ObjectType":"Container","ObjectFieldsKeys":["Reason For Non Compliance","Namespace","Pod Name","Container Name"],"ObjectFieldsValues":["Container is missing image tag(s)","test","self-node-remediation-ds-nq5rj","manager"]},{"ObjectType":"Container","ObjectFieldsKeys":["Reason For Non Compliance","Namespace","Pod Name","Container Name"],"ObjectFieldsValues":["Container is missing image tag(s)","test","self-node-remediation-ds-vzv4c","manager"]}]}[0m
  [38;5;9mIn [1m[It][0m[38;5;9m at: [1m/usr/tnf/tnf-src/pkg/testhelper/testhelper.go:358[0m [38;5;243m@ 08/24/23 17:46:41.378[0m
[38;5;243m------------------------------[0m
[0mmanageability [0m[1mmanageability-container-port-name-format[0m [38;5;204m[extended, manageability-container-port-name-format, manageability][0m
[38;5;243m/usr/tnf/tnf-src/cnf-certification-test/manageability/suite.go:48[0m
  container: csi-addons pod: csi-rbdplugin-5h7hl ns: test: ContainerPort  does not follow the partner naming conventions
  container: csi-addons pod: csi-rbdplugin-9fnkm ns: test: ContainerPort  does not follow the partner naming conventions
  container: csi-addons pod: csi-rbdplugin-dh846 ns: test: ContainerPort  does not follow the partner naming conventions
  container: kube-rbac-proxy pod: devworkspace-webhook-server-85d9f8bbfc-cj6z5 ns: test: ContainerPort metrics does not follow the partner naming conventions
  container: webhook-server pod: devworkspace-webhook-server-85d9f8bbfc-cj6z5 ns: test: ContainerPort webhook-server does not follow the partner naming conventions
  container: webhook-server pod: devworkspace-webhook-server-85d9f8bbfc-cj6z5 ns: test: ContainerPort liveness-port does not follow the partner naming conventions
  container: security-profiles-operator pod: security-profiles-operator-webhook-d844fd745-2vvs5 ns: test: ContainerPort webhook does not follow the partner naming conventions
  container: security-profiles-operator pod: security-profiles-operator-webhook-d844fd745-6ngkl ns: test: ContainerPort webhook does not follow the partner naming conventions
  container: security-profiles-operator pod: security-profiles-operator-webhook-d844fd745-hvr8w ns: test: ContainerPort webhook does not follow the partner naming conventions
  container: manager pod: self-node-remediation-controller-manager-75cc45b9b4-gl92f ns: test: ContainerPort webhook-server does not follow the partner naming conventions
  container: manager pod: self-node-remediation-ds-2h42m ns: test: ContainerPort self-n-r-port does not follow the partner naming conventions
  container: manager pod: self-node-remediation-ds-d7w7z ns: test: ContainerPort self-n-r-port does not follow the partner naming conventions
  container: manager pod: self-node-remediation-ds-dn578 ns: test: ContainerPort self-n-r-port does not follow the partner naming conventions
  container: manager pod: self-node-remediation-ds-ljrjl ns: test: ContainerPort self-n-r-port does not follow the partner naming conventions
  container: manager pod: self-node-remediation-ds-nq5rj ns: test: ContainerPort self-n-r-port does not follow the partner naming conventions
  container: manager pod: self-node-remediation-ds-vzv4c ns: test: ContainerPort self-n-r-port does not follow the partner naming conventions
  {"CompliantObjectsOut":[{"ObjectType":"Container","ObjectFieldsKeys":["Reason For Compliance","Namespace","Pod Name","Container Name","Container Port"],"ObjectFieldsValues":["ContainerPort follows the partner naming conventions","test","1d9ecea6bd177d0eecc89426d7658502fcab44c3e2bce4b3b1a40ed89fd444a","registry-grpc","grpc"]},{"ObjectType":"Container","ObjectFieldsKeys":["Reason For Compliance","Namespace","Pod Name","Container Name","Container Port"],"ObjectFieldsValues":["ContainerPort follows the partner naming conventions","test","address-space-controller-56c797f9ff-8g8xm","address-space-controller","http"]},{"ObjectType":"Container","ObjectFieldsKeys":["Reason For Compliance","Namespace","Pod Name","Container Name","Container Port"],"ObjectFieldsValues":["ContainerPort follows the partner naming conventions","test","e655933a7fab3ac3aa88eb5e4ca9ac3a71b98875ef1ef5bc49e87284f160ff8","registry-grpc","grpc"]}],"NonCompliantObjectsOut":[{"ObjectType":"Container","ObjectFieldsKeys":["Reason For Non Compliance","Namespace","Pod Name","Container Name","Container Port"],"ObjectFieldsValues":["ContainerPort does not follow the partner naming conventions","test","csi-rbdplugin-5h7hl","csi-addons",""]},{"ObjectType":"Container","ObjectFieldsKeys":["Reason For Non Compliance","Namespace","Pod Name","Container Name","Container Port"],"ObjectFieldsValues":["ContainerPort does not follow the partner naming conventions","test","csi-rbdplugin-9fnkm","csi-addons",""]},{"ObjectType":"Container","ObjectFieldsKeys":["Reason For Non Compliance","Namespace","Pod Name","Container Name","Container Port"],"ObjectFieldsValues":["ContainerPort does not follow the partner naming conventions","test","csi-rbdplugin-dh846","csi-addons",""]},{"ObjectType":"Container","ObjectFieldsKeys":["Reason For Non Compliance","Namespace","Pod Name","Container Name","Container Port"],"ObjectFieldsValues":["ContainerPort does not follow the partner naming conventions","test","devworkspace-webhook-server-85d9f8bbfc-cj6z5","kube-rbac-proxy","metrics"]},{"ObjectType":"Container","ObjectFieldsKeys":["Reason For Non Compliance","Namespace","Pod Name","Container Name","Container Port"],"ObjectFieldsValues":["ContainerPort does not follow the partner naming conventions","test","devworkspace-webhook-server-85d9f8bbfc-cj6z5","webhook-server","webhook-server"]},{"ObjectType":"Container","ObjectFieldsKeys":["Reason For Non Compliance","Namespace","Pod Name","Container Name","Container Port"],"ObjectFieldsValues":["ContainerPort does not follow the partner naming conventions","test","devworkspace-webhook-server-85d9f8bbfc-cj6z5","webhook-server","liveness-port"]},{"ObjectType":"Container","ObjectFieldsKeys":["Reason For Non Compliance","Namespace","Pod Name","Container Name","Container Port"],"ObjectFieldsValues":["ContainerPort does not follow the partner naming conventions","test","security-profiles-operator-webhook-d844fd745-2vvs5","security-profiles-operator","webhook"]},{"ObjectType":"Container","ObjectFieldsKeys":["Reason For Non Compliance","Namespace","Pod Name","Container Name","Container Port"],"ObjectFieldsValues":["ContainerPort does not follow the partner naming conventions","test","security-profiles-operator-webhook-d844fd745-6ngkl","security-profiles-operator","webhook"]},{"ObjectType":"Container","ObjectFieldsKeys":["Reason For Non Compliance","Namespace","Pod Name","Container Name","Container Port"],"ObjectFieldsValues":["ContainerPort does not follow the partner naming conventions","test","security-profiles-operator-webhook-d844fd745-hvr8w","security-profiles-operator","webhook"]},{"ObjectType":"Container","ObjectFieldsKeys":["Reason For Non Compliance","Namespace","Pod Name","Container Name","Container Port"],"ObjectFieldsValues":["ContainerPort does not follow the partner naming conventions","test","self-node-remediation-controller-manager-75cc45b9b4-gl92f","manager","webhook-server"]},{"ObjectType":"Container","ObjectFieldsKeys":["Reason For Non Compliance","Namespace","Pod Name","Container Name","Container Port"],"ObjectFieldsValues":["ContainerPort does not follow the partner naming conventions","test","self-node-remediation-ds-2h42m","manager","self-n-r-port"]},{"ObjectType":"Container","ObjectFieldsKeys":["Reason For Non Compliance","Namespace","Pod Name","Container Name","Container Port"],"ObjectFieldsValues":["ContainerPort does not follow the partner naming conventions","test","self-node-remediation-ds-d7w7z","manager","self-n-r-port"]},{"ObjectType":"Container","ObjectFieldsKeys":["Reason For Non Compliance","Namespace","Pod Name","Container Name","Container Port"],"ObjectFieldsValues":["ContainerPort does not follow the partner naming conventions","test","self-node-remediation-ds-dn578","manager","self-n-r-port"]},{"ObjectType":"Container","ObjectFieldsKeys":["Reason For Non Compliance","Namespace","Pod Name","Container Name","Container Port"],"ObjectFieldsValues":["ContainerPort does not follow the partner naming conventions","test","self-node-remediation-ds-ljrjl","manager","self-n-r-port"]},{"ObjectType":"Container","ObjectFieldsKeys":["Reason For Non Compliance","Namespace","Pod Name","Container Name","Container Port"],"ObjectFieldsValues":["ContainerPort does not follow the partner naming conventions","test","self-node-remediation-ds-nq5rj","manager","self-n-r-port"]},{"ObjectType":"Container","ObjectFieldsKeys":["Reason For Non Compliance","Namespace","Pod Name","Container Name","Container Port"],"ObjectFieldsValues":["ContainerPort does not follow the partner naming conventions","test","self-node-remediation-ds-vzv4c","manager","self-n-r-port"]}]}
  [38;5;9m[FAILED][0m in [It] - /usr/tnf/tnf-src/pkg/testhelper/testhelper.go:358 [38;5;243m@ 08/24/23 17:46:41.382[0m
[38;5;9m• [FAILED] [0.001 seconds][0m
[0mmanageability [38;5;9m[1m[It] manageability-container-port-name-format[0m [38;5;204m[extended, manageability-container-port-name-format, manageability][0m
[38;5;243m/usr/tnf/tnf-src/cnf-certification-test/manageability/suite.go:48[0m

  [38;5;9m[FAILED] {"CompliantObjectsOut":[{"ObjectType":"Container","ObjectFieldsKeys":["Reason For Compliance","Namespace","Pod Name","Container Name","Container Port"],"ObjectFieldsValues":["ContainerPort follows the partner naming conventions","test","1d9ecea6bd177d0eecc89426d7658502fcab44c3e2bce4b3b1a40ed89fd444a","registry-grpc","grpc"]},{"ObjectType":"Container","ObjectFieldsKeys":["Reason For Compliance","Namespace","Pod Name","Container Name","Container Port"],"ObjectFieldsValues":["ContainerPort follows the partner naming conventions","test","address-space-controller-56c797f9ff-8g8xm","address-space-controller","http"]},{"ObjectType":"Container","ObjectFieldsKeys":["Reason For Compliance","Namespace","Pod Name","Container Name","Container Port"],"ObjectFieldsValues":["ContainerPort follows the partner naming conventions","test","e655933a7fab3ac3aa88eb5e4ca9ac3a71b98875ef1ef5bc49e87284f160ff8","registry-grpc","grpc"]}],"NonCompliantObjectsOut":[{"ObjectType":"Container","ObjectFieldsKeys":["Reason For Non Compliance","Namespace","Pod Name","Container Name","Container Port"],"ObjectFieldsValues":["ContainerPort does not follow the partner naming conventions","test","csi-rbdplugin-5h7hl","csi-addons",""]},{"ObjectType":"Container","ObjectFieldsKeys":["Reason For Non Compliance","Namespace","Pod Name","Container Name","Container Port"],"ObjectFieldsValues":["ContainerPort does not follow the partner naming conventions","test","csi-rbdplugin-9fnkm","csi-addons",""]},{"ObjectType":"Container","ObjectFieldsKeys":["Reason For Non Compliance","Namespace","Pod Name","Container Name","Container Port"],"ObjectFieldsValues":["ContainerPort does not follow the partner naming conventions","test","csi-rbdplugin-dh846","csi-addons",""]},{"ObjectType":"Container","ObjectFieldsKeys":["Reason For Non Compliance","Namespace","Pod Name","Container Name","Container Port"],"ObjectFieldsValues":["ContainerPort does not follow the partner naming conventions","test","devworkspace-webhook-server-85d9f8bbfc-cj6z5","kube-rbac-proxy","metrics"]},{"ObjectType":"Container","ObjectFieldsKeys":["Reason For Non Compliance","Namespace","Pod Name","Container Name","Container Port"],"ObjectFieldsValues":["ContainerPort does not follow the partner naming conventions","test","devworkspace-webhook-server-85d9f8bbfc-cj6z5","webhook-server","webhook-server"]},{"ObjectType":"Container","ObjectFieldsKeys":["Reason For Non Compliance","Namespace","Pod Name","Container Name","Container Port"],"ObjectFieldsValues":["ContainerPort does not follow the partner naming conventions","test","devworkspace-webhook-server-85d9f8bbfc-cj6z5","webhook-server","liveness-port"]},{"ObjectType":"Container","ObjectFieldsKeys":["Reason For Non Compliance","Namespace","Pod Name","Container Name","Container Port"],"ObjectFieldsValues":["ContainerPort does not follow the partner naming conventions","test","security-profiles-operator-webhook-d844fd745-2vvs5","security-profiles-operator","webhook"]},{"ObjectType":"Container","ObjectFieldsKeys":["Reason For Non Compliance","Namespace","Pod Name","Container Name","Container Port"],"ObjectFieldsValues":["ContainerPort does not follow the partner naming conventions","test","security-profiles-operator-webhook-d844fd745-6ngkl","security-profiles-operator","webhook"]},{"ObjectType":"Container","ObjectFieldsKeys":["Reason For Non Compliance","Namespace","Pod Name","Container Name","Container Port"],"ObjectFieldsValues":["ContainerPort does not follow the partner naming conventions","test","security-profiles-operator-webhook-d844fd745-hvr8w","security-profiles-operator","webhook"]},{"ObjectType":"Container","ObjectFieldsKeys":["Reason For Non Compliance","Namespace","Pod Name","Container Name","Container Port"],"ObjectFieldsValues":["ContainerPort does not follow the partner naming conventions","test","self-node-remediation-controller-manager-75cc45b9b4-gl92f","manager","webhook-server"]},{"ObjectType":"Container","ObjectFieldsKeys":["Reason For Non Compliance","Namespace","Pod Name","Container Name","Container Port"],"ObjectFieldsValues":["ContainerPort does not follow the partner naming conventions","test","self-node-remediation-ds-2h42m","manager","self-n-r-port"]},{"ObjectType":"Container","ObjectFieldsKeys":["Reason For Non Compliance","Namespace","Pod Name","Container Name","Container Port"],"ObjectFieldsValues":["ContainerPort does not follow the partner naming conventions","test","self-node-remediation-ds-d7w7z","manager","self-n-r-port"]},{"ObjectType":"Container","ObjectFieldsKeys":["Reason For Non Compliance","Namespace","Pod Name","Container Name","Container Port"],"ObjectFieldsValues":["ContainerPort does not follow the partner naming conventions","test","self-node-remediation-ds-dn578","manager","self-n-r-port"]},{"ObjectType":"Container","ObjectFieldsKeys":["Reason For Non Compliance","Namespace","Pod Name","Container Name","Container Port"],"ObjectFieldsValues":["ContainerPort does not follow the partner naming conventions","test","self-node-remediation-ds-ljrjl","manager","self-n-r-port"]},{"ObjectType":"Container","ObjectFieldsKeys":["Reason For Non Compliance","Namespace","Pod Name","Container Name","Container Port"],"ObjectFieldsValues":["ContainerPort does not follow the partner naming conventions","test","self-node-remediation-ds-nq5rj","manager","self-n-r-port"]},{"ObjectType":"Container","ObjectFieldsKeys":["Reason For Non Compliance","Namespace","Pod Name","Container Name","Container Port"],"ObjectFieldsValues":["ContainerPort does not follow the partner naming conventions","test","self-node-remediation-ds-vzv4c","manager","self-n-r-port"]}]}[0m
  [38;5;9mIn [1m[It][0m[38;5;9m at: [1m/usr/tnf/tnf-src/pkg/testhelper/testhelper.go:358[0m [38;5;243m@ 08/24/23 17:46:41.382[0m
[38;5;243m------------------------------[0m
[0moperator [0m[1moperator-install-status-succeeded[0m [38;5;204m[common, operator-install-status-succeeded, operator][0m
[38;5;243m/usr/tnf/tnf-src/cnf-certification-test/operator/suite.go:44[0m
[31mFATAL  [0m[Aug 24 17:51:42.047][phasecheck.go: 50] Timeout waiting for operator csv: ibm-block-csi-operator.v1.11.1 ns: test to be ready 
