time="2023-08-23T20:53:08Z" level=info msg="Saving environment variables & parameters."
time="2023-08-23T20:53:08Z" level=info msg="Environment: {Home:/root Kubeconfig:/usr/tnf/kubeconfig/config ConfigurationPath:/usr/tnf/config/tnf_config.yml NonIntrusiveOnly:false LogLevel:info OfflineDB:/usr/offline-db AllowPreflightInsecure:false PfltDockerconfig:/usr/tnf/dockercfg/config.json IncludeWebFilesInOutputFolder:false OmitArtifactsZipFile:false}"
=== RUN   TestTest
[36mINFO   [0m[Aug 23 20:53:08.700][suite_test.go: 98] Log level set to: info                       
[36mINFO   [0m[Aug 23 20:53:08.702][suite_test.go: 140] TNF Version         : v4.3.4 ( 2037b43c9bccf6b00fe91797adfabcbeeeb5efdc ) 
[36mINFO   [0m[Aug 23 20:53:08.702][suite_test.go: 141] Claim Format Version: v0.1.0                 
[36mINFO   [0m[Aug 23 20:53:08.702][suite_test.go: 142] Ginkgo Version      : 2.11.0                 
[36mINFO   [0m[Aug 23 20:53:08.702][suite_test.go: 143] Labels filter       : operator, access-control, networking, affiliated-certification, lifecycle, manageability, networking, observability, platform-alteration 
[36mINFO   [0m[Aug 23 20:53:08.702][clientsholder.go: 169] Creating k8s go-clients holder.              
[36mINFO   [0m[Aug 23 20:53:09.153][utils.go: 51] Loading config from file: /usr/tnf/config/tnf_config.yml 
[33mWARNING[0m[Aug 23 20:53:09.160][utils.go: 64] No namespace configured for the debug DaemonSet. Defaulting to namespace cnf-suite 
[33mWARNING[0m[Aug 23 20:53:09.250][autodiscover.go: 110] DEPRECATED: targetPodLabels config field is about to be obsolete. Please use the new "podsUnderTestLabels" field instead. 
[33mWARNING[0m[Aug 23 20:53:09.250][autodiscover.go: 113] DEPRECATED: deprecated default operator label in use ( test-network-function.com/operator: ) is about to be obsolete. Please use the new "operatorsUnderTestLabels" field to specify operators labels instead. 
[36mINFO   [0m[Aug 23 20:53:09.251][autodiscover.go: 143] parsed pods under test labels: [{LabelKey:test-network-function.com/generic LabelValue:target}] 
[36mINFO   [0m[Aug 23 20:53:09.251][autodiscover.go: 144] parsed operators under test labels: [{LabelKey:test-network-function.com/operator LabelValue:}] 
[36mINFO   [0m[Aug 23 20:53:09.418][autodiscover_operators.go: 144] Found 2 subscriptions in the target namespaces 
[36mINFO   [0m[Aug 23 20:53:09.418][autodiscover_operators.go: 146]  Subscriptions name: fuse-console-v7-11-1-0-1681224695-p-sub (ns: test) 
[36mINFO   [0m[Aug 23 20:53:09.418][autodiscover_operators.go: 146]  Subscriptions name: self-node-remediation-stable-redhat-operators-openshift-marketplace (ns: test) 
[36mINFO   [0m[Aug 23 20:53:10.133][autodiscover_operators.go: 121] Found 72 CSVs:                               
[36mINFO   [0m[Aug 23 20:53:10.134][autodiscover_operators.go: 123]  CSV name: self-node-remediation.v0.6.1 (ns: cert-manager) 
[36mINFO   [0m[Aug 23 20:53:10.134][autodiscover_operators.go: 123]  CSV name: self-node-remediation.v0.6.1 (ns: cnf-suite) 
[36mINFO   [0m[Aug 23 20:53:10.134][autodiscover_operators.go: 123]  CSV name: self-node-remediation.v0.6.1 (ns: default) 
[36mINFO   [0m[Aug 23 20:53:10.134][autodiscover_operators.go: 123]  CSV name: self-node-remediation.v0.6.1 (ns: kube-node-lease) 
[36mINFO   [0m[Aug 23 20:53:10.134][autodiscover_operators.go: 123]  CSV name: self-node-remediation.v0.6.1 (ns: kube-public) 
[36mINFO   [0m[Aug 23 20:53:10.134][autodiscover_operators.go: 123]  CSV name: self-node-remediation.v0.6.1 (ns: kube-system) 
[36mINFO   [0m[Aug 23 20:53:10.134][autodiscover_operators.go: 123]  CSV name: self-node-remediation.v0.6.1 (ns: openshift-apiserver-operator) 
[36mINFO   [0m[Aug 23 20:53:10.134][autodiscover_operators.go: 123]  CSV name: self-node-remediation.v0.6.1 (ns: openshift-apiserver) 
[36mINFO   [0m[Aug 23 20:53:10.134][autodiscover_operators.go: 123]  CSV name: self-node-remediation.v0.6.1 (ns: openshift-authentication-operator) 
[36mINFO   [0m[Aug 23 20:53:10.135][autodiscover_operators.go: 123]  CSV name: self-node-remediation.v0.6.1 (ns: openshift-authentication) 
[36mINFO   [0m[Aug 23 20:53:10.135][autodiscover_operators.go: 123]  CSV name: self-node-remediation.v0.6.1 (ns: openshift-cloud-controller-manager-operator) 
[36mINFO   [0m[Aug 23 20:53:10.135][autodiscover_operators.go: 123]  CSV name: self-node-remediation.v0.6.1 (ns: openshift-cloud-controller-manager) 
[36mINFO   [0m[Aug 23 20:53:10.135][autodiscover_operators.go: 123]  CSV name: self-node-remediation.v0.6.1 (ns: openshift-cloud-credential-operator) 
[36mINFO   [0m[Aug 23 20:53:10.135][autodiscover_operators.go: 123]  CSV name: self-node-remediation.v0.6.1 (ns: openshift-cloud-network-config-controller) 
[36mINFO   [0m[Aug 23 20:53:10.135][autodiscover_operators.go: 123]  CSV name: self-node-remediation.v0.6.1 (ns: openshift-cluster-csi-drivers) 
[36mINFO   [0m[Aug 23 20:53:10.135][autodiscover_operators.go: 123]  CSV name: self-node-remediation.v0.6.1 (ns: openshift-cluster-machine-approver) 
[36mINFO   [0m[Aug 23 20:53:10.135][autodiscover_operators.go: 123]  CSV name: self-node-remediation.v0.6.1 (ns: openshift-cluster-node-tuning-operator) 
[36mINFO   [0m[Aug 23 20:53:10.135][autodiscover_operators.go: 123]  CSV name: self-node-remediation.v0.6.1 (ns: openshift-cluster-samples-operator) 
[36mINFO   [0m[Aug 23 20:53:10.135][autodiscover_operators.go: 123]  CSV name: self-node-remediation.v0.6.1 (ns: openshift-cluster-storage-operator) 
[36mINFO   [0m[Aug 23 20:53:10.135][autodiscover_operators.go: 123]  CSV name: self-node-remediation.v0.6.1 (ns: openshift-cluster-version) 
[36mINFO   [0m[Aug 23 20:53:10.135][autodiscover_operators.go: 123]  CSV name: self-node-remediation.v0.6.1 (ns: openshift-config-managed) 
[36mINFO   [0m[Aug 23 20:53:10.135][autodiscover_operators.go: 123]  CSV name: self-node-remediation.v0.6.1 (ns: openshift-config-operator) 
[36mINFO   [0m[Aug 23 20:53:10.135][autodiscover_operators.go: 123]  CSV name: self-node-remediation.v0.6.1 (ns: openshift-config) 
[36mINFO   [0m[Aug 23 20:53:10.135][autodiscover_operators.go: 123]  CSV name: self-node-remediation.v0.6.1 (ns: openshift-console-operator) 
[36mINFO   [0m[Aug 23 20:53:10.135][autodiscover_operators.go: 123]  CSV name: self-node-remediation.v0.6.1 (ns: openshift-console-user-settings) 
[36mINFO   [0m[Aug 23 20:53:10.135][autodiscover_operators.go: 123]  CSV name: self-node-remediation.v0.6.1 (ns: openshift-console) 
[36mINFO   [0m[Aug 23 20:53:10.136][autodiscover_operators.go: 123]  CSV name: self-node-remediation.v0.6.1 (ns: openshift-controller-manager-operator) 
[36mINFO   [0m[Aug 23 20:53:10.136][autodiscover_operators.go: 123]  CSV name: self-node-remediation.v0.6.1 (ns: openshift-controller-manager) 
[36mINFO   [0m[Aug 23 20:53:10.136][autodiscover_operators.go: 123]  CSV name: self-node-remediation.v0.6.1 (ns: openshift-dns-operator) 
[36mINFO   [0m[Aug 23 20:53:10.136][autodiscover_operators.go: 123]  CSV name: self-node-remediation.v0.6.1 (ns: openshift-dns) 
[36mINFO   [0m[Aug 23 20:53:10.136][autodiscover_operators.go: 123]  CSV name: self-node-remediation.v0.6.1 (ns: openshift-etcd-operator) 
[36mINFO   [0m[Aug 23 20:53:10.136][autodiscover_operators.go: 123]  CSV name: self-node-remediation.v0.6.1 (ns: openshift-etcd) 
[36mINFO   [0m[Aug 23 20:53:10.136][autodiscover_operators.go: 123]  CSV name: self-node-remediation.v0.6.1 (ns: openshift-host-network) 
[36mINFO   [0m[Aug 23 20:53:10.136][autodiscover_operators.go: 123]  CSV name: self-node-remediation.v0.6.1 (ns: openshift-image-registry) 
[36mINFO   [0m[Aug 23 20:53:10.136][autodiscover_operators.go: 123]  CSV name: self-node-remediation.v0.6.1 (ns: openshift-infra) 
[36mINFO   [0m[Aug 23 20:53:10.136][autodiscover_operators.go: 123]  CSV name: self-node-remediation.v0.6.1 (ns: openshift-ingress-canary) 
[36mINFO   [0m[Aug 23 20:53:10.136][autodiscover_operators.go: 123]  CSV name: self-node-remediation.v0.6.1 (ns: openshift-ingress-operator) 
[36mINFO   [0m[Aug 23 20:53:10.136][autodiscover_operators.go: 123]  CSV name: self-node-remediation.v0.6.1 (ns: openshift-ingress) 
[36mINFO   [0m[Aug 23 20:53:10.136][autodiscover_operators.go: 123]  CSV name: self-node-remediation.v0.6.1 (ns: openshift-insights) 
[36mINFO   [0m[Aug 23 20:53:10.136][autodiscover_operators.go: 123]  CSV name: self-node-remediation.v0.6.1 (ns: openshift-kni-infra) 
[36mINFO   [0m[Aug 23 20:53:10.136][autodiscover_operators.go: 123]  CSV name: self-node-remediation.v0.6.1 (ns: openshift-kube-apiserver-operator) 
[36mINFO   [0m[Aug 23 20:53:10.136][autodiscover_operators.go: 123]  CSV name: self-node-remediation.v0.6.1 (ns: openshift-kube-apiserver) 
[36mINFO   [0m[Aug 23 20:53:10.136][autodiscover_operators.go: 123]  CSV name: self-node-remediation.v0.6.1 (ns: openshift-kube-controller-manager-operator) 
[36mINFO   [0m[Aug 23 20:53:10.136][autodiscover_operators.go: 123]  CSV name: self-node-remediation.v0.6.1 (ns: openshift-kube-controller-manager) 
[36mINFO   [0m[Aug 23 20:53:10.137][autodiscover_operators.go: 123]  CSV name: self-node-remediation.v0.6.1 (ns: openshift-kube-scheduler-operator) 
[36mINFO   [0m[Aug 23 20:53:10.137][autodiscover_operators.go: 123]  CSV name: self-node-remediation.v0.6.1 (ns: openshift-kube-scheduler) 
[36mINFO   [0m[Aug 23 20:53:10.137][autodiscover_operators.go: 123]  CSV name: self-node-remediation.v0.6.1 (ns: openshift-kube-storage-version-migrator-operator) 
[36mINFO   [0m[Aug 23 20:53:10.137][autodiscover_operators.go: 123]  CSV name: self-node-remediation.v0.6.1 (ns: openshift-kube-storage-version-migrator) 
[36mINFO   [0m[Aug 23 20:53:10.137][autodiscover_operators.go: 123]  CSV name: self-node-remediation.v0.6.1 (ns: openshift-machine-api) 
[36mINFO   [0m[Aug 23 20:53:10.137][autodiscover_operators.go: 123]  CSV name: self-node-remediation.v0.6.1 (ns: openshift-machine-config-operator) 
[36mINFO   [0m[Aug 23 20:53:10.137][autodiscover_operators.go: 123]  CSV name: self-node-remediation.v0.6.1 (ns: openshift-marketplace) 
[36mINFO   [0m[Aug 23 20:53:10.137][autodiscover_operators.go: 123]  CSV name: self-node-remediation.v0.6.1 (ns: openshift-monitoring) 
[36mINFO   [0m[Aug 23 20:53:10.137][autodiscover_operators.go: 123]  CSV name: self-node-remediation.v0.6.1 (ns: openshift-multus) 
[36mINFO   [0m[Aug 23 20:53:10.137][autodiscover_operators.go: 123]  CSV name: self-node-remediation.v0.6.1 (ns: openshift-network-diagnostics) 
[36mINFO   [0m[Aug 23 20:53:10.137][autodiscover_operators.go: 123]  CSV name: self-node-remediation.v0.6.1 (ns: openshift-network-operator) 
[36mINFO   [0m[Aug 23 20:53:10.137][autodiscover_operators.go: 123]  CSV name: self-node-remediation.v0.6.1 (ns: openshift-node) 
[36mINFO   [0m[Aug 23 20:53:10.137][autodiscover_operators.go: 123]  CSV name: self-node-remediation.v0.6.1 (ns: openshift-nutanix-infra) 
[36mINFO   [0m[Aug 23 20:53:10.137][autodiscover_operators.go: 123]  CSV name: self-node-remediation.v0.6.1 (ns: openshift-oauth-apiserver) 
[36mINFO   [0m[Aug 23 20:53:10.137][autodiscover_operators.go: 123]  CSV name: self-node-remediation.v0.6.1 (ns: openshift-openstack-infra) 
[36mINFO   [0m[Aug 23 20:53:10.137][autodiscover_operators.go: 123]  CSV name: packageserver (ns: openshift-operator-lifecycle-manager) 
[36mINFO   [0m[Aug 23 20:53:10.137][autodiscover_operators.go: 123]  CSV name: self-node-remediation.v0.6.1 (ns: openshift-operator-lifecycle-manager) 
[36mINFO   [0m[Aug 23 20:53:10.137][autodiscover_operators.go: 123]  CSV name: self-node-remediation.v0.6.1 (ns: openshift-operators) 
[36mINFO   [0m[Aug 23 20:53:10.137][autodiscover_operators.go: 123]  CSV name: self-node-remediation.v0.6.1 (ns: openshift-ovirt-infra) 
[36mINFO   [0m[Aug 23 20:53:10.137][autodiscover_operators.go: 123]  CSV name: self-node-remediation.v0.6.1 (ns: openshift-ovn-kubernetes) 
[36mINFO   [0m[Aug 23 20:53:10.138][autodiscover_operators.go: 123]  CSV name: self-node-remediation.v0.6.1 (ns: openshift-route-controller-manager) 
[36mINFO   [0m[Aug 23 20:53:10.138][autodiscover_operators.go: 123]  CSV name: self-node-remediation.v0.6.1 (ns: openshift-service-ca-operator) 
[36mINFO   [0m[Aug 23 20:53:10.138][autodiscover_operators.go: 123]  CSV name: self-node-remediation.v0.6.1 (ns: openshift-service-ca) 
[36mINFO   [0m[Aug 23 20:53:10.138][autodiscover_operators.go: 123]  CSV name: self-node-remediation.v0.6.1 (ns: openshift-user-workload-monitoring) 
[36mINFO   [0m[Aug 23 20:53:10.138][autodiscover_operators.go: 123]  CSV name: self-node-remediation.v0.6.1 (ns: openshift-vsphere-infra) 
[36mINFO   [0m[Aug 23 20:53:10.138][autodiscover_operators.go: 123]  CSV name: self-node-remediation.v0.6.1 (ns: openshift) 
[36mINFO   [0m[Aug 23 20:53:10.138][autodiscover_operators.go: 123]  CSV name: fuse-console.v7.11.1-0.1681224695.p (ns: test) 
[36mINFO   [0m[Aug 23 20:53:10.138][autodiscover_operators.go: 123]  CSV name: self-node-remediation.v0.6.1 (ns: test) 
[36mINFO   [0m[Aug 23 20:53:12.409][autodiscover_operators.go: 91] Found 2 CSVs:                                
[36mINFO   [0m[Aug 23 20:53:12.409][autodiscover_operators.go: 93]  CSV name: fuse-console.v7.11.1-0.1681224695.p (ns: test) 
[36mINFO   [0m[Aug 23 20:53:12.409][autodiscover_operators.go: 93]  CSV name: self-node-remediation.v0.6.1 (ns: test) 
[36mINFO   [0m[Aug 23 20:53:12.455][autodiscover_operators.go: 144] Found 2 subscriptions in the target namespaces 
[36mINFO   [0m[Aug 23 20:53:12.455][autodiscover_operators.go: 146]  Subscriptions name: fuse-console-v7-11-1-0-1681224695-p-sub (ns: test) 
[36mINFO   [0m[Aug 23 20:53:12.456][autodiscover_operators.go: 146]  Subscriptions name: self-node-remediation-stable-redhat-operators-openshift-marketplace (ns: test) 
[36mINFO   [0m[Aug 23 20:53:12.606][autodiscover.go: 257] OpenShift Version found: 4.13.4              
[33mWARNING[0m[Aug 23 20:53:12.699][autodiscover_podset.go: 87] Did not find any deployment in the configured namespaces [test] 
[33mWARNING[0m[Aug 23 20:53:12.740][autodiscover_podset.go: 106] Did not find any statefulSet in ns=test      
[33mWARNING[0m[Aug 23 20:53:12.740][autodiscover_podset.go: 120] Did not find any statefulset in the configured namespaces [test] 
[36mINFO   [0m[Aug 23 20:53:13.033][autodiscover_podset.go: 138] Cannot find any deployed HorizontalPodAutoscaler 
[36mINFO   [0m[Aug 23 20:53:13.198][operators.go: 130] Found 3 unique CSVs                          
[36mINFO   [0m[Aug 23 20:53:13.198][operators.go: 132]   CSV: packageserver                         
[36mINFO   [0m[Aug 23 20:53:13.198][operators.go: 132]   CSV: fuse-console.v7.11.1-0.1681224695.p   
[36mINFO   [0m[Aug 23 20:53:13.198][operators.go: 132]   CSV: self-node-remediation.v0.6.1          
[36mINFO   [0m[Aug 23 20:53:13.272][operators.go: 185] Getting installplans for op fuse-console.v7.11.1-0.1681224695.p (subs fuse-console-v7-11-1-0-1681224695-p-sub ns test) 
[33mWARNING[0m[Aug 23 20:53:13.273][operators.go: 183] Subscription not found for CSV: packageserver (ns openshift-operator-lifecycle-manager) 
[36mINFO   [0m[Aug 23 20:53:13.274][operators.go: 185] Getting installplans for op packageserver (subs  ns ) 
[36mINFO   [0m[Aug 23 20:53:13.317][operators.go: 185] Getting installplans for op self-node-remediation.v0.6.1 (subs self-node-remediation-stable-redhat-operators-openshift-marketplace ns test) 
[36mINFO   [0m[Aug 23 20:53:13.318][provider.go: 564] Node ip-10-0-138-139.ec2.internal - mc name: rendered-worker-5334436cadf14d4498394530f0823fa1 
[36mINFO   [0m[Aug 23 20:53:13.430][provider.go: 564] Node ip-10-0-140-127.ec2.internal - mc name: rendered-master-0d10fff9d0cba73baea526289053dfe8 
[36mINFO   [0m[Aug 23 20:53:13.498][provider.go: 564] Node ip-10-0-144-53.ec2.internal - mc name: rendered-master-0d10fff9d0cba73baea526289053dfe8 
[36mINFO   [0m[Aug 23 20:53:13.566][provider.go: 564] Node ip-10-0-146-178.ec2.internal - mc name: rendered-worker-5334436cadf14d4498394530f0823fa1 
[36mINFO   [0m[Aug 23 20:53:13.626][provider.go: 564] Node ip-10-0-171-112.ec2.internal - mc name: rendered-worker-5334436cadf14d4498394530f0823fa1 
[36mINFO   [0m[Aug 23 20:53:13.691][provider.go: 564] Node ip-10-0-173-119.ec2.internal - mc name: rendered-master-0d10fff9d0cba73baea526289053dfe8 
[31mERROR  [0m[Aug 23 20:53:13.752][pods.go: 57] Could not decode networks-status annotation, error: could not unmarshal network-status annotation 
[31mERROR  [0m[Aug 23 20:53:13.752][pods.go: 62] Could not decode networks-status annotation, error: could not unmarshal network-status annotation 
[31mERROR  [0m[Aug 23 20:53:13.752][pods.go: 57] Could not decode networks-status annotation, error: could not unmarshal network-status annotation 
[31mERROR  [0m[Aug 23 20:53:13.752][pods.go: 62] Could not decode networks-status annotation, error: could not unmarshal network-status annotation 
[31mERROR  [0m[Aug 23 20:53:13.753][pods.go: 57] Could not decode networks-status annotation, error: could not unmarshal network-status annotation 
[31mERROR  [0m[Aug 23 20:53:13.753][pods.go: 62] Could not decode networks-status annotation, error: could not unmarshal network-status annotation 
[31mERROR  [0m[Aug 23 20:53:13.755][pods.go: 57] Could not decode networks-status annotation, error: could not unmarshal network-status annotation 
[31mERROR  [0m[Aug 23 20:53:13.755][pods.go: 62] Could not decode networks-status annotation, error: could not unmarshal network-status annotation 
[31mERROR  [0m[Aug 23 20:53:13.755][pods.go: 57] Could not decode networks-status annotation, error: could not unmarshal network-status annotation 
[31mERROR  [0m[Aug 23 20:53:13.756][pods.go: 62] Could not decode networks-status annotation, error: could not unmarshal network-status annotation 
[31mERROR  [0m[Aug 23 20:53:13.756][pods.go: 57] Could not decode networks-status annotation, error: could not unmarshal network-status annotation 
[31mERROR  [0m[Aug 23 20:53:13.756][pods.go: 62] Could not decode networks-status annotation, error: could not unmarshal network-status annotation 
[33mWARNING[0m[Aug 23 20:53:13.761][provider.go: 341] container: extract pod: 29d033258a732189578b52a36842f326aad39adf4a40c42e89fcacc45fvv4fh ns: test is not ready yet. 
[33mWARNING[0m[Aug 23 20:53:13.761][provider.go: 357] container: extract pod: 29d033258a732189578b52a36842f326aad39adf4a40c42e89fcacc45fvv4fh ns: test is not running (reason: terminated - Completed, restarts 0): some test cases might fail. 
[31mERROR  [0m[Aug 23 20:53:13.762][pods.go: 57] Could not decode networks-status annotation, error: could not unmarshal network-status annotation 
[31mERROR  [0m[Aug 23 20:53:13.762][pods.go: 62] Could not decode networks-status annotation, error: could not unmarshal network-status annotation 
[33mWARNING[0m[Aug 23 20:53:13.762][provider.go: 341] container: kube-rbac-proxy pod: aws-load-balancer-operator-controller-manager-7b68856b6-2259m ns: test is not ready yet. 
[33mWARNING[0m[Aug 23 20:53:13.762][provider.go: 357] container: kube-rbac-proxy pod: aws-load-balancer-operator-controller-manager-7b68856b6-2259m ns: test is not running (reason: waiting - ContainerCreating, restarts 0): some test cases might fail. 
[33mWARNING[0m[Aug 23 20:53:13.762][provider.go: 341] container: manager pod: aws-load-balancer-operator-controller-manager-7b68856b6-2259m ns: test is not ready yet. 
[33mWARNING[0m[Aug 23 20:53:13.762][provider.go: 357] container: manager pod: aws-load-balancer-operator-controller-manager-7b68856b6-2259m ns: test is not running (reason: waiting - ContainerCreating, restarts 0): some test cases might fail. 
[31mERROR  [0m[Aug 23 20:53:13.762][pods.go: 57] Could not decode networks-status annotation, error: could not unmarshal network-status annotation 
[31mERROR  [0m[Aug 23 20:53:13.762][pods.go: 62] Could not decode networks-status annotation, error: could not unmarshal network-status annotation 
[31mERROR  [0m[Aug 23 20:53:13.763][pods.go: 57] Could not decode networks-status annotation, error: could not unmarshal network-status annotation 
[31mERROR  [0m[Aug 23 20:53:13.763][pods.go: 62] Could not decode networks-status annotation, error: could not unmarshal network-status annotation 
[31mERROR  [0m[Aug 23 20:53:13.763][pods.go: 57] Could not decode networks-status annotation, error: could not unmarshal network-status annotation 
[31mERROR  [0m[Aug 23 20:53:13.763][pods.go: 62] Could not decode networks-status annotation, error: could not unmarshal network-status annotation 
[31mERROR  [0m[Aug 23 20:53:13.764][pods.go: 57] Could not decode networks-status annotation, error: could not unmarshal network-status annotation 
[31mERROR  [0m[Aug 23 20:53:13.764][pods.go: 62] Could not decode networks-status annotation, error: could not unmarshal network-status annotation 
[31mERROR  [0m[Aug 23 20:53:13.764][pods.go: 57] Could not decode networks-status annotation, error: could not unmarshal network-status annotation 
[31mERROR  [0m[Aug 23 20:53:13.764][pods.go: 62] Could not decode networks-status annotation, error: could not unmarshal network-status annotation 
[31mERROR  [0m[Aug 23 20:53:13.764][pods.go: 57] Could not decode networks-status annotation, error: could not unmarshal network-status annotation 
[31mERROR  [0m[Aug 23 20:53:13.765][pods.go: 62] Could not decode networks-status annotation, error: could not unmarshal network-status annotation 
[36mINFO   [0m[Aug 23 20:53:13.768][operators.go: 130] Found 2 unique CSVs                          
[36mINFO   [0m[Aug 23 20:53:13.768][operators.go: 132]   CSV: fuse-console.v7.11.1-0.1681224695.p   
[36mINFO   [0m[Aug 23 20:53:13.768][operators.go: 132]   CSV: self-node-remediation.v0.6.1          
[36mINFO   [0m[Aug 23 20:53:13.804][operators.go: 185] Getting installplans for op fuse-console.v7.11.1-0.1681224695.p (subs fuse-console-v7-11-1-0-1681224695-p-sub ns test) 
[36mINFO   [0m[Aug 23 20:53:13.835][operators.go: 185] Getting installplans for op self-node-remediation.v0.6.1 (subs self-node-remediation-stable-redhat-operators-openshift-marketplace ns test) 
[36mINFO   [0m[Aug 23 20:53:13.835][provider.go: 290] Operators found: 2                           
[36mINFO   [0m[Aug 23 20:53:13.836][provider.go: 302] Completed the test environment build process in 4.68 seconds 
[33mWARNING[0m[Aug 23 20:53:24.233][autodiscover.go: 110] DEPRECATED: targetPodLabels config field is about to be obsolete. Please use the new "podsUnderTestLabels" field instead. 
[33mWARNING[0m[Aug 23 20:53:24.233][autodiscover.go: 113] DEPRECATED: deprecated default operator label in use ( test-network-function.com/operator: ) is about to be obsolete. Please use the new "operatorsUnderTestLabels" field to specify operators labels instead. 
[36mINFO   [0m[Aug 23 20:53:24.233][autodiscover.go: 143] parsed pods under test labels: [{LabelKey:test-network-function.com/generic LabelValue:target}] 
[36mINFO   [0m[Aug 23 20:53:24.233][autodiscover.go: 144] parsed operators under test labels: [{LabelKey:test-network-function.com/operator LabelValue:}] 
[36mINFO   [0m[Aug 23 20:53:24.359][autodiscover_operators.go: 144] Found 2 subscriptions in the target namespaces 
[36mINFO   [0m[Aug 23 20:53:24.359][autodiscover_operators.go: 146]  Subscriptions name: fuse-console-v7-11-1-0-1681224695-p-sub (ns: test) 
[36mINFO   [0m[Aug 23 20:53:24.359][autodiscover_operators.go: 146]  Subscriptions name: self-node-remediation-stable-redhat-operators-openshift-marketplace (ns: test) 
[36mINFO   [0m[Aug 23 20:53:25.092][autodiscover_operators.go: 121] Found 72 CSVs:                               
[36mINFO   [0m[Aug 23 20:53:25.093][autodiscover_operators.go: 123]  CSV name: self-node-remediation.v0.6.1 (ns: cert-manager) 
[36mINFO   [0m[Aug 23 20:53:25.093][autodiscover_operators.go: 123]  CSV name: self-node-remediation.v0.6.1 (ns: cnf-suite) 
[36mINFO   [0m[Aug 23 20:53:25.093][autodiscover_operators.go: 123]  CSV name: self-node-remediation.v0.6.1 (ns: default) 
[36mINFO   [0m[Aug 23 20:53:25.093][autodiscover_operators.go: 123]  CSV name: self-node-remediation.v0.6.1 (ns: kube-node-lease) 
[36mINFO   [0m[Aug 23 20:53:25.093][autodiscover_operators.go: 123]  CSV name: self-node-remediation.v0.6.1 (ns: kube-public) 
[36mINFO   [0m[Aug 23 20:53:25.093][autodiscover_operators.go: 123]  CSV name: self-node-remediation.v0.6.1 (ns: kube-system) 
[36mINFO   [0m[Aug 23 20:53:25.093][autodiscover_operators.go: 123]  CSV name: self-node-remediation.v0.6.1 (ns: openshift-apiserver-operator) 
[36mINFO   [0m[Aug 23 20:53:25.093][autodiscover_operators.go: 123]  CSV name: self-node-remediation.v0.6.1 (ns: openshift-apiserver) 
[36mINFO   [0m[Aug 23 20:53:25.093][autodiscover_operators.go: 123]  CSV name: self-node-remediation.v0.6.1 (ns: openshift-authentication-operator) 
[36mINFO   [0m[Aug 23 20:53:25.093][autodiscover_operators.go: 123]  CSV name: self-node-remediation.v0.6.1 (ns: openshift-authentication) 
[36mINFO   [0m[Aug 23 20:53:25.093][autodiscover_operators.go: 123]  CSV name: self-node-remediation.v0.6.1 (ns: openshift-cloud-controller-manager-operator) 
[36mINFO   [0m[Aug 23 20:53:25.093][autodiscover_operators.go: 123]  CSV name: self-node-remediation.v0.6.1 (ns: openshift-cloud-controller-manager) 
[36mINFO   [0m[Aug 23 20:53:25.093][autodiscover_operators.go: 123]  CSV name: self-node-remediation.v0.6.1 (ns: openshift-cloud-credential-operator) 
[36mINFO   [0m[Aug 23 20:53:25.093][autodiscover_operators.go: 123]  CSV name: self-node-remediation.v0.6.1 (ns: openshift-cloud-network-config-controller) 
[36mINFO   [0m[Aug 23 20:53:25.093][autodiscover_operators.go: 123]  CSV name: self-node-remediation.v0.6.1 (ns: openshift-cluster-csi-drivers) 
[36mINFO   [0m[Aug 23 20:53:25.093][autodiscover_operators.go: 123]  CSV name: self-node-remediation.v0.6.1 (ns: openshift-cluster-machine-approver) 
[36mINFO   [0m[Aug 23 20:53:25.093][autodiscover_operators.go: 123]  CSV name: self-node-remediation.v0.6.1 (ns: openshift-cluster-node-tuning-operator) 
[36mINFO   [0m[Aug 23 20:53:25.093][autodiscover_operators.go: 123]  CSV name: self-node-remediation.v0.6.1 (ns: openshift-cluster-samples-operator) 
[36mINFO   [0m[Aug 23 20:53:25.094][autodiscover_operators.go: 123]  CSV name: self-node-remediation.v0.6.1 (ns: openshift-cluster-storage-operator) 
[36mINFO   [0m[Aug 23 20:53:25.094][autodiscover_operators.go: 123]  CSV name: self-node-remediation.v0.6.1 (ns: openshift-cluster-version) 
[36mINFO   [0m[Aug 23 20:53:25.094][autodiscover_operators.go: 123]  CSV name: self-node-remediation.v0.6.1 (ns: openshift-config-managed) 
[36mINFO   [0m[Aug 23 20:53:25.094][autodiscover_operators.go: 123]  CSV name: self-node-remediation.v0.6.1 (ns: openshift-config-operator) 
[36mINFO   [0m[Aug 23 20:53:25.094][autodiscover_operators.go: 123]  CSV name: self-node-remediation.v0.6.1 (ns: openshift-config) 
[36mINFO   [0m[Aug 23 20:53:25.094][autodiscover_operators.go: 123]  CSV name: self-node-remediation.v0.6.1 (ns: openshift-console-operator) 
[36mINFO   [0m[Aug 23 20:53:25.094][autodiscover_operators.go: 123]  CSV name: self-node-remediation.v0.6.1 (ns: openshift-console-user-settings) 
[36mINFO   [0m[Aug 23 20:53:25.094][autodiscover_operators.go: 123]  CSV name: self-node-remediation.v0.6.1 (ns: openshift-console) 
[36mINFO   [0m[Aug 23 20:53:25.094][autodiscover_operators.go: 123]  CSV name: self-node-remediation.v0.6.1 (ns: openshift-controller-manager-operator) 
[36mINFO   [0m[Aug 23 20:53:25.094][autodiscover_operators.go: 123]  CSV name: self-node-remediation.v0.6.1 (ns: openshift-controller-manager) 
[36mINFO   [0m[Aug 23 20:53:25.094][autodiscover_operators.go: 123]  CSV name: self-node-remediation.v0.6.1 (ns: openshift-dns-operator) 
[36mINFO   [0m[Aug 23 20:53:25.094][autodiscover_operators.go: 123]  CSV name: self-node-remediation.v0.6.1 (ns: openshift-dns) 
[36mINFO   [0m[Aug 23 20:53:25.094][autodiscover_operators.go: 123]  CSV name: self-node-remediation.v0.6.1 (ns: openshift-etcd-operator) 
[36mINFO   [0m[Aug 23 20:53:25.094][autodiscover_operators.go: 123]  CSV name: self-node-remediation.v0.6.1 (ns: openshift-etcd) 
[36mINFO   [0m[Aug 23 20:53:25.094][autodiscover_operators.go: 123]  CSV name: self-node-remediation.v0.6.1 (ns: openshift-host-network) 
[36mINFO   [0m[Aug 23 20:53:25.094][autodiscover_operators.go: 123]  CSV name: self-node-remediation.v0.6.1 (ns: openshift-image-registry) 
[36mINFO   [0m[Aug 23 20:53:25.094][autodiscover_operators.go: 123]  CSV name: self-node-remediation.v0.6.1 (ns: openshift-infra) 
[36mINFO   [0m[Aug 23 20:53:25.094][autodiscover_operators.go: 123]  CSV name: self-node-remediation.v0.6.1 (ns: openshift-ingress-canary) 
[36mINFO   [0m[Aug 23 20:53:25.095][autodiscover_operators.go: 123]  CSV name: self-node-remediation.v0.6.1 (ns: openshift-ingress-operator) 
[36mINFO   [0m[Aug 23 20:53:25.095][autodiscover_operators.go: 123]  CSV name: self-node-remediation.v0.6.1 (ns: openshift-ingress) 
[36mINFO   [0m[Aug 23 20:53:25.095][autodiscover_operators.go: 123]  CSV name: self-node-remediation.v0.6.1 (ns: openshift-insights) 
[36mINFO   [0m[Aug 23 20:53:25.095][autodiscover_operators.go: 123]  CSV name: self-node-remediation.v0.6.1 (ns: openshift-kni-infra) 
[36mINFO   [0m[Aug 23 20:53:25.095][autodiscover_operators.go: 123]  CSV name: self-node-remediation.v0.6.1 (ns: openshift-kube-apiserver-operator) 
[36mINFO   [0m[Aug 23 20:53:25.095][autodiscover_operators.go: 123]  CSV name: self-node-remediation.v0.6.1 (ns: openshift-kube-apiserver) 
[36mINFO   [0m[Aug 23 20:53:25.095][autodiscover_operators.go: 123]  CSV name: self-node-remediation.v0.6.1 (ns: openshift-kube-controller-manager-operator) 
[36mINFO   [0m[Aug 23 20:53:25.095][autodiscover_operators.go: 123]  CSV name: self-node-remediation.v0.6.1 (ns: openshift-kube-controller-manager) 
[36mINFO   [0m[Aug 23 20:53:25.095][autodiscover_operators.go: 123]  CSV name: self-node-remediation.v0.6.1 (ns: openshift-kube-scheduler-operator) 
[36mINFO   [0m[Aug 23 20:53:25.095][autodiscover_operators.go: 123]  CSV name: self-node-remediation.v0.6.1 (ns: openshift-kube-scheduler) 
[36mINFO   [0m[Aug 23 20:53:25.095][autodiscover_operators.go: 123]  CSV name: self-node-remediation.v0.6.1 (ns: openshift-kube-storage-version-migrator-operator) 
[36mINFO   [0m[Aug 23 20:53:25.095][autodiscover_operators.go: 123]  CSV name: self-node-remediation.v0.6.1 (ns: openshift-kube-storage-version-migrator) 
[36mINFO   [0m[Aug 23 20:53:25.095][autodiscover_operators.go: 123]  CSV name: self-node-remediation.v0.6.1 (ns: openshift-machine-api) 
[36mINFO   [0m[Aug 23 20:53:25.095][autodiscover_operators.go: 123]  CSV name: self-node-remediation.v0.6.1 (ns: openshift-machine-config-operator) 
[36mINFO   [0m[Aug 23 20:53:25.095][autodiscover_operators.go: 123]  CSV name: self-node-remediation.v0.6.1 (ns: openshift-marketplace) 
[36mINFO   [0m[Aug 23 20:53:25.095][autodiscover_operators.go: 123]  CSV name: self-node-remediation.v0.6.1 (ns: openshift-monitoring) 
[36mINFO   [0m[Aug 23 20:53:25.096][autodiscover_operators.go: 123]  CSV name: self-node-remediation.v0.6.1 (ns: openshift-multus) 
[36mINFO   [0m[Aug 23 20:53:25.096][autodiscover_operators.go: 123]  CSV name: self-node-remediation.v0.6.1 (ns: openshift-network-diagnostics) 
[36mINFO   [0m[Aug 23 20:53:25.096][autodiscover_operators.go: 123]  CSV name: self-node-remediation.v0.6.1 (ns: openshift-network-operator) 
[36mINFO   [0m[Aug 23 20:53:25.096][autodiscover_operators.go: 123]  CSV name: self-node-remediation.v0.6.1 (ns: openshift-node) 
[36mINFO   [0m[Aug 23 20:53:25.096][autodiscover_operators.go: 123]  CSV name: self-node-remediation.v0.6.1 (ns: openshift-nutanix-infra) 
[36mINFO   [0m[Aug 23 20:53:25.096][autodiscover_operators.go: 123]  CSV name: self-node-remediation.v0.6.1 (ns: openshift-oauth-apiserver) 
[36mINFO   [0m[Aug 23 20:53:25.096][autodiscover_operators.go: 123]  CSV name: self-node-remediation.v0.6.1 (ns: openshift-openstack-infra) 
[36mINFO   [0m[Aug 23 20:53:25.096][autodiscover_operators.go: 123]  CSV name: packageserver (ns: openshift-operator-lifecycle-manager) 
[36mINFO   [0m[Aug 23 20:53:25.096][autodiscover_operators.go: 123]  CSV name: self-node-remediation.v0.6.1 (ns: openshift-operator-lifecycle-manager) 
[36mINFO   [0m[Aug 23 20:53:25.096][autodiscover_operators.go: 123]  CSV name: self-node-remediation.v0.6.1 (ns: openshift-operators) 
[36mINFO   [0m[Aug 23 20:53:25.096][autodiscover_operators.go: 123]  CSV name: self-node-remediation.v0.6.1 (ns: openshift-ovirt-infra) 
[36mINFO   [0m[Aug 23 20:53:25.096][autodiscover_operators.go: 123]  CSV name: self-node-remediation.v0.6.1 (ns: openshift-ovn-kubernetes) 
[36mINFO   [0m[Aug 23 20:53:25.096][autodiscover_operators.go: 123]  CSV name: self-node-remediation.v0.6.1 (ns: openshift-route-controller-manager) 
[36mINFO   [0m[Aug 23 20:53:25.096][autodiscover_operators.go: 123]  CSV name: self-node-remediation.v0.6.1 (ns: openshift-service-ca-operator) 
[36mINFO   [0m[Aug 23 20:53:25.096][autodiscover_operators.go: 123]  CSV name: self-node-remediation.v0.6.1 (ns: openshift-service-ca) 
[36mINFO   [0m[Aug 23 20:53:25.096][autodiscover_operators.go: 123]  CSV name: self-node-remediation.v0.6.1 (ns: openshift-user-workload-monitoring) 
[36mINFO   [0m[Aug 23 20:53:25.097][autodiscover_operators.go: 123]  CSV name: self-node-remediation.v0.6.1 (ns: openshift-vsphere-infra) 
[36mINFO   [0m[Aug 23 20:53:25.097][autodiscover_operators.go: 123]  CSV name: self-node-remediation.v0.6.1 (ns: openshift) 
[36mINFO   [0m[Aug 23 20:53:25.097][autodiscover_operators.go: 123]  CSV name: fuse-console.v7.11.1-0.1681224695.p (ns: test) 
[36mINFO   [0m[Aug 23 20:53:25.097][autodiscover_operators.go: 123]  CSV name: self-node-remediation.v0.6.1 (ns: test) 
[36mINFO   [0m[Aug 23 20:53:27.130][autodiscover_operators.go: 91] Found 2 CSVs:                                
[36mINFO   [0m[Aug 23 20:53:27.130][autodiscover_operators.go: 93]  CSV name: fuse-console.v7.11.1-0.1681224695.p (ns: test) 
[36mINFO   [0m[Aug 23 20:53:27.130][autodiscover_operators.go: 93]  CSV name: self-node-remediation.v0.6.1 (ns: test) 
[36mINFO   [0m[Aug 23 20:53:27.175][autodiscover_operators.go: 144] Found 2 subscriptions in the target namespaces 
[36mINFO   [0m[Aug 23 20:53:27.175][autodiscover_operators.go: 146]  Subscriptions name: fuse-console-v7-11-1-0-1681224695-p-sub (ns: test) 
[36mINFO   [0m[Aug 23 20:53:27.175][autodiscover_operators.go: 146]  Subscriptions name: self-node-remediation-stable-redhat-operators-openshift-marketplace (ns: test) 
[36mINFO   [0m[Aug 23 20:53:27.320][autodiscover.go: 257] OpenShift Version found: 4.13.4              
[33mWARNING[0m[Aug 23 20:53:27.418][autodiscover_podset.go: 87] Did not find any deployment in the configured namespaces [test] 
[33mWARNING[0m[Aug 23 20:53:27.456][autodiscover_podset.go: 106] Did not find any statefulSet in ns=test      
[33mWARNING[0m[Aug 23 20:53:27.456][autodiscover_podset.go: 120] Did not find any statefulset in the configured namespaces [test] 
[36mINFO   [0m[Aug 23 20:53:27.756][autodiscover_podset.go: 138] Cannot find any deployed HorizontalPodAutoscaler 
[36mINFO   [0m[Aug 23 20:53:27.934][operators.go: 130] Found 3 unique CSVs                          
[36mINFO   [0m[Aug 23 20:53:27.934][operators.go: 132]   CSV: self-node-remediation.v0.6.1          
[36mINFO   [0m[Aug 23 20:53:27.934][operators.go: 132]   CSV: packageserver                         
[36mINFO   [0m[Aug 23 20:53:27.935][operators.go: 132]   CSV: fuse-console.v7.11.1-0.1681224695.p   
[36mINFO   [0m[Aug 23 20:53:27.973][operators.go: 185] Getting installplans for op fuse-console.v7.11.1-0.1681224695.p (subs fuse-console-v7-11-1-0-1681224695-p-sub ns test) 
[33mWARNING[0m[Aug 23 20:53:27.973][operators.go: 183] Subscription not found for CSV: packageserver (ns openshift-operator-lifecycle-manager) 
[36mINFO   [0m[Aug 23 20:53:27.973][operators.go: 185] Getting installplans for op packageserver (subs  ns ) 
[36mINFO   [0m[Aug 23 20:53:28.010][operators.go: 185] Getting installplans for op self-node-remediation.v0.6.1 (subs self-node-remediation-stable-redhat-operators-openshift-marketplace ns test) 
[36mINFO   [0m[Aug 23 20:53:28.011][provider.go: 564] Node ip-10-0-138-139.ec2.internal - mc name: rendered-worker-5334436cadf14d4498394530f0823fa1 
[36mINFO   [0m[Aug 23 20:53:28.097][provider.go: 564] Node ip-10-0-140-127.ec2.internal - mc name: rendered-master-0d10fff9d0cba73baea526289053dfe8 
[36mINFO   [0m[Aug 23 20:53:28.158][provider.go: 564] Node ip-10-0-144-53.ec2.internal - mc name: rendered-master-0d10fff9d0cba73baea526289053dfe8 
[36mINFO   [0m[Aug 23 20:53:28.222][provider.go: 564] Node ip-10-0-146-178.ec2.internal - mc name: rendered-worker-5334436cadf14d4498394530f0823fa1 
[36mINFO   [0m[Aug 23 20:53:28.281][provider.go: 564] Node ip-10-0-171-112.ec2.internal - mc name: rendered-worker-5334436cadf14d4498394530f0823fa1 
[36mINFO   [0m[Aug 23 20:53:28.372][provider.go: 564] Node ip-10-0-173-119.ec2.internal - mc name: rendered-master-0d10fff9d0cba73baea526289053dfe8 
[31mERROR  [0m[Aug 23 20:53:28.435][pods.go: 57] Could not decode networks-status annotation, error: could not unmarshal network-status annotation 
[31mERROR  [0m[Aug 23 20:53:28.435][pods.go: 62] Could not decode networks-status annotation, error: could not unmarshal network-status annotation 
[31mERROR  [0m[Aug 23 20:53:28.436][pods.go: 57] Could not decode networks-status annotation, error: could not unmarshal network-status annotation 
[31mERROR  [0m[Aug 23 20:53:28.436][pods.go: 62] Could not decode networks-status annotation, error: could not unmarshal network-status annotation 
[31mERROR  [0m[Aug 23 20:53:28.436][pods.go: 57] Could not decode networks-status annotation, error: could not unmarshal network-status annotation 
[31mERROR  [0m[Aug 23 20:53:28.436][pods.go: 62] Could not decode networks-status annotation, error: could not unmarshal network-status annotation 
[31mERROR  [0m[Aug 23 20:53:28.438][pods.go: 57] Could not decode networks-status annotation, error: could not unmarshal network-status annotation 
[31mERROR  [0m[Aug 23 20:53:28.438][pods.go: 62] Could not decode networks-status annotation, error: could not unmarshal network-status annotation 
[31mERROR  [0m[Aug 23 20:53:28.438][pods.go: 57] Could not decode networks-status annotation, error: could not unmarshal network-status annotation 
[31mERROR  [0m[Aug 23 20:53:28.439][pods.go: 62] Could not decode networks-status annotation, error: could not unmarshal network-status annotation 
[31mERROR  [0m[Aug 23 20:53:28.439][pods.go: 57] Could not decode networks-status annotation, error: could not unmarshal network-status annotation 
[31mERROR  [0m[Aug 23 20:53:28.439][pods.go: 62] Could not decode networks-status annotation, error: could not unmarshal network-status annotation 
[33mWARNING[0m[Aug 23 20:53:28.444][provider.go: 341] container: extract pod: 29d033258a732189578b52a36842f326aad39adf4a40c42e89fcacc45fvv4fh ns: test is not ready yet. 
[33mWARNING[0m[Aug 23 20:53:28.444][provider.go: 357] container: extract pod: 29d033258a732189578b52a36842f326aad39adf4a40c42e89fcacc45fvv4fh ns: test is not running (reason: terminated - Completed, restarts 0): some test cases might fail. 
[31mERROR  [0m[Aug 23 20:53:28.444][pods.go: 57] Could not decode networks-status annotation, error: could not unmarshal network-status annotation 
[31mERROR  [0m[Aug 23 20:53:28.444][pods.go: 62] Could not decode networks-status annotation, error: could not unmarshal network-status annotation 
[33mWARNING[0m[Aug 23 20:53:28.445][provider.go: 341] container: kube-rbac-proxy pod: aws-load-balancer-operator-controller-manager-7b68856b6-2259m ns: test is not ready yet. 
[33mWARNING[0m[Aug 23 20:53:28.445][provider.go: 357] container: kube-rbac-proxy pod: aws-load-balancer-operator-controller-manager-7b68856b6-2259m ns: test is not running (reason: waiting - ContainerCreating, restarts 0): some test cases might fail. 
[33mWARNING[0m[Aug 23 20:53:28.445][provider.go: 341] container: manager pod: aws-load-balancer-operator-controller-manager-7b68856b6-2259m ns: test is not ready yet. 
[33mWARNING[0m[Aug 23 20:53:28.445][provider.go: 357] container: manager pod: aws-load-balancer-operator-controller-manager-7b68856b6-2259m ns: test is not running (reason: waiting - ContainerCreating, restarts 0): some test cases might fail. 
[31mERROR  [0m[Aug 23 20:53:28.445][pods.go: 57] Could not decode networks-status annotation, error: could not unmarshal network-status annotation 
[31mERROR  [0m[Aug 23 20:53:28.445][pods.go: 62] Could not decode networks-status annotation, error: could not unmarshal network-status annotation 
[31mERROR  [0m[Aug 23 20:53:28.445][pods.go: 57] Could not decode networks-status annotation, error: could not unmarshal network-status annotation 
[31mERROR  [0m[Aug 23 20:53:28.445][pods.go: 62] Could not decode networks-status annotation, error: could not unmarshal network-status annotation 
[31mERROR  [0m[Aug 23 20:53:28.446][pods.go: 57] Could not decode networks-status annotation, error: could not unmarshal network-status annotation 
[31mERROR  [0m[Aug 23 20:53:28.446][pods.go: 62] Could not decode networks-status annotation, error: could not unmarshal network-status annotation 
[31mERROR  [0m[Aug 23 20:53:28.447][pods.go: 57] Could not decode networks-status annotation, error: could not unmarshal network-status annotation 
[31mERROR  [0m[Aug 23 20:53:28.447][pods.go: 62] Could not decode networks-status annotation, error: could not unmarshal network-status annotation 
[31mERROR  [0m[Aug 23 20:53:28.447][pods.go: 57] Could not decode networks-status annotation, error: could not unmarshal network-status annotation 
[31mERROR  [0m[Aug 23 20:53:28.447][pods.go: 62] Could not decode networks-status annotation, error: could not unmarshal network-status annotation 
[31mERROR  [0m[Aug 23 20:53:28.447][pods.go: 57] Could not decode networks-status annotation, error: could not unmarshal network-status annotation 
[31mERROR  [0m[Aug 23 20:53:28.447][pods.go: 62] Could not decode networks-status annotation, error: could not unmarshal network-status annotation 
[36mINFO   [0m[Aug 23 20:53:28.450][operators.go: 130] Found 2 unique CSVs                          
[36mINFO   [0m[Aug 23 20:53:28.450][operators.go: 132]   CSV: fuse-console.v7.11.1-0.1681224695.p   
[36mINFO   [0m[Aug 23 20:53:28.450][operators.go: 132]   CSV: self-node-remediation.v0.6.1          
[36mINFO   [0m[Aug 23 20:53:28.486][operators.go: 185] Getting installplans for op fuse-console.v7.11.1-0.1681224695.p (subs fuse-console-v7-11-1-0-1681224695-p-sub ns test) 
[36mINFO   [0m[Aug 23 20:53:28.524][operators.go: 185] Getting installplans for op self-node-remediation.v0.6.1 (subs self-node-remediation-stable-redhat-operators-openshift-marketplace ns test) 
[36mINFO   [0m[Aug 23 20:53:28.524][provider.go: 290] Operators found: 2                           
[36mINFO   [0m[Aug 23 20:53:28.525][provider.go: 302] Completed the test environment build process in 4.37 seconds 
[33mWARNING[0m[Aug 23 20:53:28.533][suite.go: 50] LabelFilter is set but 'preflight' tests are not targeted. Skipping the preflight tests. 
Running Suite: CNF Certification Test Suite - /usr/tnf/cnf-certification-test
=============================================================================
Random Seed: [1m1692823988[0m

Will run [1m82[0m of [1m87[0m specs
[38;5;243m------------------------------[0m
[0moperator [0m[1moperator-install-status-succeeded[0m [38;5;204m[common, operator-install-status-succeeded, operator][0m
[38;5;243m/usr/tnf/tnf-src/cnf-certification-test/operator/suite.go:44[0m
[31mFATAL  [0m[Aug 23 20:58:29.406][phasecheck.go: 50] Timeout waiting for operator csv: fuse-console.v7.11.1-0.1681224695.p ns: test to be ready 
