time="2023-08-24T17:18:22Z" level=info msg="Saving environment variables & parameters."
time="2023-08-24T17:18:22Z" level=info msg="Environment: {Home:/root Kubeconfig:/usr/tnf/kubeconfig/config ConfigurationPath:/usr/tnf/config/tnf_config.yml NonIntrusiveOnly:false LogLevel:info OfflineDB:/usr/offline-db AllowPreflightInsecure:false PfltDockerconfig:/usr/tnf/dockercfg/config.json IncludeWebFilesInOutputFolder:false OmitArtifactsZipFile:false}"
=== RUN   TestTest
[36mINFO   [0m[Aug 24 17:18:22.578][suite_test.go: 98] Log level set to: info                       
[36mINFO   [0m[Aug 24 17:18:22.580][suite_test.go: 140] TNF Version         : v4.3.4 ( 2037b43c9bccf6b00fe91797adfabcbeeeb5efdc ) 
[36mINFO   [0m[Aug 24 17:18:22.581][suite_test.go: 141] Claim Format Version: v0.1.0                 
[36mINFO   [0m[Aug 24 17:18:22.581][suite_test.go: 142] Ginkgo Version      : 2.11.0                 
[36mINFO   [0m[Aug 24 17:18:22.581][suite_test.go: 143] Labels filter       : operator, access-control, networking, affiliated-certification, lifecycle, manageability, networking, observability, platform-alteration 
[36mINFO   [0m[Aug 24 17:18:22.581][clientsholder.go: 169] Creating k8s go-clients holder.              
[36mINFO   [0m[Aug 24 17:18:23.056][utils.go: 51] Loading config from file: /usr/tnf/config/tnf_config.yml 
[33mWARNING[0m[Aug 24 17:18:23.062][utils.go: 64] No namespace configured for the debug DaemonSet. Defaulting to namespace cnf-suite 
[33mWARNING[0m[Aug 24 17:18:23.140][autodiscover.go: 110] DEPRECATED: targetPodLabels config field is about to be obsolete. Please use the new "podsUnderTestLabels" field instead. 
[33mWARNING[0m[Aug 24 17:18:23.140][autodiscover.go: 113] DEPRECATED: deprecated default operator label in use ( test-network-function.com/operator: ) is about to be obsolete. Please use the new "operatorsUnderTestLabels" field to specify operators labels instead. 
[36mINFO   [0m[Aug 24 17:18:23.141][autodiscover.go: 143] parsed pods under test labels: [{LabelKey:test-network-function.com/generic LabelValue:target}] 
[36mINFO   [0m[Aug 24 17:18:23.141][autodiscover.go: 144] parsed operators under test labels: [{LabelKey:test-network-function.com/operator LabelValue:}] 
[36mINFO   [0m[Aug 24 17:18:23.244][autodiscover_operators.go: 144] Found 3 subscriptions in the target namespaces 
[36mINFO   [0m[Aug 24 17:18:23.244][autodiscover_operators.go: 146]  Subscriptions name: ibm-block-csi-operator-stable-certified-operators-openshift-marketplace (ns: test) 
[36mINFO   [0m[Aug 24 17:18:23.244][autodiscover_operators.go: 146]  Subscriptions name: infoscale-sds-operator-v8-0-210-sub (ns: test) 
[36mINFO   [0m[Aug 24 17:18:23.244][autodiscover_operators.go: 146]  Subscriptions name: self-node-remediation-v0-6-1-sub (ns: test) 
[36mINFO   [0m[Aug 24 17:18:23.948][autodiscover_operators.go: 121] Found 76 CSVs:                               
[36mINFO   [0m[Aug 24 17:18:23.948][autodiscover_operators.go: 123]  CSV name: self-node-remediation.v0.6.1 (ns: cert-manager) 
[36mINFO   [0m[Aug 24 17:18:23.948][autodiscover_operators.go: 123]  CSV name: self-node-remediation.v0.6.1 (ns: cnf-suite) 
[36mINFO   [0m[Aug 24 17:18:23.948][autodiscover_operators.go: 123]  CSV name: self-node-remediation.v0.6.1 (ns: default) 
[36mINFO   [0m[Aug 24 17:18:23.948][autodiscover_operators.go: 123]  CSV name: self-node-remediation.v0.6.1 (ns: kube-node-lease) 
[36mINFO   [0m[Aug 24 17:18:23.948][autodiscover_operators.go: 123]  CSV name: self-node-remediation.v0.6.1 (ns: kube-public) 
[36mINFO   [0m[Aug 24 17:18:23.948][autodiscover_operators.go: 123]  CSV name: self-node-remediation.v0.6.1 (ns: kube-system) 
[36mINFO   [0m[Aug 24 17:18:23.949][autodiscover_operators.go: 123]  CSV name: self-node-remediation.v0.6.1 (ns: openshift-apiserver-operator) 
[36mINFO   [0m[Aug 24 17:18:23.949][autodiscover_operators.go: 123]  CSV name: self-node-remediation.v0.6.1 (ns: openshift-apiserver) 
[36mINFO   [0m[Aug 24 17:18:23.949][autodiscover_operators.go: 123]  CSV name: self-node-remediation.v0.6.1 (ns: openshift-authentication-operator) 
[36mINFO   [0m[Aug 24 17:18:23.949][autodiscover_operators.go: 123]  CSV name: self-node-remediation.v0.6.1 (ns: openshift-authentication) 
[36mINFO   [0m[Aug 24 17:18:23.949][autodiscover_operators.go: 123]  CSV name: self-node-remediation.v0.6.1 (ns: openshift-cloud-controller-manager-operator) 
[36mINFO   [0m[Aug 24 17:18:23.949][autodiscover_operators.go: 123]  CSV name: self-node-remediation.v0.6.1 (ns: openshift-cloud-controller-manager) 
[36mINFO   [0m[Aug 24 17:18:23.949][autodiscover_operators.go: 123]  CSV name: self-node-remediation.v0.6.1 (ns: openshift-cloud-credential-operator) 
[36mINFO   [0m[Aug 24 17:18:23.949][autodiscover_operators.go: 123]  CSV name: self-node-remediation.v0.6.1 (ns: openshift-cloud-network-config-controller) 
[36mINFO   [0m[Aug 24 17:18:23.949][autodiscover_operators.go: 123]  CSV name: self-node-remediation.v0.6.1 (ns: openshift-cluster-csi-drivers) 
[36mINFO   [0m[Aug 24 17:18:23.949][autodiscover_operators.go: 123]  CSV name: self-node-remediation.v0.6.1 (ns: openshift-cluster-machine-approver) 
[36mINFO   [0m[Aug 24 17:18:23.949][autodiscover_operators.go: 123]  CSV name: self-node-remediation.v0.6.1 (ns: openshift-cluster-node-tuning-operator) 
[36mINFO   [0m[Aug 24 17:18:23.949][autodiscover_operators.go: 123]  CSV name: self-node-remediation.v0.6.1 (ns: openshift-cluster-samples-operator) 
[36mINFO   [0m[Aug 24 17:18:23.949][autodiscover_operators.go: 123]  CSV name: self-node-remediation.v0.6.1 (ns: openshift-cluster-storage-operator) 
[36mINFO   [0m[Aug 24 17:18:23.949][autodiscover_operators.go: 123]  CSV name: self-node-remediation.v0.6.1 (ns: openshift-cluster-version) 
[36mINFO   [0m[Aug 24 17:18:23.949][autodiscover_operators.go: 123]  CSV name: self-node-remediation.v0.6.1 (ns: openshift-config-managed) 
[36mINFO   [0m[Aug 24 17:18:23.949][autodiscover_operators.go: 123]  CSV name: self-node-remediation.v0.6.1 (ns: openshift-config-operator) 
[36mINFO   [0m[Aug 24 17:18:23.950][autodiscover_operators.go: 123]  CSV name: self-node-remediation.v0.6.1 (ns: openshift-config) 
[36mINFO   [0m[Aug 24 17:18:23.950][autodiscover_operators.go: 123]  CSV name: self-node-remediation.v0.6.1 (ns: openshift-console-operator) 
[36mINFO   [0m[Aug 24 17:18:23.950][autodiscover_operators.go: 123]  CSV name: self-node-remediation.v0.6.1 (ns: openshift-console-user-settings) 
[36mINFO   [0m[Aug 24 17:18:23.950][autodiscover_operators.go: 123]  CSV name: self-node-remediation.v0.6.1 (ns: openshift-console) 
[36mINFO   [0m[Aug 24 17:18:23.950][autodiscover_operators.go: 123]  CSV name: self-node-remediation.v0.6.1 (ns: openshift-controller-manager-operator) 
[36mINFO   [0m[Aug 24 17:18:23.950][autodiscover_operators.go: 123]  CSV name: self-node-remediation.v0.6.1 (ns: openshift-controller-manager) 
[36mINFO   [0m[Aug 24 17:18:23.950][autodiscover_operators.go: 123]  CSV name: self-node-remediation.v0.6.1 (ns: openshift-dns-operator) 
[36mINFO   [0m[Aug 24 17:18:23.950][autodiscover_operators.go: 123]  CSV name: self-node-remediation.v0.6.1 (ns: openshift-dns) 
[36mINFO   [0m[Aug 24 17:18:23.950][autodiscover_operators.go: 123]  CSV name: self-node-remediation.v0.6.1 (ns: openshift-etcd-operator) 
[36mINFO   [0m[Aug 24 17:18:23.950][autodiscover_operators.go: 123]  CSV name: self-node-remediation.v0.6.1 (ns: openshift-etcd) 
[36mINFO   [0m[Aug 24 17:18:23.950][autodiscover_operators.go: 123]  CSV name: self-node-remediation.v0.6.1 (ns: openshift-host-network) 
[36mINFO   [0m[Aug 24 17:18:23.950][autodiscover_operators.go: 123]  CSV name: self-node-remediation.v0.6.1 (ns: openshift-image-registry) 
[36mINFO   [0m[Aug 24 17:18:23.951][autodiscover_operators.go: 123]  CSV name: self-node-remediation.v0.6.1 (ns: openshift-infra) 
[36mINFO   [0m[Aug 24 17:18:23.951][autodiscover_operators.go: 123]  CSV name: self-node-remediation.v0.6.1 (ns: openshift-ingress-canary) 
[36mINFO   [0m[Aug 24 17:18:23.951][autodiscover_operators.go: 123]  CSV name: self-node-remediation.v0.6.1 (ns: openshift-ingress-operator) 
[36mINFO   [0m[Aug 24 17:18:23.951][autodiscover_operators.go: 123]  CSV name: self-node-remediation.v0.6.1 (ns: openshift-ingress) 
[36mINFO   [0m[Aug 24 17:18:23.951][autodiscover_operators.go: 123]  CSV name: self-node-remediation.v0.6.1 (ns: openshift-insights) 
[36mINFO   [0m[Aug 24 17:18:23.951][autodiscover_operators.go: 123]  CSV name: self-node-remediation.v0.6.1 (ns: openshift-kni-infra) 
[36mINFO   [0m[Aug 24 17:18:23.951][autodiscover_operators.go: 123]  CSV name: self-node-remediation.v0.6.1 (ns: openshift-kube-apiserver-operator) 
[36mINFO   [0m[Aug 24 17:18:23.951][autodiscover_operators.go: 123]  CSV name: self-node-remediation.v0.6.1 (ns: openshift-kube-apiserver) 
[36mINFO   [0m[Aug 24 17:18:23.951][autodiscover_operators.go: 123]  CSV name: self-node-remediation.v0.6.1 (ns: openshift-kube-controller-manager-operator) 
[36mINFO   [0m[Aug 24 17:18:23.951][autodiscover_operators.go: 123]  CSV name: self-node-remediation.v0.6.1 (ns: openshift-kube-controller-manager) 
[36mINFO   [0m[Aug 24 17:18:23.951][autodiscover_operators.go: 123]  CSV name: self-node-remediation.v0.6.1 (ns: openshift-kube-scheduler-operator) 
[36mINFO   [0m[Aug 24 17:18:23.951][autodiscover_operators.go: 123]  CSV name: self-node-remediation.v0.6.1 (ns: openshift-kube-scheduler) 
[36mINFO   [0m[Aug 24 17:18:23.951][autodiscover_operators.go: 123]  CSV name: self-node-remediation.v0.6.1 (ns: openshift-kube-storage-version-migrator-operator) 
[36mINFO   [0m[Aug 24 17:18:23.951][autodiscover_operators.go: 123]  CSV name: self-node-remediation.v0.6.1 (ns: openshift-kube-storage-version-migrator) 
[36mINFO   [0m[Aug 24 17:18:23.951][autodiscover_operators.go: 123]  CSV name: self-node-remediation.v0.6.1 (ns: openshift-machine-api) 
[36mINFO   [0m[Aug 24 17:18:23.951][autodiscover_operators.go: 123]  CSV name: self-node-remediation.v0.6.1 (ns: openshift-machine-config-operator) 
[36mINFO   [0m[Aug 24 17:18:23.951][autodiscover_operators.go: 123]  CSV name: self-node-remediation.v0.6.1 (ns: openshift-marketplace) 
[36mINFO   [0m[Aug 24 17:18:23.951][autodiscover_operators.go: 123]  CSV name: self-node-remediation.v0.6.1 (ns: openshift-monitoring) 
[36mINFO   [0m[Aug 24 17:18:23.951][autodiscover_operators.go: 123]  CSV name: self-node-remediation.v0.6.1 (ns: openshift-multus) 
[36mINFO   [0m[Aug 24 17:18:23.951][autodiscover_operators.go: 123]  CSV name: self-node-remediation.v0.6.1 (ns: openshift-network-diagnostics) 
[36mINFO   [0m[Aug 24 17:18:23.952][autodiscover_operators.go: 123]  CSV name: self-node-remediation.v0.6.1 (ns: openshift-network-operator) 
[36mINFO   [0m[Aug 24 17:18:23.952][autodiscover_operators.go: 123]  CSV name: self-node-remediation.v0.6.1 (ns: openshift-node) 
[36mINFO   [0m[Aug 24 17:18:23.952][autodiscover_operators.go: 123]  CSV name: self-node-remediation.v0.6.1 (ns: openshift-nutanix-infra) 
[36mINFO   [0m[Aug 24 17:18:23.952][autodiscover_operators.go: 123]  CSV name: self-node-remediation.v0.6.1 (ns: openshift-oauth-apiserver) 
[36mINFO   [0m[Aug 24 17:18:23.952][autodiscover_operators.go: 123]  CSV name: self-node-remediation.v0.6.1 (ns: openshift-openstack-infra) 
[36mINFO   [0m[Aug 24 17:18:23.952][autodiscover_operators.go: 123]  CSV name: packageserver (ns: openshift-operator-lifecycle-manager) 
[36mINFO   [0m[Aug 24 17:18:23.952][autodiscover_operators.go: 123]  CSV name: self-node-remediation.v0.6.1 (ns: openshift-operator-lifecycle-manager) 
[36mINFO   [0m[Aug 24 17:18:23.952][autodiscover_operators.go: 123]  CSV name: self-node-remediation.v0.6.1 (ns: openshift-operators) 
[36mINFO   [0m[Aug 24 17:18:23.952][autodiscover_operators.go: 123]  CSV name: self-node-remediation.v0.6.1 (ns: openshift-ovirt-infra) 
[36mINFO   [0m[Aug 24 17:18:23.952][autodiscover_operators.go: 123]  CSV name: self-node-remediation.v0.6.1 (ns: openshift-ovn-kubernetes) 
[36mINFO   [0m[Aug 24 17:18:23.952][autodiscover_operators.go: 123]  CSV name: self-node-remediation.v0.6.1 (ns: openshift-route-controller-manager) 
[36mINFO   [0m[Aug 24 17:18:23.952][autodiscover_operators.go: 123]  CSV name: self-node-remediation.v0.6.1 (ns: openshift-service-ca-operator) 
[36mINFO   [0m[Aug 24 17:18:23.952][autodiscover_operators.go: 123]  CSV name: self-node-remediation.v0.6.1 (ns: openshift-service-ca) 
[36mINFO   [0m[Aug 24 17:18:23.952][autodiscover_operators.go: 123]  CSV name: self-node-remediation.v0.6.1 (ns: openshift-user-workload-monitoring) 
[36mINFO   [0m[Aug 24 17:18:23.952][autodiscover_operators.go: 123]  CSV name: self-node-remediation.v0.6.1 (ns: openshift-vsphere-infra) 
[36mINFO   [0m[Aug 24 17:18:23.952][autodiscover_operators.go: 123]  CSV name: self-node-remediation.v0.6.1 (ns: openshift) 
[36mINFO   [0m[Aug 24 17:18:23.952][autodiscover_operators.go: 123]  CSV name: self-node-remediation.v0.6.1 (ns: redhat-ods-applications) 
[36mINFO   [0m[Aug 24 17:18:23.952][autodiscover_operators.go: 123]  CSV name: self-node-remediation.v0.6.1 (ns: redhat-ods-monitoring) 
[36mINFO   [0m[Aug 24 17:18:23.953][autodiscover_operators.go: 123]  CSV name: self-node-remediation.v0.6.1 (ns: rhods-notebooks) 
[36mINFO   [0m[Aug 24 17:18:23.953][autodiscover_operators.go: 123]  CSV name: ibm-block-csi-operator.v1.11.1 (ns: test) 
[36mINFO   [0m[Aug 24 17:18:23.953][autodiscover_operators.go: 123]  CSV name: self-node-remediation.v0.6.1 (ns: test) 
[36mINFO   [0m[Aug 24 17:18:23.953][autodiscover_operators.go: 123]  CSV name: self-node-remediation.v0.6.1 (ns: ztp-install) 
[36mINFO   [0m[Aug 24 17:18:26.218][autodiscover_operators.go: 91] Found 2 CSVs:                                
[36mINFO   [0m[Aug 24 17:18:26.218][autodiscover_operators.go: 93]  CSV name: ibm-block-csi-operator.v1.11.1 (ns: test) 
[36mINFO   [0m[Aug 24 17:18:26.218][autodiscover_operators.go: 93]  CSV name: self-node-remediation.v0.6.1 (ns: test) 
[36mINFO   [0m[Aug 24 17:18:26.259][autodiscover_operators.go: 144] Found 3 subscriptions in the target namespaces 
[36mINFO   [0m[Aug 24 17:18:26.259][autodiscover_operators.go: 146]  Subscriptions name: ibm-block-csi-operator-stable-certified-operators-openshift-marketplace (ns: test) 
[36mINFO   [0m[Aug 24 17:18:26.259][autodiscover_operators.go: 146]  Subscriptions name: infoscale-sds-operator-v8-0-210-sub (ns: test) 
[36mINFO   [0m[Aug 24 17:18:26.259][autodiscover_operators.go: 146]  Subscriptions name: self-node-remediation-v0-6-1-sub (ns: test) 
[36mINFO   [0m[Aug 24 17:18:26.377][autodiscover.go: 257] OpenShift Version found: 4.13.4              
[33mWARNING[0m[Aug 24 17:18:26.480][autodiscover_podset.go: 87] Did not find any deployment in the configured namespaces [test] 
[33mWARNING[0m[Aug 24 17:18:26.522][autodiscover_podset.go: 106] Did not find any statefulSet in ns=test      
[33mWARNING[0m[Aug 24 17:18:26.522][autodiscover_podset.go: 120] Did not find any statefulset in the configured namespaces [test] 
[36mINFO   [0m[Aug 24 17:18:26.842][autodiscover_podset.go: 138] Cannot find any deployed HorizontalPodAutoscaler 
[36mINFO   [0m[Aug 24 17:18:27.002][operators.go: 130] Found 3 unique CSVs                          
[36mINFO   [0m[Aug 24 17:18:27.002][operators.go: 132]   CSV: self-node-remediation.v0.6.1          
[36mINFO   [0m[Aug 24 17:18:27.002][operators.go: 132]   CSV: packageserver                         
[36mINFO   [0m[Aug 24 17:18:27.002][operators.go: 132]   CSV: ibm-block-csi-operator.v1.11.1        
[36mINFO   [0m[Aug 24 17:18:27.039][operators.go: 185] Getting installplans for op ibm-block-csi-operator.v1.11.1 (subs ibm-block-csi-operator-stable-certified-operators-openshift-marketplace ns test) 
[33mWARNING[0m[Aug 24 17:18:27.040][operators.go: 183] Subscription not found for CSV: packageserver (ns openshift-operator-lifecycle-manager) 
[36mINFO   [0m[Aug 24 17:18:27.040][operators.go: 185] Getting installplans for op packageserver (subs  ns ) 
[36mINFO   [0m[Aug 24 17:18:27.076][operators.go: 185] Getting installplans for op self-node-remediation.v0.6.1 (subs self-node-remediation-v0-6-1-sub ns test) 
[36mINFO   [0m[Aug 24 17:18:27.078][provider.go: 564] Node ip-10-0-138-139.ec2.internal - mc name: rendered-worker-4d7f2d5d759a3f0196274c4702ff2d3a 
[36mINFO   [0m[Aug 24 17:18:27.162][provider.go: 564] Node ip-10-0-140-127.ec2.internal - mc name: rendered-master-264a3e0d880b40507d6aa6d24e9b1296 
[36mINFO   [0m[Aug 24 17:18:27.225][provider.go: 564] Node ip-10-0-144-53.ec2.internal - mc name: rendered-master-264a3e0d880b40507d6aa6d24e9b1296 
[36mINFO   [0m[Aug 24 17:18:27.288][provider.go: 564] Node ip-10-0-146-178.ec2.internal - mc name: rendered-worker-4d7f2d5d759a3f0196274c4702ff2d3a 
[36mINFO   [0m[Aug 24 17:18:27.352][provider.go: 564] Node ip-10-0-171-112.ec2.internal - mc name: rendered-worker-4d7f2d5d759a3f0196274c4702ff2d3a 
[36mINFO   [0m[Aug 24 17:18:27.414][provider.go: 564] Node ip-10-0-173-119.ec2.internal - mc name: rendered-master-264a3e0d880b40507d6aa6d24e9b1296 
[31mERROR  [0m[Aug 24 17:18:27.481][pods.go: 57] Could not decode networks-status annotation, error: could not unmarshal network-status annotation 
[31mERROR  [0m[Aug 24 17:18:27.482][pods.go: 62] Could not decode networks-status annotation, error: could not unmarshal network-status annotation 
[31mERROR  [0m[Aug 24 17:18:27.482][pods.go: 57] Could not decode networks-status annotation, error: could not unmarshal network-status annotation 
[31mERROR  [0m[Aug 24 17:18:27.482][pods.go: 62] Could not decode networks-status annotation, error: could not unmarshal network-status annotation 
[31mERROR  [0m[Aug 24 17:18:27.483][pods.go: 57] Could not decode networks-status annotation, error: could not unmarshal network-status annotation 
[31mERROR  [0m[Aug 24 17:18:27.483][pods.go: 62] Could not decode networks-status annotation, error: could not unmarshal network-status annotation 
[31mERROR  [0m[Aug 24 17:18:27.484][pods.go: 57] Could not decode networks-status annotation, error: could not unmarshal network-status annotation 
[31mERROR  [0m[Aug 24 17:18:27.484][pods.go: 62] Could not decode networks-status annotation, error: could not unmarshal network-status annotation 
[31mERROR  [0m[Aug 24 17:18:27.485][pods.go: 57] Could not decode networks-status annotation, error: could not unmarshal network-status annotation 
[31mERROR  [0m[Aug 24 17:18:27.485][pods.go: 62] Could not decode networks-status annotation, error: could not unmarshal network-status annotation 
[31mERROR  [0m[Aug 24 17:18:27.486][pods.go: 57] Could not decode networks-status annotation, error: could not unmarshal network-status annotation 
[31mERROR  [0m[Aug 24 17:18:27.486][pods.go: 62] Could not decode networks-status annotation, error: could not unmarshal network-status annotation 
[31mERROR  [0m[Aug 24 17:18:27.491][pods.go: 57] Could not decode networks-status annotation, error: could not unmarshal network-status annotation 
[31mERROR  [0m[Aug 24 17:18:27.491][pods.go: 62] Could not decode networks-status annotation, error: could not unmarshal network-status annotation 
[31mERROR  [0m[Aug 24 17:18:27.491][pods.go: 57] Could not decode networks-status annotation, error: could not unmarshal network-status annotation 
[31mERROR  [0m[Aug 24 17:18:27.491][pods.go: 62] Could not decode networks-status annotation, error: could not unmarshal network-status annotation 
[31mERROR  [0m[Aug 24 17:18:27.492][pods.go: 57] Could not decode networks-status annotation, error: could not unmarshal network-status annotation 
[31mERROR  [0m[Aug 24 17:18:27.492][pods.go: 62] Could not decode networks-status annotation, error: could not unmarshal network-status annotation 
[31mERROR  [0m[Aug 24 17:18:27.493][pods.go: 57] Could not decode networks-status annotation, error: could not unmarshal network-status annotation 
[31mERROR  [0m[Aug 24 17:18:27.493][pods.go: 62] Could not decode networks-status annotation, error: could not unmarshal network-status annotation 
[31mERROR  [0m[Aug 24 17:18:27.493][pods.go: 57] Could not decode networks-status annotation, error: could not unmarshal network-status annotation 
[31mERROR  [0m[Aug 24 17:18:27.494][pods.go: 62] Could not decode networks-status annotation, error: could not unmarshal network-status annotation 
[31mERROR  [0m[Aug 24 17:18:27.494][pods.go: 57] Could not decode networks-status annotation, error: could not unmarshal network-status annotation 
[31mERROR  [0m[Aug 24 17:18:27.494][pods.go: 62] Could not decode networks-status annotation, error: could not unmarshal network-status annotation 
[33mWARNING[0m[Aug 24 17:18:27.499][provider.go: 341] container: extract pod: d43224ecf8a90e2689f1b48690ce45a9c382a5ed2d2ce8b0d2fbba172a8xrtm ns: test is not ready yet. 
[33mWARNING[0m[Aug 24 17:18:27.500][provider.go: 357] container: extract pod: d43224ecf8a90e2689f1b48690ce45a9c382a5ed2d2ce8b0d2fbba172a8xrtm ns: test is not running (reason: terminated - Completed, restarts 0): some test cases might fail. 
[36mINFO   [0m[Aug 24 17:18:27.505][operators.go: 130] Found 2 unique CSVs                          
[36mINFO   [0m[Aug 24 17:18:27.505][operators.go: 132]   CSV: ibm-block-csi-operator.v1.11.1        
[36mINFO   [0m[Aug 24 17:18:27.505][operators.go: 132]   CSV: self-node-remediation.v0.6.1          
[36mINFO   [0m[Aug 24 17:18:27.540][operators.go: 185] Getting installplans for op ibm-block-csi-operator.v1.11.1 (subs ibm-block-csi-operator-stable-certified-operators-openshift-marketplace ns test) 
[36mINFO   [0m[Aug 24 17:18:27.574][operators.go: 185] Getting installplans for op self-node-remediation.v0.6.1 (subs self-node-remediation-v0-6-1-sub ns test) 
[36mINFO   [0m[Aug 24 17:18:27.574][provider.go: 290] Operators found: 2                           
[36mINFO   [0m[Aug 24 17:18:27.575][provider.go: 302] Completed the test environment build process in 4.52 seconds 
[33mWARNING[0m[Aug 24 17:18:38.493][autodiscover.go: 110] DEPRECATED: targetPodLabels config field is about to be obsolete. Please use the new "podsUnderTestLabels" field instead. 
[33mWARNING[0m[Aug 24 17:18:38.493][autodiscover.go: 113] DEPRECATED: deprecated default operator label in use ( test-network-function.com/operator: ) is about to be obsolete. Please use the new "operatorsUnderTestLabels" field to specify operators labels instead. 
[36mINFO   [0m[Aug 24 17:18:38.493][autodiscover.go: 143] parsed pods under test labels: [{LabelKey:test-network-function.com/generic LabelValue:target}] 
[36mINFO   [0m[Aug 24 17:18:38.493][autodiscover.go: 144] parsed operators under test labels: [{LabelKey:test-network-function.com/operator LabelValue:}] 
[36mINFO   [0m[Aug 24 17:18:38.618][autodiscover_operators.go: 144] Found 3 subscriptions in the target namespaces 
[36mINFO   [0m[Aug 24 17:18:38.618][autodiscover_operators.go: 146]  Subscriptions name: ibm-block-csi-operator-stable-certified-operators-openshift-marketplace (ns: test) 
[36mINFO   [0m[Aug 24 17:18:38.618][autodiscover_operators.go: 146]  Subscriptions name: infoscale-sds-operator-v8-0-210-sub (ns: test) 
[36mINFO   [0m[Aug 24 17:18:38.618][autodiscover_operators.go: 146]  Subscriptions name: self-node-remediation-v0-6-1-sub (ns: test) 
[36mINFO   [0m[Aug 24 17:18:39.486][autodiscover_operators.go: 121] Found 76 CSVs:                               
[36mINFO   [0m[Aug 24 17:18:39.486][autodiscover_operators.go: 123]  CSV name: self-node-remediation.v0.6.1 (ns: cert-manager) 
[36mINFO   [0m[Aug 24 17:18:39.486][autodiscover_operators.go: 123]  CSV name: self-node-remediation.v0.6.1 (ns: cnf-suite) 
[36mINFO   [0m[Aug 24 17:18:39.486][autodiscover_operators.go: 123]  CSV name: self-node-remediation.v0.6.1 (ns: default) 
[36mINFO   [0m[Aug 24 17:18:39.487][autodiscover_operators.go: 123]  CSV name: self-node-remediation.v0.6.1 (ns: kube-node-lease) 
[36mINFO   [0m[Aug 24 17:18:39.487][autodiscover_operators.go: 123]  CSV name: self-node-remediation.v0.6.1 (ns: kube-public) 
[36mINFO   [0m[Aug 24 17:18:39.487][autodiscover_operators.go: 123]  CSV name: self-node-remediation.v0.6.1 (ns: kube-system) 
[36mINFO   [0m[Aug 24 17:18:39.487][autodiscover_operators.go: 123]  CSV name: self-node-remediation.v0.6.1 (ns: openshift-apiserver-operator) 
[36mINFO   [0m[Aug 24 17:18:39.487][autodiscover_operators.go: 123]  CSV name: self-node-remediation.v0.6.1 (ns: openshift-apiserver) 
[36mINFO   [0m[Aug 24 17:18:39.487][autodiscover_operators.go: 123]  CSV name: self-node-remediation.v0.6.1 (ns: openshift-authentication-operator) 
[36mINFO   [0m[Aug 24 17:18:39.487][autodiscover_operators.go: 123]  CSV name: self-node-remediation.v0.6.1 (ns: openshift-authentication) 
[36mINFO   [0m[Aug 24 17:18:39.487][autodiscover_operators.go: 123]  CSV name: self-node-remediation.v0.6.1 (ns: openshift-cloud-controller-manager-operator) 
[36mINFO   [0m[Aug 24 17:18:39.487][autodiscover_operators.go: 123]  CSV name: self-node-remediation.v0.6.1 (ns: openshift-cloud-controller-manager) 
[36mINFO   [0m[Aug 24 17:18:39.487][autodiscover_operators.go: 123]  CSV name: self-node-remediation.v0.6.1 (ns: openshift-cloud-credential-operator) 
[36mINFO   [0m[Aug 24 17:18:39.488][autodiscover_operators.go: 123]  CSV name: self-node-remediation.v0.6.1 (ns: openshift-cloud-network-config-controller) 
[36mINFO   [0m[Aug 24 17:18:39.488][autodiscover_operators.go: 123]  CSV name: self-node-remediation.v0.6.1 (ns: openshift-cluster-csi-drivers) 
[36mINFO   [0m[Aug 24 17:18:39.488][autodiscover_operators.go: 123]  CSV name: self-node-remediation.v0.6.1 (ns: openshift-cluster-machine-approver) 
[36mINFO   [0m[Aug 24 17:18:39.488][autodiscover_operators.go: 123]  CSV name: self-node-remediation.v0.6.1 (ns: openshift-cluster-node-tuning-operator) 
[36mINFO   [0m[Aug 24 17:18:39.488][autodiscover_operators.go: 123]  CSV name: self-node-remediation.v0.6.1 (ns: openshift-cluster-samples-operator) 
[36mINFO   [0m[Aug 24 17:18:39.488][autodiscover_operators.go: 123]  CSV name: self-node-remediation.v0.6.1 (ns: openshift-cluster-storage-operator) 
[36mINFO   [0m[Aug 24 17:18:39.489][autodiscover_operators.go: 123]  CSV name: self-node-remediation.v0.6.1 (ns: openshift-cluster-version) 
[36mINFO   [0m[Aug 24 17:18:39.489][autodiscover_operators.go: 123]  CSV name: self-node-remediation.v0.6.1 (ns: openshift-config-managed) 
[36mINFO   [0m[Aug 24 17:18:39.489][autodiscover_operators.go: 123]  CSV name: self-node-remediation.v0.6.1 (ns: openshift-config-operator) 
[36mINFO   [0m[Aug 24 17:18:39.489][autodiscover_operators.go: 123]  CSV name: self-node-remediation.v0.6.1 (ns: openshift-config) 
[36mINFO   [0m[Aug 24 17:18:39.489][autodiscover_operators.go: 123]  CSV name: self-node-remediation.v0.6.1 (ns: openshift-console-operator) 
[36mINFO   [0m[Aug 24 17:18:39.489][autodiscover_operators.go: 123]  CSV name: self-node-remediation.v0.6.1 (ns: openshift-console-user-settings) 
[36mINFO   [0m[Aug 24 17:18:39.489][autodiscover_operators.go: 123]  CSV name: self-node-remediation.v0.6.1 (ns: openshift-console) 
[36mINFO   [0m[Aug 24 17:18:39.489][autodiscover_operators.go: 123]  CSV name: self-node-remediation.v0.6.1 (ns: openshift-controller-manager-operator) 
[36mINFO   [0m[Aug 24 17:18:39.489][autodiscover_operators.go: 123]  CSV name: self-node-remediation.v0.6.1 (ns: openshift-controller-manager) 
[36mINFO   [0m[Aug 24 17:18:39.489][autodiscover_operators.go: 123]  CSV name: self-node-remediation.v0.6.1 (ns: openshift-dns-operator) 
[36mINFO   [0m[Aug 24 17:18:39.489][autodiscover_operators.go: 123]  CSV name: self-node-remediation.v0.6.1 (ns: openshift-dns) 
[36mINFO   [0m[Aug 24 17:18:39.489][autodiscover_operators.go: 123]  CSV name: self-node-remediation.v0.6.1 (ns: openshift-etcd-operator) 
[36mINFO   [0m[Aug 24 17:18:39.490][autodiscover_operators.go: 123]  CSV name: self-node-remediation.v0.6.1 (ns: openshift-etcd) 
[36mINFO   [0m[Aug 24 17:18:39.490][autodiscover_operators.go: 123]  CSV name: self-node-remediation.v0.6.1 (ns: openshift-host-network) 
[36mINFO   [0m[Aug 24 17:18:39.490][autodiscover_operators.go: 123]  CSV name: self-node-remediation.v0.6.1 (ns: openshift-image-registry) 
[36mINFO   [0m[Aug 24 17:18:39.490][autodiscover_operators.go: 123]  CSV name: self-node-remediation.v0.6.1 (ns: openshift-infra) 
[36mINFO   [0m[Aug 24 17:18:39.490][autodiscover_operators.go: 123]  CSV name: self-node-remediation.v0.6.1 (ns: openshift-ingress-canary) 
[36mINFO   [0m[Aug 24 17:18:39.490][autodiscover_operators.go: 123]  CSV name: self-node-remediation.v0.6.1 (ns: openshift-ingress-operator) 
[36mINFO   [0m[Aug 24 17:18:39.490][autodiscover_operators.go: 123]  CSV name: self-node-remediation.v0.6.1 (ns: openshift-ingress) 
[36mINFO   [0m[Aug 24 17:18:39.490][autodiscover_operators.go: 123]  CSV name: self-node-remediation.v0.6.1 (ns: openshift-insights) 
[36mINFO   [0m[Aug 24 17:18:39.490][autodiscover_operators.go: 123]  CSV name: self-node-remediation.v0.6.1 (ns: openshift-kni-infra) 
[36mINFO   [0m[Aug 24 17:18:39.490][autodiscover_operators.go: 123]  CSV name: self-node-remediation.v0.6.1 (ns: openshift-kube-apiserver-operator) 
[36mINFO   [0m[Aug 24 17:18:39.490][autodiscover_operators.go: 123]  CSV name: self-node-remediation.v0.6.1 (ns: openshift-kube-apiserver) 
[36mINFO   [0m[Aug 24 17:18:39.490][autodiscover_operators.go: 123]  CSV name: self-node-remediation.v0.6.1 (ns: openshift-kube-controller-manager-operator) 
[36mINFO   [0m[Aug 24 17:18:39.490][autodiscover_operators.go: 123]  CSV name: self-node-remediation.v0.6.1 (ns: openshift-kube-controller-manager) 
[36mINFO   [0m[Aug 24 17:18:39.490][autodiscover_operators.go: 123]  CSV name: self-node-remediation.v0.6.1 (ns: openshift-kube-scheduler-operator) 
[36mINFO   [0m[Aug 24 17:18:39.490][autodiscover_operators.go: 123]  CSV name: self-node-remediation.v0.6.1 (ns: openshift-kube-scheduler) 
[36mINFO   [0m[Aug 24 17:18:39.491][autodiscover_operators.go: 123]  CSV name: self-node-remediation.v0.6.1 (ns: openshift-kube-storage-version-migrator-operator) 
[36mINFO   [0m[Aug 24 17:18:39.491][autodiscover_operators.go: 123]  CSV name: self-node-remediation.v0.6.1 (ns: openshift-kube-storage-version-migrator) 
[36mINFO   [0m[Aug 24 17:18:39.491][autodiscover_operators.go: 123]  CSV name: self-node-remediation.v0.6.1 (ns: openshift-machine-api) 
[36mINFO   [0m[Aug 24 17:18:39.491][autodiscover_operators.go: 123]  CSV name: self-node-remediation.v0.6.1 (ns: openshift-machine-config-operator) 
[36mINFO   [0m[Aug 24 17:18:39.491][autodiscover_operators.go: 123]  CSV name: self-node-remediation.v0.6.1 (ns: openshift-marketplace) 
[36mINFO   [0m[Aug 24 17:18:39.491][autodiscover_operators.go: 123]  CSV name: self-node-remediation.v0.6.1 (ns: openshift-monitoring) 
[36mINFO   [0m[Aug 24 17:18:39.491][autodiscover_operators.go: 123]  CSV name: self-node-remediation.v0.6.1 (ns: openshift-multus) 
[36mINFO   [0m[Aug 24 17:18:39.491][autodiscover_operators.go: 123]  CSV name: self-node-remediation.v0.6.1 (ns: openshift-network-diagnostics) 
[36mINFO   [0m[Aug 24 17:18:39.491][autodiscover_operators.go: 123]  CSV name: self-node-remediation.v0.6.1 (ns: openshift-network-operator) 
[36mINFO   [0m[Aug 24 17:18:39.492][autodiscover_operators.go: 123]  CSV name: self-node-remediation.v0.6.1 (ns: openshift-node) 
[36mINFO   [0m[Aug 24 17:18:39.492][autodiscover_operators.go: 123]  CSV name: self-node-remediation.v0.6.1 (ns: openshift-nutanix-infra) 
[36mINFO   [0m[Aug 24 17:18:39.492][autodiscover_operators.go: 123]  CSV name: self-node-remediation.v0.6.1 (ns: openshift-oauth-apiserver) 
[36mINFO   [0m[Aug 24 17:18:39.492][autodiscover_operators.go: 123]  CSV name: self-node-remediation.v0.6.1 (ns: openshift-openstack-infra) 
[36mINFO   [0m[Aug 24 17:18:39.492][autodiscover_operators.go: 123]  CSV name: packageserver (ns: openshift-operator-lifecycle-manager) 
[36mINFO   [0m[Aug 24 17:18:39.492][autodiscover_operators.go: 123]  CSV name: self-node-remediation.v0.6.1 (ns: openshift-operator-lifecycle-manager) 
[36mINFO   [0m[Aug 24 17:18:39.492][autodiscover_operators.go: 123]  CSV name: self-node-remediation.v0.6.1 (ns: openshift-operators) 
[36mINFO   [0m[Aug 24 17:18:39.492][autodiscover_operators.go: 123]  CSV name: self-node-remediation.v0.6.1 (ns: openshift-ovirt-infra) 
[36mINFO   [0m[Aug 24 17:18:39.492][autodiscover_operators.go: 123]  CSV name: self-node-remediation.v0.6.1 (ns: openshift-ovn-kubernetes) 
[36mINFO   [0m[Aug 24 17:18:39.492][autodiscover_operators.go: 123]  CSV name: self-node-remediation.v0.6.1 (ns: openshift-route-controller-manager) 
[36mINFO   [0m[Aug 24 17:18:39.493][autodiscover_operators.go: 123]  CSV name: self-node-remediation.v0.6.1 (ns: openshift-service-ca-operator) 
[36mINFO   [0m[Aug 24 17:18:39.493][autodiscover_operators.go: 123]  CSV name: self-node-remediation.v0.6.1 (ns: openshift-service-ca) 
[36mINFO   [0m[Aug 24 17:18:39.493][autodiscover_operators.go: 123]  CSV name: self-node-remediation.v0.6.1 (ns: openshift-user-workload-monitoring) 
[36mINFO   [0m[Aug 24 17:18:39.493][autodiscover_operators.go: 123]  CSV name: self-node-remediation.v0.6.1 (ns: openshift-vsphere-infra) 
[36mINFO   [0m[Aug 24 17:18:39.493][autodiscover_operators.go: 123]  CSV name: self-node-remediation.v0.6.1 (ns: openshift) 
[36mINFO   [0m[Aug 24 17:18:39.493][autodiscover_operators.go: 123]  CSV name: self-node-remediation.v0.6.1 (ns: redhat-ods-applications) 
[36mINFO   [0m[Aug 24 17:18:39.493][autodiscover_operators.go: 123]  CSV name: self-node-remediation.v0.6.1 (ns: redhat-ods-monitoring) 
[36mINFO   [0m[Aug 24 17:18:39.493][autodiscover_operators.go: 123]  CSV name: self-node-remediation.v0.6.1 (ns: rhods-notebooks) 
[36mINFO   [0m[Aug 24 17:18:39.493][autodiscover_operators.go: 123]  CSV name: ibm-block-csi-operator.v1.11.1 (ns: test) 
[36mINFO   [0m[Aug 24 17:18:39.493][autodiscover_operators.go: 123]  CSV name: self-node-remediation.v0.6.1 (ns: test) 
[36mINFO   [0m[Aug 24 17:18:39.493][autodiscover_operators.go: 123]  CSV name: self-node-remediation.v0.6.1 (ns: ztp-install) 
[36mINFO   [0m[Aug 24 17:18:41.764][autodiscover_operators.go: 91] Found 2 CSVs:                                
[36mINFO   [0m[Aug 24 17:18:41.764][autodiscover_operators.go: 93]  CSV name: ibm-block-csi-operator.v1.11.1 (ns: test) 
[36mINFO   [0m[Aug 24 17:18:41.764][autodiscover_operators.go: 93]  CSV name: self-node-remediation.v0.6.1 (ns: test) 
[36mINFO   [0m[Aug 24 17:18:41.805][autodiscover_operators.go: 144] Found 3 subscriptions in the target namespaces 
[36mINFO   [0m[Aug 24 17:18:41.806][autodiscover_operators.go: 146]  Subscriptions name: ibm-block-csi-operator-stable-certified-operators-openshift-marketplace (ns: test) 
[36mINFO   [0m[Aug 24 17:18:41.806][autodiscover_operators.go: 146]  Subscriptions name: infoscale-sds-operator-v8-0-210-sub (ns: test) 
[36mINFO   [0m[Aug 24 17:18:41.806][autodiscover_operators.go: 146]  Subscriptions name: self-node-remediation-v0-6-1-sub (ns: test) 
[36mINFO   [0m[Aug 24 17:18:41.933][autodiscover.go: 257] OpenShift Version found: 4.13.4              
[33mWARNING[0m[Aug 24 17:18:42.033][autodiscover_podset.go: 87] Did not find any deployment in the configured namespaces [test] 
[33mWARNING[0m[Aug 24 17:18:42.075][autodiscover_podset.go: 106] Did not find any statefulSet in ns=test      
[33mWARNING[0m[Aug 24 17:18:42.075][autodiscover_podset.go: 120] Did not find any statefulset in the configured namespaces [test] 
[36mINFO   [0m[Aug 24 17:18:42.397][autodiscover_podset.go: 138] Cannot find any deployed HorizontalPodAutoscaler 
[36mINFO   [0m[Aug 24 17:18:42.560][operators.go: 130] Found 3 unique CSVs                          
[36mINFO   [0m[Aug 24 17:18:42.561][operators.go: 132]   CSV: ibm-block-csi-operator.v1.11.1        
[36mINFO   [0m[Aug 24 17:18:42.561][operators.go: 132]   CSV: self-node-remediation.v0.6.1          
[36mINFO   [0m[Aug 24 17:18:42.561][operators.go: 132]   CSV: packageserver                         
[36mINFO   [0m[Aug 24 17:18:42.599][operators.go: 185] Getting installplans for op ibm-block-csi-operator.v1.11.1 (subs ibm-block-csi-operator-stable-certified-operators-openshift-marketplace ns test) 
[33mWARNING[0m[Aug 24 17:18:42.600][operators.go: 183] Subscription not found for CSV: packageserver (ns openshift-operator-lifecycle-manager) 
[36mINFO   [0m[Aug 24 17:18:42.600][operators.go: 185] Getting installplans for op packageserver (subs  ns ) 
[36mINFO   [0m[Aug 24 17:18:42.636][operators.go: 185] Getting installplans for op self-node-remediation.v0.6.1 (subs self-node-remediation-v0-6-1-sub ns test) 
[36mINFO   [0m[Aug 24 17:18:42.637][provider.go: 564] Node ip-10-0-138-139.ec2.internal - mc name: rendered-worker-4d7f2d5d759a3f0196274c4702ff2d3a 
[36mINFO   [0m[Aug 24 17:18:42.723][provider.go: 564] Node ip-10-0-140-127.ec2.internal - mc name: rendered-master-264a3e0d880b40507d6aa6d24e9b1296 
[36mINFO   [0m[Aug 24 17:18:42.791][provider.go: 564] Node ip-10-0-144-53.ec2.internal - mc name: rendered-master-264a3e0d880b40507d6aa6d24e9b1296 
[36mINFO   [0m[Aug 24 17:18:42.856][provider.go: 564] Node ip-10-0-146-178.ec2.internal - mc name: rendered-worker-4d7f2d5d759a3f0196274c4702ff2d3a 
[36mINFO   [0m[Aug 24 17:18:42.919][provider.go: 564] Node ip-10-0-171-112.ec2.internal - mc name: rendered-worker-4d7f2d5d759a3f0196274c4702ff2d3a 
[36mINFO   [0m[Aug 24 17:18:42.995][provider.go: 564] Node ip-10-0-173-119.ec2.internal - mc name: rendered-master-264a3e0d880b40507d6aa6d24e9b1296 
[31mERROR  [0m[Aug 24 17:18:43.057][pods.go: 57] Could not decode networks-status annotation, error: could not unmarshal network-status annotation 
[31mERROR  [0m[Aug 24 17:18:43.057][pods.go: 62] Could not decode networks-status annotation, error: could not unmarshal network-status annotation 
[31mERROR  [0m[Aug 24 17:18:43.058][pods.go: 57] Could not decode networks-status annotation, error: could not unmarshal network-status annotation 
[31mERROR  [0m[Aug 24 17:18:43.058][pods.go: 62] Could not decode networks-status annotation, error: could not unmarshal network-status annotation 
[31mERROR  [0m[Aug 24 17:18:43.058][pods.go: 57] Could not decode networks-status annotation, error: could not unmarshal network-status annotation 
[31mERROR  [0m[Aug 24 17:18:43.058][pods.go: 62] Could not decode networks-status annotation, error: could not unmarshal network-status annotation 
[31mERROR  [0m[Aug 24 17:18:43.060][pods.go: 57] Could not decode networks-status annotation, error: could not unmarshal network-status annotation 
[31mERROR  [0m[Aug 24 17:18:43.060][pods.go: 62] Could not decode networks-status annotation, error: could not unmarshal network-status annotation 
[31mERROR  [0m[Aug 24 17:18:43.061][pods.go: 57] Could not decode networks-status annotation, error: could not unmarshal network-status annotation 
[31mERROR  [0m[Aug 24 17:18:43.061][pods.go: 62] Could not decode networks-status annotation, error: could not unmarshal network-status annotation 
[31mERROR  [0m[Aug 24 17:18:43.062][pods.go: 57] Could not decode networks-status annotation, error: could not unmarshal network-status annotation 
[31mERROR  [0m[Aug 24 17:18:43.062][pods.go: 62] Could not decode networks-status annotation, error: could not unmarshal network-status annotation 
[31mERROR  [0m[Aug 24 17:18:43.067][pods.go: 57] Could not decode networks-status annotation, error: could not unmarshal network-status annotation 
[31mERROR  [0m[Aug 24 17:18:43.067][pods.go: 62] Could not decode networks-status annotation, error: could not unmarshal network-status annotation 
[31mERROR  [0m[Aug 24 17:18:43.067][pods.go: 57] Could not decode networks-status annotation, error: could not unmarshal network-status annotation 
[31mERROR  [0m[Aug 24 17:18:43.067][pods.go: 62] Could not decode networks-status annotation, error: could not unmarshal network-status annotation 
[31mERROR  [0m[Aug 24 17:18:43.067][pods.go: 57] Could not decode networks-status annotation, error: could not unmarshal network-status annotation 
[31mERROR  [0m[Aug 24 17:18:43.067][pods.go: 62] Could not decode networks-status annotation, error: could not unmarshal network-status annotation 
[31mERROR  [0m[Aug 24 17:18:43.069][pods.go: 57] Could not decode networks-status annotation, error: could not unmarshal network-status annotation 
[31mERROR  [0m[Aug 24 17:18:43.069][pods.go: 62] Could not decode networks-status annotation, error: could not unmarshal network-status annotation 
[31mERROR  [0m[Aug 24 17:18:43.069][pods.go: 57] Could not decode networks-status annotation, error: could not unmarshal network-status annotation 
[31mERROR  [0m[Aug 24 17:18:43.069][pods.go: 62] Could not decode networks-status annotation, error: could not unmarshal network-status annotation 
[31mERROR  [0m[Aug 24 17:18:43.069][pods.go: 57] Could not decode networks-status annotation, error: could not unmarshal network-status annotation 
[31mERROR  [0m[Aug 24 17:18:43.069][pods.go: 62] Could not decode networks-status annotation, error: could not unmarshal network-status annotation 
[33mWARNING[0m[Aug 24 17:18:43.071][provider.go: 341] container: extract pod: d43224ecf8a90e2689f1b48690ce45a9c382a5ed2d2ce8b0d2fbba172a8xrtm ns: test is not ready yet. 
[33mWARNING[0m[Aug 24 17:18:43.071][provider.go: 357] container: extract pod: d43224ecf8a90e2689f1b48690ce45a9c382a5ed2d2ce8b0d2fbba172a8xrtm ns: test is not running (reason: terminated - Completed, restarts 0): some test cases might fail. 
[36mINFO   [0m[Aug 24 17:18:43.073][operators.go: 130] Found 2 unique CSVs                          
[36mINFO   [0m[Aug 24 17:18:43.073][operators.go: 132]   CSV: ibm-block-csi-operator.v1.11.1        
[36mINFO   [0m[Aug 24 17:18:43.073][operators.go: 132]   CSV: self-node-remediation.v0.6.1          
[36mINFO   [0m[Aug 24 17:18:43.110][operators.go: 185] Getting installplans for op ibm-block-csi-operator.v1.11.1 (subs ibm-block-csi-operator-stable-certified-operators-openshift-marketplace ns test) 
[36mINFO   [0m[Aug 24 17:18:43.158][operators.go: 185] Getting installplans for op self-node-remediation.v0.6.1 (subs self-node-remediation-v0-6-1-sub ns test) 
[36mINFO   [0m[Aug 24 17:18:43.159][provider.go: 290] Operators found: 2                           
[36mINFO   [0m[Aug 24 17:18:43.159][provider.go: 302] Completed the test environment build process in 4.74 seconds 
[33mWARNING[0m[Aug 24 17:18:43.168][suite.go: 50] LabelFilter is set but 'preflight' tests are not targeted. Skipping the preflight tests. 
Running Suite: CNF Certification Test Suite - /usr/tnf/cnf-certification-test
=============================================================================
Random Seed: [1m1692897502[0m

Will run [1m82[0m of [1m87[0m specs
[38;5;243m------------------------------[0m
[0mmanageability [0m[1mmanageability-containers-image-tag[0m [38;5;204m[extended, manageability-containers-image-tag, manageability][0m
[38;5;243m/usr/tnf/tnf-src/cnf-certification-test/manageability/suite.go:42[0m
  Container container: address-space-controller pod: address-space-controller-56c797f9ff-8g8xm ns: test is missing image tag(s)
  Container container: csi-driver-registrar pod: csi-cephfsplugin-9tnmk ns: test is missing image tag(s)
  Container container: csi-cephfsplugin pod: csi-cephfsplugin-9tnmk ns: test is missing image tag(s)
  Container container: csi-driver-registrar pod: csi-cephfsplugin-fxjb2 ns: test is missing image tag(s)
  Container container: csi-cephfsplugin pod: csi-cephfsplugin-fxjb2 ns: test is missing image tag(s)
  Container container: csi-driver-registrar pod: csi-cephfsplugin-jqqbf ns: test is missing image tag(s)
  Container container: csi-cephfsplugin pod: csi-cephfsplugin-jqqbf ns: test is missing image tag(s)
  Container container: csi-provisioner pod: csi-cephfsplugin-provisioner-7dc6567d6b-f84tr ns: test is missing image tag(s)
  Container container: csi-attacher pod: csi-cephfsplugin-provisioner-7dc6567d6b-f84tr ns: test is missing image tag(s)
  Container container: csi-resizer pod: csi-cephfsplugin-provisioner-7dc6567d6b-f84tr ns: test is missing image tag(s)
  Container container: csi-snapshotter pod: csi-cephfsplugin-provisioner-7dc6567d6b-f84tr ns: test is missing image tag(s)
  Container container: csi-cephfsplugin pod: csi-cephfsplugin-provisioner-7dc6567d6b-f84tr ns: test is missing image tag(s)
  Container container: csi-provisioner pod: csi-cephfsplugin-provisioner-7dc6567d6b-j5r2q ns: test is missing image tag(s)
  Container container: csi-attacher pod: csi-cephfsplugin-provisioner-7dc6567d6b-j5r2q ns: test is missing image tag(s)
  Container container: csi-resizer pod: csi-cephfsplugin-provisioner-7dc6567d6b-j5r2q ns: test is missing image tag(s)
  Container container: csi-snapshotter pod: csi-cephfsplugin-provisioner-7dc6567d6b-j5r2q ns: test is missing image tag(s)
  Container container: csi-cephfsplugin pod: csi-cephfsplugin-provisioner-7dc6567d6b-j5r2q ns: test is missing image tag(s)
  Container container: csi-driver-registrar pod: csi-rbdplugin-5h7hl ns: test is missing image tag(s)
  Container container: csi-rbdplugin pod: csi-rbdplugin-5h7hl ns: test is missing image tag(s)
  Container container: csi-addons pod: csi-rbdplugin-5h7hl ns: test is missing image tag(s)
  Container container: csi-driver-registrar pod: csi-rbdplugin-9fnkm ns: test is missing image tag(s)
  Container container: csi-rbdplugin pod: csi-rbdplugin-9fnkm ns: test is missing image tag(s)
  Container container: csi-addons pod: csi-rbdplugin-9fnkm ns: test is missing image tag(s)
  Container container: csi-driver-registrar pod: csi-rbdplugin-dh846 ns: test is missing image tag(s)
  Container container: csi-rbdplugin pod: csi-rbdplugin-dh846 ns: test is missing image tag(s)
  Container container: csi-addons pod: csi-rbdplugin-dh846 ns: test is missing image tag(s)
  Container container: csi-provisioner pod: csi-rbdplugin-provisioner-58fc6c8f5-4ccl7 ns: test is missing image tag(s)
  Container container: csi-attacher pod: csi-rbdplugin-provisioner-58fc6c8f5-4ccl7 ns: test is missing image tag(s)
  Container container: csi-resizer pod: csi-rbdplugin-provisioner-58fc6c8f5-4ccl7 ns: test is missing image tag(s)
  Container container: csi-snapshotter pod: csi-rbdplugin-provisioner-58fc6c8f5-4ccl7 ns: test is missing image tag(s)
  Container container: csi-rbdplugin pod: csi-rbdplugin-provisioner-58fc6c8f5-4ccl7 ns: test is missing image tag(s)
  Container container: csi-provisioner pod: csi-rbdplugin-provisioner-58fc6c8f5-wbs7k ns: test is missing image tag(s)
  Container container: csi-attacher pod: csi-rbdplugin-provisioner-58fc6c8f5-wbs7k ns: test is missing image tag(s)
  Container container: csi-resizer pod: csi-rbdplugin-provisioner-58fc6c8f5-wbs7k ns: test is missing image tag(s)
  Container container: csi-snapshotter pod: csi-rbdplugin-provisioner-58fc6c8f5-wbs7k ns: test is missing image tag(s)
  Container container: csi-rbdplugin pod: csi-rbdplugin-provisioner-58fc6c8f5-wbs7k ns: test is missing image tag(s)
  Container container: kube-rbac-proxy pod: devworkspace-webhook-server-85d9f8bbfc-cj6z5 ns: test is missing image tag(s)
  Container container: webhook-server pod: devworkspace-webhook-server-85d9f8bbfc-cj6z5 ns: test is missing image tag(s)
  Container container: security-profiles-operator pod: security-profiles-operator-webhook-d844fd745-2vvs5 ns: test is missing image tag(s)
  Container container: security-profiles-operator pod: security-profiles-operator-webhook-d844fd745-6ngkl ns: test is missing image tag(s)
  Container container: security-profiles-operator pod: security-profiles-operator-webhook-d844fd745-hvr8w ns: test is missing image tag(s)
  Container container: manager pod: self-node-remediation-controller-manager-75cc45b9b4-gl92f ns: test is missing image tag(s)
  Container container: manager pod: self-node-remediation-ds-2h42m ns: test is missing image tag(s)
  Container container: manager pod: self-node-remediation-ds-d7w7z ns: test is missing image tag(s)
  Container container: manager pod: self-node-remediation-ds-dn578 ns: test is missing image tag(s)
  Container container: manager pod: self-node-remediation-ds-ljrjl ns: test is missing image tag(s)
  Container container: manager pod: self-node-remediation-ds-nq5rj ns: test is missing image tag(s)
  Container container: manager pod: self-node-remediation-ds-vzv4c ns: test is missing image tag(s)
  {"CompliantObjectsOut":[{"ObjectType":"Container","ObjectFieldsKeys":["Reason For Compliance","Namespace","Pod Name","Container Name"],"ObjectFieldsValues":["Container is tagged","test","1d9ecea6bd177d0eecc89426d7658502fcab44c3e2bce4b3b1a40ed89fd444a","registry-grpc"]},{"ObjectType":"Container","ObjectFieldsKeys":["Reason For Compliance","Namespace","Pod Name","Container Name"],"ObjectFieldsValues":["Container is tagged","test","8a8cfcebba4b17fa6cfa99b3ef430af272c5237476dba4665803a90adfd5d2a","registry-grpc"]}],"NonCompliantObjectsOut":[{"ObjectType":"Container","ObjectFieldsKeys":["Reason For Non Compliance","Namespace","Pod Name","Container Name"],"ObjectFieldsValues":["Container is missing image tag(s)","test","address-space-controller-56c797f9ff-8g8xm","address-space-controller"]},{"ObjectType":"Container","ObjectFieldsKeys":["Reason For Non Compliance","Namespace","Pod Name","Container Name"],"ObjectFieldsValues":["Container is missing image tag(s)","test","csi-cephfsplugin-9tnmk","csi-driver-registrar"]},{"ObjectType":"Container","ObjectFieldsKeys":["Reason For Non Compliance","Namespace","Pod Name","Container Name"],"ObjectFieldsValues":["Container is missing image tag(s)","test","csi-cephfsplugin-9tnmk","csi-cephfsplugin"]},{"ObjectType":"Container","ObjectFieldsKeys":["Reason For Non Compliance","Namespace","Pod Name","Container Name"],"ObjectFieldsValues":["Container is missing image tag(s)","test","csi-cephfsplugin-fxjb2","csi-driver-registrar"]},{"ObjectType":"Container","ObjectFieldsKeys":["Reason For Non Compliance","Namespace","Pod Name","Container Name"],"ObjectFieldsValues":["Container is missing image tag(s)","test","csi-cephfsplugin-fxjb2","csi-cephfsplugin"]},{"ObjectType":"Container","ObjectFieldsKeys":["Reason For Non Compliance","Namespace","Pod Name","Container Name"],"ObjectFieldsValues":["Container is missing image tag(s)","test","csi-cephfsplugin-jqqbf","csi-driver-registrar"]},{"ObjectType":"Container","ObjectFieldsKeys":["Reason For Non Compliance","Namespace","Pod Name","Container Name"],"ObjectFieldsValues":["Container is missing image tag(s)","test","csi-cephfsplugin-jqqbf","csi-cephfsplugin"]},{"ObjectType":"Container","ObjectFieldsKeys":["Reason For Non Compliance","Namespace","Pod Name","Container Name"],"ObjectFieldsValues":["Container is missing image tag(s)","test","csi-cephfsplugin-provisioner-7dc6567d6b-f84tr","csi-provisioner"]},{"ObjectType":"Container","ObjectFieldsKeys":["Reason For Non Compliance","Namespace","Pod Name","Container Name"],"ObjectFieldsValues":["Container is missing image tag(s)","test","csi-cephfsplugin-provisioner-7dc6567d6b-f84tr","csi-attacher"]},{"ObjectType":"Container","ObjectFieldsKeys":["Reason For Non Compliance","Namespace","Pod Name","Container Name"],"ObjectFieldsValues":["Container is missing image tag(s)","test","csi-cephfsplugin-provisioner-7dc6567d6b-f84tr","csi-resizer"]},{"ObjectType":"Container","ObjectFieldsKeys":["Reason For Non Compliance","Namespace","Pod Name","Container Name"],"ObjectFieldsValues":["Container is missing image tag(s)","test","csi-cephfsplugin-provisioner-7dc6567d6b-f84tr","csi-snapshotter"]},{"ObjectType":"Container","ObjectFieldsKeys":["Reason For Non Compliance","Namespace","Pod Name","Container Name"],"ObjectFieldsValues":["Container is missing image tag(s)","test","csi-cephfsplugin-provisioner-7dc6567d6b-f84tr","csi-cephfsplugin"]},{"ObjectType":"Container","ObjectFieldsKeys":["Reason For Non Compliance","Namespace","Pod Name","Container Name"],"ObjectFieldsValues":["Container is missing image tag(s)","test","csi-cephfsplugin-provisioner-7dc6567d6b-j5r2q","csi-provisioner"]},{"ObjectType":"Container","ObjectFieldsKeys":["Reason For Non Compliance","Namespace","Pod Name","Container Name"],"ObjectFieldsValues":["Container is missing image tag(s)","test","csi-cephfsplugin-provisioner-7dc6567d6b-j5r2q","csi-attacher"]},{"ObjectType":"Container","ObjectFieldsKeys":["Reason For Non Compliance","Namespace","Pod Name","Container Name"],"ObjectFieldsValues":["Container is missing image tag(s)","test","csi-cephfsplugin-provisioner-7dc6567d6b-j5r2q","csi-resizer"]},{"ObjectType":"Container","ObjectFieldsKeys":["Reason For Non Compliance","Namespace","Pod Name","Container Name"],"ObjectFieldsValues":["Container is missing image tag(s)","test","csi-cephfsplugin-provisioner-7dc6567d6b-j5r2q","csi-snapshotter"]},{"ObjectType":"Container","ObjectFieldsKeys":["Reason For Non Compliance","Namespace","Pod Name","Container Name"],"ObjectFieldsValues":["Container is missing image tag(s)","test","csi-cephfsplugin-provisioner-7dc6567d6b-j5r2q","csi-cephfsplugin"]},{"ObjectType":"Container","ObjectFieldsKeys":["Reason For Non Compliance","Namespace","Pod Name","Container Name"],"ObjectFieldsValues":["Container is missing image tag(s)","test","csi-rbdplugin-5h7hl","csi-driver-registrar"]},{"ObjectType":"Container","ObjectFieldsKeys":["Reason For Non Compliance","Namespace","Pod Name","Container Name"],"ObjectFieldsValues":["Container is missing image tag(s)","test","csi-rbdplugin-5h7hl","csi-rbdplugin"]},{"ObjectType":"Container","ObjectFieldsKeys":["Reason For Non Compliance","Namespace","Pod Name","Container Name"],"ObjectFieldsValues":["Container is missing image tag(s)","test","csi-rbdplugin-5h7hl","csi-addons"]},{"ObjectType":"Container","ObjectFieldsKeys":["Reason For Non Compliance","Namespace","Pod Name","Container Name"],"ObjectFieldsValues":["Container is missing image tag(s)","test","csi-rbdplugin-9fnkm","csi-driver-registrar"]},{"ObjectType":"Container","ObjectFieldsKeys":["Reason For Non Compliance","Namespace","Pod Name","Container Name"],"ObjectFieldsValues":["Container is missing image tag(s)","test","csi-rbdplugin-9fnkm","csi-rbdplugin"]},{"ObjectType":"Container","ObjectFieldsKeys":["Reason For Non Compliance","Namespace","Pod Name","Container Name"],"ObjectFieldsValues":["Container is missing image tag(s)","test","csi-rbdplugin-9fnkm","csi-addons"]},{"ObjectType":"Container","ObjectFieldsKeys":["Reason For Non Compliance","Namespace","Pod Name","Container Name"],"ObjectFieldsValues":["Container is missing image tag(s)","test","csi-rbdplugin-dh846","csi-driver-registrar"]},{"ObjectType":"Container","ObjectFieldsKeys":["Reason For Non Compliance","Namespace","Pod Name","Container Name"],"ObjectFieldsValues":["Container is missing image tag(s)","test","csi-rbdplugin-dh846","csi-rbdplugin"]},{"ObjectType":"Container","ObjectFieldsKeys":["Reason For Non Compliance","Namespace","Pod Name","Container Name"],"ObjectFieldsValues":["Container is missing image tag(s)","test","csi-rbdplugin-dh846","csi-addons"]},{"ObjectType":"Container","ObjectFieldsKeys":["Reason For Non Compliance","Namespace","Pod Name","Container Name"],"ObjectFieldsValues":["Container is missing image tag(s)","test","csi-rbdplugin-provisioner-58fc6c8f5-4ccl7","csi-provisioner"]},{"ObjectType":"Container","ObjectFieldsKeys":["Reason For Non Compliance","Namespace","Pod Name","Container Name"],"ObjectFieldsValues":["Container is missing image tag(s)","test","csi-rbdplugin-provisioner-58fc6c8f5-4ccl7","csi-attacher"]},{"ObjectType":"Container","ObjectFieldsKeys":["Reason For Non Compliance","Namespace","Pod Name","Container Name"],"ObjectFieldsValues":["Container is missing image tag(s)","test","csi-rbdplugin-provisioner-58fc6c8f5-4ccl7","csi-resizer"]},{"ObjectType":"Container","ObjectFieldsKeys":["Reason For Non Compliance","Namespace","Pod Name","Container Name"],"ObjectFieldsValues":["Container is missing image tag(s)","test","csi-rbdplugin-provisioner-58fc6c8f5-4ccl7","csi-snapshotter"]},{"ObjectType":"Container","ObjectFieldsKeys":["Reason For Non Compliance","Namespace","Pod Name","Container Name"],"ObjectFieldsValues":["Container is missing image tag(s)","test","csi-rbdplugin-provisioner-58fc6c8f5-4ccl7","csi-rbdplugin"]},{"ObjectType":"Container","ObjectFieldsKeys":["Reason For Non Compliance","Namespace","Pod Name","Container Name"],"ObjectFieldsValues":["Container is missing image tag(s)","test","csi-rbdplugin-provisioner-58fc6c8f5-wbs7k","csi-provisioner"]},{"ObjectType":"Container","ObjectFieldsKeys":["Reason For Non Compliance","Namespace","Pod Name","Container Name"],"ObjectFieldsValues":["Container is missing image tag(s)","test","csi-rbdplugin-provisioner-58fc6c8f5-wbs7k","csi-attacher"]},{"ObjectType":"Container","ObjectFieldsKeys":["Reason For Non Compliance","Namespace","Pod Name","Container Name"],"ObjectFieldsValues":["Container is missing image tag(s)","test","csi-rbdplugin-provisioner-58fc6c8f5-wbs7k","csi-resizer"]},{"ObjectType":"Container","ObjectFieldsKeys":["Reason For Non Compliance","Namespace","Pod Name","Container Name"],"ObjectFieldsValues":["Container is missing image tag(s)","test","csi-rbdplugin-provisioner-58fc6c8f5-wbs7k","csi-snapshotter"]},{"ObjectType":"Container","ObjectFieldsKeys":["Reason For Non Compliance","Namespace","Pod Name","Container Name"],"ObjectFieldsValues":["Container is missing image tag(s)","test","csi-rbdplugin-provisioner-58fc6c8f5-wbs7k","csi-rbdplugin"]},{"ObjectType":"Container","ObjectFieldsKeys":["Reason For Non Compliance","Namespace","Pod Name","Container Name"],"ObjectFieldsValues":["Container is missing image tag(s)","test","devworkspace-webhook-server-85d9f8bbfc-cj6z5","kube-rbac-proxy"]},{"ObjectType":"Container","ObjectFieldsKeys":["Reason For Non Compliance","Namespace","Pod Name","Container Name"],"ObjectFieldsValues":["Container is missing image tag(s)","test","devworkspace-webhook-server-85d9f8bbfc-cj6z5","webhook-server"]},{"ObjectType":"Container","ObjectFieldsKeys":["Reason For Non Compliance","Namespace","Pod Name","Container Name"],"ObjectFieldsValues":["Container is missing image tag(s)","test","security-profiles-operator-webhook-d844fd745-2vvs5","security-profiles-operator"]},{"ObjectType":"Container","ObjectFieldsKeys":["Reason For Non Compliance","Namespace","Pod Name","Container Name"],"ObjectFieldsValues":["Container is missing image tag(s)","test","security-profiles-operator-webhook-d844fd745-6ngkl","security-profiles-operator"]},{"ObjectType":"Container","ObjectFieldsKeys":["Reason For Non Compliance","Namespace","Pod Name","Container Name"],"ObjectFieldsValues":["Container is missing image tag(s)","test","security-profiles-operator-webhook-d844fd745-hvr8w","security-profiles-operator"]},{"ObjectType":"Container","ObjectFieldsKeys":["Reason For Non Compliance","Namespace","Pod Name","Container Name"],"ObjectFieldsValues":["Container is missing image tag(s)","test","self-node-remediation-controller-manager-75cc45b9b4-gl92f","manager"]},{"ObjectType":"Container","ObjectFieldsKeys":["Reason For Non Compliance","Namespace","Pod Name","Container Name"],"ObjectFieldsValues":["Container is missing image tag(s)","test","self-node-remediation-ds-2h42m","manager"]},{"ObjectType":"Container","ObjectFieldsKeys":["Reason For Non Compliance","Namespace","Pod Name","Container Name"],"ObjectFieldsValues":["Container is missing image tag(s)","test","self-node-remediation-ds-d7w7z","manager"]},{"ObjectType":"Container","ObjectFieldsKeys":["Reason For Non Compliance","Namespace","Pod Name","Container Name"],"ObjectFieldsValues":["Container is missing image tag(s)","test","self-node-remediation-ds-dn578","manager"]},{"ObjectType":"Container","ObjectFieldsKeys":["Reason For Non Compliance","Namespace","Pod Name","Container Name"],"ObjectFieldsValues":["Container is missing image tag(s)","test","self-node-remediation-ds-ljrjl","manager"]},{"ObjectType":"Container","ObjectFieldsKeys":["Reason For Non Compliance","Namespace","Pod Name","Container Name"],"ObjectFieldsValues":["Container is missing image tag(s)","test","self-node-remediation-ds-nq5rj","manager"]},{"ObjectType":"Container","ObjectFieldsKeys":["Reason For Non Compliance","Namespace","Pod Name","Container Name"],"ObjectFieldsValues":["Container is missing image tag(s)","test","self-node-remediation-ds-vzv4c","manager"]}]}
  [38;5;9m[FAILED][0m in [It] - /usr/tnf/tnf-src/pkg/testhelper/testhelper.go:358 [38;5;243m@ 08/24/23 17:18:43.182[0m
[38;5;9m• [FAILED] [0.007 seconds][0m
[0mmanageability [38;5;9m[1m[It] manageability-containers-image-tag[0m [38;5;204m[extended, manageability-containers-image-tag, manageability][0m
[38;5;243m/usr/tnf/tnf-src/cnf-certification-test/manageability/suite.go:42[0m

  [38;5;9m[FAILED] {"CompliantObjectsOut":[{"ObjectType":"Container","ObjectFieldsKeys":["Reason For Compliance","Namespace","Pod Name","Container Name"],"ObjectFieldsValues":["Container is tagged","test","1d9ecea6bd177d0eecc89426d7658502fcab44c3e2bce4b3b1a40ed89fd444a","registry-grpc"]},{"ObjectType":"Container","ObjectFieldsKeys":["Reason For Compliance","Namespace","Pod Name","Container Name"],"ObjectFieldsValues":["Container is tagged","test","8a8cfcebba4b17fa6cfa99b3ef430af272c5237476dba4665803a90adfd5d2a","registry-grpc"]}],"NonCompliantObjectsOut":[{"ObjectType":"Container","ObjectFieldsKeys":["Reason For Non Compliance","Namespace","Pod Name","Container Name"],"ObjectFieldsValues":["Container is missing image tag(s)","test","address-space-controller-56c797f9ff-8g8xm","address-space-controller"]},{"ObjectType":"Container","ObjectFieldsKeys":["Reason For Non Compliance","Namespace","Pod Name","Container Name"],"ObjectFieldsValues":["Container is missing image tag(s)","test","csi-cephfsplugin-9tnmk","csi-driver-registrar"]},{"ObjectType":"Container","ObjectFieldsKeys":["Reason For Non Compliance","Namespace","Pod Name","Container Name"],"ObjectFieldsValues":["Container is missing image tag(s)","test","csi-cephfsplugin-9tnmk","csi-cephfsplugin"]},{"ObjectType":"Container","ObjectFieldsKeys":["Reason For Non Compliance","Namespace","Pod Name","Container Name"],"ObjectFieldsValues":["Container is missing image tag(s)","test","csi-cephfsplugin-fxjb2","csi-driver-registrar"]},{"ObjectType":"Container","ObjectFieldsKeys":["Reason For Non Compliance","Namespace","Pod Name","Container Name"],"ObjectFieldsValues":["Container is missing image tag(s)","test","csi-cephfsplugin-fxjb2","csi-cephfsplugin"]},{"ObjectType":"Container","ObjectFieldsKeys":["Reason For Non Compliance","Namespace","Pod Name","Container Name"],"ObjectFieldsValues":["Container is missing image tag(s)","test","csi-cephfsplugin-jqqbf","csi-driver-registrar"]},{"ObjectType":"Container","ObjectFieldsKeys":["Reason For Non Compliance","Namespace","Pod Name","Container Name"],"ObjectFieldsValues":["Container is missing image tag(s)","test","csi-cephfsplugin-jqqbf","csi-cephfsplugin"]},{"ObjectType":"Container","ObjectFieldsKeys":["Reason For Non Compliance","Namespace","Pod Name","Container Name"],"ObjectFieldsValues":["Container is missing image tag(s)","test","csi-cephfsplugin-provisioner-7dc6567d6b-f84tr","csi-provisioner"]},{"ObjectType":"Container","ObjectFieldsKeys":["Reason For Non Compliance","Namespace","Pod Name","Container Name"],"ObjectFieldsValues":["Container is missing image tag(s)","test","csi-cephfsplugin-provisioner-7dc6567d6b-f84tr","csi-attacher"]},{"ObjectType":"Container","ObjectFieldsKeys":["Reason For Non Compliance","Namespace","Pod Name","Container Name"],"ObjectFieldsValues":["Container is missing image tag(s)","test","csi-cephfsplugin-provisioner-7dc6567d6b-f84tr","csi-resizer"]},{"ObjectType":"Container","ObjectFieldsKeys":["Reason For Non Compliance","Namespace","Pod Name","Container Name"],"ObjectFieldsValues":["Container is missing image tag(s)","test","csi-cephfsplugin-provisioner-7dc6567d6b-f84tr","csi-snapshotter"]},{"ObjectType":"Container","ObjectFieldsKeys":["Reason For Non Compliance","Namespace","Pod Name","Container Name"],"ObjectFieldsValues":["Container is missing image tag(s)","test","csi-cephfsplugin-provisioner-7dc6567d6b-f84tr","csi-cephfsplugin"]},{"ObjectType":"Container","ObjectFieldsKeys":["Reason For Non Compliance","Namespace","Pod Name","Container Name"],"ObjectFieldsValues":["Container is missing image tag(s)","test","csi-cephfsplugin-provisioner-7dc6567d6b-j5r2q","csi-provisioner"]},{"ObjectType":"Container","ObjectFieldsKeys":["Reason For Non Compliance","Namespace","Pod Name","Container Name"],"ObjectFieldsValues":["Container is missing image tag(s)","test","csi-cephfsplugin-provisioner-7dc6567d6b-j5r2q","csi-attacher"]},{"ObjectType":"Container","ObjectFieldsKeys":["Reason For Non Compliance","Namespace","Pod Name","Container Name"],"ObjectFieldsValues":["Container is missing image tag(s)","test","csi-cephfsplugin-provisioner-7dc6567d6b-j5r2q","csi-resizer"]},{"ObjectType":"Container","ObjectFieldsKeys":["Reason For Non Compliance","Namespace","Pod Name","Container Name"],"ObjectFieldsValues":["Container is missing image tag(s)","test","csi-cephfsplugin-provisioner-7dc6567d6b-j5r2q","csi-snapshotter"]},{"ObjectType":"Container","ObjectFieldsKeys":["Reason For Non Compliance","Namespace","Pod Name","Container Name"],"ObjectFieldsValues":["Container is missing image tag(s)","test","csi-cephfsplugin-provisioner-7dc6567d6b-j5r2q","csi-cephfsplugin"]},{"ObjectType":"Container","ObjectFieldsKeys":["Reason For Non Compliance","Namespace","Pod Name","Container Name"],"ObjectFieldsValues":["Container is missing image tag(s)","test","csi-rbdplugin-5h7hl","csi-driver-registrar"]},{"ObjectType":"Container","ObjectFieldsKeys":["Reason For Non Compliance","Namespace","Pod Name","Container Name"],"ObjectFieldsValues":["Container is missing image tag(s)","test","csi-rbdplugin-5h7hl","csi-rbdplugin"]},{"ObjectType":"Container","ObjectFieldsKeys":["Reason For Non Compliance","Namespace","Pod Name","Container Name"],"ObjectFieldsValues":["Container is missing image tag(s)","test","csi-rbdplugin-5h7hl","csi-addons"]},{"ObjectType":"Container","ObjectFieldsKeys":["Reason For Non Compliance","Namespace","Pod Name","Container Name"],"ObjectFieldsValues":["Container is missing image tag(s)","test","csi-rbdplugin-9fnkm","csi-driver-registrar"]},{"ObjectType":"Container","ObjectFieldsKeys":["Reason For Non Compliance","Namespace","Pod Name","Container Name"],"ObjectFieldsValues":["Container is missing image tag(s)","test","csi-rbdplugin-9fnkm","csi-rbdplugin"]},{"ObjectType":"Container","ObjectFieldsKeys":["Reason For Non Compliance","Namespace","Pod Name","Container Name"],"ObjectFieldsValues":["Container is missing image tag(s)","test","csi-rbdplugin-9fnkm","csi-addons"]},{"ObjectType":"Container","ObjectFieldsKeys":["Reason For Non Compliance","Namespace","Pod Name","Container Name"],"ObjectFieldsValues":["Container is missing image tag(s)","test","csi-rbdplugin-dh846","csi-driver-registrar"]},{"ObjectType":"Container","ObjectFieldsKeys":["Reason For Non Compliance","Namespace","Pod Name","Container Name"],"ObjectFieldsValues":["Container is missing image tag(s)","test","csi-rbdplugin-dh846","csi-rbdplugin"]},{"ObjectType":"Container","ObjectFieldsKeys":["Reason For Non Compliance","Namespace","Pod Name","Container Name"],"ObjectFieldsValues":["Container is missing image tag(s)","test","csi-rbdplugin-dh846","csi-addons"]},{"ObjectType":"Container","ObjectFieldsKeys":["Reason For Non Compliance","Namespace","Pod Name","Container Name"],"ObjectFieldsValues":["Container is missing image tag(s)","test","csi-rbdplugin-provisioner-58fc6c8f5-4ccl7","csi-provisioner"]},{"ObjectType":"Container","ObjectFieldsKeys":["Reason For Non Compliance","Namespace","Pod Name","Container Name"],"ObjectFieldsValues":["Container is missing image tag(s)","test","csi-rbdplugin-provisioner-58fc6c8f5-4ccl7","csi-attacher"]},{"ObjectType":"Container","ObjectFieldsKeys":["Reason For Non Compliance","Namespace","Pod Name","Container Name"],"ObjectFieldsValues":["Container is missing image tag(s)","test","csi-rbdplugin-provisioner-58fc6c8f5-4ccl7","csi-resizer"]},{"ObjectType":"Container","ObjectFieldsKeys":["Reason For Non Compliance","Namespace","Pod Name","Container Name"],"ObjectFieldsValues":["Container is missing image tag(s)","test","csi-rbdplugin-provisioner-58fc6c8f5-4ccl7","csi-snapshotter"]},{"ObjectType":"Container","ObjectFieldsKeys":["Reason For Non Compliance","Namespace","Pod Name","Container Name"],"ObjectFieldsValues":["Container is missing image tag(s)","test","csi-rbdplugin-provisioner-58fc6c8f5-4ccl7","csi-rbdplugin"]},{"ObjectType":"Container","ObjectFieldsKeys":["Reason For Non Compliance","Namespace","Pod Name","Container Name"],"ObjectFieldsValues":["Container is missing image tag(s)","test","csi-rbdplugin-provisioner-58fc6c8f5-wbs7k","csi-provisioner"]},{"ObjectType":"Container","ObjectFieldsKeys":["Reason For Non Compliance","Namespace","Pod Name","Container Name"],"ObjectFieldsValues":["Container is missing image tag(s)","test","csi-rbdplugin-provisioner-58fc6c8f5-wbs7k","csi-attacher"]},{"ObjectType":"Container","ObjectFieldsKeys":["Reason For Non Compliance","Namespace","Pod Name","Container Name"],"ObjectFieldsValues":["Container is missing image tag(s)","test","csi-rbdplugin-provisioner-58fc6c8f5-wbs7k","csi-resizer"]},{"ObjectType":"Container","ObjectFieldsKeys":["Reason For Non Compliance","Namespace","Pod Name","Container Name"],"ObjectFieldsValues":["Container is missing image tag(s)","test","csi-rbdplugin-provisioner-58fc6c8f5-wbs7k","csi-snapshotter"]},{"ObjectType":"Container","ObjectFieldsKeys":["Reason For Non Compliance","Namespace","Pod Name","Container Name"],"ObjectFieldsValues":["Container is missing image tag(s)","test","csi-rbdplugin-provisioner-58fc6c8f5-wbs7k","csi-rbdplugin"]},{"ObjectType":"Container","ObjectFieldsKeys":["Reason For Non Compliance","Namespace","Pod Name","Container Name"],"ObjectFieldsValues":["Container is missing image tag(s)","test","devworkspace-webhook-server-85d9f8bbfc-cj6z5","kube-rbac-proxy"]},{"ObjectType":"Container","ObjectFieldsKeys":["Reason For Non Compliance","Namespace","Pod Name","Container Name"],"ObjectFieldsValues":["Container is missing image tag(s)","test","devworkspace-webhook-server-85d9f8bbfc-cj6z5","webhook-server"]},{"ObjectType":"Container","ObjectFieldsKeys":["Reason For Non Compliance","Namespace","Pod Name","Container Name"],"ObjectFieldsValues":["Container is missing image tag(s)","test","security-profiles-operator-webhook-d844fd745-2vvs5","security-profiles-operator"]},{"ObjectType":"Container","ObjectFieldsKeys":["Reason For Non Compliance","Namespace","Pod Name","Container Name"],"ObjectFieldsValues":["Container is missing image tag(s)","test","security-profiles-operator-webhook-d844fd745-6ngkl","security-profiles-operator"]},{"ObjectType":"Container","ObjectFieldsKeys":["Reason For Non Compliance","Namespace","Pod Name","Container Name"],"ObjectFieldsValues":["Container is missing image tag(s)","test","security-profiles-operator-webhook-d844fd745-hvr8w","security-profiles-operator"]},{"ObjectType":"Container","ObjectFieldsKeys":["Reason For Non Compliance","Namespace","Pod Name","Container Name"],"ObjectFieldsValues":["Container is missing image tag(s)","test","self-node-remediation-controller-manager-75cc45b9b4-gl92f","manager"]},{"ObjectType":"Container","ObjectFieldsKeys":["Reason For Non Compliance","Namespace","Pod Name","Container Name"],"ObjectFieldsValues":["Container is missing image tag(s)","test","self-node-remediation-ds-2h42m","manager"]},{"ObjectType":"Container","ObjectFieldsKeys":["Reason For Non Compliance","Namespace","Pod Name","Container Name"],"ObjectFieldsValues":["Container is missing image tag(s)","test","self-node-remediation-ds-d7w7z","manager"]},{"ObjectType":"Container","ObjectFieldsKeys":["Reason For Non Compliance","Namespace","Pod Name","Container Name"],"ObjectFieldsValues":["Container is missing image tag(s)","test","self-node-remediation-ds-dn578","manager"]},{"ObjectType":"Container","ObjectFieldsKeys":["Reason For Non Compliance","Namespace","Pod Name","Container Name"],"ObjectFieldsValues":["Container is missing image tag(s)","test","self-node-remediation-ds-ljrjl","manager"]},{"ObjectType":"Container","ObjectFieldsKeys":["Reason For Non Compliance","Namespace","Pod Name","Container Name"],"ObjectFieldsValues":["Container is missing image tag(s)","test","self-node-remediation-ds-nq5rj","manager"]},{"ObjectType":"Container","ObjectFieldsKeys":["Reason For Non Compliance","Namespace","Pod Name","Container Name"],"ObjectFieldsValues":["Container is missing image tag(s)","test","self-node-remediation-ds-vzv4c","manager"]}]}[0m
  [38;5;9mIn [1m[It][0m[38;5;9m at: [1m/usr/tnf/tnf-src/pkg/testhelper/testhelper.go:358[0m [38;5;243m@ 08/24/23 17:18:43.182[0m
[38;5;243m------------------------------[0m
[0mmanageability [0m[1mmanageability-container-port-name-format[0m [38;5;204m[extended, manageability-container-port-name-format, manageability][0m
[38;5;243m/usr/tnf/tnf-src/cnf-certification-test/manageability/suite.go:48[0m
  container: csi-addons pod: csi-rbdplugin-5h7hl ns: test: ContainerPort  does not follow the partner naming conventions
  container: csi-addons pod: csi-rbdplugin-9fnkm ns: test: ContainerPort  does not follow the partner naming conventions
  container: csi-addons pod: csi-rbdplugin-dh846 ns: test: ContainerPort  does not follow the partner naming conventions
  container: kube-rbac-proxy pod: devworkspace-webhook-server-85d9f8bbfc-cj6z5 ns: test: ContainerPort metrics does not follow the partner naming conventions
  container: webhook-server pod: devworkspace-webhook-server-85d9f8bbfc-cj6z5 ns: test: ContainerPort webhook-server does not follow the partner naming conventions
  container: webhook-server pod: devworkspace-webhook-server-85d9f8bbfc-cj6z5 ns: test: ContainerPort liveness-port does not follow the partner naming conventions
  container: security-profiles-operator pod: security-profiles-operator-webhook-d844fd745-2vvs5 ns: test: ContainerPort webhook does not follow the partner naming conventions
  container: security-profiles-operator pod: security-profiles-operator-webhook-d844fd745-6ngkl ns: test: ContainerPort webhook does not follow the partner naming conventions
  container: security-profiles-operator pod: security-profiles-operator-webhook-d844fd745-hvr8w ns: test: ContainerPort webhook does not follow the partner naming conventions
  container: manager pod: self-node-remediation-controller-manager-75cc45b9b4-gl92f ns: test: ContainerPort webhook-server does not follow the partner naming conventions
  container: manager pod: self-node-remediation-ds-2h42m ns: test: ContainerPort self-n-r-port does not follow the partner naming conventions
  container: manager pod: self-node-remediation-ds-d7w7z ns: test: ContainerPort self-n-r-port does not follow the partner naming conventions
  container: manager pod: self-node-remediation-ds-dn578 ns: test: ContainerPort self-n-r-port does not follow the partner naming conventions
  container: manager pod: self-node-remediation-ds-ljrjl ns: test: ContainerPort self-n-r-port does not follow the partner naming conventions
  container: manager pod: self-node-remediation-ds-nq5rj ns: test: ContainerPort self-n-r-port does not follow the partner naming conventions
  container: manager pod: self-node-remediation-ds-vzv4c ns: test: ContainerPort self-n-r-port does not follow the partner naming conventions
  {"CompliantObjectsOut":[{"ObjectType":"Container","ObjectFieldsKeys":["Reason For Compliance","Namespace","Pod Name","Container Name","Container Port"],"ObjectFieldsValues":["ContainerPort follows the partner naming conventions","test","1d9ecea6bd177d0eecc89426d7658502fcab44c3e2bce4b3b1a40ed89fd444a","registry-grpc","grpc"]},{"ObjectType":"Container","ObjectFieldsKeys":["Reason For Compliance","Namespace","Pod Name","Container Name","Container Port"],"ObjectFieldsValues":["ContainerPort follows the partner naming conventions","test","8a8cfcebba4b17fa6cfa99b3ef430af272c5237476dba4665803a90adfd5d2a","registry-grpc","grpc"]},{"ObjectType":"Container","ObjectFieldsKeys":["Reason For Compliance","Namespace","Pod Name","Container Name","Container Port"],"ObjectFieldsValues":["ContainerPort follows the partner naming conventions","test","address-space-controller-56c797f9ff-8g8xm","address-space-controller","http"]}],"NonCompliantObjectsOut":[{"ObjectType":"Container","ObjectFieldsKeys":["Reason For Non Compliance","Namespace","Pod Name","Container Name","Container Port"],"ObjectFieldsValues":["ContainerPort does not follow the partner naming conventions","test","csi-rbdplugin-5h7hl","csi-addons",""]},{"ObjectType":"Container","ObjectFieldsKeys":["Reason For Non Compliance","Namespace","Pod Name","Container Name","Container Port"],"ObjectFieldsValues":["ContainerPort does not follow the partner naming conventions","test","csi-rbdplugin-9fnkm","csi-addons",""]},{"ObjectType":"Container","ObjectFieldsKeys":["Reason For Non Compliance","Namespace","Pod Name","Container Name","Container Port"],"ObjectFieldsValues":["ContainerPort does not follow the partner naming conventions","test","csi-rbdplugin-dh846","csi-addons",""]},{"ObjectType":"Container","ObjectFieldsKeys":["Reason For Non Compliance","Namespace","Pod Name","Container Name","Container Port"],"ObjectFieldsValues":["ContainerPort does not follow the partner naming conventions","test","devworkspace-webhook-server-85d9f8bbfc-cj6z5","kube-rbac-proxy","metrics"]},{"ObjectType":"Container","ObjectFieldsKeys":["Reason For Non Compliance","Namespace","Pod Name","Container Name","Container Port"],"ObjectFieldsValues":["ContainerPort does not follow the partner naming conventions","test","devworkspace-webhook-server-85d9f8bbfc-cj6z5","webhook-server","webhook-server"]},{"ObjectType":"Container","ObjectFieldsKeys":["Reason For Non Compliance","Namespace","Pod Name","Container Name","Container Port"],"ObjectFieldsValues":["ContainerPort does not follow the partner naming conventions","test","devworkspace-webhook-server-85d9f8bbfc-cj6z5","webhook-server","liveness-port"]},{"ObjectType":"Container","ObjectFieldsKeys":["Reason For Non Compliance","Namespace","Pod Name","Container Name","Container Port"],"ObjectFieldsValues":["ContainerPort does not follow the partner naming conventions","test","security-profiles-operator-webhook-d844fd745-2vvs5","security-profiles-operator","webhook"]},{"ObjectType":"Container","ObjectFieldsKeys":["Reason For Non Compliance","Namespace","Pod Name","Container Name","Container Port"],"ObjectFieldsValues":["ContainerPort does not follow the partner naming conventions","test","security-profiles-operator-webhook-d844fd745-6ngkl","security-profiles-operator","webhook"]},{"ObjectType":"Container","ObjectFieldsKeys":["Reason For Non Compliance","Namespace","Pod Name","Container Name","Container Port"],"ObjectFieldsValues":["ContainerPort does not follow the partner naming conventions","test","security-profiles-operator-webhook-d844fd745-hvr8w","security-profiles-operator","webhook"]},{"ObjectType":"Container","ObjectFieldsKeys":["Reason For Non Compliance","Namespace","Pod Name","Container Name","Container Port"],"ObjectFieldsValues":["ContainerPort does not follow the partner naming conventions","test","self-node-remediation-controller-manager-75cc45b9b4-gl92f","manager","webhook-server"]},{"ObjectType":"Container","ObjectFieldsKeys":["Reason For Non Compliance","Namespace","Pod Name","Container Name","Container Port"],"ObjectFieldsValues":["ContainerPort does not follow the partner naming conventions","test","self-node-remediation-ds-2h42m","manager","self-n-r-port"]},{"ObjectType":"Container","ObjectFieldsKeys":["Reason For Non Compliance","Namespace","Pod Name","Container Name","Container Port"],"ObjectFieldsValues":["ContainerPort does not follow the partner naming conventions","test","self-node-remediation-ds-d7w7z","manager","self-n-r-port"]},{"ObjectType":"Container","ObjectFieldsKeys":["Reason For Non Compliance","Namespace","Pod Name","Container Name","Container Port"],"ObjectFieldsValues":["ContainerPort does not follow the partner naming conventions","test","self-node-remediation-ds-dn578","manager","self-n-r-port"]},{"ObjectType":"Container","ObjectFieldsKeys":["Reason For Non Compliance","Namespace","Pod Name","Container Name","Container Port"],"ObjectFieldsValues":["ContainerPort does not follow the partner naming conventions","test","self-node-remediation-ds-ljrjl","manager","self-n-r-port"]},{"ObjectType":"Container","ObjectFieldsKeys":["Reason For Non Compliance","Namespace","Pod Name","Container Name","Container Port"],"ObjectFieldsValues":["ContainerPort does not follow the partner naming conventions","test","self-node-remediation-ds-nq5rj","manager","self-n-r-port"]},{"ObjectType":"Container","ObjectFieldsKeys":["Reason For Non Compliance","Namespace","Pod Name","Container Name","Container Port"],"ObjectFieldsValues":["ContainerPort does not follow the partner naming conventions","test","self-node-remediation-ds-vzv4c","manager","self-n-r-port"]}]}
  [38;5;9m[FAILED][0m in [It] - /usr/tnf/tnf-src/pkg/testhelper/testhelper.go:358 [38;5;243m@ 08/24/23 17:18:43.187[0m
[38;5;9m• [FAILED] [0.002 seconds][0m
[0mmanageability [38;5;9m[1m[It] manageability-container-port-name-format[0m [38;5;204m[extended, manageability-container-port-name-format, manageability][0m
[38;5;243m/usr/tnf/tnf-src/cnf-certification-test/manageability/suite.go:48[0m

  [38;5;9m[FAILED] {"CompliantObjectsOut":[{"ObjectType":"Container","ObjectFieldsKeys":["Reason For Compliance","Namespace","Pod Name","Container Name","Container Port"],"ObjectFieldsValues":["ContainerPort follows the partner naming conventions","test","1d9ecea6bd177d0eecc89426d7658502fcab44c3e2bce4b3b1a40ed89fd444a","registry-grpc","grpc"]},{"ObjectType":"Container","ObjectFieldsKeys":["Reason For Compliance","Namespace","Pod Name","Container Name","Container Port"],"ObjectFieldsValues":["ContainerPort follows the partner naming conventions","test","8a8cfcebba4b17fa6cfa99b3ef430af272c5237476dba4665803a90adfd5d2a","registry-grpc","grpc"]},{"ObjectType":"Container","ObjectFieldsKeys":["Reason For Compliance","Namespace","Pod Name","Container Name","Container Port"],"ObjectFieldsValues":["ContainerPort follows the partner naming conventions","test","address-space-controller-56c797f9ff-8g8xm","address-space-controller","http"]}],"NonCompliantObjectsOut":[{"ObjectType":"Container","ObjectFieldsKeys":["Reason For Non Compliance","Namespace","Pod Name","Container Name","Container Port"],"ObjectFieldsValues":["ContainerPort does not follow the partner naming conventions","test","csi-rbdplugin-5h7hl","csi-addons",""]},{"ObjectType":"Container","ObjectFieldsKeys":["Reason For Non Compliance","Namespace","Pod Name","Container Name","Container Port"],"ObjectFieldsValues":["ContainerPort does not follow the partner naming conventions","test","csi-rbdplugin-9fnkm","csi-addons",""]},{"ObjectType":"Container","ObjectFieldsKeys":["Reason For Non Compliance","Namespace","Pod Name","Container Name","Container Port"],"ObjectFieldsValues":["ContainerPort does not follow the partner naming conventions","test","csi-rbdplugin-dh846","csi-addons",""]},{"ObjectType":"Container","ObjectFieldsKeys":["Reason For Non Compliance","Namespace","Pod Name","Container Name","Container Port"],"ObjectFieldsValues":["ContainerPort does not follow the partner naming conventions","test","devworkspace-webhook-server-85d9f8bbfc-cj6z5","kube-rbac-proxy","metrics"]},{"ObjectType":"Container","ObjectFieldsKeys":["Reason For Non Compliance","Namespace","Pod Name","Container Name","Container Port"],"ObjectFieldsValues":["ContainerPort does not follow the partner naming conventions","test","devworkspace-webhook-server-85d9f8bbfc-cj6z5","webhook-server","webhook-server"]},{"ObjectType":"Container","ObjectFieldsKeys":["Reason For Non Compliance","Namespace","Pod Name","Container Name","Container Port"],"ObjectFieldsValues":["ContainerPort does not follow the partner naming conventions","test","devworkspace-webhook-server-85d9f8bbfc-cj6z5","webhook-server","liveness-port"]},{"ObjectType":"Container","ObjectFieldsKeys":["Reason For Non Compliance","Namespace","Pod Name","Container Name","Container Port"],"ObjectFieldsValues":["ContainerPort does not follow the partner naming conventions","test","security-profiles-operator-webhook-d844fd745-2vvs5","security-profiles-operator","webhook"]},{"ObjectType":"Container","ObjectFieldsKeys":["Reason For Non Compliance","Namespace","Pod Name","Container Name","Container Port"],"ObjectFieldsValues":["ContainerPort does not follow the partner naming conventions","test","security-profiles-operator-webhook-d844fd745-6ngkl","security-profiles-operator","webhook"]},{"ObjectType":"Container","ObjectFieldsKeys":["Reason For Non Compliance","Namespace","Pod Name","Container Name","Container Port"],"ObjectFieldsValues":["ContainerPort does not follow the partner naming conventions","test","security-profiles-operator-webhook-d844fd745-hvr8w","security-profiles-operator","webhook"]},{"ObjectType":"Container","ObjectFieldsKeys":["Reason For Non Compliance","Namespace","Pod Name","Container Name","Container Port"],"ObjectFieldsValues":["ContainerPort does not follow the partner naming conventions","test","self-node-remediation-controller-manager-75cc45b9b4-gl92f","manager","webhook-server"]},{"ObjectType":"Container","ObjectFieldsKeys":["Reason For Non Compliance","Namespace","Pod Name","Container Name","Container Port"],"ObjectFieldsValues":["ContainerPort does not follow the partner naming conventions","test","self-node-remediation-ds-2h42m","manager","self-n-r-port"]},{"ObjectType":"Container","ObjectFieldsKeys":["Reason For Non Compliance","Namespace","Pod Name","Container Name","Container Port"],"ObjectFieldsValues":["ContainerPort does not follow the partner naming conventions","test","self-node-remediation-ds-d7w7z","manager","self-n-r-port"]},{"ObjectType":"Container","ObjectFieldsKeys":["Reason For Non Compliance","Namespace","Pod Name","Container Name","Container Port"],"ObjectFieldsValues":["ContainerPort does not follow the partner naming conventions","test","self-node-remediation-ds-dn578","manager","self-n-r-port"]},{"ObjectType":"Container","ObjectFieldsKeys":["Reason For Non Compliance","Namespace","Pod Name","Container Name","Container Port"],"ObjectFieldsValues":["ContainerPort does not follow the partner naming conventions","test","self-node-remediation-ds-ljrjl","manager","self-n-r-port"]},{"ObjectType":"Container","ObjectFieldsKeys":["Reason For Non Compliance","Namespace","Pod Name","Container Name","Container Port"],"ObjectFieldsValues":["ContainerPort does not follow the partner naming conventions","test","self-node-remediation-ds-nq5rj","manager","self-n-r-port"]},{"ObjectType":"Container","ObjectFieldsKeys":["Reason For Non Compliance","Namespace","Pod Name","Container Name","Container Port"],"ObjectFieldsValues":["ContainerPort does not follow the partner naming conventions","test","self-node-remediation-ds-vzv4c","manager","self-n-r-port"]}]}[0m
  [38;5;9mIn [1m[It][0m[38;5;9m at: [1m/usr/tnf/tnf-src/pkg/testhelper/testhelper.go:358[0m [38;5;243m@ 08/24/23 17:18:43.187[0m
[38;5;243m------------------------------[0m
[0moperator [0m[1moperator-install-status-succeeded[0m [38;5;204m[common, operator-install-status-succeeded, operator][0m
[38;5;243m/usr/tnf/tnf-src/cnf-certification-test/operator/suite.go:44[0m
[31mFATAL  [0m[Aug 24 17:23:43.222][phasecheck.go: 50] Timeout waiting for operator csv: ibm-block-csi-operator.v1.11.1 ns: test to be ready 
