time="2023-09-25T07:18:46Z" level=info msg="Saving environment variables & parameters."
time="2023-09-25T07:18:46Z" level=info msg="Environment: {Home:/root Kubeconfig:/usr/tnf/kubeconfig/config ConfigurationPath:/usr/tnf/config/tnf_config.yml NonIntrusiveOnly:false LogLevel:info OfflineDB:/usr/offline-db AllowPreflightInsecure:false PfltDockerconfig:/usr/tnf/dockercfg/config.json IncludeWebFilesInOutputFolder:false OmitArtifactsZipFile:false}"
=== RUN   TestTest
[36mINFO   [0m[Sep 25 07:18:46.447][suite_test.go: 98] Log level set to: info                       
[36mINFO   [0m[Sep 25 07:18:46.449][suite_test.go: 140] TNF Version         : v4.3.4 ( 2037b43c9bccf6b00fe91797adfabcbeeeb5efdc ) 
[36mINFO   [0m[Sep 25 07:18:46.449][suite_test.go: 141] Claim Format Version: v0.1.0                 
[36mINFO   [0m[Sep 25 07:18:46.449][suite_test.go: 142] Ginkgo Version      : 2.11.0                 
[36mINFO   [0m[Sep 25 07:18:46.449][suite_test.go: 143] Labels filter       : operator, access-control, networking, affiliated-certification, lifecycle, manageability, networking, observability, platform-alteration 
[36mINFO   [0m[Sep 25 07:18:46.449][clientsholder.go: 169] Creating k8s go-clients holder.              
[36mINFO   [0m[Sep 25 07:18:46.916][utils.go: 51] Loading config from file: /usr/tnf/config/tnf_config.yml 
[33mWARNING[0m[Sep 25 07:18:46.923][utils.go: 64] No namespace configured for the debug DaemonSet. Defaulting to namespace cnf-suite 
[33mWARNING[0m[Sep 25 07:18:47.006][autodiscover.go: 110] DEPRECATED: targetPodLabels config field is about to be obsolete. Please use the new "podsUnderTestLabels" field instead. 
[33mWARNING[0m[Sep 25 07:18:47.006][autodiscover.go: 113] DEPRECATED: deprecated default operator label in use ( test-network-function.com/operator: ) is about to be obsolete. Please use the new "operatorsUnderTestLabels" field to specify operators labels instead. 
[36mINFO   [0m[Sep 25 07:18:47.006][autodiscover.go: 143] parsed pods under test labels: [{LabelKey:test-network-function.com/generic LabelValue:target}] 
[36mINFO   [0m[Sep 25 07:18:47.006][autodiscover.go: 144] parsed operators under test labels: [{LabelKey:test-network-function.com/operator LabelValue:}] 
[36mINFO   [0m[Sep 25 07:18:47.135][autodiscover_operators.go: 144] Found 3 subscriptions in the target namespaces 
[36mINFO   [0m[Sep 25 07:18:47.135][autodiscover_operators.go: 146]  Subscriptions name: ibm-metrics-operator-stable-certified-operators-openshift-marketplace (ns: test) 
[36mINFO   [0m[Sep 25 07:18:47.135][autodiscover_operators.go: 146]  Subscriptions name: ibm-metrics-operator-v2-11-1-sub (ns: test) 
[36mINFO   [0m[Sep 25 07:18:47.135][autodiscover_operators.go: 146]  Subscriptions name: openshift-pipelines-operator-rh-latest-redhat-operators-openshift-marketplace (ns: test) 
[36mINFO   [0m[Sep 25 07:18:47.213][autodiscover_operators.go: 121] Found 3 CSVs:                                
[36mINFO   [0m[Sep 25 07:18:47.213][autodiscover_operators.go: 123]  CSV name: packageserver (ns: openshift-operator-lifecycle-manager) 
[36mINFO   [0m[Sep 25 07:18:47.213][autodiscover_operators.go: 123]  CSV name: ibm-metrics-operator.v2.12.1 (ns: test) 
[36mINFO   [0m[Sep 25 07:18:47.213][autodiscover_operators.go: 123]  CSV name: openshift-pipelines-operator-rh.v1.11.1 (ns: test) 
[36mINFO   [0m[Sep 25 07:18:49.755][autodiscover_operators.go: 91] Found 2 CSVs:                                
[36mINFO   [0m[Sep 25 07:18:49.756][autodiscover_operators.go: 93]  CSV name: ibm-metrics-operator.v2.12.1 (ns: test) 
[36mINFO   [0m[Sep 25 07:18:49.756][autodiscover_operators.go: 93]  CSV name: openshift-pipelines-operator-rh.v1.11.1 (ns: test) 
[36mINFO   [0m[Sep 25 07:18:49.803][autodiscover_operators.go: 144] Found 3 subscriptions in the target namespaces 
[36mINFO   [0m[Sep 25 07:18:49.803][autodiscover_operators.go: 146]  Subscriptions name: ibm-metrics-operator-stable-certified-operators-openshift-marketplace (ns: test) 
[36mINFO   [0m[Sep 25 07:18:49.803][autodiscover_operators.go: 146]  Subscriptions name: ibm-metrics-operator-v2-11-1-sub (ns: test) 
[36mINFO   [0m[Sep 25 07:18:49.803][autodiscover_operators.go: 146]  Subscriptions name: openshift-pipelines-operator-rh-latest-redhat-operators-openshift-marketplace (ns: test) 
[36mINFO   [0m[Sep 25 07:18:49.926][autodiscover.go: 257] OpenShift Version found: 4.13.4              
[33mWARNING[0m[Sep 25 07:18:50.024][autodiscover_podset.go: 87] Did not find any deployment in the configured namespaces [test] 
[33mWARNING[0m[Sep 25 07:18:50.063][autodiscover_podset.go: 106] Did not find any statefulSet in ns=test      
[33mWARNING[0m[Sep 25 07:18:50.063][autodiscover_podset.go: 120] Did not find any statefulset in the configured namespaces [test] 
[36mINFO   [0m[Sep 25 07:18:50.391][autodiscover_podset.go: 138] Cannot find any deployed HorizontalPodAutoscaler 
[36mINFO   [0m[Sep 25 07:18:50.565][operators.go: 130] Found 3 unique CSVs                          
[36mINFO   [0m[Sep 25 07:18:50.566][operators.go: 132]   CSV: packageserver                         
[36mINFO   [0m[Sep 25 07:18:50.566][operators.go: 132]   CSV: ibm-metrics-operator.v2.12.1          
[36mINFO   [0m[Sep 25 07:18:50.566][operators.go: 132]   CSV: openshift-pipelines-operator-rh.v1.11.1 
[36mINFO   [0m[Sep 25 07:18:50.601][operators.go: 185] Getting installplans for op ibm-metrics-operator.v2.12.1 (subs ibm-metrics-operator-stable-certified-operators-openshift-marketplace ns test) 
[36mINFO   [0m[Sep 25 07:18:50.639][operators.go: 185] Getting installplans for op openshift-pipelines-operator-rh.v1.11.1 (subs openshift-pipelines-operator-rh-latest-redhat-operators-openshift-marketplace ns test) 
[33mWARNING[0m[Sep 25 07:18:50.640][operators.go: 183] Subscription not found for CSV: packageserver (ns openshift-operator-lifecycle-manager) 
[36mINFO   [0m[Sep 25 07:18:50.641][operators.go: 185] Getting installplans for op packageserver (subs  ns ) 
[36mINFO   [0m[Sep 25 07:18:50.642][provider.go: 564] Node ip-10-0-138-139.ec2.internal - mc name: rendered-worker-2d2f3b16cfd49fa63f019201ad937fb4 
[36mINFO   [0m[Sep 25 07:18:50.737][provider.go: 564] Node ip-10-0-140-127.ec2.internal - mc name: rendered-master-c13f40c1d9ca7958e3551ada049691f6 
[36mINFO   [0m[Sep 25 07:18:50.813][provider.go: 564] Node ip-10-0-144-53.ec2.internal - mc name: rendered-master-c13f40c1d9ca7958e3551ada049691f6 
[36mINFO   [0m[Sep 25 07:18:50.878][provider.go: 564] Node ip-10-0-146-178.ec2.internal - mc name: rendered-worker-2d2f3b16cfd49fa63f019201ad937fb4 
[36mINFO   [0m[Sep 25 07:18:50.943][provider.go: 564] Node ip-10-0-171-112.ec2.internal - mc name: rendered-worker-2d2f3b16cfd49fa63f019201ad937fb4 
[36mINFO   [0m[Sep 25 07:18:51.003][provider.go: 564] Node ip-10-0-173-119.ec2.internal - mc name: rendered-master-c13f40c1d9ca7958e3551ada049691f6 
[31mERROR  [0m[Sep 25 07:18:51.066][pods.go: 57] Could not decode networks-status annotation, error: could not unmarshal network-status annotation 
[31mERROR  [0m[Sep 25 07:18:51.067][pods.go: 62] Could not decode networks-status annotation, error: could not unmarshal network-status annotation 
[31mERROR  [0m[Sep 25 07:18:51.067][pods.go: 57] Could not decode networks-status annotation, error: could not unmarshal network-status annotation 
[31mERROR  [0m[Sep 25 07:18:51.067][pods.go: 62] Could not decode networks-status annotation, error: could not unmarshal network-status annotation 
[31mERROR  [0m[Sep 25 07:18:51.067][pods.go: 57] Could not decode networks-status annotation, error: could not unmarshal network-status annotation 
[31mERROR  [0m[Sep 25 07:18:51.068][pods.go: 62] Could not decode networks-status annotation, error: could not unmarshal network-status annotation 
[31mERROR  [0m[Sep 25 07:18:51.069][pods.go: 57] Could not decode networks-status annotation, error: could not unmarshal network-status annotation 
[31mERROR  [0m[Sep 25 07:18:51.069][pods.go: 62] Could not decode networks-status annotation, error: could not unmarshal network-status annotation 
[31mERROR  [0m[Sep 25 07:18:51.070][pods.go: 57] Could not decode networks-status annotation, error: could not unmarshal network-status annotation 
[31mERROR  [0m[Sep 25 07:18:51.070][pods.go: 62] Could not decode networks-status annotation, error: could not unmarshal network-status annotation 
[31mERROR  [0m[Sep 25 07:18:51.070][pods.go: 57] Could not decode networks-status annotation, error: could not unmarshal network-status annotation 
[31mERROR  [0m[Sep 25 07:18:51.070][pods.go: 62] Could not decode networks-status annotation, error: could not unmarshal network-status annotation 
[33mWARNING[0m[Sep 25 07:18:51.074][provider.go: 341] container: extract pod: b9f647540b1a1ce37709d746d3fe527552ab46b01468837f86475721e7jqh5v ns: test is not ready yet. 
[33mWARNING[0m[Sep 25 07:18:51.074][provider.go: 357] container: extract pod: b9f647540b1a1ce37709d746d3fe527552ab46b01468837f86475721e7jqh5v ns: test is not running (reason: terminated - Completed, restarts 0): some test cases might fail. 
[31mERROR  [0m[Sep 25 07:18:51.074][pods.go: 57] Could not decode networks-status annotation, error: could not unmarshal network-status annotation 
[31mERROR  [0m[Sep 25 07:18:51.074][pods.go: 62] Could not decode networks-status annotation, error: could not unmarshal network-status annotation 
[31mERROR  [0m[Sep 25 07:18:51.074][pods.go: 57] Could not decode networks-status annotation, error: could not unmarshal network-status annotation 
[31mERROR  [0m[Sep 25 07:18:51.074][pods.go: 62] Could not decode networks-status annotation, error: could not unmarshal network-status annotation 
[31mERROR  [0m[Sep 25 07:18:51.075][pods.go: 57] Could not decode networks-status annotation, error: could not unmarshal network-status annotation 
[31mERROR  [0m[Sep 25 07:18:51.075][pods.go: 62] Could not decode networks-status annotation, error: could not unmarshal network-status annotation 
[31mERROR  [0m[Sep 25 07:18:51.075][pods.go: 57] Could not decode networks-status annotation, error: could not unmarshal network-status annotation 
[31mERROR  [0m[Sep 25 07:18:51.076][pods.go: 62] Could not decode networks-status annotation, error: could not unmarshal network-status annotation 
[31mERROR  [0m[Sep 25 07:18:51.076][pods.go: 57] Could not decode networks-status annotation, error: could not unmarshal network-status annotation 
[31mERROR  [0m[Sep 25 07:18:51.076][pods.go: 62] Could not decode networks-status annotation, error: could not unmarshal network-status annotation 
[31mERROR  [0m[Sep 25 07:18:51.076][pods.go: 57] Could not decode networks-status annotation, error: could not unmarshal network-status annotation 
[31mERROR  [0m[Sep 25 07:18:51.076][pods.go: 62] Could not decode networks-status annotation, error: could not unmarshal network-status annotation 
[33mWARNING[0m[Sep 25 07:18:51.077][provider.go: 341] container: extract pod: d43224ecf8a90e2689f1b48690ce45a9c382a5ed2d2ce8b0d2fbba172a8xrtm ns: test is not ready yet. 
[33mWARNING[0m[Sep 25 07:18:51.077][provider.go: 357] container: extract pod: d43224ecf8a90e2689f1b48690ce45a9c382a5ed2d2ce8b0d2fbba172a8xrtm ns: test is not running (reason: terminated - Completed, restarts 0): some test cases might fail. 
[33mWARNING[0m[Sep 25 07:18:51.078][provider.go: 341] container: extract pod: d4fe36668cbff5bf360eabb230ae7caeb430b86f4a6636c74f4314f7c0grbkk ns: test is not ready yet. 
[33mWARNING[0m[Sep 25 07:18:51.078][provider.go: 357] container: extract pod: d4fe36668cbff5bf360eabb230ae7caeb430b86f4a6636c74f4314f7c0grbkk ns: test is not running (reason: terminated - Completed, restarts 0): some test cases might fail. 
[36mINFO   [0m[Sep 25 07:18:51.079][operators.go: 130] Found 2 unique CSVs                          
[36mINFO   [0m[Sep 25 07:18:51.079][operators.go: 132]   CSV: ibm-metrics-operator.v2.12.1          
[36mINFO   [0m[Sep 25 07:18:51.079][operators.go: 132]   CSV: openshift-pipelines-operator-rh.v1.11.1 
[36mINFO   [0m[Sep 25 07:18:51.111][operators.go: 185] Getting installplans for op ibm-metrics-operator.v2.12.1 (subs ibm-metrics-operator-stable-certified-operators-openshift-marketplace ns test) 
[36mINFO   [0m[Sep 25 07:18:51.148][operators.go: 185] Getting installplans for op openshift-pipelines-operator-rh.v1.11.1 (subs openshift-pipelines-operator-rh-latest-redhat-operators-openshift-marketplace ns test) 
[36mINFO   [0m[Sep 25 07:18:51.148][provider.go: 290] Operators found: 2                           
[36mINFO   [0m[Sep 25 07:18:51.149][provider.go: 302] Completed the test environment build process in 4.23 seconds 
[33mWARNING[0m[Sep 25 07:19:02.378][autodiscover.go: 110] DEPRECATED: targetPodLabels config field is about to be obsolete. Please use the new "podsUnderTestLabels" field instead. 
[33mWARNING[0m[Sep 25 07:19:02.379][autodiscover.go: 113] DEPRECATED: deprecated default operator label in use ( test-network-function.com/operator: ) is about to be obsolete. Please use the new "operatorsUnderTestLabels" field to specify operators labels instead. 
[36mINFO   [0m[Sep 25 07:19:02.379][autodiscover.go: 143] parsed pods under test labels: [{LabelKey:test-network-function.com/generic LabelValue:target}] 
[36mINFO   [0m[Sep 25 07:19:02.379][autodiscover.go: 144] parsed operators under test labels: [{LabelKey:test-network-function.com/operator LabelValue:}] 
[36mINFO   [0m[Sep 25 07:19:02.526][autodiscover_operators.go: 144] Found 3 subscriptions in the target namespaces 
[36mINFO   [0m[Sep 25 07:19:02.526][autodiscover_operators.go: 146]  Subscriptions name: ibm-metrics-operator-stable-certified-operators-openshift-marketplace (ns: test) 
[36mINFO   [0m[Sep 25 07:19:02.526][autodiscover_operators.go: 146]  Subscriptions name: ibm-metrics-operator-v2-11-1-sub (ns: test) 
[36mINFO   [0m[Sep 25 07:19:02.526][autodiscover_operators.go: 146]  Subscriptions name: openshift-pipelines-operator-rh-latest-redhat-operators-openshift-marketplace (ns: test) 
[36mINFO   [0m[Sep 25 07:19:02.606][autodiscover_operators.go: 121] Found 3 CSVs:                                
[36mINFO   [0m[Sep 25 07:19:02.606][autodiscover_operators.go: 123]  CSV name: packageserver (ns: openshift-operator-lifecycle-manager) 
[36mINFO   [0m[Sep 25 07:19:02.606][autodiscover_operators.go: 123]  CSV name: ibm-metrics-operator.v2.12.1 (ns: test) 
[36mINFO   [0m[Sep 25 07:19:02.606][autodiscover_operators.go: 123]  CSV name: openshift-pipelines-operator-rh.v1.11.1 (ns: test) 
[36mINFO   [0m[Sep 25 07:19:05.037][autodiscover_operators.go: 91] Found 2 CSVs:                                
[36mINFO   [0m[Sep 25 07:19:05.037][autodiscover_operators.go: 93]  CSV name: ibm-metrics-operator.v2.12.1 (ns: test) 
[36mINFO   [0m[Sep 25 07:19:05.037][autodiscover_operators.go: 93]  CSV name: openshift-pipelines-operator-rh.v1.11.1 (ns: test) 
[36mINFO   [0m[Sep 25 07:19:05.081][autodiscover_operators.go: 144] Found 3 subscriptions in the target namespaces 
[36mINFO   [0m[Sep 25 07:19:05.081][autodiscover_operators.go: 146]  Subscriptions name: ibm-metrics-operator-stable-certified-operators-openshift-marketplace (ns: test) 
[36mINFO   [0m[Sep 25 07:19:05.081][autodiscover_operators.go: 146]  Subscriptions name: ibm-metrics-operator-v2-11-1-sub (ns: test) 
[36mINFO   [0m[Sep 25 07:19:05.081][autodiscover_operators.go: 146]  Subscriptions name: openshift-pipelines-operator-rh-latest-redhat-operators-openshift-marketplace (ns: test) 
[36mINFO   [0m[Sep 25 07:19:05.206][autodiscover.go: 257] OpenShift Version found: 4.13.4              
[33mWARNING[0m[Sep 25 07:19:05.319][autodiscover_podset.go: 87] Did not find any deployment in the configured namespaces [test] 
[33mWARNING[0m[Sep 25 07:19:05.358][autodiscover_podset.go: 106] Did not find any statefulSet in ns=test      
[33mWARNING[0m[Sep 25 07:19:05.359][autodiscover_podset.go: 120] Did not find any statefulset in the configured namespaces [test] 
[36mINFO   [0m[Sep 25 07:19:05.689][autodiscover_podset.go: 138] Cannot find any deployed HorizontalPodAutoscaler 
[36mINFO   [0m[Sep 25 07:19:05.862][operators.go: 130] Found 3 unique CSVs                          
[36mINFO   [0m[Sep 25 07:19:05.862][operators.go: 132]   CSV: packageserver                         
[36mINFO   [0m[Sep 25 07:19:05.862][operators.go: 132]   CSV: ibm-metrics-operator.v2.12.1          
[36mINFO   [0m[Sep 25 07:19:05.862][operators.go: 132]   CSV: openshift-pipelines-operator-rh.v1.11.1 
[36mINFO   [0m[Sep 25 07:19:05.900][operators.go: 185] Getting installplans for op ibm-metrics-operator.v2.12.1 (subs ibm-metrics-operator-stable-certified-operators-openshift-marketplace ns test) 
[36mINFO   [0m[Sep 25 07:19:05.941][operators.go: 185] Getting installplans for op openshift-pipelines-operator-rh.v1.11.1 (subs openshift-pipelines-operator-rh-latest-redhat-operators-openshift-marketplace ns test) 
[33mWARNING[0m[Sep 25 07:19:05.942][operators.go: 183] Subscription not found for CSV: packageserver (ns openshift-operator-lifecycle-manager) 
[36mINFO   [0m[Sep 25 07:19:05.942][operators.go: 185] Getting installplans for op packageserver (subs  ns ) 
[36mINFO   [0m[Sep 25 07:19:05.942][provider.go: 564] Node ip-10-0-138-139.ec2.internal - mc name: rendered-worker-2d2f3b16cfd49fa63f019201ad937fb4 
[36mINFO   [0m[Sep 25 07:19:06.032][provider.go: 564] Node ip-10-0-140-127.ec2.internal - mc name: rendered-master-c13f40c1d9ca7958e3551ada049691f6 
[36mINFO   [0m[Sep 25 07:19:06.106][provider.go: 564] Node ip-10-0-144-53.ec2.internal - mc name: rendered-master-c13f40c1d9ca7958e3551ada049691f6 
[36mINFO   [0m[Sep 25 07:19:06.177][provider.go: 564] Node ip-10-0-146-178.ec2.internal - mc name: rendered-worker-2d2f3b16cfd49fa63f019201ad937fb4 
[36mINFO   [0m[Sep 25 07:19:06.246][provider.go: 564] Node ip-10-0-171-112.ec2.internal - mc name: rendered-worker-2d2f3b16cfd49fa63f019201ad937fb4 
[36mINFO   [0m[Sep 25 07:19:06.312][provider.go: 564] Node ip-10-0-173-119.ec2.internal - mc name: rendered-master-c13f40c1d9ca7958e3551ada049691f6 
[31mERROR  [0m[Sep 25 07:19:06.377][pods.go: 57] Could not decode networks-status annotation, error: could not unmarshal network-status annotation 
[31mERROR  [0m[Sep 25 07:19:06.377][pods.go: 62] Could not decode networks-status annotation, error: could not unmarshal network-status annotation 
[31mERROR  [0m[Sep 25 07:19:06.378][pods.go: 57] Could not decode networks-status annotation, error: could not unmarshal network-status annotation 
[31mERROR  [0m[Sep 25 07:19:06.378][pods.go: 62] Could not decode networks-status annotation, error: could not unmarshal network-status annotation 
[31mERROR  [0m[Sep 25 07:19:06.378][pods.go: 57] Could not decode networks-status annotation, error: could not unmarshal network-status annotation 
[31mERROR  [0m[Sep 25 07:19:06.378][pods.go: 62] Could not decode networks-status annotation, error: could not unmarshal network-status annotation 
[31mERROR  [0m[Sep 25 07:19:06.380][pods.go: 57] Could not decode networks-status annotation, error: could not unmarshal network-status annotation 
[31mERROR  [0m[Sep 25 07:19:06.380][pods.go: 62] Could not decode networks-status annotation, error: could not unmarshal network-status annotation 
[31mERROR  [0m[Sep 25 07:19:06.381][pods.go: 57] Could not decode networks-status annotation, error: could not unmarshal network-status annotation 
[31mERROR  [0m[Sep 25 07:19:06.381][pods.go: 62] Could not decode networks-status annotation, error: could not unmarshal network-status annotation 
[31mERROR  [0m[Sep 25 07:19:06.381][pods.go: 57] Could not decode networks-status annotation, error: could not unmarshal network-status annotation 
[31mERROR  [0m[Sep 25 07:19:06.381][pods.go: 62] Could not decode networks-status annotation, error: could not unmarshal network-status annotation 
[33mWARNING[0m[Sep 25 07:19:06.385][provider.go: 341] container: extract pod: b9f647540b1a1ce37709d746d3fe527552ab46b01468837f86475721e7jqh5v ns: test is not ready yet. 
[33mWARNING[0m[Sep 25 07:19:06.385][provider.go: 357] container: extract pod: b9f647540b1a1ce37709d746d3fe527552ab46b01468837f86475721e7jqh5v ns: test is not running (reason: terminated - Completed, restarts 0): some test cases might fail. 
[31mERROR  [0m[Sep 25 07:19:06.386][pods.go: 57] Could not decode networks-status annotation, error: could not unmarshal network-status annotation 
[31mERROR  [0m[Sep 25 07:19:06.386][pods.go: 62] Could not decode networks-status annotation, error: could not unmarshal network-status annotation 
[31mERROR  [0m[Sep 25 07:19:06.386][pods.go: 57] Could not decode networks-status annotation, error: could not unmarshal network-status annotation 
[31mERROR  [0m[Sep 25 07:19:06.386][pods.go: 62] Could not decode networks-status annotation, error: could not unmarshal network-status annotation 
[31mERROR  [0m[Sep 25 07:19:06.386][pods.go: 57] Could not decode networks-status annotation, error: could not unmarshal network-status annotation 
[31mERROR  [0m[Sep 25 07:19:06.387][pods.go: 62] Could not decode networks-status annotation, error: could not unmarshal network-status annotation 
[31mERROR  [0m[Sep 25 07:19:06.388][pods.go: 57] Could not decode networks-status annotation, error: could not unmarshal network-status annotation 
[31mERROR  [0m[Sep 25 07:19:06.388][pods.go: 62] Could not decode networks-status annotation, error: could not unmarshal network-status annotation 
[31mERROR  [0m[Sep 25 07:19:06.388][pods.go: 57] Could not decode networks-status annotation, error: could not unmarshal network-status annotation 
[31mERROR  [0m[Sep 25 07:19:06.388][pods.go: 62] Could not decode networks-status annotation, error: could not unmarshal network-status annotation 
[31mERROR  [0m[Sep 25 07:19:06.389][pods.go: 57] Could not decode networks-status annotation, error: could not unmarshal network-status annotation 
[31mERROR  [0m[Sep 25 07:19:06.389][pods.go: 62] Could not decode networks-status annotation, error: could not unmarshal network-status annotation 
[33mWARNING[0m[Sep 25 07:19:06.390][provider.go: 341] container: extract pod: d43224ecf8a90e2689f1b48690ce45a9c382a5ed2d2ce8b0d2fbba172a8xrtm ns: test is not ready yet. 
[33mWARNING[0m[Sep 25 07:19:06.390][provider.go: 357] container: extract pod: d43224ecf8a90e2689f1b48690ce45a9c382a5ed2d2ce8b0d2fbba172a8xrtm ns: test is not running (reason: terminated - Completed, restarts 0): some test cases might fail. 
[33mWARNING[0m[Sep 25 07:19:06.390][provider.go: 341] container: extract pod: d4fe36668cbff5bf360eabb230ae7caeb430b86f4a6636c74f4314f7c0grbkk ns: test is not ready yet. 
[33mWARNING[0m[Sep 25 07:19:06.390][provider.go: 357] container: extract pod: d4fe36668cbff5bf360eabb230ae7caeb430b86f4a6636c74f4314f7c0grbkk ns: test is not running (reason: terminated - Completed, restarts 0): some test cases might fail. 
[36mINFO   [0m[Sep 25 07:19:06.391][operators.go: 130] Found 2 unique CSVs                          
[36mINFO   [0m[Sep 25 07:19:06.391][operators.go: 132]   CSV: ibm-metrics-operator.v2.12.1          
[36mINFO   [0m[Sep 25 07:19:06.391][operators.go: 132]   CSV: openshift-pipelines-operator-rh.v1.11.1 
[36mINFO   [0m[Sep 25 07:19:06.431][operators.go: 185] Getting installplans for op ibm-metrics-operator.v2.12.1 (subs ibm-metrics-operator-stable-certified-operators-openshift-marketplace ns test) 
[36mINFO   [0m[Sep 25 07:19:06.469][operators.go: 185] Getting installplans for op openshift-pipelines-operator-rh.v1.11.1 (subs openshift-pipelines-operator-rh-latest-redhat-operators-openshift-marketplace ns test) 
[36mINFO   [0m[Sep 25 07:19:06.469][provider.go: 290] Operators found: 2                           
[36mINFO   [0m[Sep 25 07:19:06.469][provider.go: 302] Completed the test environment build process in 4.16 seconds 
[33mWARNING[0m[Sep 25 07:19:06.481][suite.go: 50] LabelFilter is set but 'preflight' tests are not targeted. Skipping the preflight tests. 
Running Suite: CNF Certification Test Suite - /usr/tnf/cnf-certification-test
=============================================================================
Random Seed: [1m1695626326[0m

Will run [1m82[0m of [1m87[0m specs
[38;5;243m------------------------------[0m
[0mobservability [0m[1mobservability-container-logging[0m [38;5;204m[telco, observability-container-logging, observability][0m
[38;5;243m/usr/tnf/tnf-src/cnf-certification-test/observability/suite.go:48[0m
  [1mSTEP:[0m Checking container: registry-grpc pod: 1d9ecea6bd177d0eecc89426d7658502fcab44c3e2bce4b3b1a40ed89fd444a ns: test has some logging output [38;5;243m@ 09/25/23 07:19:06.491[0m
  [1mSTEP:[0m Checking container: registry-grpc pod: 9071e9f667a677160bccc213d83de973a3a4e7110899325c9760e4c919e9388 ns: test has some logging output [38;5;243m@ 09/25/23 07:19:06.538[0m
  [1mSTEP:[0m Checking container: address-space-controller pod: address-space-controller-56c797f9ff-8g8xm ns: test has some logging output [38;5;243m@ 09/25/23 07:19:06.582[0m
  [1mSTEP:[0m Checking container: registry-grpc pod: bbe7e6c1d75c4de2f47e2c825c930568e85f1134545e9d890a0c9f3d9187a4d ns: test has some logging output [38;5;243m@ 09/25/23 07:19:06.632[0m
  [1mSTEP:[0m Checking container: csi-driver-registrar pod: csi-cephfsplugin-9tnmk ns: test has some logging output [38;5;243m@ 09/25/23 07:19:06.68[0m
  [1mSTEP:[0m Checking container: csi-cephfsplugin pod: csi-cephfsplugin-9tnmk ns: test has some logging output [38;5;243m@ 09/25/23 07:19:06.725[0m
  [1mSTEP:[0m Checking container: csi-driver-registrar pod: csi-cephfsplugin-fxjb2 ns: test has some logging output [38;5;243m@ 09/25/23 07:19:06.772[0m
  [1mSTEP:[0m Checking container: csi-cephfsplugin pod: csi-cephfsplugin-fxjb2 ns: test has some logging output [38;5;243m@ 09/25/23 07:19:06.816[0m
  [1mSTEP:[0m Checking container: csi-driver-registrar pod: csi-cephfsplugin-jqqbf ns: test has some logging output [38;5;243m@ 09/25/23 07:19:06.861[0m
  [1mSTEP:[0m Checking container: csi-cephfsplugin pod: csi-cephfsplugin-jqqbf ns: test has some logging output [38;5;243m@ 09/25/23 07:19:06.907[0m
  [1mSTEP:[0m Checking container: csi-provisioner pod: csi-cephfsplugin-provisioner-7dc6567d6b-f84tr ns: test has some logging output [38;5;243m@ 09/25/23 07:19:06.952[0m
  [1mSTEP:[0m Checking container: csi-attacher pod: csi-cephfsplugin-provisioner-7dc6567d6b-f84tr ns: test has some logging output [38;5;243m@ 09/25/23 07:19:06.998[0m
  [1mSTEP:[0m Checking container: csi-resizer pod: csi-cephfsplugin-provisioner-7dc6567d6b-f84tr ns: test has some logging output [38;5;243m@ 09/25/23 07:19:07.051[0m
  [1mSTEP:[0m Checking container: csi-snapshotter pod: csi-cephfsplugin-provisioner-7dc6567d6b-f84tr ns: test has some logging output [38;5;243m@ 09/25/23 07:19:07.141[0m
  [1mSTEP:[0m Checking container: csi-cephfsplugin pod: csi-cephfsplugin-provisioner-7dc6567d6b-f84tr ns: test has some logging output [38;5;243m@ 09/25/23 07:19:07.345[0m
  [1mSTEP:[0m Checking container: csi-provisioner pod: csi-cephfsplugin-provisioner-7dc6567d6b-j5r2q ns: test has some logging output [38;5;243m@ 09/25/23 07:19:07.536[0m
  [1mSTEP:[0m Checking container: csi-attacher pod: csi-cephfsplugin-provisioner-7dc6567d6b-j5r2q ns: test has some logging output [38;5;243m@ 09/25/23 07:19:07.746[0m
  [1mSTEP:[0m Checking container: csi-resizer pod: csi-cephfsplugin-provisioner-7dc6567d6b-j5r2q ns: test has some logging output [38;5;243m@ 09/25/23 07:19:07.946[0m
  [1mSTEP:[0m Checking container: csi-snapshotter pod: csi-cephfsplugin-provisioner-7dc6567d6b-j5r2q ns: test has some logging output [38;5;243m@ 09/25/23 07:19:08.141[0m
  [1mSTEP:[0m Checking container: csi-cephfsplugin pod: csi-cephfsplugin-provisioner-7dc6567d6b-j5r2q ns: test has some logging output [38;5;243m@ 09/25/23 07:19:08.337[0m
  [1mSTEP:[0m Checking container: csi-driver-registrar pod: csi-rbdplugin-5h7hl ns: test has some logging output [38;5;243m@ 09/25/23 07:19:08.538[0m
  [1mSTEP:[0m Checking container: csi-rbdplugin pod: csi-rbdplugin-5h7hl ns: test has some logging output [38;5;243m@ 09/25/23 07:19:08.74[0m
  [1mSTEP:[0m Checking container: csi-addons pod: csi-rbdplugin-5h7hl ns: test has some logging output [38;5;243m@ 09/25/23 07:19:08.938[0m
  [1mSTEP:[0m Checking container: csi-driver-registrar pod: csi-rbdplugin-9fnkm ns: test has some logging output [38;5;243m@ 09/25/23 07:19:09.138[0m
  [1mSTEP:[0m Checking container: csi-rbdplugin pod: csi-rbdplugin-9fnkm ns: test has some logging output [38;5;243m@ 09/25/23 07:19:09.346[0m
  [1mSTEP:[0m Checking container: csi-addons pod: csi-rbdplugin-9fnkm ns: test has some logging output [38;5;243m@ 09/25/23 07:19:09.54[0m
  [1mSTEP:[0m Checking container: csi-driver-registrar pod: csi-rbdplugin-dh846 ns: test has some logging output [38;5;243m@ 09/25/23 07:19:09.745[0m
  [1mSTEP:[0m Checking container: csi-rbdplugin pod: csi-rbdplugin-dh846 ns: test has some logging output [38;5;243m@ 09/25/23 07:19:09.965[0m
  [1mSTEP:[0m Checking container: csi-addons pod: csi-rbdplugin-dh846 ns: test has some logging output [38;5;243m@ 09/25/23 07:19:10.146[0m
  [1mSTEP:[0m Checking container: csi-provisioner pod: csi-rbdplugin-provisioner-58fc6c8f5-4ccl7 ns: test has some logging output [38;5;243m@ 09/25/23 07:19:10.344[0m
  [1mSTEP:[0m Checking container: csi-attacher pod: csi-rbdplugin-provisioner-58fc6c8f5-4ccl7 ns: test has some logging output [38;5;243m@ 09/25/23 07:19:10.541[0m
  [1mSTEP:[0m Checking container: csi-resizer pod: csi-rbdplugin-provisioner-58fc6c8f5-4ccl7 ns: test has some logging output [38;5;243m@ 09/25/23 07:19:10.739[0m
  [1mSTEP:[0m Checking container: csi-snapshotter pod: csi-rbdplugin-provisioner-58fc6c8f5-4ccl7 ns: test has some logging output [38;5;243m@ 09/25/23 07:19:10.942[0m
  [1mSTEP:[0m Checking container: csi-rbdplugin pod: csi-rbdplugin-provisioner-58fc6c8f5-4ccl7 ns: test has some logging output [38;5;243m@ 09/25/23 07:19:11.137[0m
  [1mSTEP:[0m Checking container: csi-provisioner pod: csi-rbdplugin-provisioner-58fc6c8f5-wbs7k ns: test has some logging output [38;5;243m@ 09/25/23 07:19:11.341[0m
  [1mSTEP:[0m Checking container: csi-attacher pod: csi-rbdplugin-provisioner-58fc6c8f5-wbs7k ns: test has some logging output [38;5;243m@ 09/25/23 07:19:11.548[0m
  [1mSTEP:[0m Checking container: csi-resizer pod: csi-rbdplugin-provisioner-58fc6c8f5-wbs7k ns: test has some logging output [38;5;243m@ 09/25/23 07:19:11.734[0m
  [1mSTEP:[0m Checking container: csi-snapshotter pod: csi-rbdplugin-provisioner-58fc6c8f5-wbs7k ns: test has some logging output [38;5;243m@ 09/25/23 07:19:11.935[0m
  [1mSTEP:[0m Checking container: csi-rbdplugin pod: csi-rbdplugin-provisioner-58fc6c8f5-wbs7k ns: test has some logging output [38;5;243m@ 09/25/23 07:19:12.14[0m
  [1mSTEP:[0m Checking container: registry-grpc pod: d4681f98fc2b9661435ddd8f0e86b1bda8824ac566f8a600c90d1d1f4370706 ns: test has some logging output [38;5;243m@ 09/25/23 07:19:12.333[0m
  [1mSTEP:[0m Checking container: kube-rbac-proxy pod: devworkspace-webhook-server-85d9f8bbfc-cj6z5 ns: test has some logging output [38;5;243m@ 09/25/23 07:19:12.538[0m
  [1mSTEP:[0m Checking container: webhook-server pod: devworkspace-webhook-server-85d9f8bbfc-cj6z5 ns: test has some logging output [38;5;243m@ 09/25/23 07:19:12.742[0m
  [1mSTEP:[0m Checking container: manager pod: ibm-metrics-operator-controller-manager-767655fd5-2458t ns: test has some logging output [38;5;243m@ 09/25/23 07:19:12.936[0m
  [1mSTEP:[0m Checking container: kube-rbac-proxy pod: ibm-metrics-operator-controller-manager-767655fd5-2458t ns: test has some logging output [38;5;243m@ 09/25/23 07:19:13.142[0m
  [1mSTEP:[0m Checking container: security-profiles-operator pod: security-profiles-operator-webhook-d844fd745-2vvs5 ns: test has some logging output [38;5;243m@ 09/25/23 07:19:13.334[0m
  [1mSTEP:[0m Checking container: security-profiles-operator pod: security-profiles-operator-webhook-d844fd745-6ngkl ns: test has some logging output [38;5;243m@ 09/25/23 07:19:13.536[0m
  [1mSTEP:[0m Checking container: security-profiles-operator pod: security-profiles-operator-webhook-d844fd745-hvr8w ns: test has some logging output [38;5;243m@ 09/25/23 07:19:13.742[0m
  {"CompliantObjectsOut":[{"ObjectType":"Container","ObjectFieldsKeys":["Reason For Compliance","Namespace","Pod Name","Container Name"],"ObjectFieldsValues":["Found log line to stderr/stdout","test","1d9ecea6bd177d0eecc89426d7658502fcab44c3e2bce4b3b1a40ed89fd444a","registry-grpc"]},{"ObjectType":"Container","ObjectFieldsKeys":["Reason For Compliance","Namespace","Pod Name","Container Name"],"ObjectFieldsValues":["Found log line to stderr/stdout","test","9071e9f667a677160bccc213d83de973a3a4e7110899325c9760e4c919e9388","registry-grpc"]},{"ObjectType":"Container","ObjectFieldsKeys":["Reason For Compliance","Namespace","Pod Name","Container Name"],"ObjectFieldsValues":["Found log line to stderr/stdout","test","address-space-controller-56c797f9ff-8g8xm","address-space-controller"]},{"ObjectType":"Container","ObjectFieldsKeys":["Reason For Compliance","Namespace","Pod Name","Container Name"],"ObjectFieldsValues":["Found log line to stderr/stdout","test","bbe7e6c1d75c4de2f47e2c825c930568e85f1134545e9d890a0c9f3d9187a4d","registry-grpc"]},{"ObjectType":"Container","ObjectFieldsKeys":["Reason For Compliance","Namespace","Pod Name","Container Name"],"ObjectFieldsValues":["Found log line to stderr/stdout","test","csi-cephfsplugin-9tnmk","csi-driver-registrar"]},{"ObjectType":"Container","ObjectFieldsKeys":["Reason For Compliance","Namespace","Pod Name","Container Name"],"ObjectFieldsValues":["Found log line to stderr/stdout","test","csi-cephfsplugin-9tnmk","csi-cephfsplugin"]},{"ObjectType":"Container","ObjectFieldsKeys":["Reason For Compliance","Namespace","Pod Name","Container Name"],"ObjectFieldsValues":["Found log line to stderr/stdout","test","csi-cephfsplugin-fxjb2","csi-driver-registrar"]},{"ObjectType":"Container","ObjectFieldsKeys":["Reason For Compliance","Namespace","Pod Name","Container Name"],"ObjectFieldsValues":["Found log line to stderr/stdout","test","csi-cephfsplugin-fxjb2","csi-cephfsplugin"]},{"ObjectType":"Container","ObjectFieldsKeys":["Reason For Compliance","Namespace","Pod Name","Container Name"],"ObjectFieldsValues":["Found log line to stderr/stdout","test","csi-cephfsplugin-jqqbf","csi-driver-registrar"]},{"ObjectType":"Container","ObjectFieldsKeys":["Reason For Compliance","Namespace","Pod Name","Container Name"],"ObjectFieldsValues":["Found log line to stderr/stdout","test","csi-cephfsplugin-jqqbf","csi-cephfsplugin"]},{"ObjectType":"Container","ObjectFieldsKeys":["Reason For Compliance","Namespace","Pod Name","Container Name"],"ObjectFieldsValues":["Found log line to stderr/stdout","test","csi-cephfsplugin-provisioner-7dc6567d6b-f84tr","csi-provisioner"]},{"ObjectType":"Container","ObjectFieldsKeys":["Reason For Compliance","Namespace","Pod Name","Container Name"],"ObjectFieldsValues":["Found log line to stderr/stdout","test","csi-cephfsplugin-provisioner-7dc6567d6b-f84tr","csi-attacher"]},{"ObjectType":"Container","ObjectFieldsKeys":["Reason For Compliance","Namespace","Pod Name","Container Name"],"ObjectFieldsValues":["Found log line to stderr/stdout","test","csi-cephfsplugin-provisioner-7dc6567d6b-f84tr","csi-resizer"]},{"ObjectType":"Container","ObjectFieldsKeys":["Reason For Compliance","Namespace","Pod Name","Container Name"],"ObjectFieldsValues":["Found log line to stderr/stdout","test","csi-cephfsplugin-provisioner-7dc6567d6b-f84tr","csi-snapshotter"]},{"ObjectType":"Container","ObjectFieldsKeys":["Reason For Compliance","Namespace","Pod Name","Container Name"],"ObjectFieldsValues":["Found log line to stderr/stdout","test","csi-cephfsplugin-provisioner-7dc6567d6b-f84tr","csi-cephfsplugin"]},{"ObjectType":"Container","ObjectFieldsKeys":["Reason For Compliance","Namespace","Pod Name","Container Name"],"ObjectFieldsValues":["Found log line to stderr/stdout","test","csi-cephfsplugin-provisioner-7dc6567d6b-j5r2q","csi-provisioner"]},{"ObjectType":"Container","ObjectFieldsKeys":["Reason For Compliance","Namespace","Pod Name","Container Name"],"ObjectFieldsValues":["Found log line to stderr/stdout","test","csi-cephfsplugin-provisioner-7dc6567d6b-j5r2q","csi-attacher"]},{"ObjectType":"Container","ObjectFieldsKeys":["Reason For Compliance","Namespace","Pod Name","Container Name"],"ObjectFieldsValues":["Found log line to stderr/stdout","test","csi-cephfsplugin-provisioner-7dc6567d6b-j5r2q","csi-resizer"]},{"ObjectType":"Container","ObjectFieldsKeys":["Reason For Compliance","Namespace","Pod Name","Container Name"],"ObjectFieldsValues":["Found log line to stderr/stdout","test","csi-cephfsplugin-provisioner-7dc6567d6b-j5r2q","csi-snapshotter"]},{"ObjectType":"Container","ObjectFieldsKeys":["Reason For Compliance","Namespace","Pod Name","Container Name"],"ObjectFieldsValues":["Found log line to stderr/stdout","test","csi-cephfsplugin-provisioner-7dc6567d6b-j5r2q","csi-cephfsplugin"]},{"ObjectType":"Container","ObjectFieldsKeys":["Reason For Compliance","Namespace","Pod Name","Container Name"],"ObjectFieldsValues":["Found log line to stderr/stdout","test","csi-rbdplugin-5h7hl","csi-driver-registrar"]},{"ObjectType":"Container","ObjectFieldsKeys":["Reason For Compliance","Namespace","Pod Name","Container Name"],"ObjectFieldsValues":["Found log line to stderr/stdout","test","csi-rbdplugin-5h7hl","csi-rbdplugin"]},{"ObjectType":"Container","ObjectFieldsKeys":["Reason For Compliance","Namespace","Pod Name","Container Name"],"ObjectFieldsValues":["Found log line to stderr/stdout","test","csi-rbdplugin-5h7hl","csi-addons"]},{"ObjectType":"Container","ObjectFieldsKeys":["Reason For Compliance","Namespace","Pod Name","Container Name"],"ObjectFieldsValues":["Found log line to stderr/stdout","test","csi-rbdplugin-9fnkm","csi-driver-registrar"]},{"ObjectType":"Container","ObjectFieldsKeys":["Reason For Compliance","Namespace","Pod Name","Container Name"],"ObjectFieldsValues":["Found log line to stderr/stdout","test","csi-rbdplugin-9fnkm","csi-rbdplugin"]},{"ObjectType":"Container","ObjectFieldsKeys":["Reason For Compliance","Namespace","Pod Name","Container Name"],"ObjectFieldsValues":["Found log line to stderr/stdout","test","csi-rbdplugin-9fnkm","csi-addons"]},{"ObjectType":"Container","ObjectFieldsKeys":["Reason For Compliance","Namespace","Pod Name","Container Name"],"ObjectFieldsValues":["Found log line to stderr/stdout","test","csi-rbdplugin-dh846","csi-driver-registrar"]},{"ObjectType":"Container","ObjectFieldsKeys":["Reason For Compliance","Namespace","Pod Name","Container Name"],"ObjectFieldsValues":["Found log line to stderr/stdout","test","csi-rbdplugin-dh846","csi-rbdplugin"]},{"ObjectType":"Container","ObjectFieldsKeys":["Reason For Compliance","Namespace","Pod Name","Container Name"],"ObjectFieldsValues":["Found log line to stderr/stdout","test","csi-rbdplugin-dh846","csi-addons"]},{"ObjectType":"Container","ObjectFieldsKeys":["Reason For Compliance","Namespace","Pod Name","Container Name"],"ObjectFieldsValues":["Found log line to stderr/stdout","test","csi-rbdplugin-provisioner-58fc6c8f5-4ccl7","csi-provisioner"]},{"ObjectType":"Container","ObjectFieldsKeys":["Reason For Compliance","Namespace","Pod Name","Container Name"],"ObjectFieldsValues":["Found log line to stderr/stdout","test","csi-rbdplugin-provisioner-58fc6c8f5-4ccl7","csi-attacher"]},{"ObjectType":"Container","ObjectFieldsKeys":["Reason For Compliance","Namespace","Pod Name","Container Name"],"ObjectFieldsValues":["Found log line to stderr/stdout","test","csi-rbdplugin-provisioner-58fc6c8f5-4ccl7","csi-resizer"]},{"ObjectType":"Container","ObjectFieldsKeys":["Reason For Compliance","Namespace","Pod Name","Container Name"],"ObjectFieldsValues":["Found log line to stderr/stdout","test","csi-rbdplugin-provisioner-58fc6c8f5-4ccl7","csi-snapshotter"]},{"ObjectType":"Container","ObjectFieldsKeys":["Reason For Compliance","Namespace","Pod Name","Container Name"],"ObjectFieldsValues":["Found log line to stderr/stdout","test","csi-rbdplugin-provisioner-58fc6c8f5-4ccl7","csi-rbdplugin"]},{"ObjectType":"Container","ObjectFieldsKeys":["Reason For Compliance","Namespace","Pod Name","Container Name"],"ObjectFieldsValues":["Found log line to stderr/stdout","test","csi-rbdplugin-provisioner-58fc6c8f5-wbs7k","csi-provisioner"]},{"ObjectType":"Container","ObjectFieldsKeys":["Reason For Compliance","Namespace","Pod Name","Container Name"],"ObjectFieldsValues":["Found log line to stderr/stdout","test","csi-rbdplugin-provisioner-58fc6c8f5-wbs7k","csi-attacher"]},{"ObjectType":"Container","ObjectFieldsKeys":["Reason For Compliance","Namespace","Pod Name","Container Name"],"ObjectFieldsValues":["Found log line to stderr/stdout","test","csi-rbdplugin-provisioner-58fc6c8f5-wbs7k","csi-resizer"]},{"ObjectType":"Container","ObjectFieldsKeys":["Reason For Compliance","Namespace","Pod Name","Container Name"],"ObjectFieldsValues":["Found log line to stderr/stdout","test","csi-rbdplugin-provisioner-58fc6c8f5-wbs7k","csi-snapshotter"]},{"ObjectType":"Container","ObjectFieldsKeys":["Reason For Compliance","Namespace","Pod Name","Container Name"],"ObjectFieldsValues":["Found log line to stderr/stdout","test","csi-rbdplugin-provisioner-58fc6c8f5-wbs7k","csi-rbdplugin"]},{"ObjectType":"Container","ObjectFieldsKeys":["Reason For Compliance","Namespace","Pod Name","Container Name"],"ObjectFieldsValues":["Found log line to stderr/stdout","test","d4681f98fc2b9661435ddd8f0e86b1bda8824ac566f8a600c90d1d1f4370706","registry-grpc"]},{"ObjectType":"Container","ObjectFieldsKeys":["Reason For Compliance","Namespace","Pod Name","Container Name"],"ObjectFieldsValues":["Found log line to stderr/stdout","test","devworkspace-webhook-server-85d9f8bbfc-cj6z5","kube-rbac-proxy"]},{"ObjectType":"Container","ObjectFieldsKeys":["Reason For Compliance","Namespace","Pod Name","Container Name"],"ObjectFieldsValues":["Found log line to stderr/stdout","test","devworkspace-webhook-server-85d9f8bbfc-cj6z5","webhook-server"]},{"ObjectType":"Container","ObjectFieldsKeys":["Reason For Compliance","Namespace","Pod Name","Container Name"],"ObjectFieldsValues":["Found log line to stderr/stdout","test","ibm-metrics-operator-controller-manager-767655fd5-2458t","manager"]},{"ObjectType":"Container","ObjectFieldsKeys":["Reason For Compliance","Namespace","Pod Name","Container Name"],"ObjectFieldsValues":["Found log line to stderr/stdout","test","ibm-metrics-operator-controller-manager-767655fd5-2458t","kube-rbac-proxy"]},{"ObjectType":"Container","ObjectFieldsKeys":["Reason For Compliance","Namespace","Pod Name","Container Name"],"ObjectFieldsValues":["Found log line to stderr/stdout","test","security-profiles-operator-webhook-d844fd745-2vvs5","security-profiles-operator"]},{"ObjectType":"Container","ObjectFieldsKeys":["Reason For Compliance","Namespace","Pod Name","Container Name"],"ObjectFieldsValues":["Found log line to stderr/stdout","test","security-profiles-operator-webhook-d844fd745-6ngkl","security-profiles-operator"]},{"ObjectType":"Container","ObjectFieldsKeys":["Reason For Compliance","Namespace","Pod Name","Container Name"],"ObjectFieldsValues":["Found log line to stderr/stdout","test","security-profiles-operator-webhook-d844fd745-hvr8w","security-profiles-operator"]}],"NonCompliantObjectsOut":null}
[38;5;10m• [7.459 seconds][0m
[38;5;243m------------------------------[0m
[0mobservability [0m[1mobservability-crd-status[0m [38;5;204m[common, observability-crd-status, observability][0m
[38;5;243m/usr/tnf/tnf-src/cnf-certification-test/observability/suite.go:54[0m
  [38;5;14m[SKIPPED][0m in [It] - /usr/tnf/tnf-src/pkg/testhelper/testhelper.go:312 [38;5;243m@ 09/25/23 07:19:13.964[0m
[38;5;14mS [SKIPPED] [0.012 seconds][0m
[0mobservability [38;5;14m[1m[It] observability-crd-status[0m [38;5;204m[common, observability-crd-status, observability][0m
[38;5;243m/usr/tnf/tnf-src/cnf-certification-test/observability/suite.go:54[0m

  [38;5;14m[SKIPPED] Test skipped because there are no []*v1.CustomResourceDefinition to test, please check under test labels[0m
  [38;5;14mIn [1m[It][0m[38;5;14m at: [1m/usr/tnf/tnf-src/pkg/testhelper/testhelper.go:312[0m [38;5;243m@ 09/25/23 07:19:13.964[0m
[38;5;243m------------------------------[0m
[0mobservability [0m[1mobservability-termination-policy[0m [38;5;204m[telco, observability-termination-policy, observability][0m
[38;5;243m/usr/tnf/tnf-src/cnf-certification-test/observability/suite.go:60[0m
  [1mSTEP:[0m Testing for terminationMessagePolicy: container: registry-grpc pod: 1d9ecea6bd177d0eecc89426d7658502fcab44c3e2bce4b3b1a40ed89fd444a ns: test [38;5;243m@ 09/25/23 07:19:13.969[0m
  FAILURE: container: registry-grpc pod: 1d9ecea6bd177d0eecc89426d7658502fcab44c3e2bce4b3b1a40ed89fd444a ns: test does not have a TerminationMessagePolicy: FallbackToLogsOnError
  [1mSTEP:[0m Testing for terminationMessagePolicy: container: registry-grpc pod: 9071e9f667a677160bccc213d83de973a3a4e7110899325c9760e4c919e9388 ns: test [38;5;243m@ 09/25/23 07:19:13.969[0m
  FAILURE: container: registry-grpc pod: 9071e9f667a677160bccc213d83de973a3a4e7110899325c9760e4c919e9388 ns: test does not have a TerminationMessagePolicy: FallbackToLogsOnError
  [1mSTEP:[0m Testing for terminationMessagePolicy: container: address-space-controller pod: address-space-controller-56c797f9ff-8g8xm ns: test [38;5;243m@ 09/25/23 07:19:13.969[0m
  FAILURE: container: address-space-controller pod: address-space-controller-56c797f9ff-8g8xm ns: test does not have a TerminationMessagePolicy: FallbackToLogsOnError
  [1mSTEP:[0m Testing for terminationMessagePolicy: container: registry-grpc pod: bbe7e6c1d75c4de2f47e2c825c930568e85f1134545e9d890a0c9f3d9187a4d ns: test [38;5;243m@ 09/25/23 07:19:13.969[0m
  FAILURE: container: registry-grpc pod: bbe7e6c1d75c4de2f47e2c825c930568e85f1134545e9d890a0c9f3d9187a4d ns: test does not have a TerminationMessagePolicy: FallbackToLogsOnError
  [1mSTEP:[0m Testing for terminationMessagePolicy: container: csi-driver-registrar pod: csi-cephfsplugin-9tnmk ns: test [38;5;243m@ 09/25/23 07:19:13.97[0m
  FAILURE: container: csi-driver-registrar pod: csi-cephfsplugin-9tnmk ns: test does not have a TerminationMessagePolicy: FallbackToLogsOnError
  [1mSTEP:[0m Testing for terminationMessagePolicy: container: csi-cephfsplugin pod: csi-cephfsplugin-9tnmk ns: test [38;5;243m@ 09/25/23 07:19:13.97[0m
  FAILURE: container: csi-cephfsplugin pod: csi-cephfsplugin-9tnmk ns: test does not have a TerminationMessagePolicy: FallbackToLogsOnError
  [1mSTEP:[0m Testing for terminationMessagePolicy: container: csi-driver-registrar pod: csi-cephfsplugin-fxjb2 ns: test [38;5;243m@ 09/25/23 07:19:13.97[0m
  FAILURE: container: csi-driver-registrar pod: csi-cephfsplugin-fxjb2 ns: test does not have a TerminationMessagePolicy: FallbackToLogsOnError
  [1mSTEP:[0m Testing for terminationMessagePolicy: container: csi-cephfsplugin pod: csi-cephfsplugin-fxjb2 ns: test [38;5;243m@ 09/25/23 07:19:13.97[0m
  FAILURE: container: csi-cephfsplugin pod: csi-cephfsplugin-fxjb2 ns: test does not have a TerminationMessagePolicy: FallbackToLogsOnError
  [1mSTEP:[0m Testing for terminationMessagePolicy: container: csi-driver-registrar pod: csi-cephfsplugin-jqqbf ns: test [38;5;243m@ 09/25/23 07:19:13.97[0m
  FAILURE: container: csi-driver-registrar pod: csi-cephfsplugin-jqqbf ns: test does not have a TerminationMessagePolicy: FallbackToLogsOnError
  [1mSTEP:[0m Testing for terminationMessagePolicy: container: csi-cephfsplugin pod: csi-cephfsplugin-jqqbf ns: test [38;5;243m@ 09/25/23 07:19:13.97[0m
  FAILURE: container: csi-cephfsplugin pod: csi-cephfsplugin-jqqbf ns: test does not have a TerminationMessagePolicy: FallbackToLogsOnError
  [1mSTEP:[0m Testing for terminationMessagePolicy: container: csi-provisioner pod: csi-cephfsplugin-provisioner-7dc6567d6b-f84tr ns: test [38;5;243m@ 09/25/23 07:19:13.97[0m
  FAILURE: container: csi-provisioner pod: csi-cephfsplugin-provisioner-7dc6567d6b-f84tr ns: test does not have a TerminationMessagePolicy: FallbackToLogsOnError
  [1mSTEP:[0m Testing for terminationMessagePolicy: container: csi-attacher pod: csi-cephfsplugin-provisioner-7dc6567d6b-f84tr ns: test [38;5;243m@ 09/25/23 07:19:13.971[0m
  FAILURE: container: csi-attacher pod: csi-cephfsplugin-provisioner-7dc6567d6b-f84tr ns: test does not have a TerminationMessagePolicy: FallbackToLogsOnError
  [1mSTEP:[0m Testing for terminationMessagePolicy: container: csi-resizer pod: csi-cephfsplugin-provisioner-7dc6567d6b-f84tr ns: test [38;5;243m@ 09/25/23 07:19:13.971[0m
  FAILURE: container: csi-resizer pod: csi-cephfsplugin-provisioner-7dc6567d6b-f84tr ns: test does not have a TerminationMessagePolicy: FallbackToLogsOnError
  [1mSTEP:[0m Testing for terminationMessagePolicy: container: csi-snapshotter pod: csi-cephfsplugin-provisioner-7dc6567d6b-f84tr ns: test [38;5;243m@ 09/25/23 07:19:13.971[0m
  FAILURE: container: csi-snapshotter pod: csi-cephfsplugin-provisioner-7dc6567d6b-f84tr ns: test does not have a TerminationMessagePolicy: FallbackToLogsOnError
  [1mSTEP:[0m Testing for terminationMessagePolicy: container: csi-cephfsplugin pod: csi-cephfsplugin-provisioner-7dc6567d6b-f84tr ns: test [38;5;243m@ 09/25/23 07:19:13.971[0m
  FAILURE: container: csi-cephfsplugin pod: csi-cephfsplugin-provisioner-7dc6567d6b-f84tr ns: test does not have a TerminationMessagePolicy: FallbackToLogsOnError
  [1mSTEP:[0m Testing for terminationMessagePolicy: container: csi-provisioner pod: csi-cephfsplugin-provisioner-7dc6567d6b-j5r2q ns: test [38;5;243m@ 09/25/23 07:19:13.971[0m
  FAILURE: container: csi-provisioner pod: csi-cephfsplugin-provisioner-7dc6567d6b-j5r2q ns: test does not have a TerminationMessagePolicy: FallbackToLogsOnError
  [1mSTEP:[0m Testing for terminationMessagePolicy: container: csi-attacher pod: csi-cephfsplugin-provisioner-7dc6567d6b-j5r2q ns: test [38;5;243m@ 09/25/23 07:19:13.971[0m
  FAILURE: container: csi-attacher pod: csi-cephfsplugin-provisioner-7dc6567d6b-j5r2q ns: test does not have a TerminationMessagePolicy: FallbackToLogsOnError
  [1mSTEP:[0m Testing for terminationMessagePolicy: container: csi-resizer pod: csi-cephfsplugin-provisioner-7dc6567d6b-j5r2q ns: test [38;5;243m@ 09/25/23 07:19:13.971[0m
  FAILURE: container: csi-resizer pod: csi-cephfsplugin-provisioner-7dc6567d6b-j5r2q ns: test does not have a TerminationMessagePolicy: FallbackToLogsOnError
  [1mSTEP:[0m Testing for terminationMessagePolicy: container: csi-snapshotter pod: csi-cephfsplugin-provisioner-7dc6567d6b-j5r2q ns: test [38;5;243m@ 09/25/23 07:19:13.971[0m
  FAILURE: container: csi-snapshotter pod: csi-cephfsplugin-provisioner-7dc6567d6b-j5r2q ns: test does not have a TerminationMessagePolicy: FallbackToLogsOnError
  [1mSTEP:[0m Testing for terminationMessagePolicy: container: csi-cephfsplugin pod: csi-cephfsplugin-provisioner-7dc6567d6b-j5r2q ns: test [38;5;243m@ 09/25/23 07:19:13.971[0m
  FAILURE: container: csi-cephfsplugin pod: csi-cephfsplugin-provisioner-7dc6567d6b-j5r2q ns: test does not have a TerminationMessagePolicy: FallbackToLogsOnError
  [1mSTEP:[0m Testing for terminationMessagePolicy: container: csi-driver-registrar pod: csi-rbdplugin-5h7hl ns: test [38;5;243m@ 09/25/23 07:19:13.972[0m
  FAILURE: container: csi-driver-registrar pod: csi-rbdplugin-5h7hl ns: test does not have a TerminationMessagePolicy: FallbackToLogsOnError
  [1mSTEP:[0m Testing for terminationMessagePolicy: container: csi-rbdplugin pod: csi-rbdplugin-5h7hl ns: test [38;5;243m@ 09/25/23 07:19:13.972[0m
  FAILURE: container: csi-rbdplugin pod: csi-rbdplugin-5h7hl ns: test does not have a TerminationMessagePolicy: FallbackToLogsOnError
  [1mSTEP:[0m Testing for terminationMessagePolicy: container: csi-addons pod: csi-rbdplugin-5h7hl ns: test [38;5;243m@ 09/25/23 07:19:13.972[0m
  FAILURE: container: csi-addons pod: csi-rbdplugin-5h7hl ns: test does not have a TerminationMessagePolicy: FallbackToLogsOnError
  [1mSTEP:[0m Testing for terminationMessagePolicy: container: csi-driver-registrar pod: csi-rbdplugin-9fnkm ns: test [38;5;243m@ 09/25/23 07:19:13.972[0m
  FAILURE: container: csi-driver-registrar pod: csi-rbdplugin-9fnkm ns: test does not have a TerminationMessagePolicy: FallbackToLogsOnError
  [1mSTEP:[0m Testing for terminationMessagePolicy: container: csi-rbdplugin pod: csi-rbdplugin-9fnkm ns: test [38;5;243m@ 09/25/23 07:19:13.972[0m
  FAILURE: container: csi-rbdplugin pod: csi-rbdplugin-9fnkm ns: test does not have a TerminationMessagePolicy: FallbackToLogsOnError
  [1mSTEP:[0m Testing for terminationMessagePolicy: container: csi-addons pod: csi-rbdplugin-9fnkm ns: test [38;5;243m@ 09/25/23 07:19:13.972[0m
  FAILURE: container: csi-addons pod: csi-rbdplugin-9fnkm ns: test does not have a TerminationMessagePolicy: FallbackToLogsOnError
  [1mSTEP:[0m Testing for terminationMessagePolicy: container: csi-driver-registrar pod: csi-rbdplugin-dh846 ns: test [38;5;243m@ 09/25/23 07:19:13.972[0m
  FAILURE: container: csi-driver-registrar pod: csi-rbdplugin-dh846 ns: test does not have a TerminationMessagePolicy: FallbackToLogsOnError
  [1mSTEP:[0m Testing for terminationMessagePolicy: container: csi-rbdplugin pod: csi-rbdplugin-dh846 ns: test [38;5;243m@ 09/25/23 07:19:13.972[0m
  FAILURE: container: csi-rbdplugin pod: csi-rbdplugin-dh846 ns: test does not have a TerminationMessagePolicy: FallbackToLogsOnError
  [1mSTEP:[0m Testing for terminationMessagePolicy: container: csi-addons pod: csi-rbdplugin-dh846 ns: test [38;5;243m@ 09/25/23 07:19:13.972[0m
  FAILURE: container: csi-addons pod: csi-rbdplugin-dh846 ns: test does not have a TerminationMessagePolicy: FallbackToLogsOnError
  [1mSTEP:[0m Testing for terminationMessagePolicy: container: csi-provisioner pod: csi-rbdplugin-provisioner-58fc6c8f5-4ccl7 ns: test [38;5;243m@ 09/25/23 07:19:13.973[0m
  FAILURE: container: csi-provisioner pod: csi-rbdplugin-provisioner-58fc6c8f5-4ccl7 ns: test does not have a TerminationMessagePolicy: FallbackToLogsOnError
  [1mSTEP:[0m Testing for terminationMessagePolicy: container: csi-attacher pod: csi-rbdplugin-provisioner-58fc6c8f5-4ccl7 ns: test [38;5;243m@ 09/25/23 07:19:13.973[0m
  FAILURE: container: csi-attacher pod: csi-rbdplugin-provisioner-58fc6c8f5-4ccl7 ns: test does not have a TerminationMessagePolicy: FallbackToLogsOnError
  [1mSTEP:[0m Testing for terminationMessagePolicy: container: csi-resizer pod: csi-rbdplugin-provisioner-58fc6c8f5-4ccl7 ns: test [38;5;243m@ 09/25/23 07:19:13.973[0m
  FAILURE: container: csi-resizer pod: csi-rbdplugin-provisioner-58fc6c8f5-4ccl7 ns: test does not have a TerminationMessagePolicy: FallbackToLogsOnError
  [1mSTEP:[0m Testing for terminationMessagePolicy: container: csi-snapshotter pod: csi-rbdplugin-provisioner-58fc6c8f5-4ccl7 ns: test [38;5;243m@ 09/25/23 07:19:13.973[0m
  FAILURE: container: csi-snapshotter pod: csi-rbdplugin-provisioner-58fc6c8f5-4ccl7 ns: test does not have a TerminationMessagePolicy: FallbackToLogsOnError
  [1mSTEP:[0m Testing for terminationMessagePolicy: container: csi-rbdplugin pod: csi-rbdplugin-provisioner-58fc6c8f5-4ccl7 ns: test [38;5;243m@ 09/25/23 07:19:13.973[0m
  FAILURE: container: csi-rbdplugin pod: csi-rbdplugin-provisioner-58fc6c8f5-4ccl7 ns: test does not have a TerminationMessagePolicy: FallbackToLogsOnError
  [1mSTEP:[0m Testing for terminationMessagePolicy: container: csi-provisioner pod: csi-rbdplugin-provisioner-58fc6c8f5-wbs7k ns: test [38;5;243m@ 09/25/23 07:19:13.973[0m
  FAILURE: container: csi-provisioner pod: csi-rbdplugin-provisioner-58fc6c8f5-wbs7k ns: test does not have a TerminationMessagePolicy: FallbackToLogsOnError
  [1mSTEP:[0m Testing for terminationMessagePolicy: container: csi-attacher pod: csi-rbdplugin-provisioner-58fc6c8f5-wbs7k ns: test [38;5;243m@ 09/25/23 07:19:13.973[0m
  FAILURE: container: csi-attacher pod: csi-rbdplugin-provisioner-58fc6c8f5-wbs7k ns: test does not have a TerminationMessagePolicy: FallbackToLogsOnError
  [1mSTEP:[0m Testing for terminationMessagePolicy: container: csi-resizer pod: csi-rbdplugin-provisioner-58fc6c8f5-wbs7k ns: test [38;5;243m@ 09/25/23 07:19:13.973[0m
  FAILURE: container: csi-resizer pod: csi-rbdplugin-provisioner-58fc6c8f5-wbs7k ns: test does not have a TerminationMessagePolicy: FallbackToLogsOnError
  [1mSTEP:[0m Testing for terminationMessagePolicy: container: csi-snapshotter pod: csi-rbdplugin-provisioner-58fc6c8f5-wbs7k ns: test [38;5;243m@ 09/25/23 07:19:13.973[0m
  FAILURE: container: csi-snapshotter pod: csi-rbdplugin-provisioner-58fc6c8f5-wbs7k ns: test does not have a TerminationMessagePolicy: FallbackToLogsOnError
  [1mSTEP:[0m Testing for terminationMessagePolicy: container: csi-rbdplugin pod: csi-rbdplugin-provisioner-58fc6c8f5-wbs7k ns: test [38;5;243m@ 09/25/23 07:19:13.973[0m
  FAILURE: container: csi-rbdplugin pod: csi-rbdplugin-provisioner-58fc6c8f5-wbs7k ns: test does not have a TerminationMessagePolicy: FallbackToLogsOnError
  [1mSTEP:[0m Testing for terminationMessagePolicy: container: registry-grpc pod: d4681f98fc2b9661435ddd8f0e86b1bda8824ac566f8a600c90d1d1f4370706 ns: test [38;5;243m@ 09/25/23 07:19:13.974[0m
  FAILURE: container: registry-grpc pod: d4681f98fc2b9661435ddd8f0e86b1bda8824ac566f8a600c90d1d1f4370706 ns: test does not have a TerminationMessagePolicy: FallbackToLogsOnError
  [1mSTEP:[0m Testing for terminationMessagePolicy: container: kube-rbac-proxy pod: devworkspace-webhook-server-85d9f8bbfc-cj6z5 ns: test [38;5;243m@ 09/25/23 07:19:13.974[0m
  FAILURE: container: kube-rbac-proxy pod: devworkspace-webhook-server-85d9f8bbfc-cj6z5 ns: test does not have a TerminationMessagePolicy: FallbackToLogsOnError
  [1mSTEP:[0m Testing for terminationMessagePolicy: container: webhook-server pod: devworkspace-webhook-server-85d9f8bbfc-cj6z5 ns: test [38;5;243m@ 09/25/23 07:19:13.974[0m
  FAILURE: container: webhook-server pod: devworkspace-webhook-server-85d9f8bbfc-cj6z5 ns: test does not have a TerminationMessagePolicy: FallbackToLogsOnError
  [1mSTEP:[0m Testing for terminationMessagePolicy: container: manager pod: ibm-metrics-operator-controller-manager-767655fd5-2458t ns: test [38;5;243m@ 09/25/23 07:19:13.974[0m
  FAILURE: container: manager pod: ibm-metrics-operator-controller-manager-767655fd5-2458t ns: test does not have a TerminationMessagePolicy: FallbackToLogsOnError
  [1mSTEP:[0m Testing for terminationMessagePolicy: container: kube-rbac-proxy pod: ibm-metrics-operator-controller-manager-767655fd5-2458t ns: test [38;5;243m@ 09/25/23 07:19:13.974[0m
  FAILURE: container: kube-rbac-proxy pod: ibm-metrics-operator-controller-manager-767655fd5-2458t ns: test does not have a TerminationMessagePolicy: FallbackToLogsOnError
  [1mSTEP:[0m Testing for terminationMessagePolicy: container: security-profiles-operator pod: security-profiles-operator-webhook-d844fd745-2vvs5 ns: test [38;5;243m@ 09/25/23 07:19:13.974[0m
  FAILURE: container: security-profiles-operator pod: security-profiles-operator-webhook-d844fd745-2vvs5 ns: test does not have a TerminationMessagePolicy: FallbackToLogsOnError
  [1mSTEP:[0m Testing for terminationMessagePolicy: container: security-profiles-operator pod: security-profiles-operator-webhook-d844fd745-6ngkl ns: test [38;5;243m@ 09/25/23 07:19:13.974[0m
  FAILURE: container: security-profiles-operator pod: security-profiles-operator-webhook-d844fd745-6ngkl ns: test does not have a TerminationMessagePolicy: FallbackToLogsOnError
  [1mSTEP:[0m Testing for terminationMessagePolicy: container: security-profiles-operator pod: security-profiles-operator-webhook-d844fd745-hvr8w ns: test [38;5;243m@ 09/25/23 07:19:13.974[0m
  FAILURE: container: security-profiles-operator pod: security-profiles-operator-webhook-d844fd745-hvr8w ns: test does not have a TerminationMessagePolicy: FallbackToLogsOnError
  {"CompliantObjectsOut":null,"NonCompliantObjectsOut":[{"ObjectType":"Container","ObjectFieldsKeys":["Reason For Non Compliance","Namespace","Pod Name","Container Name"],"ObjectFieldsValues":["TerminationMessagePolicy is not FallbackToLogsOnError","test","1d9ecea6bd177d0eecc89426d7658502fcab44c3e2bce4b3b1a40ed89fd444a","registry-grpc"]},{"ObjectType":"Container","ObjectFieldsKeys":["Reason For Non Compliance","Namespace","Pod Name","Container Name"],"ObjectFieldsValues":["TerminationMessagePolicy is not FallbackToLogsOnError","test","9071e9f667a677160bccc213d83de973a3a4e7110899325c9760e4c919e9388","registry-grpc"]},{"ObjectType":"Container","ObjectFieldsKeys":["Reason For Non Compliance","Namespace","Pod Name","Container Name"],"ObjectFieldsValues":["TerminationMessagePolicy is not FallbackToLogsOnError","test","address-space-controller-56c797f9ff-8g8xm","address-space-controller"]},{"ObjectType":"Container","ObjectFieldsKeys":["Reason For Non Compliance","Namespace","Pod Name","Container Name"],"ObjectFieldsValues":["TerminationMessagePolicy is not FallbackToLogsOnError","test","bbe7e6c1d75c4de2f47e2c825c930568e85f1134545e9d890a0c9f3d9187a4d","registry-grpc"]},{"ObjectType":"Container","ObjectFieldsKeys":["Reason For Non Compliance","Namespace","Pod Name","Container Name"],"ObjectFieldsValues":["TerminationMessagePolicy is not FallbackToLogsOnError","test","csi-cephfsplugin-9tnmk","csi-driver-registrar"]},{"ObjectType":"Container","ObjectFieldsKeys":["Reason For Non Compliance","Namespace","Pod Name","Container Name"],"ObjectFieldsValues":["TerminationMessagePolicy is not FallbackToLogsOnError","test","csi-cephfsplugin-9tnmk","csi-cephfsplugin"]},{"ObjectType":"Container","ObjectFieldsKeys":["Reason For Non Compliance","Namespace","Pod Name","Container Name"],"ObjectFieldsValues":["TerminationMessagePolicy is not FallbackToLogsOnError","test","csi-cephfsplugin-fxjb2","csi-driver-registrar"]},{"ObjectType":"Container","ObjectFieldsKeys":["Reason For Non Compliance","Namespace","Pod Name","Container Name"],"ObjectFieldsValues":["TerminationMessagePolicy is not FallbackToLogsOnError","test","csi-cephfsplugin-fxjb2","csi-cephfsplugin"]},{"ObjectType":"Container","ObjectFieldsKeys":["Reason For Non Compliance","Namespace","Pod Name","Container Name"],"ObjectFieldsValues":["TerminationMessagePolicy is not FallbackToLogsOnError","test","csi-cephfsplugin-jqqbf","csi-driver-registrar"]},{"ObjectType":"Container","ObjectFieldsKeys":["Reason For Non Compliance","Namespace","Pod Name","Container Name"],"ObjectFieldsValues":["TerminationMessagePolicy is not FallbackToLogsOnError","test","csi-cephfsplugin-jqqbf","csi-cephfsplugin"]},{"ObjectType":"Container","ObjectFieldsKeys":["Reason For Non Compliance","Namespace","Pod Name","Container Name"],"ObjectFieldsValues":["TerminationMessagePolicy is not FallbackToLogsOnError","test","csi-cephfsplugin-provisioner-7dc6567d6b-f84tr","csi-provisioner"]},{"ObjectType":"Container","ObjectFieldsKeys":["Reason For Non Compliance","Namespace","Pod Name","Container Name"],"ObjectFieldsValues":["TerminationMessagePolicy is not FallbackToLogsOnError","test","csi-cephfsplugin-provisioner-7dc6567d6b-f84tr","csi-attacher"]},{"ObjectType":"Container","ObjectFieldsKeys":["Reason For Non Compliance","Namespace","Pod Name","Container Name"],"ObjectFieldsValues":["TerminationMessagePolicy is not FallbackToLogsOnError","test","csi-cephfsplugin-provisioner-7dc6567d6b-f84tr","csi-resizer"]},{"ObjectType":"Container","ObjectFieldsKeys":["Reason For Non Compliance","Namespace","Pod Name","Container Name"],"ObjectFieldsValues":["TerminationMessagePolicy is not FallbackToLogsOnError","test","csi-cephfsplugin-provisioner-7dc6567d6b-f84tr","csi-snapshotter"]},{"ObjectType":"Container","ObjectFieldsKeys":["Reason For Non Compliance","Namespace","Pod Name","Container Name"],"ObjectFieldsValues":["TerminationMessagePolicy is not FallbackToLogsOnError","test","csi-cephfsplugin-provisioner-7dc6567d6b-f84tr","csi-cephfsplugin"]},{"ObjectType":"Container","ObjectFieldsKeys":["Reason For Non Compliance","Namespace","Pod Name","Container Name"],"ObjectFieldsValues":["TerminationMessagePolicy is not FallbackToLogsOnError","test","csi-cephfsplugin-provisioner-7dc6567d6b-j5r2q","csi-provisioner"]},{"ObjectType":"Container","ObjectFieldsKeys":["Reason For Non Compliance","Namespace","Pod Name","Container Name"],"ObjectFieldsValues":["TerminationMessagePolicy is not FallbackToLogsOnError","test","csi-cephfsplugin-provisioner-7dc6567d6b-j5r2q","csi-attacher"]},{"ObjectType":"Container","ObjectFieldsKeys":["Reason For Non Compliance","Namespace","Pod Name","Container Name"],"ObjectFieldsValues":["TerminationMessagePolicy is not FallbackToLogsOnError","test","csi-cephfsplugin-provisioner-7dc6567d6b-j5r2q","csi-resizer"]},{"ObjectType":"Container","ObjectFieldsKeys":["Reason For Non Compliance","Namespace","Pod Name","Container Name"],"ObjectFieldsValues":["TerminationMessagePolicy is not FallbackToLogsOnError","test","csi-cephfsplugin-provisioner-7dc6567d6b-j5r2q","csi-snapshotter"]},{"ObjectType":"Container","ObjectFieldsKeys":["Reason For Non Compliance","Namespace","Pod Name","Container Name"],"ObjectFieldsValues":["TerminationMessagePolicy is not FallbackToLogsOnError","test","csi-cephfsplugin-provisioner-7dc6567d6b-j5r2q","csi-cephfsplugin"]},{"ObjectType":"Container","ObjectFieldsKeys":["Reason For Non Compliance","Namespace","Pod Name","Container Name"],"ObjectFieldsValues":["TerminationMessagePolicy is not FallbackToLogsOnError","test","csi-rbdplugin-5h7hl","csi-driver-registrar"]},{"ObjectType":"Container","ObjectFieldsKeys":["Reason For Non Compliance","Namespace","Pod Name","Container Name"],"ObjectFieldsValues":["TerminationMessagePolicy is not FallbackToLogsOnError","test","csi-rbdplugin-5h7hl","csi-rbdplugin"]},{"ObjectType":"Container","ObjectFieldsKeys":["Reason For Non Compliance","Namespace","Pod Name","Container Name"],"ObjectFieldsValues":["TerminationMessagePolicy is not FallbackToLogsOnError","test","csi-rbdplugin-5h7hl","csi-addons"]},{"ObjectType":"Container","ObjectFieldsKeys":["Reason For Non Compliance","Namespace","Pod Name","Container Name"],"ObjectFieldsValues":["TerminationMessagePolicy is not FallbackToLogsOnError","test","csi-rbdplugin-9fnkm","csi-driver-registrar"]},{"ObjectType":"Container","ObjectFieldsKeys":["Reason For Non Compliance","Namespace","Pod Name","Container Name"],"ObjectFieldsValues":["TerminationMessagePolicy is not FallbackToLogsOnError","test","csi-rbdplugin-9fnkm","csi-rbdplugin"]},{"ObjectType":"Container","ObjectFieldsKeys":["Reason For Non Compliance","Namespace","Pod Name","Container Name"],"ObjectFieldsValues":["TerminationMessagePolicy is not FallbackToLogsOnError","test","csi-rbdplugin-9fnkm","csi-addons"]},{"ObjectType":"Container","ObjectFieldsKeys":["Reason For Non Compliance","Namespace","Pod Name","Container Name"],"ObjectFieldsValues":["TerminationMessagePolicy is not FallbackToLogsOnError","test","csi-rbdplugin-dh846","csi-driver-registrar"]},{"ObjectType":"Container","ObjectFieldsKeys":["Reason For Non Compliance","Namespace","Pod Name","Container Name"],"ObjectFieldsValues":["TerminationMessagePolicy is not FallbackToLogsOnError","test","csi-rbdplugin-dh846","csi-rbdplugin"]},{"ObjectType":"Container","ObjectFieldsKeys":["Reason For Non Compliance","Namespace","Pod Name","Container Name"],"ObjectFieldsValues":["TerminationMessagePolicy is not FallbackToLogsOnError","test","csi-rbdplugin-dh846","csi-addons"]},{"ObjectType":"Container","ObjectFieldsKeys":["Reason For Non Compliance","Namespace","Pod Name","Container Name"],"ObjectFieldsValues":["TerminationMessagePolicy is not FallbackToLogsOnError","test","csi-rbdplugin-provisioner-58fc6c8f5-4ccl7","csi-provisioner"]},{"ObjectType":"Container","ObjectFieldsKeys":["Reason For Non Compliance","Namespace","Pod Name","Container Name"],"ObjectFieldsValues":["TerminationMessagePolicy is not FallbackToLogsOnError","test","csi-rbdplugin-provisioner-58fc6c8f5-4ccl7","csi-attacher"]},{"ObjectType":"Container","ObjectFieldsKeys":["Reason For Non Compliance","Namespace","Pod Name","Container Name"],"ObjectFieldsValues":["TerminationMessagePolicy is not FallbackToLogsOnError","test","csi-rbdplugin-provisioner-58fc6c8f5-4ccl7","csi-resizer"]},{"ObjectType":"Container","ObjectFieldsKeys":["Reason For Non Compliance","Namespace","Pod Name","Container Name"],"ObjectFieldsValues":["TerminationMessagePolicy is not FallbackToLogsOnError","test","csi-rbdplugin-provisioner-58fc6c8f5-4ccl7","csi-snapshotter"]},{"ObjectType":"Container","ObjectFieldsKeys":["Reason For Non Compliance","Namespace","Pod Name","Container Name"],"ObjectFieldsValues":["TerminationMessagePolicy is not FallbackToLogsOnError","test","csi-rbdplugin-provisioner-58fc6c8f5-4ccl7","csi-rbdplugin"]},{"ObjectType":"Container","ObjectFieldsKeys":["Reason For Non Compliance","Namespace","Pod Name","Container Name"],"ObjectFieldsValues":["TerminationMessagePolicy is not FallbackToLogsOnError","test","csi-rbdplugin-provisioner-58fc6c8f5-wbs7k","csi-provisioner"]},{"ObjectType":"Container","ObjectFieldsKeys":["Reason For Non Compliance","Namespace","Pod Name","Container Name"],"ObjectFieldsValues":["TerminationMessagePolicy is not FallbackToLogsOnError","test","csi-rbdplugin-provisioner-58fc6c8f5-wbs7k","csi-attacher"]},{"ObjectType":"Container","ObjectFieldsKeys":["Reason For Non Compliance","Namespace","Pod Name","Container Name"],"ObjectFieldsValues":["TerminationMessagePolicy is not FallbackToLogsOnError","test","csi-rbdplugin-provisioner-58fc6c8f5-wbs7k","csi-resizer"]},{"ObjectType":"Container","ObjectFieldsKeys":["Reason For Non Compliance","Namespace","Pod Name","Container Name"],"ObjectFieldsValues":["TerminationMessagePolicy is not FallbackToLogsOnError","test","csi-rbdplugin-provisioner-58fc6c8f5-wbs7k","csi-snapshotter"]},{"ObjectType":"Container","ObjectFieldsKeys":["Reason For Non Compliance","Namespace","Pod Name","Container Name"],"ObjectFieldsValues":["TerminationMessagePolicy is not FallbackToLogsOnError","test","csi-rbdplugin-provisioner-58fc6c8f5-wbs7k","csi-rbdplugin"]},{"ObjectType":"Container","ObjectFieldsKeys":["Reason For Non Compliance","Namespace","Pod Name","Container Name"],"ObjectFieldsValues":["TerminationMessagePolicy is not FallbackToLogsOnError","test","d4681f98fc2b9661435ddd8f0e86b1bda8824ac566f8a600c90d1d1f4370706","registry-grpc"]},{"ObjectType":"Container","ObjectFieldsKeys":["Reason For Non Compliance","Namespace","Pod Name","Container Name"],"ObjectFieldsValues":["TerminationMessagePolicy is not FallbackToLogsOnError","test","devworkspace-webhook-server-85d9f8bbfc-cj6z5","kube-rbac-proxy"]},{"ObjectType":"Container","ObjectFieldsKeys":["Reason For Non Compliance","Namespace","Pod Name","Container Name"],"ObjectFieldsValues":["TerminationMessagePolicy is not FallbackToLogsOnError","test","devworkspace-webhook-server-85d9f8bbfc-cj6z5","webhook-server"]},{"ObjectType":"Container","ObjectFieldsKeys":["Reason For Non Compliance","Namespace","Pod Name","Container Name"],"ObjectFieldsValues":["TerminationMessagePolicy is not FallbackToLogsOnError","test","ibm-metrics-operator-controller-manager-767655fd5-2458t","manager"]},{"ObjectType":"Container","ObjectFieldsKeys":["Reason For Non Compliance","Namespace","Pod Name","Container Name"],"ObjectFieldsValues":["TerminationMessagePolicy is not FallbackToLogsOnError","test","ibm-metrics-operator-controller-manager-767655fd5-2458t","kube-rbac-proxy"]},{"ObjectType":"Container","ObjectFieldsKeys":["Reason For Non Compliance","Namespace","Pod Name","Container Name"],"ObjectFieldsValues":["TerminationMessagePolicy is not FallbackToLogsOnError","test","security-profiles-operator-webhook-d844fd745-2vvs5","security-profiles-operator"]},{"ObjectType":"Container","ObjectFieldsKeys":["Reason For Non Compliance","Namespace","Pod Name","Container Name"],"ObjectFieldsValues":["TerminationMessagePolicy is not FallbackToLogsOnError","test","security-profiles-operator-webhook-d844fd745-6ngkl","security-profiles-operator"]},{"ObjectType":"Container","ObjectFieldsKeys":["Reason For Non Compliance","Namespace","Pod Name","Container Name"],"ObjectFieldsValues":["TerminationMessagePolicy is not FallbackToLogsOnError","test","security-profiles-operator-webhook-d844fd745-hvr8w","security-profiles-operator"]}]}
  [38;5;9m[FAILED][0m in [It] - /usr/tnf/tnf-src/pkg/testhelper/testhelper.go:358 [38;5;243m@ 09/25/23 07:19:13.977[0m
[38;5;9m• [FAILED] [0.009 seconds][0m
[0mobservability [38;5;9m[1m[It] observability-termination-policy[0m [38;5;204m[telco, observability-termination-policy, observability][0m
[38;5;243m/usr/tnf/tnf-src/cnf-certification-test/observability/suite.go:60[0m

  [38;5;9m[FAILED] {"CompliantObjectsOut":null,"NonCompliantObjectsOut":[{"ObjectType":"Container","ObjectFieldsKeys":["Reason For Non Compliance","Namespace","Pod Name","Container Name"],"ObjectFieldsValues":["TerminationMessagePolicy is not FallbackToLogsOnError","test","1d9ecea6bd177d0eecc89426d7658502fcab44c3e2bce4b3b1a40ed89fd444a","registry-grpc"]},{"ObjectType":"Container","ObjectFieldsKeys":["Reason For Non Compliance","Namespace","Pod Name","Container Name"],"ObjectFieldsValues":["TerminationMessagePolicy is not FallbackToLogsOnError","test","9071e9f667a677160bccc213d83de973a3a4e7110899325c9760e4c919e9388","registry-grpc"]},{"ObjectType":"Container","ObjectFieldsKeys":["Reason For Non Compliance","Namespace","Pod Name","Container Name"],"ObjectFieldsValues":["TerminationMessagePolicy is not FallbackToLogsOnError","test","address-space-controller-56c797f9ff-8g8xm","address-space-controller"]},{"ObjectType":"Container","ObjectFieldsKeys":["Reason For Non Compliance","Namespace","Pod Name","Container Name"],"ObjectFieldsValues":["TerminationMessagePolicy is not FallbackToLogsOnError","test","bbe7e6c1d75c4de2f47e2c825c930568e85f1134545e9d890a0c9f3d9187a4d","registry-grpc"]},{"ObjectType":"Container","ObjectFieldsKeys":["Reason For Non Compliance","Namespace","Pod Name","Container Name"],"ObjectFieldsValues":["TerminationMessagePolicy is not FallbackToLogsOnError","test","csi-cephfsplugin-9tnmk","csi-driver-registrar"]},{"ObjectType":"Container","ObjectFieldsKeys":["Reason For Non Compliance","Namespace","Pod Name","Container Name"],"ObjectFieldsValues":["TerminationMessagePolicy is not FallbackToLogsOnError","test","csi-cephfsplugin-9tnmk","csi-cephfsplugin"]},{"ObjectType":"Container","ObjectFieldsKeys":["Reason For Non Compliance","Namespace","Pod Name","Container Name"],"ObjectFieldsValues":["TerminationMessagePolicy is not FallbackToLogsOnError","test","csi-cephfsplugin-fxjb2","csi-driver-registrar"]},{"ObjectType":"Container","ObjectFieldsKeys":["Reason For Non Compliance","Namespace","Pod Name","Container Name"],"ObjectFieldsValues":["TerminationMessagePolicy is not FallbackToLogsOnError","test","csi-cephfsplugin-fxjb2","csi-cephfsplugin"]},{"ObjectType":"Container","ObjectFieldsKeys":["Reason For Non Compliance","Namespace","Pod Name","Container Name"],"ObjectFieldsValues":["TerminationMessagePolicy is not FallbackToLogsOnError","test","csi-cephfsplugin-jqqbf","csi-driver-registrar"]},{"ObjectType":"Container","ObjectFieldsKeys":["Reason For Non Compliance","Namespace","Pod Name","Container Name"],"ObjectFieldsValues":["TerminationMessagePolicy is not FallbackToLogsOnError","test","csi-cephfsplugin-jqqbf","csi-cephfsplugin"]},{"ObjectType":"Container","ObjectFieldsKeys":["Reason For Non Compliance","Namespace","Pod Name","Container Name"],"ObjectFieldsValues":["TerminationMessagePolicy is not FallbackToLogsOnError","test","csi-cephfsplugin-provisioner-7dc6567d6b-f84tr","csi-provisioner"]},{"ObjectType":"Container","ObjectFieldsKeys":["Reason For Non Compliance","Namespace","Pod Name","Container Name"],"ObjectFieldsValues":["TerminationMessagePolicy is not FallbackToLogsOnError","test","csi-cephfsplugin-provisioner-7dc6567d6b-f84tr","csi-attacher"]},{"ObjectType":"Container","ObjectFieldsKeys":["Reason For Non Compliance","Namespace","Pod Name","Container Name"],"ObjectFieldsValues":["TerminationMessagePolicy is not FallbackToLogsOnError","test","csi-cephfsplugin-provisioner-7dc6567d6b-f84tr","csi-resizer"]},{"ObjectType":"Container","ObjectFieldsKeys":["Reason For Non Compliance","Namespace","Pod Name","Container Name"],"ObjectFieldsValues":["TerminationMessagePolicy is not FallbackToLogsOnError","test","csi-cephfsplugin-provisioner-7dc6567d6b-f84tr","csi-snapshotter"]},{"ObjectType":"Container","ObjectFieldsKeys":["Reason For Non Compliance","Namespace","Pod Name","Container Name"],"ObjectFieldsValues":["TerminationMessagePolicy is not FallbackToLogsOnError","test","csi-cephfsplugin-provisioner-7dc6567d6b-f84tr","csi-cephfsplugin"]},{"ObjectType":"Container","ObjectFieldsKeys":["Reason For Non Compliance","Namespace","Pod Name","Container Name"],"ObjectFieldsValues":["TerminationMessagePolicy is not FallbackToLogsOnError","test","csi-cephfsplugin-provisioner-7dc6567d6b-j5r2q","csi-provisioner"]},{"ObjectType":"Container","ObjectFieldsKeys":["Reason For Non Compliance","Namespace","Pod Name","Container Name"],"ObjectFieldsValues":["TerminationMessagePolicy is not FallbackToLogsOnError","test","csi-cephfsplugin-provisioner-7dc6567d6b-j5r2q","csi-attacher"]},{"ObjectType":"Container","ObjectFieldsKeys":["Reason For Non Compliance","Namespace","Pod Name","Container Name"],"ObjectFieldsValues":["TerminationMessagePolicy is not FallbackToLogsOnError","test","csi-cephfsplugin-provisioner-7dc6567d6b-j5r2q","csi-resizer"]},{"ObjectType":"Container","ObjectFieldsKeys":["Reason For Non Compliance","Namespace","Pod Name","Container Name"],"ObjectFieldsValues":["TerminationMessagePolicy is not FallbackToLogsOnError","test","csi-cephfsplugin-provisioner-7dc6567d6b-j5r2q","csi-snapshotter"]},{"ObjectType":"Container","ObjectFieldsKeys":["Reason For Non Compliance","Namespace","Pod Name","Container Name"],"ObjectFieldsValues":["TerminationMessagePolicy is not FallbackToLogsOnError","test","csi-cephfsplugin-provisioner-7dc6567d6b-j5r2q","csi-cephfsplugin"]},{"ObjectType":"Container","ObjectFieldsKeys":["Reason For Non Compliance","Namespace","Pod Name","Container Name"],"ObjectFieldsValues":["TerminationMessagePolicy is not FallbackToLogsOnError","test","csi-rbdplugin-5h7hl","csi-driver-registrar"]},{"ObjectType":"Container","ObjectFieldsKeys":["Reason For Non Compliance","Namespace","Pod Name","Container Name"],"ObjectFieldsValues":["TerminationMessagePolicy is not FallbackToLogsOnError","test","csi-rbdplugin-5h7hl","csi-rbdplugin"]},{"ObjectType":"Container","ObjectFieldsKeys":["Reason For Non Compliance","Namespace","Pod Name","Container Name"],"ObjectFieldsValues":["TerminationMessagePolicy is not FallbackToLogsOnError","test","csi-rbdplugin-5h7hl","csi-addons"]},{"ObjectType":"Container","ObjectFieldsKeys":["Reason For Non Compliance","Namespace","Pod Name","Container Name"],"ObjectFieldsValues":["TerminationMessagePolicy is not FallbackToLogsOnError","test","csi-rbdplugin-9fnkm","csi-driver-registrar"]},{"ObjectType":"Container","ObjectFieldsKeys":["Reason For Non Compliance","Namespace","Pod Name","Container Name"],"ObjectFieldsValues":["TerminationMessagePolicy is not FallbackToLogsOnError","test","csi-rbdplugin-9fnkm","csi-rbdplugin"]},{"ObjectType":"Container","ObjectFieldsKeys":["Reason For Non Compliance","Namespace","Pod Name","Container Name"],"ObjectFieldsValues":["TerminationMessagePolicy is not FallbackToLogsOnError","test","csi-rbdplugin-9fnkm","csi-addons"]},{"ObjectType":"Container","ObjectFieldsKeys":["Reason For Non Compliance","Namespace","Pod Name","Container Name"],"ObjectFieldsValues":["TerminationMessagePolicy is not FallbackToLogsOnError","test","csi-rbdplugin-dh846","csi-driver-registrar"]},{"ObjectType":"Container","ObjectFieldsKeys":["Reason For Non Compliance","Namespace","Pod Name","Container Name"],"ObjectFieldsValues":["TerminationMessagePolicy is not FallbackToLogsOnError","test","csi-rbdplugin-dh846","csi-rbdplugin"]},{"ObjectType":"Container","ObjectFieldsKeys":["Reason For Non Compliance","Namespace","Pod Name","Container Name"],"ObjectFieldsValues":["TerminationMessagePolicy is not FallbackToLogsOnError","test","csi-rbdplugin-dh846","csi-addons"]},{"ObjectType":"Container","ObjectFieldsKeys":["Reason For Non Compliance","Namespace","Pod Name","Container Name"],"ObjectFieldsValues":["TerminationMessagePolicy is not FallbackToLogsOnError","test","csi-rbdplugin-provisioner-58fc6c8f5-4ccl7","csi-provisioner"]},{"ObjectType":"Container","ObjectFieldsKeys":["Reason For Non Compliance","Namespace","Pod Name","Container Name"],"ObjectFieldsValues":["TerminationMessagePolicy is not FallbackToLogsOnError","test","csi-rbdplugin-provisioner-58fc6c8f5-4ccl7","csi-attacher"]},{"ObjectType":"Container","ObjectFieldsKeys":["Reason For Non Compliance","Namespace","Pod Name","Container Name"],"ObjectFieldsValues":["TerminationMessagePolicy is not FallbackToLogsOnError","test","csi-rbdplugin-provisioner-58fc6c8f5-4ccl7","csi-resizer"]},{"ObjectType":"Container","ObjectFieldsKeys":["Reason For Non Compliance","Namespace","Pod Name","Container Name"],"ObjectFieldsValues":["TerminationMessagePolicy is not FallbackToLogsOnError","test","csi-rbdplugin-provisioner-58fc6c8f5-4ccl7","csi-snapshotter"]},{"ObjectType":"Container","ObjectFieldsKeys":["Reason For Non Compliance","Namespace","Pod Name","Container Name"],"ObjectFieldsValues":["TerminationMessagePolicy is not FallbackToLogsOnError","test","csi-rbdplugin-provisioner-58fc6c8f5-4ccl7","csi-rbdplugin"]},{"ObjectType":"Container","ObjectFieldsKeys":["Reason For Non Compliance","Namespace","Pod Name","Container Name"],"ObjectFieldsValues":["TerminationMessagePolicy is not FallbackToLogsOnError","test","csi-rbdplugin-provisioner-58fc6c8f5-wbs7k","csi-provisioner"]},{"ObjectType":"Container","ObjectFieldsKeys":["Reason For Non Compliance","Namespace","Pod Name","Container Name"],"ObjectFieldsValues":["TerminationMessagePolicy is not FallbackToLogsOnError","test","csi-rbdplugin-provisioner-58fc6c8f5-wbs7k","csi-attacher"]},{"ObjectType":"Container","ObjectFieldsKeys":["Reason For Non Compliance","Namespace","Pod Name","Container Name"],"ObjectFieldsValues":["TerminationMessagePolicy is not FallbackToLogsOnError","test","csi-rbdplugin-provisioner-58fc6c8f5-wbs7k","csi-resizer"]},{"ObjectType":"Container","ObjectFieldsKeys":["Reason For Non Compliance","Namespace","Pod Name","Container Name"],"ObjectFieldsValues":["TerminationMessagePolicy is not FallbackToLogsOnError","test","csi-rbdplugin-provisioner-58fc6c8f5-wbs7k","csi-snapshotter"]},{"ObjectType":"Container","ObjectFieldsKeys":["Reason For Non Compliance","Namespace","Pod Name","Container Name"],"ObjectFieldsValues":["TerminationMessagePolicy is not FallbackToLogsOnError","test","csi-rbdplugin-provisioner-58fc6c8f5-wbs7k","csi-rbdplugin"]},{"ObjectType":"Container","ObjectFieldsKeys":["Reason For Non Compliance","Namespace","Pod Name","Container Name"],"ObjectFieldsValues":["TerminationMessagePolicy is not FallbackToLogsOnError","test","d4681f98fc2b9661435ddd8f0e86b1bda8824ac566f8a600c90d1d1f4370706","registry-grpc"]},{"ObjectType":"Container","ObjectFieldsKeys":["Reason For Non Compliance","Namespace","Pod Name","Container Name"],"ObjectFieldsValues":["TerminationMessagePolicy is not FallbackToLogsOnError","test","devworkspace-webhook-server-85d9f8bbfc-cj6z5","kube-rbac-proxy"]},{"ObjectType":"Container","ObjectFieldsKeys":["Reason For Non Compliance","Namespace","Pod Name","Container Name"],"ObjectFieldsValues":["TerminationMessagePolicy is not FallbackToLogsOnError","test","devworkspace-webhook-server-85d9f8bbfc-cj6z5","webhook-server"]},{"ObjectType":"Container","ObjectFieldsKeys":["Reason For Non Compliance","Namespace","Pod Name","Container Name"],"ObjectFieldsValues":["TerminationMessagePolicy is not FallbackToLogsOnError","test","ibm-metrics-operator-controller-manager-767655fd5-2458t","manager"]},{"ObjectType":"Container","ObjectFieldsKeys":["Reason For Non Compliance","Namespace","Pod Name","Container Name"],"ObjectFieldsValues":["TerminationMessagePolicy is not FallbackToLogsOnError","test","ibm-metrics-operator-controller-manager-767655fd5-2458t","kube-rbac-proxy"]},{"ObjectType":"Container","ObjectFieldsKeys":["Reason For Non Compliance","Namespace","Pod Name","Container Name"],"ObjectFieldsValues":["TerminationMessagePolicy is not FallbackToLogsOnError","test","security-profiles-operator-webhook-d844fd745-2vvs5","security-profiles-operator"]},{"ObjectType":"Container","ObjectFieldsKeys":["Reason For Non Compliance","Namespace","Pod Name","Container Name"],"ObjectFieldsValues":["TerminationMessagePolicy is not FallbackToLogsOnError","test","security-profiles-operator-webhook-d844fd745-6ngkl","security-profiles-operator"]},{"ObjectType":"Container","ObjectFieldsKeys":["Reason For Non Compliance","Namespace","Pod Name","Container Name"],"ObjectFieldsValues":["TerminationMessagePolicy is not FallbackToLogsOnError","test","security-profiles-operator-webhook-d844fd745-hvr8w","security-profiles-operator"]}]}[0m
  [38;5;9mIn [1m[It][0m[38;5;9m at: [1m/usr/tnf/tnf-src/pkg/testhelper/testhelper.go:358[0m [38;5;243m@ 09/25/23 07:19:13.977[0m
[38;5;243m------------------------------[0m
[0mobservability [0m[1mobservability-pod-disruption-budget[0m [38;5;204m[common, observability-pod-disruption-budget, observability][0m
[38;5;243m/usr/tnf/tnf-src/cnf-certification-test/observability/suite.go:66[0m
  [38;5;14m[SKIPPED][0m in [It] - /usr/tnf/tnf-src/pkg/testhelper/testhelper.go:333 [38;5;243m@ 09/25/23 07:19:13.981[0m
[38;5;14mS [SKIPPED] [0.002 seconds][0m
[0mobservability [38;5;14m[1m[It] observability-pod-disruption-budget[0m [38;5;204m[common, observability-pod-disruption-budget, observability][0m
[38;5;243m/usr/tnf/tnf-src/cnf-certification-test/observability/suite.go:66[0m

  [38;5;14m[SKIPPED] Test skipped because there are no []*provider.Deployment, []*provider.StatefulSet,  to test, please check under test labels[0m
  [38;5;14mIn [1m[It][0m[38;5;14m at: [1m/usr/tnf/tnf-src/pkg/testhelper/testhelper.go:333[0m [38;5;243m@ 09/25/23 07:19:13.981[0m
[38;5;243m------------------------------[0m
[0moperator [0m[1moperator-install-status-succeeded[0m [38;5;204m[common, operator-install-status-succeeded, operator][0m
[38;5;243m/usr/tnf/tnf-src/cnf-certification-test/operator/suite.go:44[0m
[31mFATAL  [0m[Sep 25 07:24:14.301][phasecheck.go: 50] Timeout waiting for operator csv: ibm-metrics-operator.v2.12.1 ns: test to be ready 
