time="2023-09-25T12:21:16Z" level=info msg="Saving environment variables & parameters."
time="2023-09-25T12:21:16Z" level=info msg="Environment: {Home:/root Kubeconfig:/usr/tnf/kubeconfig/config ConfigurationPath:/usr/tnf/config/tnf_config.yml NonIntrusiveOnly:false LogLevel:info OfflineDB:/usr/offline-db AllowPreflightInsecure:false PfltDockerconfig:/usr/tnf/dockercfg/config.json IncludeWebFilesInOutputFolder:false OmitArtifactsZipFile:false}"
=== RUN   TestTest
[36mINFO   [0m[Sep 25 12:21:17.113][suite_test.go: 98] Log level set to: info                       
[36mINFO   [0m[Sep 25 12:21:17.115][suite_test.go: 140] TNF Version         : v4.3.4 ( 2037b43c9bccf6b00fe91797adfabcbeeeb5efdc ) 
[36mINFO   [0m[Sep 25 12:21:17.115][suite_test.go: 141] Claim Format Version: v0.1.0                 
[36mINFO   [0m[Sep 25 12:21:17.115][suite_test.go: 142] Ginkgo Version      : 2.11.0                 
[36mINFO   [0m[Sep 25 12:21:17.115][suite_test.go: 143] Labels filter       : operator, access-control, networking, affiliated-certification, lifecycle, manageability, networking, observability, platform-alteration 
[36mINFO   [0m[Sep 25 12:21:17.115][clientsholder.go: 169] Creating k8s go-clients holder.              
[36mINFO   [0m[Sep 25 12:21:17.693][utils.go: 51] Loading config from file: /usr/tnf/config/tnf_config.yml 
[33mWARNING[0m[Sep 25 12:21:17.700][utils.go: 64] No namespace configured for the debug DaemonSet. Defaulting to namespace cnf-suite 
[33mWARNING[0m[Sep 25 12:21:17.784][autodiscover.go: 110] DEPRECATED: targetPodLabels config field is about to be obsolete. Please use the new "podsUnderTestLabels" field instead. 
[33mWARNING[0m[Sep 25 12:21:17.784][autodiscover.go: 113] DEPRECATED: deprecated default operator label in use ( test-network-function.com/operator: ) is about to be obsolete. Please use the new "operatorsUnderTestLabels" field to specify operators labels instead. 
[36mINFO   [0m[Sep 25 12:21:17.785][autodiscover.go: 143] parsed pods under test labels: [{LabelKey:test-network-function.com/generic LabelValue:target}] 
[36mINFO   [0m[Sep 25 12:21:17.785][autodiscover.go: 144] parsed operators under test labels: [{LabelKey:test-network-function.com/operator LabelValue:}] 
[36mINFO   [0m[Sep 25 12:21:17.907][autodiscover_operators.go: 144] Found 3 subscriptions in the target namespaces 
[36mINFO   [0m[Sep 25 12:21:17.907][autodiscover_operators.go: 146]  Subscriptions name: ibm-metrics-operator-v2-11-1-sub (ns: test) 
[36mINFO   [0m[Sep 25 12:21:17.907][autodiscover_operators.go: 146]  Subscriptions name: openshift-pipelines-operator-rh-latest-redhat-operators-openshift-marketplace (ns: test) 
[36mINFO   [0m[Sep 25 12:21:17.907][autodiscover_operators.go: 146]  Subscriptions name: pachyderm-operator-v0-1-4-sub (ns: test) 
[36mINFO   [0m[Sep 25 12:21:18.009][autodiscover_operators.go: 121] Found 4 CSVs:                                
[36mINFO   [0m[Sep 25 12:21:18.009][autodiscover_operators.go: 123]  CSV name: packageserver (ns: openshift-operator-lifecycle-manager) 
[36mINFO   [0m[Sep 25 12:21:18.009][autodiscover_operators.go: 123]  CSV name: ibm-metrics-operator.v2.11.1 (ns: test) 
[36mINFO   [0m[Sep 25 12:21:18.009][autodiscover_operators.go: 123]  CSV name: openshift-pipelines-operator-rh.v1.11.1 (ns: test) 
[36mINFO   [0m[Sep 25 12:21:18.009][autodiscover_operators.go: 123]  CSV name: pachyderm-operator.v0.1.4 (ns: test) 
[36mINFO   [0m[Sep 25 12:21:20.419][autodiscover_operators.go: 91] Found 3 CSVs:                                
[36mINFO   [0m[Sep 25 12:21:20.419][autodiscover_operators.go: 93]  CSV name: ibm-metrics-operator.v2.11.1 (ns: test) 
[36mINFO   [0m[Sep 25 12:21:20.419][autodiscover_operators.go: 93]  CSV name: openshift-pipelines-operator-rh.v1.11.1 (ns: test) 
[36mINFO   [0m[Sep 25 12:21:20.419][autodiscover_operators.go: 93]  CSV name: pachyderm-operator.v0.1.4 (ns: test) 
[36mINFO   [0m[Sep 25 12:21:20.467][autodiscover_operators.go: 144] Found 3 subscriptions in the target namespaces 
[36mINFO   [0m[Sep 25 12:21:20.468][autodiscover_operators.go: 146]  Subscriptions name: ibm-metrics-operator-v2-11-1-sub (ns: test) 
[36mINFO   [0m[Sep 25 12:21:20.468][autodiscover_operators.go: 146]  Subscriptions name: openshift-pipelines-operator-rh-latest-redhat-operators-openshift-marketplace (ns: test) 
[36mINFO   [0m[Sep 25 12:21:20.468][autodiscover_operators.go: 146]  Subscriptions name: pachyderm-operator-v0-1-4-sub (ns: test) 
[36mINFO   [0m[Sep 25 12:21:20.587][autodiscover.go: 257] OpenShift Version found: 4.13.4              
[33mWARNING[0m[Sep 25 12:21:20.703][autodiscover_podset.go: 87] Did not find any deployment in the configured namespaces [test] 
[33mWARNING[0m[Sep 25 12:21:20.748][autodiscover_podset.go: 106] Did not find any statefulSet in ns=test      
[33mWARNING[0m[Sep 25 12:21:20.749][autodiscover_podset.go: 120] Did not find any statefulset in the configured namespaces [test] 
[36mINFO   [0m[Sep 25 12:21:21.113][autodiscover_podset.go: 138] Cannot find any deployed HorizontalPodAutoscaler 
[36mINFO   [0m[Sep 25 12:21:21.292][operators.go: 130] Found 4 unique CSVs                          
[36mINFO   [0m[Sep 25 12:21:21.292][operators.go: 132]   CSV: packageserver                         
[36mINFO   [0m[Sep 25 12:21:21.292][operators.go: 132]   CSV: ibm-metrics-operator.v2.11.1          
[36mINFO   [0m[Sep 25 12:21:21.293][operators.go: 132]   CSV: openshift-pipelines-operator-rh.v1.11.1 
[36mINFO   [0m[Sep 25 12:21:21.293][operators.go: 132]   CSV: pachyderm-operator.v0.1.4             
[36mINFO   [0m[Sep 25 12:21:21.330][operators.go: 185] Getting installplans for op ibm-metrics-operator.v2.11.1 (subs ibm-metrics-operator-v2-11-1-sub ns test) 
[36mINFO   [0m[Sep 25 12:21:21.364][operators.go: 185] Getting installplans for op openshift-pipelines-operator-rh.v1.11.1 (subs openshift-pipelines-operator-rh-latest-redhat-operators-openshift-marketplace ns test) 
[36mINFO   [0m[Sep 25 12:21:21.404][operators.go: 185] Getting installplans for op pachyderm-operator.v0.1.4 (subs pachyderm-operator-v0-1-4-sub ns test) 
[33mWARNING[0m[Sep 25 12:21:21.406][operators.go: 183] Subscription not found for CSV: packageserver (ns openshift-operator-lifecycle-manager) 
[36mINFO   [0m[Sep 25 12:21:21.406][operators.go: 185] Getting installplans for op packageserver (subs  ns ) 
[36mINFO   [0m[Sep 25 12:21:21.409][provider.go: 564] Node ip-10-0-138-139.ec2.internal - mc name: rendered-worker-2d2f3b16cfd49fa63f019201ad937fb4 
[36mINFO   [0m[Sep 25 12:21:21.512][provider.go: 564] Node ip-10-0-140-127.ec2.internal - mc name: rendered-master-c13f40c1d9ca7958e3551ada049691f6 
[36mINFO   [0m[Sep 25 12:21:21.588][provider.go: 564] Node ip-10-0-144-53.ec2.internal - mc name: rendered-master-c13f40c1d9ca7958e3551ada049691f6 
[36mINFO   [0m[Sep 25 12:21:21.652][provider.go: 564] Node ip-10-0-146-178.ec2.internal - mc name: rendered-worker-2d2f3b16cfd49fa63f019201ad937fb4 
[36mINFO   [0m[Sep 25 12:21:21.716][provider.go: 564] Node ip-10-0-171-112.ec2.internal - mc name: rendered-worker-2d2f3b16cfd49fa63f019201ad937fb4 
[36mINFO   [0m[Sep 25 12:21:21.780][provider.go: 564] Node ip-10-0-173-119.ec2.internal - mc name: rendered-master-c13f40c1d9ca7958e3551ada049691f6 
[31mERROR  [0m[Sep 25 12:21:21.845][pods.go: 57] Could not decode networks-status annotation, error: could not unmarshal network-status annotation 
[31mERROR  [0m[Sep 25 12:21:21.845][pods.go: 62] Could not decode networks-status annotation, error: could not unmarshal network-status annotation 
[31mERROR  [0m[Sep 25 12:21:21.846][pods.go: 57] Could not decode networks-status annotation, error: could not unmarshal network-status annotation 
[31mERROR  [0m[Sep 25 12:21:21.846][pods.go: 62] Could not decode networks-status annotation, error: could not unmarshal network-status annotation 
[31mERROR  [0m[Sep 25 12:21:21.846][pods.go: 57] Could not decode networks-status annotation, error: could not unmarshal network-status annotation 
[31mERROR  [0m[Sep 25 12:21:21.846][pods.go: 62] Could not decode networks-status annotation, error: could not unmarshal network-status annotation 
[31mERROR  [0m[Sep 25 12:21:21.847][pods.go: 57] Could not decode networks-status annotation, error: could not unmarshal network-status annotation 
[31mERROR  [0m[Sep 25 12:21:21.848][pods.go: 62] Could not decode networks-status annotation, error: could not unmarshal network-status annotation 
[31mERROR  [0m[Sep 25 12:21:21.848][pods.go: 57] Could not decode networks-status annotation, error: could not unmarshal network-status annotation 
[31mERROR  [0m[Sep 25 12:21:21.848][pods.go: 62] Could not decode networks-status annotation, error: could not unmarshal network-status annotation 
[31mERROR  [0m[Sep 25 12:21:21.849][pods.go: 57] Could not decode networks-status annotation, error: could not unmarshal network-status annotation 
[31mERROR  [0m[Sep 25 12:21:21.849][pods.go: 62] Could not decode networks-status annotation, error: could not unmarshal network-status annotation 
[33mWARNING[0m[Sep 25 12:21:21.852][provider.go: 341] container: extract pod: 00b951172fae1772891b000fe99343aa86ee52f9c7b8ef51885800a6b4dq5mv ns: test is not ready yet. 
[33mWARNING[0m[Sep 25 12:21:21.852][provider.go: 357] container: extract pod: 00b951172fae1772891b000fe99343aa86ee52f9c7b8ef51885800a6b4dq5mv ns: test is not running (reason: terminated - Completed, restarts 0): some test cases might fail. 
[33mWARNING[0m[Sep 25 12:21:21.853][provider.go: 341] container: extract pod: 2f4b9d9982c8b335a892177c0a532db7b518f642fce9d67424764ae21fdvf6w ns: test is not ready yet. 
[33mWARNING[0m[Sep 25 12:21:21.853][provider.go: 357] container: extract pod: 2f4b9d9982c8b335a892177c0a532db7b518f642fce9d67424764ae21fdvf6w ns: test is not running (reason: terminated - Completed, restarts 0): some test cases might fail. 
[33mWARNING[0m[Sep 25 12:21:21.853][provider.go: 341] container: extract pod: b9f647540b1a1ce37709d746d3fe527552ab46b01468837f86475721e7jqh5v ns: test is not ready yet. 
[33mWARNING[0m[Sep 25 12:21:21.853][provider.go: 357] container: extract pod: b9f647540b1a1ce37709d746d3fe527552ab46b01468837f86475721e7jqh5v ns: test is not running (reason: terminated - Completed, restarts 0): some test cases might fail. 
[31mERROR  [0m[Sep 25 12:21:21.854][pods.go: 57] Could not decode networks-status annotation, error: could not unmarshal network-status annotation 
[31mERROR  [0m[Sep 25 12:21:21.854][pods.go: 62] Could not decode networks-status annotation, error: could not unmarshal network-status annotation 
[31mERROR  [0m[Sep 25 12:21:21.854][pods.go: 57] Could not decode networks-status annotation, error: could not unmarshal network-status annotation 
[31mERROR  [0m[Sep 25 12:21:21.854][pods.go: 62] Could not decode networks-status annotation, error: could not unmarshal network-status annotation 
[31mERROR  [0m[Sep 25 12:21:21.854][pods.go: 57] Could not decode networks-status annotation, error: could not unmarshal network-status annotation 
[31mERROR  [0m[Sep 25 12:21:21.854][pods.go: 62] Could not decode networks-status annotation, error: could not unmarshal network-status annotation 
[31mERROR  [0m[Sep 25 12:21:21.855][pods.go: 57] Could not decode networks-status annotation, error: could not unmarshal network-status annotation 
[31mERROR  [0m[Sep 25 12:21:21.855][pods.go: 62] Could not decode networks-status annotation, error: could not unmarshal network-status annotation 
[31mERROR  [0m[Sep 25 12:21:21.855][pods.go: 57] Could not decode networks-status annotation, error: could not unmarshal network-status annotation 
[31mERROR  [0m[Sep 25 12:21:21.855][pods.go: 62] Could not decode networks-status annotation, error: could not unmarshal network-status annotation 
[31mERROR  [0m[Sep 25 12:21:21.856][pods.go: 57] Could not decode networks-status annotation, error: could not unmarshal network-status annotation 
[31mERROR  [0m[Sep 25 12:21:21.856][pods.go: 62] Could not decode networks-status annotation, error: could not unmarshal network-status annotation 
[33mWARNING[0m[Sep 25 12:21:21.857][provider.go: 341] container: extract pod: d43224ecf8a90e2689f1b48690ce45a9c382a5ed2d2ce8b0d2fbba172a8xrtm ns: test is not ready yet. 
[33mWARNING[0m[Sep 25 12:21:21.857][provider.go: 357] container: extract pod: d43224ecf8a90e2689f1b48690ce45a9c382a5ed2d2ce8b0d2fbba172a8xrtm ns: test is not running (reason: terminated - Completed, restarts 0): some test cases might fail. 
[33mWARNING[0m[Sep 25 12:21:21.857][provider.go: 341] container: extract pod: d4fe36668cbff5bf360eabb230ae7caeb430b86f4a6636c74f4314f7c0grbkk ns: test is not ready yet. 
[33mWARNING[0m[Sep 25 12:21:21.857][provider.go: 357] container: extract pod: d4fe36668cbff5bf360eabb230ae7caeb430b86f4a6636c74f4314f7c0grbkk ns: test is not running (reason: terminated - Completed, restarts 0): some test cases might fail. 
[36mINFO   [0m[Sep 25 12:21:21.858][operators.go: 130] Found 3 unique CSVs                          
[36mINFO   [0m[Sep 25 12:21:21.858][operators.go: 132]   CSV: ibm-metrics-operator.v2.11.1          
[36mINFO   [0m[Sep 25 12:21:21.858][operators.go: 132]   CSV: openshift-pipelines-operator-rh.v1.11.1 
[36mINFO   [0m[Sep 25 12:21:21.858][operators.go: 132]   CSV: pachyderm-operator.v0.1.4             
[36mINFO   [0m[Sep 25 12:21:21.894][operators.go: 185] Getting installplans for op ibm-metrics-operator.v2.11.1 (subs ibm-metrics-operator-v2-11-1-sub ns test) 
[36mINFO   [0m[Sep 25 12:21:21.931][operators.go: 185] Getting installplans for op openshift-pipelines-operator-rh.v1.11.1 (subs openshift-pipelines-operator-rh-latest-redhat-operators-openshift-marketplace ns test) 
[36mINFO   [0m[Sep 25 12:21:21.963][operators.go: 185] Getting installplans for op pachyderm-operator.v0.1.4 (subs pachyderm-operator-v0-1-4-sub ns test) 
[36mINFO   [0m[Sep 25 12:21:21.963][provider.go: 290] Operators found: 3                           
[36mINFO   [0m[Sep 25 12:21:21.964][provider.go: 302] Completed the test environment build process in 4.27 seconds 
[33mWARNING[0m[Sep 25 12:21:34.006][autodiscover.go: 110] DEPRECATED: targetPodLabels config field is about to be obsolete. Please use the new "podsUnderTestLabels" field instead. 
[33mWARNING[0m[Sep 25 12:21:34.006][autodiscover.go: 113] DEPRECATED: deprecated default operator label in use ( test-network-function.com/operator: ) is about to be obsolete. Please use the new "operatorsUnderTestLabels" field to specify operators labels instead. 
[36mINFO   [0m[Sep 25 12:21:34.007][autodiscover.go: 143] parsed pods under test labels: [{LabelKey:test-network-function.com/generic LabelValue:target}] 
[36mINFO   [0m[Sep 25 12:21:34.007][autodiscover.go: 144] parsed operators under test labels: [{LabelKey:test-network-function.com/operator LabelValue:}] 
[36mINFO   [0m[Sep 25 12:21:34.144][autodiscover_operators.go: 144] Found 3 subscriptions in the target namespaces 
[36mINFO   [0m[Sep 25 12:21:34.144][autodiscover_operators.go: 146]  Subscriptions name: ibm-metrics-operator-v2-11-1-sub (ns: test) 
[36mINFO   [0m[Sep 25 12:21:34.144][autodiscover_operators.go: 146]  Subscriptions name: openshift-pipelines-operator-rh-latest-redhat-operators-openshift-marketplace (ns: test) 
[36mINFO   [0m[Sep 25 12:21:34.144][autodiscover_operators.go: 146]  Subscriptions name: pachyderm-operator-v0-1-4-sub (ns: test) 
[36mINFO   [0m[Sep 25 12:21:34.267][autodiscover_operators.go: 121] Found 4 CSVs:                                
[36mINFO   [0m[Sep 25 12:21:34.267][autodiscover_operators.go: 123]  CSV name: packageserver (ns: openshift-operator-lifecycle-manager) 
[36mINFO   [0m[Sep 25 12:21:34.267][autodiscover_operators.go: 123]  CSV name: ibm-metrics-operator.v2.11.1 (ns: test) 
[36mINFO   [0m[Sep 25 12:21:34.268][autodiscover_operators.go: 123]  CSV name: openshift-pipelines-operator-rh.v1.11.1 (ns: test) 
[36mINFO   [0m[Sep 25 12:21:34.268][autodiscover_operators.go: 123]  CSV name: pachyderm-operator.v0.1.4 (ns: test) 
[36mINFO   [0m[Sep 25 12:21:36.549][autodiscover_operators.go: 91] Found 3 CSVs:                                
[36mINFO   [0m[Sep 25 12:21:36.550][autodiscover_operators.go: 93]  CSV name: ibm-metrics-operator.v2.11.1 (ns: test) 
[36mINFO   [0m[Sep 25 12:21:36.550][autodiscover_operators.go: 93]  CSV name: openshift-pipelines-operator-rh.v1.11.1 (ns: test) 
[36mINFO   [0m[Sep 25 12:21:36.550][autodiscover_operators.go: 93]  CSV name: pachyderm-operator.v0.1.4 (ns: test) 
[36mINFO   [0m[Sep 25 12:21:36.592][autodiscover_operators.go: 144] Found 3 subscriptions in the target namespaces 
[36mINFO   [0m[Sep 25 12:21:36.592][autodiscover_operators.go: 146]  Subscriptions name: ibm-metrics-operator-v2-11-1-sub (ns: test) 
[36mINFO   [0m[Sep 25 12:21:36.592][autodiscover_operators.go: 146]  Subscriptions name: openshift-pipelines-operator-rh-latest-redhat-operators-openshift-marketplace (ns: test) 
[36mINFO   [0m[Sep 25 12:21:36.593][autodiscover_operators.go: 146]  Subscriptions name: pachyderm-operator-v0-1-4-sub (ns: test) 
[36mINFO   [0m[Sep 25 12:21:36.737][autodiscover.go: 257] OpenShift Version found: 4.13.4              
[33mWARNING[0m[Sep 25 12:21:36.851][autodiscover_podset.go: 87] Did not find any deployment in the configured namespaces [test] 
[33mWARNING[0m[Sep 25 12:21:36.888][autodiscover_podset.go: 106] Did not find any statefulSet in ns=test      
[33mWARNING[0m[Sep 25 12:21:36.888][autodiscover_podset.go: 120] Did not find any statefulset in the configured namespaces [test] 
[36mINFO   [0m[Sep 25 12:21:37.238][autodiscover_podset.go: 138] Cannot find any deployed HorizontalPodAutoscaler 
[36mINFO   [0m[Sep 25 12:21:37.410][operators.go: 130] Found 4 unique CSVs                          
[36mINFO   [0m[Sep 25 12:21:37.410][operators.go: 132]   CSV: openshift-pipelines-operator-rh.v1.11.1 
[36mINFO   [0m[Sep 25 12:21:37.410][operators.go: 132]   CSV: pachyderm-operator.v0.1.4             
[36mINFO   [0m[Sep 25 12:21:37.411][operators.go: 132]   CSV: packageserver                         
[36mINFO   [0m[Sep 25 12:21:37.411][operators.go: 132]   CSV: ibm-metrics-operator.v2.11.1          
[36mINFO   [0m[Sep 25 12:21:37.447][operators.go: 185] Getting installplans for op ibm-metrics-operator.v2.11.1 (subs ibm-metrics-operator-v2-11-1-sub ns test) 
[36mINFO   [0m[Sep 25 12:21:37.487][operators.go: 185] Getting installplans for op openshift-pipelines-operator-rh.v1.11.1 (subs openshift-pipelines-operator-rh-latest-redhat-operators-openshift-marketplace ns test) 
[36mINFO   [0m[Sep 25 12:21:37.532][operators.go: 185] Getting installplans for op pachyderm-operator.v0.1.4 (subs pachyderm-operator-v0-1-4-sub ns test) 
[33mWARNING[0m[Sep 25 12:21:37.533][operators.go: 183] Subscription not found for CSV: packageserver (ns openshift-operator-lifecycle-manager) 
[36mINFO   [0m[Sep 25 12:21:37.534][operators.go: 185] Getting installplans for op packageserver (subs  ns ) 
[36mINFO   [0m[Sep 25 12:21:37.535][provider.go: 564] Node ip-10-0-138-139.ec2.internal - mc name: rendered-worker-2d2f3b16cfd49fa63f019201ad937fb4 
[36mINFO   [0m[Sep 25 12:21:37.641][provider.go: 564] Node ip-10-0-140-127.ec2.internal - mc name: rendered-master-c13f40c1d9ca7958e3551ada049691f6 
[36mINFO   [0m[Sep 25 12:21:37.720][provider.go: 564] Node ip-10-0-144-53.ec2.internal - mc name: rendered-master-c13f40c1d9ca7958e3551ada049691f6 
[36mINFO   [0m[Sep 25 12:21:37.791][provider.go: 564] Node ip-10-0-146-178.ec2.internal - mc name: rendered-worker-2d2f3b16cfd49fa63f019201ad937fb4 
[36mINFO   [0m[Sep 25 12:21:37.859][provider.go: 564] Node ip-10-0-171-112.ec2.internal - mc name: rendered-worker-2d2f3b16cfd49fa63f019201ad937fb4 
[36mINFO   [0m[Sep 25 12:21:37.925][provider.go: 564] Node ip-10-0-173-119.ec2.internal - mc name: rendered-master-c13f40c1d9ca7958e3551ada049691f6 
[31mERROR  [0m[Sep 25 12:21:38.005][pods.go: 57] Could not decode networks-status annotation, error: could not unmarshal network-status annotation 
[31mERROR  [0m[Sep 25 12:21:38.005][pods.go: 62] Could not decode networks-status annotation, error: could not unmarshal network-status annotation 
[31mERROR  [0m[Sep 25 12:21:38.005][pods.go: 57] Could not decode networks-status annotation, error: could not unmarshal network-status annotation 
[31mERROR  [0m[Sep 25 12:21:38.005][pods.go: 62] Could not decode networks-status annotation, error: could not unmarshal network-status annotation 
[31mERROR  [0m[Sep 25 12:21:38.005][pods.go: 57] Could not decode networks-status annotation, error: could not unmarshal network-status annotation 
[31mERROR  [0m[Sep 25 12:21:38.005][pods.go: 62] Could not decode networks-status annotation, error: could not unmarshal network-status annotation 
[31mERROR  [0m[Sep 25 12:21:38.007][pods.go: 57] Could not decode networks-status annotation, error: could not unmarshal network-status annotation 
[31mERROR  [0m[Sep 25 12:21:38.007][pods.go: 62] Could not decode networks-status annotation, error: could not unmarshal network-status annotation 
[31mERROR  [0m[Sep 25 12:21:38.007][pods.go: 57] Could not decode networks-status annotation, error: could not unmarshal network-status annotation 
[31mERROR  [0m[Sep 25 12:21:38.007][pods.go: 62] Could not decode networks-status annotation, error: could not unmarshal network-status annotation 
[31mERROR  [0m[Sep 25 12:21:38.008][pods.go: 57] Could not decode networks-status annotation, error: could not unmarshal network-status annotation 
[31mERROR  [0m[Sep 25 12:21:38.008][pods.go: 62] Could not decode networks-status annotation, error: could not unmarshal network-status annotation 
[33mWARNING[0m[Sep 25 12:21:38.011][provider.go: 341] container: extract pod: 00b951172fae1772891b000fe99343aa86ee52f9c7b8ef51885800a6b4dq5mv ns: test is not ready yet. 
[33mWARNING[0m[Sep 25 12:21:38.012][provider.go: 357] container: extract pod: 00b951172fae1772891b000fe99343aa86ee52f9c7b8ef51885800a6b4dq5mv ns: test is not running (reason: terminated - Completed, restarts 0): some test cases might fail. 
[33mWARNING[0m[Sep 25 12:21:38.012][provider.go: 341] container: extract pod: 2f4b9d9982c8b335a892177c0a532db7b518f642fce9d67424764ae21fdvf6w ns: test is not ready yet. 
[33mWARNING[0m[Sep 25 12:21:38.012][provider.go: 357] container: extract pod: 2f4b9d9982c8b335a892177c0a532db7b518f642fce9d67424764ae21fdvf6w ns: test is not running (reason: terminated - Completed, restarts 0): some test cases might fail. 
[33mWARNING[0m[Sep 25 12:21:38.013][provider.go: 341] container: extract pod: b9f647540b1a1ce37709d746d3fe527552ab46b01468837f86475721e7jqh5v ns: test is not ready yet. 
[33mWARNING[0m[Sep 25 12:21:38.013][provider.go: 357] container: extract pod: b9f647540b1a1ce37709d746d3fe527552ab46b01468837f86475721e7jqh5v ns: test is not running (reason: terminated - Completed, restarts 0): some test cases might fail. 
[31mERROR  [0m[Sep 25 12:21:38.013][pods.go: 57] Could not decode networks-status annotation, error: could not unmarshal network-status annotation 
[31mERROR  [0m[Sep 25 12:21:38.013][pods.go: 62] Could not decode networks-status annotation, error: could not unmarshal network-status annotation 
[31mERROR  [0m[Sep 25 12:21:38.013][pods.go: 57] Could not decode networks-status annotation, error: could not unmarshal network-status annotation 
[31mERROR  [0m[Sep 25 12:21:38.013][pods.go: 62] Could not decode networks-status annotation, error: could not unmarshal network-status annotation 
[31mERROR  [0m[Sep 25 12:21:38.013][pods.go: 57] Could not decode networks-status annotation, error: could not unmarshal network-status annotation 
[31mERROR  [0m[Sep 25 12:21:38.013][pods.go: 62] Could not decode networks-status annotation, error: could not unmarshal network-status annotation 
[31mERROR  [0m[Sep 25 12:21:38.014][pods.go: 57] Could not decode networks-status annotation, error: could not unmarshal network-status annotation 
[31mERROR  [0m[Sep 25 12:21:38.014][pods.go: 62] Could not decode networks-status annotation, error: could not unmarshal network-status annotation 
[31mERROR  [0m[Sep 25 12:21:38.014][pods.go: 57] Could not decode networks-status annotation, error: could not unmarshal network-status annotation 
[31mERROR  [0m[Sep 25 12:21:38.014][pods.go: 62] Could not decode networks-status annotation, error: could not unmarshal network-status annotation 
[31mERROR  [0m[Sep 25 12:21:38.015][pods.go: 57] Could not decode networks-status annotation, error: could not unmarshal network-status annotation 
[31mERROR  [0m[Sep 25 12:21:38.015][pods.go: 62] Could not decode networks-status annotation, error: could not unmarshal network-status annotation 
[33mWARNING[0m[Sep 25 12:21:38.016][provider.go: 341] container: extract pod: d43224ecf8a90e2689f1b48690ce45a9c382a5ed2d2ce8b0d2fbba172a8xrtm ns: test is not ready yet. 
[33mWARNING[0m[Sep 25 12:21:38.016][provider.go: 357] container: extract pod: d43224ecf8a90e2689f1b48690ce45a9c382a5ed2d2ce8b0d2fbba172a8xrtm ns: test is not running (reason: terminated - Completed, restarts 0): some test cases might fail. 
[33mWARNING[0m[Sep 25 12:21:38.016][provider.go: 341] container: extract pod: d4fe36668cbff5bf360eabb230ae7caeb430b86f4a6636c74f4314f7c0grbkk ns: test is not ready yet. 
[33mWARNING[0m[Sep 25 12:21:38.016][provider.go: 357] container: extract pod: d4fe36668cbff5bf360eabb230ae7caeb430b86f4a6636c74f4314f7c0grbkk ns: test is not running (reason: terminated - Completed, restarts 0): some test cases might fail. 
[36mINFO   [0m[Sep 25 12:21:38.017][operators.go: 130] Found 3 unique CSVs                          
[36mINFO   [0m[Sep 25 12:21:38.017][operators.go: 132]   CSV: ibm-metrics-operator.v2.11.1          
[36mINFO   [0m[Sep 25 12:21:38.017][operators.go: 132]   CSV: openshift-pipelines-operator-rh.v1.11.1 
[36mINFO   [0m[Sep 25 12:21:38.017][operators.go: 132]   CSV: pachyderm-operator.v0.1.4             
[36mINFO   [0m[Sep 25 12:21:38.053][operators.go: 185] Getting installplans for op ibm-metrics-operator.v2.11.1 (subs ibm-metrics-operator-v2-11-1-sub ns test) 
[36mINFO   [0m[Sep 25 12:21:38.096][operators.go: 185] Getting installplans for op openshift-pipelines-operator-rh.v1.11.1 (subs openshift-pipelines-operator-rh-latest-redhat-operators-openshift-marketplace ns test) 
[36mINFO   [0m[Sep 25 12:21:38.132][operators.go: 185] Getting installplans for op pachyderm-operator.v0.1.4 (subs pachyderm-operator-v0-1-4-sub ns test) 
[36mINFO   [0m[Sep 25 12:21:38.132][provider.go: 290] Operators found: 3                           
[36mINFO   [0m[Sep 25 12:21:38.133][provider.go: 302] Completed the test environment build process in 4.20 seconds 
[33mWARNING[0m[Sep 25 12:21:38.146][suite.go: 50] LabelFilter is set but 'preflight' tests are not targeted. Skipping the preflight tests. 
Running Suite: CNF Certification Test Suite - /usr/tnf/cnf-certification-test
=============================================================================
Random Seed: [1m1695644476[0m

Will run [1m82[0m of [1m87[0m specs
[38;5;243m------------------------------[0m
[0maffiliated-certification [0m[1maffiliated-certification-helm-version[0m [38;5;204m[common, affiliated-certification-helm-version, affiliated-certification][0m
[38;5;243m/usr/tnf/tnf-src/cnf-certification-test/certification/suite.go:61[0m
  Tiller pod is not found in all namespaces helm version is v3

  {"CompliantObjectsOut":null,"NonCompliantObjectsOut":null}
[38;5;10m• [0.641 seconds][0m
[38;5;243m------------------------------[0m
[0maffiliated-certification [0m[1maffiliated-certification-container-is-certified[0m [38;5;204m[common, affiliated-certification-container-is-certified, affiliated-certification][0m
[38;5;243m/usr/tnf/tnf-src/cnf-certification-test/certification/suite.go:66[0m
  [38;5;14m[SKIPPED][0m in [It] - /usr/tnf/tnf-src/pkg/testhelper/testhelper.go:312 [38;5;243m@ 09/25/23 12:21:39.007[0m
[38;5;14mS [SKIPPED] [0.204 seconds][0m
[0maffiliated-certification [38;5;14m[1m[It] affiliated-certification-container-is-certified[0m [38;5;204m[common, affiliated-certification-container-is-certified, affiliated-certification][0m
[38;5;243m/usr/tnf/tnf-src/cnf-certification-test/certification/suite.go:66[0m

  [38;5;14m[SKIPPED] Test skipped because there are no map[configuration.ContainerImageIdentifier]bool to test, please check under test labels[0m
  [38;5;14mIn [1m[It][0m[38;5;14m at: [1m/usr/tnf/tnf-src/pkg/testhelper/testhelper.go:312[0m [38;5;243m@ 09/25/23 12:21:39.007[0m
[38;5;243m------------------------------[0m
[0maffiliated-certification [0m[1maffiliated-certification-operator-is-certified[0m [38;5;204m[common, affiliated-certification-operator-is-certified, affiliated-certification][0m
[38;5;243m/usr/tnf/tnf-src/cnf-certification-test/certification/suite.go:72[0m
  [1mSTEP:[0m Verify operator as certified. Number of operators to check: 3 [38;5;243m@ 09/25/23 12:21:39.2[0m
[36mINFO   [0m[Sep 25 12:21:40.545][suite.go: 151] Operator ibm-metrics-operator.v2.11.1 (channel operator-sdk-run-bundle) not certified for OpenShift 4.13. 
  Operator ibm-metrics-operator.v2.11.1 (channel operator-sdk-run-bundle) failed to be certified for OpenShift 4.13
[36mINFO   [0m[Sep 25 12:21:41.203][suite.go: 151] Operator openshift-pipelines-operator-rh.v1.11.1 (channel latest) not certified for OpenShift 4.13. 
  Operator openshift-pipelines-operator-rh.v1.11.1 (channel latest) failed to be certified for OpenShift 4.13
[36mINFO   [0m[Sep 25 12:21:42.612][suite.go: 151] Operator pachyderm-operator.v0.1.4 (channel operator-sdk-run-bundle) not certified for OpenShift 4.13. 
  Operator pachyderm-operator.v0.1.4 (channel operator-sdk-run-bundle) failed to be certified for OpenShift 4.13
  {"CompliantObjectsOut":null,"NonCompliantObjectsOut":[{"ObjectType":"Operator","ObjectFieldsKeys":["Reason For Non Compliance","Namespace","Name","OCP Version","OCP Channel"],"ObjectFieldsValues":["Operator failed to be certified for OpenShift","test","ibm-metrics-operator.v2.11.1","4.13","operator-sdk-run-bundle"]},{"ObjectType":"Operator","ObjectFieldsKeys":["Reason For Non Compliance","Namespace","Name","OCP Version","OCP Channel"],"ObjectFieldsValues":["Operator failed to be certified for OpenShift","test","openshift-pipelines-operator-rh.v1.11.1","4.13","latest"]},{"ObjectType":"Operator","ObjectFieldsKeys":["Reason For Non Compliance","Namespace","Name","OCP Version","OCP Channel"],"ObjectFieldsValues":["Operator failed to be certified for OpenShift","test","pachyderm-operator.v0.1.4","4.13","operator-sdk-run-bundle"]}]}
  [38;5;9m[FAILED][0m in [It] - /usr/tnf/tnf-src/pkg/testhelper/testhelper.go:358 [38;5;243m@ 09/25/23 12:21:42.616[0m
[38;5;9m• [FAILED] [3.604 seconds][0m
[0maffiliated-certification [38;5;9m[1m[It] affiliated-certification-operator-is-certified[0m [38;5;204m[common, affiliated-certification-operator-is-certified, affiliated-certification][0m
[38;5;243m/usr/tnf/tnf-src/cnf-certification-test/certification/suite.go:72[0m

  [38;5;9m[FAILED] {"CompliantObjectsOut":null,"NonCompliantObjectsOut":[{"ObjectType":"Operator","ObjectFieldsKeys":["Reason For Non Compliance","Namespace","Name","OCP Version","OCP Channel"],"ObjectFieldsValues":["Operator failed to be certified for OpenShift","test","ibm-metrics-operator.v2.11.1","4.13","operator-sdk-run-bundle"]},{"ObjectType":"Operator","ObjectFieldsKeys":["Reason For Non Compliance","Namespace","Name","OCP Version","OCP Channel"],"ObjectFieldsValues":["Operator failed to be certified for OpenShift","test","openshift-pipelines-operator-rh.v1.11.1","4.13","latest"]},{"ObjectType":"Operator","ObjectFieldsKeys":["Reason For Non Compliance","Namespace","Name","OCP Version","OCP Channel"],"ObjectFieldsValues":["Operator failed to be certified for OpenShift","test","pachyderm-operator.v0.1.4","4.13","operator-sdk-run-bundle"]}]}[0m
  [38;5;9mIn [1m[It][0m[38;5;9m at: [1m/usr/tnf/tnf-src/pkg/testhelper/testhelper.go:358[0m [38;5;243m@ 09/25/23 12:21:42.616[0m
[38;5;243m------------------------------[0m
[0maffiliated-certification [0m[1maffiliated-certification-helmchart-is-certified[0m [38;5;204m[common, affiliated-certification-helmchart-is-certified, affiliated-certification][0m
[38;5;243m/usr/tnf/tnf-src/cnf-certification-test/certification/suite.go:77[0m
  [38;5;14m[SKIPPED][0m in [It] - /usr/tnf/tnf-src/pkg/testhelper/testhelper.go:312 [38;5;243m@ 09/25/23 12:21:42.827[0m
[38;5;14mS [SKIPPED] [0.209 seconds][0m
[0maffiliated-certification [38;5;14m[1m[It] affiliated-certification-helmchart-is-certified[0m [38;5;204m[common, affiliated-certification-helmchart-is-certified, affiliated-certification][0m
[38;5;243m/usr/tnf/tnf-src/cnf-certification-test/certification/suite.go:77[0m

  [38;5;14m[SKIPPED] Test skipped because there are no []*release.Release to test, please check under test labels[0m
  [38;5;14mIn [1m[It][0m[38;5;14m at: [1m/usr/tnf/tnf-src/pkg/testhelper/testhelper.go:312[0m [38;5;243m@ 09/25/23 12:21:42.827[0m
[38;5;243m------------------------------[0m
[0maffiliated-certification [0m[1maffiliated-certification-container-is-certified-digest[0m [38;5;204m[common, affiliated-certification-container-is-certified-digest, affiliated-certification][0m
[38;5;243m/usr/tnf/tnf-src/cnf-certification-test/certification/suite.go:82[0m
  quay.io/operator-framework/opm:latest is not listed in certified containers
  container: registry-grpc pod: 1d9ecea6bd177d0eecc89426d7658502fcab44c3e2bce4b3b1a40ed89fd444a ns: test digest not found in database, failing validation (repo=quay.io image=operator-framework/opm)
  quay.io/operator-framework/opm:latest is not listed in certified containers
  container: registry-grpc pod: 7ad4efd37ad85bccf915a6d9448d404b7ce3164d7afb4c944648eeba9f0b04b ns: test digest not found in database, failing validation (repo=quay.io image=operator-framework/opm)
  quay.io/operator-framework/opm:latest is not listed in certified containers
  container: registry-grpc pod: 9071e9f667a677160bccc213d83de973a3a4e7110899325c9760e4c919e9388 ns: test digest not found in database, failing validation (repo=quay.io image=operator-framework/opm)
  Container name = "" or repository = "" is missing, skipping this container to query
  quay.io/operator-framework/opm:latest is not listed in certified containers
  container: registry-grpc pod: bbe7e6c1d75c4de2f47e2c825c930568e85f1134545e9d890a0c9f3d9187a4d ns: test digest not found in database, failing validation (repo=quay.io image=operator-framework/opm)
  Container name = "" or repository = "" is missing, skipping this container to query
  Container name = "" or repository = "" is missing, skipping this container to query
  Container name = "" or repository = "" is missing, skipping this container to query
  Container name = "" or repository = "" is missing, skipping this container to query
  Container name = "" or repository = "" is missing, skipping this container to query
  Container name = "" or repository = "" is missing, skipping this container to query
  Container name = "" or repository = "" is missing, skipping this container to query
  Container name = "" or repository = "" is missing, skipping this container to query
  Container name = "" or repository = "" is missing, skipping this container to query
  Container name = "" or repository = "" is missing, skipping this container to query
  Container name = "" or repository = "" is missing, skipping this container to query
  Container name = "" or repository = "" is missing, skipping this container to query
  Container name = "" or repository = "" is missing, skipping this container to query
  Container name = "" or repository = "" is missing, skipping this container to query
  Container name = "" or repository = "" is missing, skipping this container to query
  Container name = "" or repository = "" is missing, skipping this container to query
  Container name = "" or repository = "" is missing, skipping this container to query
  Container name = "" or repository = "" is missing, skipping this container to query
  Container name = "" or repository = "" is missing, skipping this container to query
  Container name = "" or repository = "" is missing, skipping this container to query
  Container name = "" or repository = "" is missing, skipping this container to query
  Container name = "" or repository = "" is missing, skipping this container to query
  Container name = "" or repository = "" is missing, skipping this container to query
  Container name = "" or repository = "" is missing, skipping this container to query
  Container name = "" or repository = "" is missing, skipping this container to query
  Container name = "" or repository = "" is missing, skipping this container to query
  Container name = "" or repository = "" is missing, skipping this container to query
  Container name = "" or repository = "" is missing, skipping this container to query
  Container name = "" or repository = "" is missing, skipping this container to query
  Container name = "" or repository = "" is missing, skipping this container to query
  Container name = "" or repository = "" is missing, skipping this container to query
  Container name = "" or repository = "" is missing, skipping this container to query
  Container name = "" or repository = "" is missing, skipping this container to query
  Container name = "" or repository = "" is missing, skipping this container to query
  Container name = "" or repository = "" is missing, skipping this container to query
  quay.io/operator-framework/opm:latest is not listed in certified containers
  container: registry-grpc pod: d4681f98fc2b9661435ddd8f0e86b1bda8824ac566f8a600c90d1d1f4370706 ns: test digest not found in database, failing validation (repo=quay.io image=operator-framework/opm)
  Container name = "" or repository = "" is missing, skipping this container to query
  Container name = "" or repository = "" is missing, skipping this container to query
  Container name = "" or repository = "" is missing, skipping this container to query
  Container name = "" or repository = "" is missing, skipping this container to query
  Container name = "" or repository = "" is missing, skipping this container to query
  Container name = "" or repository = "" is missing, skipping this container to query
  Container name = "" or repository = "" is missing, skipping this container to query
  {"CompliantObjectsOut":null,"NonCompliantObjectsOut":[{"ObjectType":"Container","ObjectFieldsKeys":["Reason For Non Compliance","Namespace","Pod Name","Container Name","Repository","Image Name"],"ObjectFieldsValues":["Digest not found in database","test","1d9ecea6bd177d0eecc89426d7658502fcab44c3e2bce4b3b1a40ed89fd444a","registry-grpc","quay.io","operator-framework/opm"]},{"ObjectType":"Container","ObjectFieldsKeys":["Reason For Non Compliance","Namespace","Pod Name","Container Name","Repository","Image Name"],"ObjectFieldsValues":["Digest not found in database","test","7ad4efd37ad85bccf915a6d9448d404b7ce3164d7afb4c944648eeba9f0b04b","registry-grpc","quay.io","operator-framework/opm"]},{"ObjectType":"Container","ObjectFieldsKeys":["Reason For Non Compliance","Namespace","Pod Name","Container Name","Repository","Image Name"],"ObjectFieldsValues":["Digest not found in database","test","9071e9f667a677160bccc213d83de973a3a4e7110899325c9760e4c919e9388","registry-grpc","quay.io","operator-framework/opm"]},{"ObjectType":"Container","ObjectFieldsKeys":["Reason For Non Compliance","Namespace","Pod Name","Container Name","Repository","Image Name"],"ObjectFieldsValues":["Digest not found in database","test","bbe7e6c1d75c4de2f47e2c825c930568e85f1134545e9d890a0c9f3d9187a4d","registry-grpc","quay.io","operator-framework/opm"]},{"ObjectType":"Container","ObjectFieldsKeys":["Reason For Non Compliance","Namespace","Pod Name","Container Name","Repository","Image Name"],"ObjectFieldsValues":["Digest not found in database","test","d4681f98fc2b9661435ddd8f0e86b1bda8824ac566f8a600c90d1d1f4370706","registry-grpc","quay.io","operator-framework/opm"]}]}
  [38;5;9m[FAILED][0m in [It] - /usr/tnf/tnf-src/pkg/testhelper/testhelper.go:358 [38;5;243m@ 09/25/23 12:21:45.499[0m
[38;5;9m• [FAILED] [2.670 seconds][0m
[0maffiliated-certification [38;5;9m[1m[It] affiliated-certification-container-is-certified-digest[0m [38;5;204m[common, affiliated-certification-container-is-certified-digest, affiliated-certification][0m
[38;5;243m/usr/tnf/tnf-src/cnf-certification-test/certification/suite.go:82[0m

  [38;5;9m[FAILED] {"CompliantObjectsOut":null,"NonCompliantObjectsOut":[{"ObjectType":"Container","ObjectFieldsKeys":["Reason For Non Compliance","Namespace","Pod Name","Container Name","Repository","Image Name"],"ObjectFieldsValues":["Digest not found in database","test","1d9ecea6bd177d0eecc89426d7658502fcab44c3e2bce4b3b1a40ed89fd444a","registry-grpc","quay.io","operator-framework/opm"]},{"ObjectType":"Container","ObjectFieldsKeys":["Reason For Non Compliance","Namespace","Pod Name","Container Name","Repository","Image Name"],"ObjectFieldsValues":["Digest not found in database","test","7ad4efd37ad85bccf915a6d9448d404b7ce3164d7afb4c944648eeba9f0b04b","registry-grpc","quay.io","operator-framework/opm"]},{"ObjectType":"Container","ObjectFieldsKeys":["Reason For Non Compliance","Namespace","Pod Name","Container Name","Repository","Image Name"],"ObjectFieldsValues":["Digest not found in database","test","9071e9f667a677160bccc213d83de973a3a4e7110899325c9760e4c919e9388","registry-grpc","quay.io","operator-framework/opm"]},{"ObjectType":"Container","ObjectFieldsKeys":["Reason For Non Compliance","Namespace","Pod Name","Container Name","Repository","Image Name"],"ObjectFieldsValues":["Digest not found in database","test","bbe7e6c1d75c4de2f47e2c825c930568e85f1134545e9d890a0c9f3d9187a4d","registry-grpc","quay.io","operator-framework/opm"]},{"ObjectType":"Container","ObjectFieldsKeys":["Reason For Non Compliance","Namespace","Pod Name","Container Name","Repository","Image Name"],"ObjectFieldsValues":["Digest not found in database","test","d4681f98fc2b9661435ddd8f0e86b1bda8824ac566f8a600c90d1d1f4370706","registry-grpc","quay.io","operator-framework/opm"]}]}[0m
  [38;5;9mIn [1m[It][0m[38;5;9m at: [1m/usr/tnf/tnf-src/pkg/testhelper/testhelper.go:358[0m [38;5;243m@ 09/25/23 12:21:45.499[0m
[38;5;243m------------------------------[0m
[0mmanageability [0m[1mmanageability-containers-image-tag[0m [38;5;204m[extended, manageability-containers-image-tag, manageability][0m
[38;5;243m/usr/tnf/tnf-src/cnf-certification-test/manageability/suite.go:42[0m
  Container container: address-space-controller pod: address-space-controller-56c797f9ff-8g8xm ns: test is missing image tag(s)
  Container container: csi-driver-registrar pod: csi-cephfsplugin-9tnmk ns: test is missing image tag(s)
  Container container: csi-cephfsplugin pod: csi-cephfsplugin-9tnmk ns: test is missing image tag(s)
  Container container: csi-driver-registrar pod: csi-cephfsplugin-fxjb2 ns: test is missing image tag(s)
  Container container: csi-cephfsplugin pod: csi-cephfsplugin-fxjb2 ns: test is missing image tag(s)
  Container container: csi-driver-registrar pod: csi-cephfsplugin-jqqbf ns: test is missing image tag(s)
  Container container: csi-cephfsplugin pod: csi-cephfsplugin-jqqbf ns: test is missing image tag(s)
  Container container: csi-provisioner pod: csi-cephfsplugin-provisioner-7dc6567d6b-f84tr ns: test is missing image tag(s)
  Container container: csi-attacher pod: csi-cephfsplugin-provisioner-7dc6567d6b-f84tr ns: test is missing image tag(s)
  Container container: csi-resizer pod: csi-cephfsplugin-provisioner-7dc6567d6b-f84tr ns: test is missing image tag(s)
  Container container: csi-snapshotter pod: csi-cephfsplugin-provisioner-7dc6567d6b-f84tr ns: test is missing image tag(s)
  Container container: csi-cephfsplugin pod: csi-cephfsplugin-provisioner-7dc6567d6b-f84tr ns: test is missing image tag(s)
  Container container: csi-provisioner pod: csi-cephfsplugin-provisioner-7dc6567d6b-j5r2q ns: test is missing image tag(s)
  Container container: csi-attacher pod: csi-cephfsplugin-provisioner-7dc6567d6b-j5r2q ns: test is missing image tag(s)
  Container container: csi-resizer pod: csi-cephfsplugin-provisioner-7dc6567d6b-j5r2q ns: test is missing image tag(s)
  Container container: csi-snapshotter pod: csi-cephfsplugin-provisioner-7dc6567d6b-j5r2q ns: test is missing image tag(s)
  Container container: csi-cephfsplugin pod: csi-cephfsplugin-provisioner-7dc6567d6b-j5r2q ns: test is missing image tag(s)
  Container container: csi-driver-registrar pod: csi-rbdplugin-5h7hl ns: test is missing image tag(s)
  Container container: csi-rbdplugin pod: csi-rbdplugin-5h7hl ns: test is missing image tag(s)
  Container container: csi-addons pod: csi-rbdplugin-5h7hl ns: test is missing image tag(s)
  Container container: csi-driver-registrar pod: csi-rbdplugin-9fnkm ns: test is missing image tag(s)
  Container container: csi-rbdplugin pod: csi-rbdplugin-9fnkm ns: test is missing image tag(s)
  Container container: csi-addons pod: csi-rbdplugin-9fnkm ns: test is missing image tag(s)
  Container container: csi-driver-registrar pod: csi-rbdplugin-dh846 ns: test is missing image tag(s)
  Container container: csi-rbdplugin pod: csi-rbdplugin-dh846 ns: test is missing image tag(s)
  Container container: csi-addons pod: csi-rbdplugin-dh846 ns: test is missing image tag(s)
  Container container: csi-provisioner pod: csi-rbdplugin-provisioner-58fc6c8f5-4ccl7 ns: test is missing image tag(s)
  Container container: csi-attacher pod: csi-rbdplugin-provisioner-58fc6c8f5-4ccl7 ns: test is missing image tag(s)
  Container container: csi-resizer pod: csi-rbdplugin-provisioner-58fc6c8f5-4ccl7 ns: test is missing image tag(s)
  Container container: csi-snapshotter pod: csi-rbdplugin-provisioner-58fc6c8f5-4ccl7 ns: test is missing image tag(s)
  Container container: csi-rbdplugin pod: csi-rbdplugin-provisioner-58fc6c8f5-4ccl7 ns: test is missing image tag(s)
  Container container: csi-provisioner pod: csi-rbdplugin-provisioner-58fc6c8f5-wbs7k ns: test is missing image tag(s)
  Container container: csi-attacher pod: csi-rbdplugin-provisioner-58fc6c8f5-wbs7k ns: test is missing image tag(s)
  Container container: csi-resizer pod: csi-rbdplugin-provisioner-58fc6c8f5-wbs7k ns: test is missing image tag(s)
  Container container: csi-snapshotter pod: csi-rbdplugin-provisioner-58fc6c8f5-wbs7k ns: test is missing image tag(s)
  Container container: csi-rbdplugin pod: csi-rbdplugin-provisioner-58fc6c8f5-wbs7k ns: test is missing image tag(s)
  Container container: kube-rbac-proxy pod: devworkspace-webhook-server-85d9f8bbfc-cj6z5 ns: test is missing image tag(s)
  Container container: webhook-server pod: devworkspace-webhook-server-85d9f8bbfc-cj6z5 ns: test is missing image tag(s)
  Container container: manager pod: ibm-metrics-operator-controller-manager-5cf546dfd-n6vv9 ns: test is missing image tag(s)
  Container container: kube-rbac-proxy pod: ibm-metrics-operator-controller-manager-5cf546dfd-n6vv9 ns: test is missing image tag(s)
  Container container: security-profiles-operator pod: security-profiles-operator-webhook-d844fd745-2vvs5 ns: test is missing image tag(s)
  Container container: security-profiles-operator pod: security-profiles-operator-webhook-d844fd745-6ngkl ns: test is missing image tag(s)
  Container container: security-profiles-operator pod: security-profiles-operator-webhook-d844fd745-hvr8w ns: test is missing image tag(s)
  {"CompliantObjectsOut":[{"ObjectType":"Container","ObjectFieldsKeys":["Reason For Compliance","Namespace","Pod Name","Container Name"],"ObjectFieldsValues":["Container is tagged","test","1d9ecea6bd177d0eecc89426d7658502fcab44c3e2bce4b3b1a40ed89fd444a","registry-grpc"]},{"ObjectType":"Container","ObjectFieldsKeys":["Reason For Compliance","Namespace","Pod Name","Container Name"],"ObjectFieldsValues":["Container is tagged","test","7ad4efd37ad85bccf915a6d9448d404b7ce3164d7afb4c944648eeba9f0b04b","registry-grpc"]},{"ObjectType":"Container","ObjectFieldsKeys":["Reason For Compliance","Namespace","Pod Name","Container Name"],"ObjectFieldsValues":["Container is tagged","test","9071e9f667a677160bccc213d83de973a3a4e7110899325c9760e4c919e9388","registry-grpc"]},{"ObjectType":"Container","ObjectFieldsKeys":["Reason For Compliance","Namespace","Pod Name","Container Name"],"ObjectFieldsValues":["Container is tagged","test","bbe7e6c1d75c4de2f47e2c825c930568e85f1134545e9d890a0c9f3d9187a4d","registry-grpc"]},{"ObjectType":"Container","ObjectFieldsKeys":["Reason For Compliance","Namespace","Pod Name","Container Name"],"ObjectFieldsValues":["Container is tagged","test","d4681f98fc2b9661435ddd8f0e86b1bda8824ac566f8a600c90d1d1f4370706","registry-grpc"]}],"NonCompliantObjectsOut":[{"ObjectType":"Container","ObjectFieldsKeys":["Reason For Non Compliance","Namespace","Pod Name","Container Name"],"ObjectFieldsValues":["Container is missing image tag(s)","test","address-space-controller-56c797f9ff-8g8xm","address-space-controller"]},{"ObjectType":"Container","ObjectFieldsKeys":["Reason For Non Compliance","Namespace","Pod Name","Container Name"],"ObjectFieldsValues":["Container is missing image tag(s)","test","csi-cephfsplugin-9tnmk","csi-driver-registrar"]},{"ObjectType":"Container","ObjectFieldsKeys":["Reason For Non Compliance","Namespace","Pod Name","Container Name"],"ObjectFieldsValues":["Container is missing image tag(s)","test","csi-cephfsplugin-9tnmk","csi-cephfsplugin"]},{"ObjectType":"Container","ObjectFieldsKeys":["Reason For Non Compliance","Namespace","Pod Name","Container Name"],"ObjectFieldsValues":["Container is missing image tag(s)","test","csi-cephfsplugin-fxjb2","csi-driver-registrar"]},{"ObjectType":"Container","ObjectFieldsKeys":["Reason For Non Compliance","Namespace","Pod Name","Container Name"],"ObjectFieldsValues":["Container is missing image tag(s)","test","csi-cephfsplugin-fxjb2","csi-cephfsplugin"]},{"ObjectType":"Container","ObjectFieldsKeys":["Reason For Non Compliance","Namespace","Pod Name","Container Name"],"ObjectFieldsValues":["Container is missing image tag(s)","test","csi-cephfsplugin-jqqbf","csi-driver-registrar"]},{"ObjectType":"Container","ObjectFieldsKeys":["Reason For Non Compliance","Namespace","Pod Name","Container Name"],"ObjectFieldsValues":["Container is missing image tag(s)","test","csi-cephfsplugin-jqqbf","csi-cephfsplugin"]},{"ObjectType":"Container","ObjectFieldsKeys":["Reason For Non Compliance","Namespace","Pod Name","Container Name"],"ObjectFieldsValues":["Container is missing image tag(s)","test","csi-cephfsplugin-provisioner-7dc6567d6b-f84tr","csi-provisioner"]},{"ObjectType":"Container","ObjectFieldsKeys":["Reason For Non Compliance","Namespace","Pod Name","Container Name"],"ObjectFieldsValues":["Container is missing image tag(s)","test","csi-cephfsplugin-provisioner-7dc6567d6b-f84tr","csi-attacher"]},{"ObjectType":"Container","ObjectFieldsKeys":["Reason For Non Compliance","Namespace","Pod Name","Container Name"],"ObjectFieldsValues":["Container is missing image tag(s)","test","csi-cephfsplugin-provisioner-7dc6567d6b-f84tr","csi-resizer"]},{"ObjectType":"Container","ObjectFieldsKeys":["Reason For Non Compliance","Namespace","Pod Name","Container Name"],"ObjectFieldsValues":["Container is missing image tag(s)","test","csi-cephfsplugin-provisioner-7dc6567d6b-f84tr","csi-snapshotter"]},{"ObjectType":"Container","ObjectFieldsKeys":["Reason For Non Compliance","Namespace","Pod Name","Container Name"],"ObjectFieldsValues":["Container is missing image tag(s)","test","csi-cephfsplugin-provisioner-7dc6567d6b-f84tr","csi-cephfsplugin"]},{"ObjectType":"Container","ObjectFieldsKeys":["Reason For Non Compliance","Namespace","Pod Name","Container Name"],"ObjectFieldsValues":["Container is missing image tag(s)","test","csi-cephfsplugin-provisioner-7dc6567d6b-j5r2q","csi-provisioner"]},{"ObjectType":"Container","ObjectFieldsKeys":["Reason For Non Compliance","Namespace","Pod Name","Container Name"],"ObjectFieldsValues":["Container is missing image tag(s)","test","csi-cephfsplugin-provisioner-7dc6567d6b-j5r2q","csi-attacher"]},{"ObjectType":"Container","ObjectFieldsKeys":["Reason For Non Compliance","Namespace","Pod Name","Container Name"],"ObjectFieldsValues":["Container is missing image tag(s)","test","csi-cephfsplugin-provisioner-7dc6567d6b-j5r2q","csi-resizer"]},{"ObjectType":"Container","ObjectFieldsKeys":["Reason For Non Compliance","Namespace","Pod Name","Container Name"],"ObjectFieldsValues":["Container is missing image tag(s)","test","csi-cephfsplugin-provisioner-7dc6567d6b-j5r2q","csi-snapshotter"]},{"ObjectType":"Container","ObjectFieldsKeys":["Reason For Non Compliance","Namespace","Pod Name","Container Name"],"ObjectFieldsValues":["Container is missing image tag(s)","test","csi-cephfsplugin-provisioner-7dc6567d6b-j5r2q","csi-cephfsplugin"]},{"ObjectType":"Container","ObjectFieldsKeys":["Reason For Non Compliance","Namespace","Pod Name","Container Name"],"ObjectFieldsValues":["Container is missing image tag(s)","test","csi-rbdplugin-5h7hl","csi-driver-registrar"]},{"ObjectType":"Container","ObjectFieldsKeys":["Reason For Non Compliance","Namespace","Pod Name","Container Name"],"ObjectFieldsValues":["Container is missing image tag(s)","test","csi-rbdplugin-5h7hl","csi-rbdplugin"]},{"ObjectType":"Container","ObjectFieldsKeys":["Reason For Non Compliance","Namespace","Pod Name","Container Name"],"ObjectFieldsValues":["Container is missing image tag(s)","test","csi-rbdplugin-5h7hl","csi-addons"]},{"ObjectType":"Container","ObjectFieldsKeys":["Reason For Non Compliance","Namespace","Pod Name","Container Name"],"ObjectFieldsValues":["Container is missing image tag(s)","test","csi-rbdplugin-9fnkm","csi-driver-registrar"]},{"ObjectType":"Container","ObjectFieldsKeys":["Reason For Non Compliance","Namespace","Pod Name","Container Name"],"ObjectFieldsValues":["Container is missing image tag(s)","test","csi-rbdplugin-9fnkm","csi-rbdplugin"]},{"ObjectType":"Container","ObjectFieldsKeys":["Reason For Non Compliance","Namespace","Pod Name","Container Name"],"ObjectFieldsValues":["Container is missing image tag(s)","test","csi-rbdplugin-9fnkm","csi-addons"]},{"ObjectType":"Container","ObjectFieldsKeys":["Reason For Non Compliance","Namespace","Pod Name","Container Name"],"ObjectFieldsValues":["Container is missing image tag(s)","test","csi-rbdplugin-dh846","csi-driver-registrar"]},{"ObjectType":"Container","ObjectFieldsKeys":["Reason For Non Compliance","Namespace","Pod Name","Container Name"],"ObjectFieldsValues":["Container is missing image tag(s)","test","csi-rbdplugin-dh846","csi-rbdplugin"]},{"ObjectType":"Container","ObjectFieldsKeys":["Reason For Non Compliance","Namespace","Pod Name","Container Name"],"ObjectFieldsValues":["Container is missing image tag(s)","test","csi-rbdplugin-dh846","csi-addons"]},{"ObjectType":"Container","ObjectFieldsKeys":["Reason For Non Compliance","Namespace","Pod Name","Container Name"],"ObjectFieldsValues":["Container is missing image tag(s)","test","csi-rbdplugin-provisioner-58fc6c8f5-4ccl7","csi-provisioner"]},{"ObjectType":"Container","ObjectFieldsKeys":["Reason For Non Compliance","Namespace","Pod Name","Container Name"],"ObjectFieldsValues":["Container is missing image tag(s)","test","csi-rbdplugin-provisioner-58fc6c8f5-4ccl7","csi-attacher"]},{"ObjectType":"Container","ObjectFieldsKeys":["Reason For Non Compliance","Namespace","Pod Name","Container Name"],"ObjectFieldsValues":["Container is missing image tag(s)","test","csi-rbdplugin-provisioner-58fc6c8f5-4ccl7","csi-resizer"]},{"ObjectType":"Container","ObjectFieldsKeys":["Reason For Non Compliance","Namespace","Pod Name","Container Name"],"ObjectFieldsValues":["Container is missing image tag(s)","test","csi-rbdplugin-provisioner-58fc6c8f5-4ccl7","csi-snapshotter"]},{"ObjectType":"Container","ObjectFieldsKeys":["Reason For Non Compliance","Namespace","Pod Name","Container Name"],"ObjectFieldsValues":["Container is missing image tag(s)","test","csi-rbdplugin-provisioner-58fc6c8f5-4ccl7","csi-rbdplugin"]},{"ObjectType":"Container","ObjectFieldsKeys":["Reason For Non Compliance","Namespace","Pod Name","Container Name"],"ObjectFieldsValues":["Container is missing image tag(s)","test","csi-rbdplugin-provisioner-58fc6c8f5-wbs7k","csi-provisioner"]},{"ObjectType":"Container","ObjectFieldsKeys":["Reason For Non Compliance","Namespace","Pod Name","Container Name"],"ObjectFieldsValues":["Container is missing image tag(s)","test","csi-rbdplugin-provisioner-58fc6c8f5-wbs7k","csi-attacher"]},{"ObjectType":"Container","ObjectFieldsKeys":["Reason For Non Compliance","Namespace","Pod Name","Container Name"],"ObjectFieldsValues":["Container is missing image tag(s)","test","csi-rbdplugin-provisioner-58fc6c8f5-wbs7k","csi-resizer"]},{"ObjectType":"Container","ObjectFieldsKeys":["Reason For Non Compliance","Namespace","Pod Name","Container Name"],"ObjectFieldsValues":["Container is missing image tag(s)","test","csi-rbdplugin-provisioner-58fc6c8f5-wbs7k","csi-snapshotter"]},{"ObjectType":"Container","ObjectFieldsKeys":["Reason For Non Compliance","Namespace","Pod Name","Container Name"],"ObjectFieldsValues":["Container is missing image tag(s)","test","csi-rbdplugin-provisioner-58fc6c8f5-wbs7k","csi-rbdplugin"]},{"ObjectType":"Container","ObjectFieldsKeys":["Reason For Non Compliance","Namespace","Pod Name","Container Name"],"ObjectFieldsValues":["Container is missing image tag(s)","test","devworkspace-webhook-server-85d9f8bbfc-cj6z5","kube-rbac-proxy"]},{"ObjectType":"Container","ObjectFieldsKeys":["Reason For Non Compliance","Namespace","Pod Name","Container Name"],"ObjectFieldsValues":["Container is missing image tag(s)","test","devworkspace-webhook-server-85d9f8bbfc-cj6z5","webhook-server"]},{"ObjectType":"Container","ObjectFieldsKeys":["Reason For Non Compliance","Namespace","Pod Name","Container Name"],"ObjectFieldsValues":["Container is missing image tag(s)","test","ibm-metrics-operator-controller-manager-5cf546dfd-n6vv9","manager"]},{"ObjectType":"Container","ObjectFieldsKeys":["Reason For Non Compliance","Namespace","Pod Name","Container Name"],"ObjectFieldsValues":["Container is missing image tag(s)","test","ibm-metrics-operator-controller-manager-5cf546dfd-n6vv9","kube-rbac-proxy"]},{"ObjectType":"Container","ObjectFieldsKeys":["Reason For Non Compliance","Namespace","Pod Name","Container Name"],"ObjectFieldsValues":["Container is missing image tag(s)","test","security-profiles-operator-webhook-d844fd745-2vvs5","security-profiles-operator"]},{"ObjectType":"Container","ObjectFieldsKeys":["Reason For Non Compliance","Namespace","Pod Name","Container Name"],"ObjectFieldsValues":["Container is missing image tag(s)","test","security-profiles-operator-webhook-d844fd745-6ngkl","security-profiles-operator"]},{"ObjectType":"Container","ObjectFieldsKeys":["Reason For Non Compliance","Namespace","Pod Name","Container Name"],"ObjectFieldsValues":["Container is missing image tag(s)","test","security-profiles-operator-webhook-d844fd745-hvr8w","security-profiles-operator"]}]}
  [38;5;9m[FAILED][0m in [It] - /usr/tnf/tnf-src/pkg/testhelper/testhelper.go:358 [38;5;243m@ 09/25/23 12:21:45.512[0m
[38;5;9m• [FAILED] [0.009 seconds][0m
[0mmanageability [38;5;9m[1m[It] manageability-containers-image-tag[0m [38;5;204m[extended, manageability-containers-image-tag, manageability][0m
[38;5;243m/usr/tnf/tnf-src/cnf-certification-test/manageability/suite.go:42[0m

  [38;5;9m[FAILED] {"CompliantObjectsOut":[{"ObjectType":"Container","ObjectFieldsKeys":["Reason For Compliance","Namespace","Pod Name","Container Name"],"ObjectFieldsValues":["Container is tagged","test","1d9ecea6bd177d0eecc89426d7658502fcab44c3e2bce4b3b1a40ed89fd444a","registry-grpc"]},{"ObjectType":"Container","ObjectFieldsKeys":["Reason For Compliance","Namespace","Pod Name","Container Name"],"ObjectFieldsValues":["Container is tagged","test","7ad4efd37ad85bccf915a6d9448d404b7ce3164d7afb4c944648eeba9f0b04b","registry-grpc"]},{"ObjectType":"Container","ObjectFieldsKeys":["Reason For Compliance","Namespace","Pod Name","Container Name"],"ObjectFieldsValues":["Container is tagged","test","9071e9f667a677160bccc213d83de973a3a4e7110899325c9760e4c919e9388","registry-grpc"]},{"ObjectType":"Container","ObjectFieldsKeys":["Reason For Compliance","Namespace","Pod Name","Container Name"],"ObjectFieldsValues":["Container is tagged","test","bbe7e6c1d75c4de2f47e2c825c930568e85f1134545e9d890a0c9f3d9187a4d","registry-grpc"]},{"ObjectType":"Container","ObjectFieldsKeys":["Reason For Compliance","Namespace","Pod Name","Container Name"],"ObjectFieldsValues":["Container is tagged","test","d4681f98fc2b9661435ddd8f0e86b1bda8824ac566f8a600c90d1d1f4370706","registry-grpc"]}],"NonCompliantObjectsOut":[{"ObjectType":"Container","ObjectFieldsKeys":["Reason For Non Compliance","Namespace","Pod Name","Container Name"],"ObjectFieldsValues":["Container is missing image tag(s)","test","address-space-controller-56c797f9ff-8g8xm","address-space-controller"]},{"ObjectType":"Container","ObjectFieldsKeys":["Reason For Non Compliance","Namespace","Pod Name","Container Name"],"ObjectFieldsValues":["Container is missing image tag(s)","test","csi-cephfsplugin-9tnmk","csi-driver-registrar"]},{"ObjectType":"Container","ObjectFieldsKeys":["Reason For Non Compliance","Namespace","Pod Name","Container Name"],"ObjectFieldsValues":["Container is missing image tag(s)","test","csi-cephfsplugin-9tnmk","csi-cephfsplugin"]},{"ObjectType":"Container","ObjectFieldsKeys":["Reason For Non Compliance","Namespace","Pod Name","Container Name"],"ObjectFieldsValues":["Container is missing image tag(s)","test","csi-cephfsplugin-fxjb2","csi-driver-registrar"]},{"ObjectType":"Container","ObjectFieldsKeys":["Reason For Non Compliance","Namespace","Pod Name","Container Name"],"ObjectFieldsValues":["Container is missing image tag(s)","test","csi-cephfsplugin-fxjb2","csi-cephfsplugin"]},{"ObjectType":"Container","ObjectFieldsKeys":["Reason For Non Compliance","Namespace","Pod Name","Container Name"],"ObjectFieldsValues":["Container is missing image tag(s)","test","csi-cephfsplugin-jqqbf","csi-driver-registrar"]},{"ObjectType":"Container","ObjectFieldsKeys":["Reason For Non Compliance","Namespace","Pod Name","Container Name"],"ObjectFieldsValues":["Container is missing image tag(s)","test","csi-cephfsplugin-jqqbf","csi-cephfsplugin"]},{"ObjectType":"Container","ObjectFieldsKeys":["Reason For Non Compliance","Namespace","Pod Name","Container Name"],"ObjectFieldsValues":["Container is missing image tag(s)","test","csi-cephfsplugin-provisioner-7dc6567d6b-f84tr","csi-provisioner"]},{"ObjectType":"Container","ObjectFieldsKeys":["Reason For Non Compliance","Namespace","Pod Name","Container Name"],"ObjectFieldsValues":["Container is missing image tag(s)","test","csi-cephfsplugin-provisioner-7dc6567d6b-f84tr","csi-attacher"]},{"ObjectType":"Container","ObjectFieldsKeys":["Reason For Non Compliance","Namespace","Pod Name","Container Name"],"ObjectFieldsValues":["Container is missing image tag(s)","test","csi-cephfsplugin-provisioner-7dc6567d6b-f84tr","csi-resizer"]},{"ObjectType":"Container","ObjectFieldsKeys":["Reason For Non Compliance","Namespace","Pod Name","Container Name"],"ObjectFieldsValues":["Container is missing image tag(s)","test","csi-cephfsplugin-provisioner-7dc6567d6b-f84tr","csi-snapshotter"]},{"ObjectType":"Container","ObjectFieldsKeys":["Reason For Non Compliance","Namespace","Pod Name","Container Name"],"ObjectFieldsValues":["Container is missing image tag(s)","test","csi-cephfsplugin-provisioner-7dc6567d6b-f84tr","csi-cephfsplugin"]},{"ObjectType":"Container","ObjectFieldsKeys":["Reason For Non Compliance","Namespace","Pod Name","Container Name"],"ObjectFieldsValues":["Container is missing image tag(s)","test","csi-cephfsplugin-provisioner-7dc6567d6b-j5r2q","csi-provisioner"]},{"ObjectType":"Container","ObjectFieldsKeys":["Reason For Non Compliance","Namespace","Pod Name","Container Name"],"ObjectFieldsValues":["Container is missing image tag(s)","test","csi-cephfsplugin-provisioner-7dc6567d6b-j5r2q","csi-attacher"]},{"ObjectType":"Container","ObjectFieldsKeys":["Reason For Non Compliance","Namespace","Pod Name","Container Name"],"ObjectFieldsValues":["Container is missing image tag(s)","test","csi-cephfsplugin-provisioner-7dc6567d6b-j5r2q","csi-resizer"]},{"ObjectType":"Container","ObjectFieldsKeys":["Reason For Non Compliance","Namespace","Pod Name","Container Name"],"ObjectFieldsValues":["Container is missing image tag(s)","test","csi-cephfsplugin-provisioner-7dc6567d6b-j5r2q","csi-snapshotter"]},{"ObjectType":"Container","ObjectFieldsKeys":["Reason For Non Compliance","Namespace","Pod Name","Container Name"],"ObjectFieldsValues":["Container is missing image tag(s)","test","csi-cephfsplugin-provisioner-7dc6567d6b-j5r2q","csi-cephfsplugin"]},{"ObjectType":"Container","ObjectFieldsKeys":["Reason For Non Compliance","Namespace","Pod Name","Container Name"],"ObjectFieldsValues":["Container is missing image tag(s)","test","csi-rbdplugin-5h7hl","csi-driver-registrar"]},{"ObjectType":"Container","ObjectFieldsKeys":["Reason For Non Compliance","Namespace","Pod Name","Container Name"],"ObjectFieldsValues":["Container is missing image tag(s)","test","csi-rbdplugin-5h7hl","csi-rbdplugin"]},{"ObjectType":"Container","ObjectFieldsKeys":["Reason For Non Compliance","Namespace","Pod Name","Container Name"],"ObjectFieldsValues":["Container is missing image tag(s)","test","csi-rbdplugin-5h7hl","csi-addons"]},{"ObjectType":"Container","ObjectFieldsKeys":["Reason For Non Compliance","Namespace","Pod Name","Container Name"],"ObjectFieldsValues":["Container is missing image tag(s)","test","csi-rbdplugin-9fnkm","csi-driver-registrar"]},{"ObjectType":"Container","ObjectFieldsKeys":["Reason For Non Compliance","Namespace","Pod Name","Container Name"],"ObjectFieldsValues":["Container is missing image tag(s)","test","csi-rbdplugin-9fnkm","csi-rbdplugin"]},{"ObjectType":"Container","ObjectFieldsKeys":["Reason For Non Compliance","Namespace","Pod Name","Container Name"],"ObjectFieldsValues":["Container is missing image tag(s)","test","csi-rbdplugin-9fnkm","csi-addons"]},{"ObjectType":"Container","ObjectFieldsKeys":["Reason For Non Compliance","Namespace","Pod Name","Container Name"],"ObjectFieldsValues":["Container is missing image tag(s)","test","csi-rbdplugin-dh846","csi-driver-registrar"]},{"ObjectType":"Container","ObjectFieldsKeys":["Reason For Non Compliance","Namespace","Pod Name","Container Name"],"ObjectFieldsValues":["Container is missing image tag(s)","test","csi-rbdplugin-dh846","csi-rbdplugin"]},{"ObjectType":"Container","ObjectFieldsKeys":["Reason For Non Compliance","Namespace","Pod Name","Container Name"],"ObjectFieldsValues":["Container is missing image tag(s)","test","csi-rbdplugin-dh846","csi-addons"]},{"ObjectType":"Container","ObjectFieldsKeys":["Reason For Non Compliance","Namespace","Pod Name","Container Name"],"ObjectFieldsValues":["Container is missing image tag(s)","test","csi-rbdplugin-provisioner-58fc6c8f5-4ccl7","csi-provisioner"]},{"ObjectType":"Container","ObjectFieldsKeys":["Reason For Non Compliance","Namespace","Pod Name","Container Name"],"ObjectFieldsValues":["Container is missing image tag(s)","test","csi-rbdplugin-provisioner-58fc6c8f5-4ccl7","csi-attacher"]},{"ObjectType":"Container","ObjectFieldsKeys":["Reason For Non Compliance","Namespace","Pod Name","Container Name"],"ObjectFieldsValues":["Container is missing image tag(s)","test","csi-rbdplugin-provisioner-58fc6c8f5-4ccl7","csi-resizer"]},{"ObjectType":"Container","ObjectFieldsKeys":["Reason For Non Compliance","Namespace","Pod Name","Container Name"],"ObjectFieldsValues":["Container is missing image tag(s)","test","csi-rbdplugin-provisioner-58fc6c8f5-4ccl7","csi-snapshotter"]},{"ObjectType":"Container","ObjectFieldsKeys":["Reason For Non Compliance","Namespace","Pod Name","Container Name"],"ObjectFieldsValues":["Container is missing image tag(s)","test","csi-rbdplugin-provisioner-58fc6c8f5-4ccl7","csi-rbdplugin"]},{"ObjectType":"Container","ObjectFieldsKeys":["Reason For Non Compliance","Namespace","Pod Name","Container Name"],"ObjectFieldsValues":["Container is missing image tag(s)","test","csi-rbdplugin-provisioner-58fc6c8f5-wbs7k","csi-provisioner"]},{"ObjectType":"Container","ObjectFieldsKeys":["Reason For Non Compliance","Namespace","Pod Name","Container Name"],"ObjectFieldsValues":["Container is missing image tag(s)","test","csi-rbdplugin-provisioner-58fc6c8f5-wbs7k","csi-attacher"]},{"ObjectType":"Container","ObjectFieldsKeys":["Reason For Non Compliance","Namespace","Pod Name","Container Name"],"ObjectFieldsValues":["Container is missing image tag(s)","test","csi-rbdplugin-provisioner-58fc6c8f5-wbs7k","csi-resizer"]},{"ObjectType":"Container","ObjectFieldsKeys":["Reason For Non Compliance","Namespace","Pod Name","Container Name"],"ObjectFieldsValues":["Container is missing image tag(s)","test","csi-rbdplugin-provisioner-58fc6c8f5-wbs7k","csi-snapshotter"]},{"ObjectType":"Container","ObjectFieldsKeys":["Reason For Non Compliance","Namespace","Pod Name","Container Name"],"ObjectFieldsValues":["Container is missing image tag(s)","test","csi-rbdplugin-provisioner-58fc6c8f5-wbs7k","csi-rbdplugin"]},{"ObjectType":"Container","ObjectFieldsKeys":["Reason For Non Compliance","Namespace","Pod Name","Container Name"],"ObjectFieldsValues":["Container is missing image tag(s)","test","devworkspace-webhook-server-85d9f8bbfc-cj6z5","kube-rbac-proxy"]},{"ObjectType":"Container","ObjectFieldsKeys":["Reason For Non Compliance","Namespace","Pod Name","Container Name"],"ObjectFieldsValues":["Container is missing image tag(s)","test","devworkspace-webhook-server-85d9f8bbfc-cj6z5","webhook-server"]},{"ObjectType":"Container","ObjectFieldsKeys":["Reason For Non Compliance","Namespace","Pod Name","Container Name"],"ObjectFieldsValues":["Container is missing image tag(s)","test","ibm-metrics-operator-controller-manager-5cf546dfd-n6vv9","manager"]},{"ObjectType":"Container","ObjectFieldsKeys":["Reason For Non Compliance","Namespace","Pod Name","Container Name"],"ObjectFieldsValues":["Container is missing image tag(s)","test","ibm-metrics-operator-controller-manager-5cf546dfd-n6vv9","kube-rbac-proxy"]},{"ObjectType":"Container","ObjectFieldsKeys":["Reason For Non Compliance","Namespace","Pod Name","Container Name"],"ObjectFieldsValues":["Container is missing image tag(s)","test","security-profiles-operator-webhook-d844fd745-2vvs5","security-profiles-operator"]},{"ObjectType":"Container","ObjectFieldsKeys":["Reason For Non Compliance","Namespace","Pod Name","Container Name"],"ObjectFieldsValues":["Container is missing image tag(s)","test","security-profiles-operator-webhook-d844fd745-6ngkl","security-profiles-operator"]},{"ObjectType":"Container","ObjectFieldsKeys":["Reason For Non Compliance","Namespace","Pod Name","Container Name"],"ObjectFieldsValues":["Container is missing image tag(s)","test","security-profiles-operator-webhook-d844fd745-hvr8w","security-profiles-operator"]}]}[0m
  [38;5;9mIn [1m[It][0m[38;5;9m at: [1m/usr/tnf/tnf-src/pkg/testhelper/testhelper.go:358[0m [38;5;243m@ 09/25/23 12:21:45.512[0m
[38;5;243m------------------------------[0m
[0mmanageability [0m[1mmanageability-container-port-name-format[0m [38;5;204m[extended, manageability-container-port-name-format, manageability][0m
[38;5;243m/usr/tnf/tnf-src/cnf-certification-test/manageability/suite.go:48[0m
  container: csi-addons pod: csi-rbdplugin-5h7hl ns: test: ContainerPort  does not follow the partner naming conventions
  container: csi-addons pod: csi-rbdplugin-9fnkm ns: test: ContainerPort  does not follow the partner naming conventions
  container: csi-addons pod: csi-rbdplugin-dh846 ns: test: ContainerPort  does not follow the partner naming conventions
  container: kube-rbac-proxy pod: devworkspace-webhook-server-85d9f8bbfc-cj6z5 ns: test: ContainerPort metrics does not follow the partner naming conventions
  container: webhook-server pod: devworkspace-webhook-server-85d9f8bbfc-cj6z5 ns: test: ContainerPort webhook-server does not follow the partner naming conventions
  container: webhook-server pod: devworkspace-webhook-server-85d9f8bbfc-cj6z5 ns: test: ContainerPort liveness-port does not follow the partner naming conventions
  container: kube-rbac-proxy pod: ibm-metrics-operator-controller-manager-5cf546dfd-n6vv9 ns: test: ContainerPort https does not follow the partner naming conventions
  container: security-profiles-operator pod: security-profiles-operator-webhook-d844fd745-2vvs5 ns: test: ContainerPort webhook does not follow the partner naming conventions
  container: security-profiles-operator pod: security-profiles-operator-webhook-d844fd745-6ngkl ns: test: ContainerPort webhook does not follow the partner naming conventions
  container: security-profiles-operator pod: security-profiles-operator-webhook-d844fd745-hvr8w ns: test: ContainerPort webhook does not follow the partner naming conventions
  {"CompliantObjectsOut":[{"ObjectType":"Container","ObjectFieldsKeys":["Reason For Compliance","Namespace","Pod Name","Container Name","Container Port"],"ObjectFieldsValues":["ContainerPort follows the partner naming conventions","test","1d9ecea6bd177d0eecc89426d7658502fcab44c3e2bce4b3b1a40ed89fd444a","registry-grpc","grpc"]},{"ObjectType":"Container","ObjectFieldsKeys":["Reason For Compliance","Namespace","Pod Name","Container Name","Container Port"],"ObjectFieldsValues":["ContainerPort follows the partner naming conventions","test","7ad4efd37ad85bccf915a6d9448d404b7ce3164d7afb4c944648eeba9f0b04b","registry-grpc","grpc"]},{"ObjectType":"Container","ObjectFieldsKeys":["Reason For Compliance","Namespace","Pod Name","Container Name","Container Port"],"ObjectFieldsValues":["ContainerPort follows the partner naming conventions","test","9071e9f667a677160bccc213d83de973a3a4e7110899325c9760e4c919e9388","registry-grpc","grpc"]},{"ObjectType":"Container","ObjectFieldsKeys":["Reason For Compliance","Namespace","Pod Name","Container Name","Container Port"],"ObjectFieldsValues":["ContainerPort follows the partner naming conventions","test","address-space-controller-56c797f9ff-8g8xm","address-space-controller","http"]},{"ObjectType":"Container","ObjectFieldsKeys":["Reason For Compliance","Namespace","Pod Name","Container Name","Container Port"],"ObjectFieldsValues":["ContainerPort follows the partner naming conventions","test","bbe7e6c1d75c4de2f47e2c825c930568e85f1134545e9d890a0c9f3d9187a4d","registry-grpc","grpc"]},{"ObjectType":"Container","ObjectFieldsKeys":["Reason For Compliance","Namespace","Pod Name","Container Name","Container Port"],"ObjectFieldsValues":["ContainerPort follows the partner naming conventions","test","d4681f98fc2b9661435ddd8f0e86b1bda8824ac566f8a600c90d1d1f4370706","registry-grpc","grpc"]}],"NonCompliantObjectsOut":[{"ObjectType":"Container","ObjectFieldsKeys":["Reason For Non Compliance","Namespace","Pod Name","Container Name","Container Port"],"ObjectFieldsValues":["ContainerPort does not follow the partner naming conventions","test","csi-rbdplugin-5h7hl","csi-addons",""]},{"ObjectType":"Container","ObjectFieldsKeys":["Reason For Non Compliance","Namespace","Pod Name","Container Name","Container Port"],"ObjectFieldsValues":["ContainerPort does not follow the partner naming conventions","test","csi-rbdplugin-9fnkm","csi-addons",""]},{"ObjectType":"Container","ObjectFieldsKeys":["Reason For Non Compliance","Namespace","Pod Name","Container Name","Container Port"],"ObjectFieldsValues":["ContainerPort does not follow the partner naming conventions","test","csi-rbdplugin-dh846","csi-addons",""]},{"ObjectType":"Container","ObjectFieldsKeys":["Reason For Non Compliance","Namespace","Pod Name","Container Name","Container Port"],"ObjectFieldsValues":["ContainerPort does not follow the partner naming conventions","test","devworkspace-webhook-server-85d9f8bbfc-cj6z5","kube-rbac-proxy","metrics"]},{"ObjectType":"Container","ObjectFieldsKeys":["Reason For Non Compliance","Namespace","Pod Name","Container Name","Container Port"],"ObjectFieldsValues":["ContainerPort does not follow the partner naming conventions","test","devworkspace-webhook-server-85d9f8bbfc-cj6z5","webhook-server","webhook-server"]},{"ObjectType":"Container","ObjectFieldsKeys":["Reason For Non Compliance","Namespace","Pod Name","Container Name","Container Port"],"ObjectFieldsValues":["ContainerPort does not follow the partner naming conventions","test","devworkspace-webhook-server-85d9f8bbfc-cj6z5","webhook-server","liveness-port"]},{"ObjectType":"Container","ObjectFieldsKeys":["Reason For Non Compliance","Namespace","Pod Name","Container Name","Container Port"],"ObjectFieldsValues":["ContainerPort does not follow the partner naming conventions","test","ibm-metrics-operator-controller-manager-5cf546dfd-n6vv9","kube-rbac-proxy","https"]},{"ObjectType":"Container","ObjectFieldsKeys":["Reason For Non Compliance","Namespace","Pod Name","Container Name","Container Port"],"ObjectFieldsValues":["ContainerPort does not follow the partner naming conventions","test","security-profiles-operator-webhook-d844fd745-2vvs5","security-profiles-operator","webhook"]},{"ObjectType":"Container","ObjectFieldsKeys":["Reason For Non Compliance","Namespace","Pod Name","Container Name","Container Port"],"ObjectFieldsValues":["ContainerPort does not follow the partner naming conventions","test","security-profiles-operator-webhook-d844fd745-6ngkl","security-profiles-operator","webhook"]},{"ObjectType":"Container","ObjectFieldsKeys":["Reason For Non Compliance","Namespace","Pod Name","Container Name","Container Port"],"ObjectFieldsValues":["ContainerPort does not follow the partner naming conventions","test","security-profiles-operator-webhook-d844fd745-hvr8w","security-profiles-operator","webhook"]}]}
  [38;5;9m[FAILED][0m in [It] - /usr/tnf/tnf-src/pkg/testhelper/testhelper.go:358 [38;5;243m@ 09/25/23 12:21:45.52[0m
[38;5;9m• [FAILED] [0.005 seconds][0m
[0mmanageability [38;5;9m[1m[It] manageability-container-port-name-format[0m [38;5;204m[extended, manageability-container-port-name-format, manageability][0m
[38;5;243m/usr/tnf/tnf-src/cnf-certification-test/manageability/suite.go:48[0m

  [38;5;9m[FAILED] {"CompliantObjectsOut":[{"ObjectType":"Container","ObjectFieldsKeys":["Reason For Compliance","Namespace","Pod Name","Container Name","Container Port"],"ObjectFieldsValues":["ContainerPort follows the partner naming conventions","test","1d9ecea6bd177d0eecc89426d7658502fcab44c3e2bce4b3b1a40ed89fd444a","registry-grpc","grpc"]},{"ObjectType":"Container","ObjectFieldsKeys":["Reason For Compliance","Namespace","Pod Name","Container Name","Container Port"],"ObjectFieldsValues":["ContainerPort follows the partner naming conventions","test","7ad4efd37ad85bccf915a6d9448d404b7ce3164d7afb4c944648eeba9f0b04b","registry-grpc","grpc"]},{"ObjectType":"Container","ObjectFieldsKeys":["Reason For Compliance","Namespace","Pod Name","Container Name","Container Port"],"ObjectFieldsValues":["ContainerPort follows the partner naming conventions","test","9071e9f667a677160bccc213d83de973a3a4e7110899325c9760e4c919e9388","registry-grpc","grpc"]},{"ObjectType":"Container","ObjectFieldsKeys":["Reason For Compliance","Namespace","Pod Name","Container Name","Container Port"],"ObjectFieldsValues":["ContainerPort follows the partner naming conventions","test","address-space-controller-56c797f9ff-8g8xm","address-space-controller","http"]},{"ObjectType":"Container","ObjectFieldsKeys":["Reason For Compliance","Namespace","Pod Name","Container Name","Container Port"],"ObjectFieldsValues":["ContainerPort follows the partner naming conventions","test","bbe7e6c1d75c4de2f47e2c825c930568e85f1134545e9d890a0c9f3d9187a4d","registry-grpc","grpc"]},{"ObjectType":"Container","ObjectFieldsKeys":["Reason For Compliance","Namespace","Pod Name","Container Name","Container Port"],"ObjectFieldsValues":["ContainerPort follows the partner naming conventions","test","d4681f98fc2b9661435ddd8f0e86b1bda8824ac566f8a600c90d1d1f4370706","registry-grpc","grpc"]}],"NonCompliantObjectsOut":[{"ObjectType":"Container","ObjectFieldsKeys":["Reason For Non Compliance","Namespace","Pod Name","Container Name","Container Port"],"ObjectFieldsValues":["ContainerPort does not follow the partner naming conventions","test","csi-rbdplugin-5h7hl","csi-addons",""]},{"ObjectType":"Container","ObjectFieldsKeys":["Reason For Non Compliance","Namespace","Pod Name","Container Name","Container Port"],"ObjectFieldsValues":["ContainerPort does not follow the partner naming conventions","test","csi-rbdplugin-9fnkm","csi-addons",""]},{"ObjectType":"Container","ObjectFieldsKeys":["Reason For Non Compliance","Namespace","Pod Name","Container Name","Container Port"],"ObjectFieldsValues":["ContainerPort does not follow the partner naming conventions","test","csi-rbdplugin-dh846","csi-addons",""]},{"ObjectType":"Container","ObjectFieldsKeys":["Reason For Non Compliance","Namespace","Pod Name","Container Name","Container Port"],"ObjectFieldsValues":["ContainerPort does not follow the partner naming conventions","test","devworkspace-webhook-server-85d9f8bbfc-cj6z5","kube-rbac-proxy","metrics"]},{"ObjectType":"Container","ObjectFieldsKeys":["Reason For Non Compliance","Namespace","Pod Name","Container Name","Container Port"],"ObjectFieldsValues":["ContainerPort does not follow the partner naming conventions","test","devworkspace-webhook-server-85d9f8bbfc-cj6z5","webhook-server","webhook-server"]},{"ObjectType":"Container","ObjectFieldsKeys":["Reason For Non Compliance","Namespace","Pod Name","Container Name","Container Port"],"ObjectFieldsValues":["ContainerPort does not follow the partner naming conventions","test","devworkspace-webhook-server-85d9f8bbfc-cj6z5","webhook-server","liveness-port"]},{"ObjectType":"Container","ObjectFieldsKeys":["Reason For Non Compliance","Namespace","Pod Name","Container Name","Container Port"],"ObjectFieldsValues":["ContainerPort does not follow the partner naming conventions","test","ibm-metrics-operator-controller-manager-5cf546dfd-n6vv9","kube-rbac-proxy","https"]},{"ObjectType":"Container","ObjectFieldsKeys":["Reason For Non Compliance","Namespace","Pod Name","Container Name","Container Port"],"ObjectFieldsValues":["ContainerPort does not follow the partner naming conventions","test","security-profiles-operator-webhook-d844fd745-2vvs5","security-profiles-operator","webhook"]},{"ObjectType":"Container","ObjectFieldsKeys":["Reason For Non Compliance","Namespace","Pod Name","Container Name","Container Port"],"ObjectFieldsValues":["ContainerPort does not follow the partner naming conventions","test","security-profiles-operator-webhook-d844fd745-6ngkl","security-profiles-operator","webhook"]},{"ObjectType":"Container","ObjectFieldsKeys":["Reason For Non Compliance","Namespace","Pod Name","Container Name","Container Port"],"ObjectFieldsValues":["ContainerPort does not follow the partner naming conventions","test","security-profiles-operator-webhook-d844fd745-hvr8w","security-profiles-operator","webhook"]}]}[0m
  [38;5;9mIn [1m[It][0m[38;5;9m at: [1m/usr/tnf/tnf-src/pkg/testhelper/testhelper.go:358[0m [38;5;243m@ 09/25/23 12:21:45.52[0m
[38;5;243m------------------------------[0m
[0moperator [0m[1moperator-install-status-succeeded[0m [38;5;204m[common, operator-install-status-succeeded, operator][0m
[38;5;243m/usr/tnf/tnf-src/cnf-certification-test/operator/suite.go:44[0m
[31mFATAL  [0m[Sep 25 12:26:46.246][phasecheck.go: 50] Timeout waiting for operator csv: openshift-pipelines-operator-rh.v1.11.1 ns: test to be ready 
