time="2023-09-25T20:57:14Z" level=info msg="Saving environment variables & parameters."
time="2023-09-25T20:57:14Z" level=info msg="Environment: {Home:/root Kubeconfig:/usr/tnf/kubeconfig/config ConfigurationPath:/usr/tnf/config/tnf_config.yml NonIntrusiveOnly:false LogLevel:info OfflineDB:/usr/offline-db AllowPreflightInsecure:false PfltDockerconfig:/usr/tnf/dockercfg/config.json IncludeWebFilesInOutputFolder:false OmitArtifactsZipFile:false}"
=== RUN   TestTest
[36mINFO   [0m[Sep 25 20:57:14.845][suite_test.go: 98] Log level set to: info                       
[36mINFO   [0m[Sep 25 20:57:14.847][suite_test.go: 140] TNF Version         : v4.3.4 ( 2037b43c9bccf6b00fe91797adfabcbeeeb5efdc ) 
[36mINFO   [0m[Sep 25 20:57:14.848][suite_test.go: 141] Claim Format Version: v0.1.0                 
[36mINFO   [0m[Sep 25 20:57:14.848][suite_test.go: 142] Ginkgo Version      : 2.11.0                 
[36mINFO   [0m[Sep 25 20:57:14.848][suite_test.go: 143] Labels filter       : operator, access-control, networking, affiliated-certification, lifecycle, manageability, networking, observability, platform-alteration 
[36mINFO   [0m[Sep 25 20:57:14.848][clientsholder.go: 169] Creating k8s go-clients holder.              
[36mINFO   [0m[Sep 25 20:57:15.303][utils.go: 51] Loading config from file: /usr/tnf/config/tnf_config.yml 
[33mWARNING[0m[Sep 25 20:57:15.312][utils.go: 64] No namespace configured for the debug DaemonSet. Defaulting to namespace cnf-suite 
[33mWARNING[0m[Sep 25 20:57:15.396][autodiscover.go: 110] DEPRECATED: targetPodLabels config field is about to be obsolete. Please use the new "podsUnderTestLabels" field instead. 
[33mWARNING[0m[Sep 25 20:57:15.396][autodiscover.go: 113] DEPRECATED: deprecated default operator label in use ( test-network-function.com/operator: ) is about to be obsolete. Please use the new "operatorsUnderTestLabels" field to specify operators labels instead. 
[36mINFO   [0m[Sep 25 20:57:15.396][autodiscover.go: 143] parsed pods under test labels: [{LabelKey:test-network-function.com/generic LabelValue:target}] 
[36mINFO   [0m[Sep 25 20:57:15.396][autodiscover.go: 144] parsed operators under test labels: [{LabelKey:test-network-function.com/operator LabelValue:}] 
[36mINFO   [0m[Sep 25 20:57:15.509][autodiscover_operators.go: 144] Found 2 subscriptions in the target namespaces 
[36mINFO   [0m[Sep 25 20:57:15.509][autodiscover_operators.go: 146]  Subscriptions name: fuse-online-v7-11-1-0-1687357787-p-sub (ns: test) 
[36mINFO   [0m[Sep 25 20:57:15.509][autodiscover_operators.go: 146]  Subscriptions name: odf-csi-addons-operator-v4-13-0-rhodf-sub (ns: test) 
[36mINFO   [0m[Sep 25 20:57:16.009][autodiscover_operators.go: 121] Found 83 CSVs:                               
[36mINFO   [0m[Sep 25 20:57:16.009][autodiscover_operators.go: 123]  CSV name: odf-csi-addons-operator.v4.13.0-rhodf (ns: cert-manager) 
[36mINFO   [0m[Sep 25 20:57:16.009][autodiscover_operators.go: 123]  CSV name: odf-csi-addons-operator.v4.13.0-rhodf (ns: cnf-suite) 
[36mINFO   [0m[Sep 25 20:57:16.009][autodiscover_operators.go: 123]  CSV name: odf-csi-addons-operator.v4.13.0-rhodf (ns: default) 
[36mINFO   [0m[Sep 25 20:57:16.009][autodiscover_operators.go: 123]  CSV name: odf-csi-addons-operator.v4.13.0-rhodf (ns: knative-eventing) 
[36mINFO   [0m[Sep 25 20:57:16.009][autodiscover_operators.go: 123]  CSV name: odf-csi-addons-operator.v4.13.0-rhodf (ns: knative-serving) 
[36mINFO   [0m[Sep 25 20:57:16.009][autodiscover_operators.go: 123]  CSV name: odf-csi-addons-operator.v4.13.0-rhodf (ns: kube-node-lease) 
[36mINFO   [0m[Sep 25 20:57:16.010][autodiscover_operators.go: 123]  CSV name: odf-csi-addons-operator.v4.13.0-rhodf (ns: kube-public) 
[36mINFO   [0m[Sep 25 20:57:16.010][autodiscover_operators.go: 123]  CSV name: odf-csi-addons-operator.v4.13.0-rhodf (ns: kube-system) 
[36mINFO   [0m[Sep 25 20:57:16.010][autodiscover_operators.go: 123]  CSV name: odf-csi-addons-operator.v4.13.0-rhodf (ns: openshift-apiserver-operator) 
[36mINFO   [0m[Sep 25 20:57:16.010][autodiscover_operators.go: 123]  CSV name: odf-csi-addons-operator.v4.13.0-rhodf (ns: openshift-apiserver) 
[36mINFO   [0m[Sep 25 20:57:16.010][autodiscover_operators.go: 123]  CSV name: odf-csi-addons-operator.v4.13.0-rhodf (ns: openshift-authentication-operator) 
[36mINFO   [0m[Sep 25 20:57:16.010][autodiscover_operators.go: 123]  CSV name: odf-csi-addons-operator.v4.13.0-rhodf (ns: openshift-authentication) 
[36mINFO   [0m[Sep 25 20:57:16.010][autodiscover_operators.go: 123]  CSV name: odf-csi-addons-operator.v4.13.0-rhodf (ns: openshift-cloud-controller-manager-operator) 
[36mINFO   [0m[Sep 25 20:57:16.010][autodiscover_operators.go: 123]  CSV name: odf-csi-addons-operator.v4.13.0-rhodf (ns: openshift-cloud-controller-manager) 
[36mINFO   [0m[Sep 25 20:57:16.010][autodiscover_operators.go: 123]  CSV name: odf-csi-addons-operator.v4.13.0-rhodf (ns: openshift-cloud-credential-operator) 
[36mINFO   [0m[Sep 25 20:57:16.010][autodiscover_operators.go: 123]  CSV name: odf-csi-addons-operator.v4.13.0-rhodf (ns: openshift-cloud-network-config-controller) 
[36mINFO   [0m[Sep 25 20:57:16.010][autodiscover_operators.go: 123]  CSV name: odf-csi-addons-operator.v4.13.0-rhodf (ns: openshift-cluster-csi-drivers) 
[36mINFO   [0m[Sep 25 20:57:16.010][autodiscover_operators.go: 123]  CSV name: odf-csi-addons-operator.v4.13.0-rhodf (ns: openshift-cluster-machine-approver) 
[36mINFO   [0m[Sep 25 20:57:16.010][autodiscover_operators.go: 123]  CSV name: odf-csi-addons-operator.v4.13.0-rhodf (ns: openshift-cluster-node-tuning-operator) 
[36mINFO   [0m[Sep 25 20:57:16.010][autodiscover_operators.go: 123]  CSV name: odf-csi-addons-operator.v4.13.0-rhodf (ns: openshift-cluster-samples-operator) 
[36mINFO   [0m[Sep 25 20:57:16.010][autodiscover_operators.go: 123]  CSV name: odf-csi-addons-operator.v4.13.0-rhodf (ns: openshift-cluster-storage-operator) 
[36mINFO   [0m[Sep 25 20:57:16.010][autodiscover_operators.go: 123]  CSV name: odf-csi-addons-operator.v4.13.0-rhodf (ns: openshift-cluster-version) 
[36mINFO   [0m[Sep 25 20:57:16.010][autodiscover_operators.go: 123]  CSV name: odf-csi-addons-operator.v4.13.0-rhodf (ns: openshift-config-managed) 
[36mINFO   [0m[Sep 25 20:57:16.010][autodiscover_operators.go: 123]  CSV name: odf-csi-addons-operator.v4.13.0-rhodf (ns: openshift-config-operator) 
[36mINFO   [0m[Sep 25 20:57:16.011][autodiscover_operators.go: 123]  CSV name: odf-csi-addons-operator.v4.13.0-rhodf (ns: openshift-config) 
[36mINFO   [0m[Sep 25 20:57:16.011][autodiscover_operators.go: 123]  CSV name: odf-csi-addons-operator.v4.13.0-rhodf (ns: openshift-console-operator) 
[36mINFO   [0m[Sep 25 20:57:16.011][autodiscover_operators.go: 123]  CSV name: odf-csi-addons-operator.v4.13.0-rhodf (ns: openshift-console-user-settings) 
[36mINFO   [0m[Sep 25 20:57:16.011][autodiscover_operators.go: 123]  CSV name: odf-csi-addons-operator.v4.13.0-rhodf (ns: openshift-console) 
[36mINFO   [0m[Sep 25 20:57:16.011][autodiscover_operators.go: 123]  CSV name: odf-csi-addons-operator.v4.13.0-rhodf (ns: openshift-controller-manager-operator) 
[36mINFO   [0m[Sep 25 20:57:16.011][autodiscover_operators.go: 123]  CSV name: odf-csi-addons-operator.v4.13.0-rhodf (ns: openshift-controller-manager) 
[36mINFO   [0m[Sep 25 20:57:16.011][autodiscover_operators.go: 123]  CSV name: odf-csi-addons-operator.v4.13.0-rhodf (ns: openshift-dns-operator) 
[36mINFO   [0m[Sep 25 20:57:16.011][autodiscover_operators.go: 123]  CSV name: odf-csi-addons-operator.v4.13.0-rhodf (ns: openshift-dns) 
[36mINFO   [0m[Sep 25 20:57:16.011][autodiscover_operators.go: 123]  CSV name: odf-csi-addons-operator.v4.13.0-rhodf (ns: openshift-etcd-operator) 
[36mINFO   [0m[Sep 25 20:57:16.011][autodiscover_operators.go: 123]  CSV name: odf-csi-addons-operator.v4.13.0-rhodf (ns: openshift-etcd) 
[36mINFO   [0m[Sep 25 20:57:16.011][autodiscover_operators.go: 123]  CSV name: odf-csi-addons-operator.v4.13.0-rhodf (ns: openshift-host-network) 
[36mINFO   [0m[Sep 25 20:57:16.011][autodiscover_operators.go: 123]  CSV name: odf-csi-addons-operator.v4.13.0-rhodf (ns: openshift-image-registry) 
[36mINFO   [0m[Sep 25 20:57:16.011][autodiscover_operators.go: 123]  CSV name: odf-csi-addons-operator.v4.13.0-rhodf (ns: openshift-infra) 
[36mINFO   [0m[Sep 25 20:57:16.011][autodiscover_operators.go: 123]  CSV name: odf-csi-addons-operator.v4.13.0-rhodf (ns: openshift-ingress-canary) 
[36mINFO   [0m[Sep 25 20:57:16.011][autodiscover_operators.go: 123]  CSV name: odf-csi-addons-operator.v4.13.0-rhodf (ns: openshift-ingress-operator) 
[36mINFO   [0m[Sep 25 20:57:16.011][autodiscover_operators.go: 123]  CSV name: odf-csi-addons-operator.v4.13.0-rhodf (ns: openshift-ingress) 
[36mINFO   [0m[Sep 25 20:57:16.011][autodiscover_operators.go: 123]  CSV name: odf-csi-addons-operator.v4.13.0-rhodf (ns: openshift-insights) 
[36mINFO   [0m[Sep 25 20:57:16.011][autodiscover_operators.go: 123]  CSV name: odf-csi-addons-operator.v4.13.0-rhodf (ns: openshift-kni-infra) 
[36mINFO   [0m[Sep 25 20:57:16.011][autodiscover_operators.go: 123]  CSV name: odf-csi-addons-operator.v4.13.0-rhodf (ns: openshift-kube-apiserver-operator) 
[36mINFO   [0m[Sep 25 20:57:16.011][autodiscover_operators.go: 123]  CSV name: odf-csi-addons-operator.v4.13.0-rhodf (ns: openshift-kube-apiserver) 
[36mINFO   [0m[Sep 25 20:57:16.012][autodiscover_operators.go: 123]  CSV name: odf-csi-addons-operator.v4.13.0-rhodf (ns: openshift-kube-controller-manager-operator) 
[36mINFO   [0m[Sep 25 20:57:16.012][autodiscover_operators.go: 123]  CSV name: odf-csi-addons-operator.v4.13.0-rhodf (ns: openshift-kube-controller-manager) 
[36mINFO   [0m[Sep 25 20:57:16.012][autodiscover_operators.go: 123]  CSV name: odf-csi-addons-operator.v4.13.0-rhodf (ns: openshift-kube-scheduler-operator) 
[36mINFO   [0m[Sep 25 20:57:16.012][autodiscover_operators.go: 123]  CSV name: odf-csi-addons-operator.v4.13.0-rhodf (ns: openshift-kube-scheduler) 
[36mINFO   [0m[Sep 25 20:57:16.012][autodiscover_operators.go: 123]  CSV name: odf-csi-addons-operator.v4.13.0-rhodf (ns: openshift-kube-storage-version-migrator-operator) 
[36mINFO   [0m[Sep 25 20:57:16.012][autodiscover_operators.go: 123]  CSV name: odf-csi-addons-operator.v4.13.0-rhodf (ns: openshift-kube-storage-version-migrator) 
[36mINFO   [0m[Sep 25 20:57:16.012][autodiscover_operators.go: 123]  CSV name: odf-csi-addons-operator.v4.13.0-rhodf (ns: openshift-machine-api) 
[36mINFO   [0m[Sep 25 20:57:16.012][autodiscover_operators.go: 123]  CSV name: odf-csi-addons-operator.v4.13.0-rhodf (ns: openshift-machine-config-operator) 
[36mINFO   [0m[Sep 25 20:57:16.012][autodiscover_operators.go: 123]  CSV name: odf-csi-addons-operator.v4.13.0-rhodf (ns: openshift-marketplace) 
[36mINFO   [0m[Sep 25 20:57:16.012][autodiscover_operators.go: 123]  CSV name: odf-csi-addons-operator.v4.13.0-rhodf (ns: openshift-monitoring) 
[36mINFO   [0m[Sep 25 20:57:16.012][autodiscover_operators.go: 123]  CSV name: odf-csi-addons-operator.v4.13.0-rhodf (ns: openshift-multus) 
[36mINFO   [0m[Sep 25 20:57:16.012][autodiscover_operators.go: 123]  CSV name: odf-csi-addons-operator.v4.13.0-rhodf (ns: openshift-must-gather-6fjzt) 
[36mINFO   [0m[Sep 25 20:57:16.012][autodiscover_operators.go: 123]  CSV name: odf-csi-addons-operator.v4.13.0-rhodf (ns: openshift-must-gather-npvwx) 
[36mINFO   [0m[Sep 25 20:57:16.012][autodiscover_operators.go: 123]  CSV name: odf-csi-addons-operator.v4.13.0-rhodf (ns: openshift-network-diagnostics) 
[36mINFO   [0m[Sep 25 20:57:16.012][autodiscover_operators.go: 123]  CSV name: odf-csi-addons-operator.v4.13.0-rhodf (ns: openshift-network-operator) 
[36mINFO   [0m[Sep 25 20:57:16.012][autodiscover_operators.go: 123]  CSV name: odf-csi-addons-operator.v4.13.0-rhodf (ns: openshift-node) 
[36mINFO   [0m[Sep 25 20:57:16.012][autodiscover_operators.go: 123]  CSV name: odf-csi-addons-operator.v4.13.0-rhodf (ns: openshift-nutanix-infra) 
[36mINFO   [0m[Sep 25 20:57:16.012][autodiscover_operators.go: 123]  CSV name: odf-csi-addons-operator.v4.13.0-rhodf (ns: openshift-oauth-apiserver) 
[36mINFO   [0m[Sep 25 20:57:16.012][autodiscover_operators.go: 123]  CSV name: odf-csi-addons-operator.v4.13.0-rhodf (ns: openshift-openstack-infra) 
[36mINFO   [0m[Sep 25 20:57:16.012][autodiscover_operators.go: 123]  CSV name: odf-csi-addons-operator.v4.13.0-rhodf (ns: openshift-operator-lifecycle-manager) 
[36mINFO   [0m[Sep 25 20:57:16.013][autodiscover_operators.go: 123]  CSV name: packageserver (ns: openshift-operator-lifecycle-manager) 
[36mINFO   [0m[Sep 25 20:57:16.013][autodiscover_operators.go: 123]  CSV name: odf-csi-addons-operator.v4.13.0-rhodf (ns: openshift-operators) 
[36mINFO   [0m[Sep 25 20:57:16.013][autodiscover_operators.go: 123]  CSV name: odf-csi-addons-operator.v4.13.0-rhodf (ns: openshift-ovirt-infra) 
[36mINFO   [0m[Sep 25 20:57:16.013][autodiscover_operators.go: 123]  CSV name: odf-csi-addons-operator.v4.13.0-rhodf (ns: openshift-ovn-kubernetes) 
[36mINFO   [0m[Sep 25 20:57:16.013][autodiscover_operators.go: 123]  CSV name: odf-csi-addons-operator.v4.13.0-rhodf (ns: openshift-route-controller-manager) 
[36mINFO   [0m[Sep 25 20:57:16.013][autodiscover_operators.go: 123]  CSV name: odf-csi-addons-operator.v4.13.0-rhodf (ns: openshift-service-ca-operator) 
[36mINFO   [0m[Sep 25 20:57:16.013][autodiscover_operators.go: 123]  CSV name: odf-csi-addons-operator.v4.13.0-rhodf (ns: openshift-service-ca) 
[36mINFO   [0m[Sep 25 20:57:16.013][autodiscover_operators.go: 123]  CSV name: odf-csi-addons-operator.v4.13.0-rhodf (ns: openshift-user-workload-monitoring) 
[36mINFO   [0m[Sep 25 20:57:16.013][autodiscover_operators.go: 123]  CSV name: odf-csi-addons-operator.v4.13.0-rhodf (ns: openshift-vsphere-infra) 
[36mINFO   [0m[Sep 25 20:57:16.013][autodiscover_operators.go: 123]  CSV name: odf-csi-addons-operator.v4.13.0-rhodf (ns: openshift) 
[36mINFO   [0m[Sep 25 20:57:16.013][autodiscover_operators.go: 123]  CSV name: odf-csi-addons-operator.v4.13.0-rhodf (ns: pipeline-alerts) 
[36mINFO   [0m[Sep 25 20:57:16.013][autodiscover_operators.go: 123]  CSV name: odf-csi-addons-operator.v4.13.0-rhodf (ns: redhat-ods-applications) 
[36mINFO   [0m[Sep 25 20:57:16.013][autodiscover_operators.go: 123]  CSV name: odf-csi-addons-operator.v4.13.0-rhodf (ns: redhat-ods-monitoring) 
[36mINFO   [0m[Sep 25 20:57:16.013][autodiscover_operators.go: 123]  CSV name: odf-csi-addons-operator.v4.13.0-rhodf (ns: rhods-notebooks) 
[36mINFO   [0m[Sep 25 20:57:16.013][autodiscover_operators.go: 123]  CSV name: odf-csi-addons-operator.v4.13.0-rhodf (ns: tekton-pipelines-resolvers) 
[36mINFO   [0m[Sep 25 20:57:16.013][autodiscover_operators.go: 123]  CSV name: odf-csi-addons-operator.v4.13.0-rhodf (ns: tekton-pipelines) 
[36mINFO   [0m[Sep 25 20:57:16.013][autodiscover_operators.go: 123]  CSV name: fuse-online.v7.11.1-0.1687357787.p (ns: test) 
[36mINFO   [0m[Sep 25 20:57:16.013][autodiscover_operators.go: 123]  CSV name: odf-csi-addons-operator.v4.13.0-rhodf (ns: test) 
[36mINFO   [0m[Sep 25 20:57:16.013][autodiscover_operators.go: 123]  CSV name: odf-csi-addons-operator.v4.13.0-rhodf (ns: ztp-install) 
[36mINFO   [0m[Sep 25 20:57:18.116][autodiscover_operators.go: 91] Found 2 CSVs:                                
[36mINFO   [0m[Sep 25 20:57:18.116][autodiscover_operators.go: 93]  CSV name: fuse-online.v7.11.1-0.1687357787.p (ns: test) 
[36mINFO   [0m[Sep 25 20:57:18.116][autodiscover_operators.go: 93]  CSV name: odf-csi-addons-operator.v4.13.0-rhodf (ns: test) 
[36mINFO   [0m[Sep 25 20:57:18.158][autodiscover_operators.go: 144] Found 2 subscriptions in the target namespaces 
[36mINFO   [0m[Sep 25 20:57:18.158][autodiscover_operators.go: 146]  Subscriptions name: fuse-online-v7-11-1-0-1687357787-p-sub (ns: test) 
[36mINFO   [0m[Sep 25 20:57:18.159][autodiscover_operators.go: 146]  Subscriptions name: odf-csi-addons-operator-v4-13-0-rhodf-sub (ns: test) 
[36mINFO   [0m[Sep 25 20:57:18.289][autodiscover.go: 257] OpenShift Version found: 4.13.4              
[33mWARNING[0m[Sep 25 20:57:18.378][autodiscover_podset.go: 87] Did not find any deployment in the configured namespaces [test] 
[33mWARNING[0m[Sep 25 20:57:18.414][autodiscover_podset.go: 106] Did not find any statefulSet in ns=test      
[33mWARNING[0m[Sep 25 20:57:18.414][autodiscover_podset.go: 120] Did not find any statefulset in the configured namespaces [test] 
[36mINFO   [0m[Sep 25 20:57:18.763][autodiscover_podset.go: 138] Cannot find any deployed HorizontalPodAutoscaler 
[36mINFO   [0m[Sep 25 20:57:18.934][operators.go: 130] Found 3 unique CSVs                          
[36mINFO   [0m[Sep 25 20:57:18.935][operators.go: 132]   CSV: packageserver                         
[36mINFO   [0m[Sep 25 20:57:18.935][operators.go: 132]   CSV: fuse-online.v7.11.1-0.1687357787.p    
[36mINFO   [0m[Sep 25 20:57:18.935][operators.go: 132]   CSV: odf-csi-addons-operator.v4.13.0-rhodf 
[36mINFO   [0m[Sep 25 20:57:18.975][operators.go: 185] Getting installplans for op fuse-online.v7.11.1-0.1687357787.p (subs fuse-online-v7-11-1-0-1687357787-p-sub ns test) 
[36mINFO   [0m[Sep 25 20:57:19.015][operators.go: 185] Getting installplans for op odf-csi-addons-operator.v4.13.0-rhodf (subs odf-csi-addons-operator-v4-13-0-rhodf-sub ns test) 
[33mWARNING[0m[Sep 25 20:57:19.016][operators.go: 183] Subscription not found for CSV: packageserver (ns openshift-operator-lifecycle-manager) 
[36mINFO   [0m[Sep 25 20:57:19.016][operators.go: 185] Getting installplans for op packageserver (subs  ns ) 
[36mINFO   [0m[Sep 25 20:57:19.017][provider.go: 564] Node ip-10-0-138-139.ec2.internal - mc name: rendered-worker-2d2f3b16cfd49fa63f019201ad937fb4 
[36mINFO   [0m[Sep 25 20:57:19.128][provider.go: 564] Node ip-10-0-140-127.ec2.internal - mc name: rendered-master-c13f40c1d9ca7958e3551ada049691f6 
[36mINFO   [0m[Sep 25 20:57:19.200][provider.go: 564] Node ip-10-0-144-53.ec2.internal - mc name: rendered-master-c13f40c1d9ca7958e3551ada049691f6 
[36mINFO   [0m[Sep 25 20:57:19.266][provider.go: 564] Node ip-10-0-146-178.ec2.internal - mc name: rendered-worker-2d2f3b16cfd49fa63f019201ad937fb4 
[36mINFO   [0m[Sep 25 20:57:19.329][provider.go: 564] Node ip-10-0-171-112.ec2.internal - mc name: rendered-worker-2d2f3b16cfd49fa63f019201ad937fb4 
[36mINFO   [0m[Sep 25 20:57:19.391][provider.go: 564] Node ip-10-0-173-119.ec2.internal - mc name: rendered-master-c13f40c1d9ca7958e3551ada049691f6 
[31mERROR  [0m[Sep 25 20:57:19.453][pods.go: 57] Could not decode networks-status annotation, error: could not unmarshal network-status annotation 
[31mERROR  [0m[Sep 25 20:57:19.454][pods.go: 62] Could not decode networks-status annotation, error: could not unmarshal network-status annotation 
[31mERROR  [0m[Sep 25 20:57:19.454][pods.go: 57] Could not decode networks-status annotation, error: could not unmarshal network-status annotation 
[31mERROR  [0m[Sep 25 20:57:19.454][pods.go: 62] Could not decode networks-status annotation, error: could not unmarshal network-status annotation 
[31mERROR  [0m[Sep 25 20:57:19.454][pods.go: 57] Could not decode networks-status annotation, error: could not unmarshal network-status annotation 
[31mERROR  [0m[Sep 25 20:57:19.454][pods.go: 62] Could not decode networks-status annotation, error: could not unmarshal network-status annotation 
[31mERROR  [0m[Sep 25 20:57:19.456][pods.go: 57] Could not decode networks-status annotation, error: could not unmarshal network-status annotation 
[31mERROR  [0m[Sep 25 20:57:19.456][pods.go: 62] Could not decode networks-status annotation, error: could not unmarshal network-status annotation 
[31mERROR  [0m[Sep 25 20:57:19.456][pods.go: 57] Could not decode networks-status annotation, error: could not unmarshal network-status annotation 
[31mERROR  [0m[Sep 25 20:57:19.457][pods.go: 62] Could not decode networks-status annotation, error: could not unmarshal network-status annotation 
[31mERROR  [0m[Sep 25 20:57:19.457][pods.go: 57] Could not decode networks-status annotation, error: could not unmarshal network-status annotation 
[31mERROR  [0m[Sep 25 20:57:19.457][pods.go: 62] Could not decode networks-status annotation, error: could not unmarshal network-status annotation 
[33mWARNING[0m[Sep 25 20:57:19.460][provider.go: 341] container: extract pod: 2f4b9d9982c8b335a892177c0a532db7b518f642fce9d67424764ae21fdvf6w ns: test is not ready yet. 
[33mWARNING[0m[Sep 25 20:57:19.461][provider.go: 357] container: extract pod: 2f4b9d9982c8b335a892177c0a532db7b518f642fce9d67424764ae21fdvf6w ns: test is not running (reason: terminated - Completed, restarts 0): some test cases might fail. 
[33mWARNING[0m[Sep 25 20:57:19.461][provider.go: 341] container: extract pod: 6500436e8d456436471ba355e123839691b6467ef32112389c01e846adrxmtr ns: test is not ready yet. 
[33mWARNING[0m[Sep 25 20:57:19.461][provider.go: 357] container: extract pod: 6500436e8d456436471ba355e123839691b6467ef32112389c01e846adrxmtr ns: test is not running (reason: terminated - Completed, restarts 0): some test cases might fail. 
[33mWARNING[0m[Sep 25 20:57:19.462][provider.go: 341] container: extract pod: a81658fffde1bf12555c5eb1c2e062447b7e9c8e0e4985c41ba25de6556kwdc ns: test is not ready yet. 
[33mWARNING[0m[Sep 25 20:57:19.462][provider.go: 357] container: extract pod: a81658fffde1bf12555c5eb1c2e062447b7e9c8e0e4985c41ba25de6556kwdc ns: test is not running (reason: terminated - Completed, restarts 0): some test cases might fail. 
[33mWARNING[0m[Sep 25 20:57:19.462][provider.go: 341] container: extract pod: b9f647540b1a1ce37709d746d3fe527552ab46b01468837f86475721e7jqh5v ns: test is not ready yet. 
[33mWARNING[0m[Sep 25 20:57:19.462][provider.go: 357] container: extract pod: b9f647540b1a1ce37709d746d3fe527552ab46b01468837f86475721e7jqh5v ns: test is not running (reason: terminated - Completed, restarts 0): some test cases might fail. 
[31mERROR  [0m[Sep 25 20:57:19.463][pods.go: 57] Could not decode networks-status annotation, error: could not unmarshal network-status annotation 
[31mERROR  [0m[Sep 25 20:57:19.463][pods.go: 62] Could not decode networks-status annotation, error: could not unmarshal network-status annotation 
[31mERROR  [0m[Sep 25 20:57:19.463][pods.go: 57] Could not decode networks-status annotation, error: could not unmarshal network-status annotation 
[31mERROR  [0m[Sep 25 20:57:19.463][pods.go: 62] Could not decode networks-status annotation, error: could not unmarshal network-status annotation 
[31mERROR  [0m[Sep 25 20:57:19.463][pods.go: 57] Could not decode networks-status annotation, error: could not unmarshal network-status annotation 
[31mERROR  [0m[Sep 25 20:57:19.463][pods.go: 62] Could not decode networks-status annotation, error: could not unmarshal network-status annotation 
[31mERROR  [0m[Sep 25 20:57:19.464][pods.go: 57] Could not decode networks-status annotation, error: could not unmarshal network-status annotation 
[31mERROR  [0m[Sep 25 20:57:19.464][pods.go: 62] Could not decode networks-status annotation, error: could not unmarshal network-status annotation 
[31mERROR  [0m[Sep 25 20:57:19.464][pods.go: 57] Could not decode networks-status annotation, error: could not unmarshal network-status annotation 
[31mERROR  [0m[Sep 25 20:57:19.464][pods.go: 62] Could not decode networks-status annotation, error: could not unmarshal network-status annotation 
[31mERROR  [0m[Sep 25 20:57:19.465][pods.go: 57] Could not decode networks-status annotation, error: could not unmarshal network-status annotation 
[31mERROR  [0m[Sep 25 20:57:19.465][pods.go: 62] Could not decode networks-status annotation, error: could not unmarshal network-status annotation 
[33mWARNING[0m[Sep 25 20:57:19.466][provider.go: 341] container: extract pod: d43224ecf8a90e2689f1b48690ce45a9c382a5ed2d2ce8b0d2fbba172a8xrtm ns: test is not ready yet. 
[33mWARNING[0m[Sep 25 20:57:19.466][provider.go: 357] container: extract pod: d43224ecf8a90e2689f1b48690ce45a9c382a5ed2d2ce8b0d2fbba172a8xrtm ns: test is not running (reason: terminated - Completed, restarts 0): some test cases might fail. 
[33mWARNING[0m[Sep 25 20:57:19.466][provider.go: 341] container: extract pod: d4fe36668cbff5bf360eabb230ae7caeb430b86f4a6636c74f4314f7c0grbkk ns: test is not ready yet. 
[33mWARNING[0m[Sep 25 20:57:19.466][provider.go: 357] container: extract pod: d4fe36668cbff5bf360eabb230ae7caeb430b86f4a6636c74f4314f7c0grbkk ns: test is not running (reason: terminated - Completed, restarts 0): some test cases might fail. 
[36mINFO   [0m[Sep 25 20:57:19.467][operators.go: 130] Found 2 unique CSVs                          
[36mINFO   [0m[Sep 25 20:57:19.467][operators.go: 132]   CSV: odf-csi-addons-operator.v4.13.0-rhodf 
[36mINFO   [0m[Sep 25 20:57:19.467][operators.go: 132]   CSV: fuse-online.v7.11.1-0.1687357787.p    
[36mINFO   [0m[Sep 25 20:57:19.504][operators.go: 185] Getting installplans for op fuse-online.v7.11.1-0.1687357787.p (subs fuse-online-v7-11-1-0-1687357787-p-sub ns test) 
[36mINFO   [0m[Sep 25 20:57:19.543][operators.go: 185] Getting installplans for op odf-csi-addons-operator.v4.13.0-rhodf (subs odf-csi-addons-operator-v4-13-0-rhodf-sub ns test) 
[36mINFO   [0m[Sep 25 20:57:19.543][provider.go: 290] Operators found: 2                           
[36mINFO   [0m[Sep 25 20:57:19.544][provider.go: 302] Completed the test environment build process in 4.24 seconds 
[33mWARNING[0m[Sep 25 20:57:30.696][autodiscover.go: 110] DEPRECATED: targetPodLabels config field is about to be obsolete. Please use the new "podsUnderTestLabels" field instead. 
[33mWARNING[0m[Sep 25 20:57:30.697][autodiscover.go: 113] DEPRECATED: deprecated default operator label in use ( test-network-function.com/operator: ) is about to be obsolete. Please use the new "operatorsUnderTestLabels" field to specify operators labels instead. 
[36mINFO   [0m[Sep 25 20:57:30.697][autodiscover.go: 143] parsed pods under test labels: [{LabelKey:test-network-function.com/generic LabelValue:target}] 
[36mINFO   [0m[Sep 25 20:57:30.697][autodiscover.go: 144] parsed operators under test labels: [{LabelKey:test-network-function.com/operator LabelValue:}] 
[36mINFO   [0m[Sep 25 20:57:30.842][autodiscover_operators.go: 144] Found 2 subscriptions in the target namespaces 
[36mINFO   [0m[Sep 25 20:57:30.842][autodiscover_operators.go: 146]  Subscriptions name: fuse-online-v7-11-1-0-1687357787-p-sub (ns: test) 
[36mINFO   [0m[Sep 25 20:57:30.842][autodiscover_operators.go: 146]  Subscriptions name: odf-csi-addons-operator-v4-13-0-rhodf-sub (ns: test) 
[36mINFO   [0m[Sep 25 20:57:31.852][autodiscover_operators.go: 121] Found 83 CSVs:                               
[36mINFO   [0m[Sep 25 20:57:31.853][autodiscover_operators.go: 123]  CSV name: odf-csi-addons-operator.v4.13.0-rhodf (ns: cert-manager) 
[36mINFO   [0m[Sep 25 20:57:31.853][autodiscover_operators.go: 123]  CSV name: odf-csi-addons-operator.v4.13.0-rhodf (ns: cnf-suite) 
[36mINFO   [0m[Sep 25 20:57:31.853][autodiscover_operators.go: 123]  CSV name: odf-csi-addons-operator.v4.13.0-rhodf (ns: default) 
[36mINFO   [0m[Sep 25 20:57:31.853][autodiscover_operators.go: 123]  CSV name: odf-csi-addons-operator.v4.13.0-rhodf (ns: knative-eventing) 
[36mINFO   [0m[Sep 25 20:57:31.853][autodiscover_operators.go: 123]  CSV name: odf-csi-addons-operator.v4.13.0-rhodf (ns: knative-serving) 
[36mINFO   [0m[Sep 25 20:57:31.853][autodiscover_operators.go: 123]  CSV name: odf-csi-addons-operator.v4.13.0-rhodf (ns: kube-node-lease) 
[36mINFO   [0m[Sep 25 20:57:31.853][autodiscover_operators.go: 123]  CSV name: odf-csi-addons-operator.v4.13.0-rhodf (ns: kube-public) 
[36mINFO   [0m[Sep 25 20:57:31.853][autodiscover_operators.go: 123]  CSV name: odf-csi-addons-operator.v4.13.0-rhodf (ns: kube-system) 
[36mINFO   [0m[Sep 25 20:57:31.853][autodiscover_operators.go: 123]  CSV name: odf-csi-addons-operator.v4.13.0-rhodf (ns: openshift-apiserver-operator) 
[36mINFO   [0m[Sep 25 20:57:31.853][autodiscover_operators.go: 123]  CSV name: odf-csi-addons-operator.v4.13.0-rhodf (ns: openshift-apiserver) 
[36mINFO   [0m[Sep 25 20:57:31.853][autodiscover_operators.go: 123]  CSV name: odf-csi-addons-operator.v4.13.0-rhodf (ns: openshift-authentication-operator) 
[36mINFO   [0m[Sep 25 20:57:31.853][autodiscover_operators.go: 123]  CSV name: odf-csi-addons-operator.v4.13.0-rhodf (ns: openshift-authentication) 
[36mINFO   [0m[Sep 25 20:57:31.853][autodiscover_operators.go: 123]  CSV name: odf-csi-addons-operator.v4.13.0-rhodf (ns: openshift-cloud-controller-manager-operator) 
[36mINFO   [0m[Sep 25 20:57:31.854][autodiscover_operators.go: 123]  CSV name: odf-csi-addons-operator.v4.13.0-rhodf (ns: openshift-cloud-controller-manager) 
[36mINFO   [0m[Sep 25 20:57:31.854][autodiscover_operators.go: 123]  CSV name: odf-csi-addons-operator.v4.13.0-rhodf (ns: openshift-cloud-credential-operator) 
[36mINFO   [0m[Sep 25 20:57:31.854][autodiscover_operators.go: 123]  CSV name: odf-csi-addons-operator.v4.13.0-rhodf (ns: openshift-cloud-network-config-controller) 
[36mINFO   [0m[Sep 25 20:57:31.854][autodiscover_operators.go: 123]  CSV name: odf-csi-addons-operator.v4.13.0-rhodf (ns: openshift-cluster-csi-drivers) 
[36mINFO   [0m[Sep 25 20:57:31.854][autodiscover_operators.go: 123]  CSV name: odf-csi-addons-operator.v4.13.0-rhodf (ns: openshift-cluster-machine-approver) 
[36mINFO   [0m[Sep 25 20:57:31.854][autodiscover_operators.go: 123]  CSV name: odf-csi-addons-operator.v4.13.0-rhodf (ns: openshift-cluster-node-tuning-operator) 
[36mINFO   [0m[Sep 25 20:57:31.854][autodiscover_operators.go: 123]  CSV name: odf-csi-addons-operator.v4.13.0-rhodf (ns: openshift-cluster-samples-operator) 
[36mINFO   [0m[Sep 25 20:57:31.854][autodiscover_operators.go: 123]  CSV name: odf-csi-addons-operator.v4.13.0-rhodf (ns: openshift-cluster-storage-operator) 
[36mINFO   [0m[Sep 25 20:57:31.854][autodiscover_operators.go: 123]  CSV name: odf-csi-addons-operator.v4.13.0-rhodf (ns: openshift-cluster-version) 
[36mINFO   [0m[Sep 25 20:57:31.854][autodiscover_operators.go: 123]  CSV name: odf-csi-addons-operator.v4.13.0-rhodf (ns: openshift-config-managed) 
[36mINFO   [0m[Sep 25 20:57:31.854][autodiscover_operators.go: 123]  CSV name: odf-csi-addons-operator.v4.13.0-rhodf (ns: openshift-config-operator) 
[36mINFO   [0m[Sep 25 20:57:31.854][autodiscover_operators.go: 123]  CSV name: odf-csi-addons-operator.v4.13.0-rhodf (ns: openshift-config) 
[36mINFO   [0m[Sep 25 20:57:31.854][autodiscover_operators.go: 123]  CSV name: odf-csi-addons-operator.v4.13.0-rhodf (ns: openshift-console-operator) 
[36mINFO   [0m[Sep 25 20:57:31.854][autodiscover_operators.go: 123]  CSV name: odf-csi-addons-operator.v4.13.0-rhodf (ns: openshift-console-user-settings) 
[36mINFO   [0m[Sep 25 20:57:31.854][autodiscover_operators.go: 123]  CSV name: odf-csi-addons-operator.v4.13.0-rhodf (ns: openshift-console) 
[36mINFO   [0m[Sep 25 20:57:31.854][autodiscover_operators.go: 123]  CSV name: odf-csi-addons-operator.v4.13.0-rhodf (ns: openshift-controller-manager-operator) 
[36mINFO   [0m[Sep 25 20:57:31.854][autodiscover_operators.go: 123]  CSV name: odf-csi-addons-operator.v4.13.0-rhodf (ns: openshift-controller-manager) 
[36mINFO   [0m[Sep 25 20:57:31.854][autodiscover_operators.go: 123]  CSV name: odf-csi-addons-operator.v4.13.0-rhodf (ns: openshift-dns-operator) 
[36mINFO   [0m[Sep 25 20:57:31.854][autodiscover_operators.go: 123]  CSV name: odf-csi-addons-operator.v4.13.0-rhodf (ns: openshift-dns) 
[36mINFO   [0m[Sep 25 20:57:31.855][autodiscover_operators.go: 123]  CSV name: odf-csi-addons-operator.v4.13.0-rhodf (ns: openshift-etcd-operator) 
[36mINFO   [0m[Sep 25 20:57:31.855][autodiscover_operators.go: 123]  CSV name: odf-csi-addons-operator.v4.13.0-rhodf (ns: openshift-etcd) 
[36mINFO   [0m[Sep 25 20:57:31.855][autodiscover_operators.go: 123]  CSV name: odf-csi-addons-operator.v4.13.0-rhodf (ns: openshift-host-network) 
[36mINFO   [0m[Sep 25 20:57:31.855][autodiscover_operators.go: 123]  CSV name: odf-csi-addons-operator.v4.13.0-rhodf (ns: openshift-image-registry) 
[36mINFO   [0m[Sep 25 20:57:31.855][autodiscover_operators.go: 123]  CSV name: odf-csi-addons-operator.v4.13.0-rhodf (ns: openshift-infra) 
[36mINFO   [0m[Sep 25 20:57:31.855][autodiscover_operators.go: 123]  CSV name: odf-csi-addons-operator.v4.13.0-rhodf (ns: openshift-ingress-canary) 
[36mINFO   [0m[Sep 25 20:57:31.855][autodiscover_operators.go: 123]  CSV name: odf-csi-addons-operator.v4.13.0-rhodf (ns: openshift-ingress-operator) 
[36mINFO   [0m[Sep 25 20:57:31.855][autodiscover_operators.go: 123]  CSV name: odf-csi-addons-operator.v4.13.0-rhodf (ns: openshift-ingress) 
[36mINFO   [0m[Sep 25 20:57:31.855][autodiscover_operators.go: 123]  CSV name: odf-csi-addons-operator.v4.13.0-rhodf (ns: openshift-insights) 
[36mINFO   [0m[Sep 25 20:57:31.855][autodiscover_operators.go: 123]  CSV name: odf-csi-addons-operator.v4.13.0-rhodf (ns: openshift-kni-infra) 
[36mINFO   [0m[Sep 25 20:57:31.855][autodiscover_operators.go: 123]  CSV name: odf-csi-addons-operator.v4.13.0-rhodf (ns: openshift-kube-apiserver-operator) 
[36mINFO   [0m[Sep 25 20:57:31.855][autodiscover_operators.go: 123]  CSV name: odf-csi-addons-operator.v4.13.0-rhodf (ns: openshift-kube-apiserver) 
[36mINFO   [0m[Sep 25 20:57:31.855][autodiscover_operators.go: 123]  CSV name: odf-csi-addons-operator.v4.13.0-rhodf (ns: openshift-kube-controller-manager-operator) 
[36mINFO   [0m[Sep 25 20:57:31.855][autodiscover_operators.go: 123]  CSV name: odf-csi-addons-operator.v4.13.0-rhodf (ns: openshift-kube-controller-manager) 
[36mINFO   [0m[Sep 25 20:57:31.855][autodiscover_operators.go: 123]  CSV name: odf-csi-addons-operator.v4.13.0-rhodf (ns: openshift-kube-scheduler-operator) 
[36mINFO   [0m[Sep 25 20:57:31.855][autodiscover_operators.go: 123]  CSV name: odf-csi-addons-operator.v4.13.0-rhodf (ns: openshift-kube-scheduler) 
[36mINFO   [0m[Sep 25 20:57:31.855][autodiscover_operators.go: 123]  CSV name: odf-csi-addons-operator.v4.13.0-rhodf (ns: openshift-kube-storage-version-migrator-operator) 
[36mINFO   [0m[Sep 25 20:57:31.855][autodiscover_operators.go: 123]  CSV name: odf-csi-addons-operator.v4.13.0-rhodf (ns: openshift-kube-storage-version-migrator) 
[36mINFO   [0m[Sep 25 20:57:31.855][autodiscover_operators.go: 123]  CSV name: odf-csi-addons-operator.v4.13.0-rhodf (ns: openshift-machine-api) 
[36mINFO   [0m[Sep 25 20:57:31.856][autodiscover_operators.go: 123]  CSV name: odf-csi-addons-operator.v4.13.0-rhodf (ns: openshift-machine-config-operator) 
[36mINFO   [0m[Sep 25 20:57:31.856][autodiscover_operators.go: 123]  CSV name: odf-csi-addons-operator.v4.13.0-rhodf (ns: openshift-marketplace) 
[36mINFO   [0m[Sep 25 20:57:31.856][autodiscover_operators.go: 123]  CSV name: odf-csi-addons-operator.v4.13.0-rhodf (ns: openshift-monitoring) 
[36mINFO   [0m[Sep 25 20:57:31.856][autodiscover_operators.go: 123]  CSV name: odf-csi-addons-operator.v4.13.0-rhodf (ns: openshift-multus) 
[36mINFO   [0m[Sep 25 20:57:31.856][autodiscover_operators.go: 123]  CSV name: odf-csi-addons-operator.v4.13.0-rhodf (ns: openshift-must-gather-6fjzt) 
[36mINFO   [0m[Sep 25 20:57:31.856][autodiscover_operators.go: 123]  CSV name: odf-csi-addons-operator.v4.13.0-rhodf (ns: openshift-must-gather-npvwx) 
[36mINFO   [0m[Sep 25 20:57:31.856][autodiscover_operators.go: 123]  CSV name: odf-csi-addons-operator.v4.13.0-rhodf (ns: openshift-network-diagnostics) 
[36mINFO   [0m[Sep 25 20:57:31.856][autodiscover_operators.go: 123]  CSV name: odf-csi-addons-operator.v4.13.0-rhodf (ns: openshift-network-operator) 
[36mINFO   [0m[Sep 25 20:57:31.856][autodiscover_operators.go: 123]  CSV name: odf-csi-addons-operator.v4.13.0-rhodf (ns: openshift-node) 
[36mINFO   [0m[Sep 25 20:57:31.856][autodiscover_operators.go: 123]  CSV name: odf-csi-addons-operator.v4.13.0-rhodf (ns: openshift-nutanix-infra) 
[36mINFO   [0m[Sep 25 20:57:31.856][autodiscover_operators.go: 123]  CSV name: odf-csi-addons-operator.v4.13.0-rhodf (ns: openshift-oauth-apiserver) 
[36mINFO   [0m[Sep 25 20:57:31.856][autodiscover_operators.go: 123]  CSV name: odf-csi-addons-operator.v4.13.0-rhodf (ns: openshift-openstack-infra) 
[36mINFO   [0m[Sep 25 20:57:31.856][autodiscover_operators.go: 123]  CSV name: odf-csi-addons-operator.v4.13.0-rhodf (ns: openshift-operator-lifecycle-manager) 
[36mINFO   [0m[Sep 25 20:57:31.856][autodiscover_operators.go: 123]  CSV name: packageserver (ns: openshift-operator-lifecycle-manager) 
[36mINFO   [0m[Sep 25 20:57:31.856][autodiscover_operators.go: 123]  CSV name: odf-csi-addons-operator.v4.13.0-rhodf (ns: openshift-operators) 
[36mINFO   [0m[Sep 25 20:57:31.856][autodiscover_operators.go: 123]  CSV name: odf-csi-addons-operator.v4.13.0-rhodf (ns: openshift-ovirt-infra) 
[36mINFO   [0m[Sep 25 20:57:31.856][autodiscover_operators.go: 123]  CSV name: odf-csi-addons-operator.v4.13.0-rhodf (ns: openshift-ovn-kubernetes) 
[36mINFO   [0m[Sep 25 20:57:31.856][autodiscover_operators.go: 123]  CSV name: odf-csi-addons-operator.v4.13.0-rhodf (ns: openshift-route-controller-manager) 
[36mINFO   [0m[Sep 25 20:57:31.856][autodiscover_operators.go: 123]  CSV name: odf-csi-addons-operator.v4.13.0-rhodf (ns: openshift-service-ca-operator) 
[36mINFO   [0m[Sep 25 20:57:31.856][autodiscover_operators.go: 123]  CSV name: odf-csi-addons-operator.v4.13.0-rhodf (ns: openshift-service-ca) 
[36mINFO   [0m[Sep 25 20:57:31.857][autodiscover_operators.go: 123]  CSV name: odf-csi-addons-operator.v4.13.0-rhodf (ns: openshift-user-workload-monitoring) 
[36mINFO   [0m[Sep 25 20:57:31.857][autodiscover_operators.go: 123]  CSV name: odf-csi-addons-operator.v4.13.0-rhodf (ns: openshift-vsphere-infra) 
[36mINFO   [0m[Sep 25 20:57:31.857][autodiscover_operators.go: 123]  CSV name: odf-csi-addons-operator.v4.13.0-rhodf (ns: openshift) 
[36mINFO   [0m[Sep 25 20:57:31.857][autodiscover_operators.go: 123]  CSV name: odf-csi-addons-operator.v4.13.0-rhodf (ns: pipeline-alerts) 
[36mINFO   [0m[Sep 25 20:57:31.857][autodiscover_operators.go: 123]  CSV name: odf-csi-addons-operator.v4.13.0-rhodf (ns: redhat-ods-applications) 
[36mINFO   [0m[Sep 25 20:57:31.857][autodiscover_operators.go: 123]  CSV name: odf-csi-addons-operator.v4.13.0-rhodf (ns: redhat-ods-monitoring) 
[36mINFO   [0m[Sep 25 20:57:31.857][autodiscover_operators.go: 123]  CSV name: odf-csi-addons-operator.v4.13.0-rhodf (ns: rhods-notebooks) 
[36mINFO   [0m[Sep 25 20:57:31.857][autodiscover_operators.go: 123]  CSV name: odf-csi-addons-operator.v4.13.0-rhodf (ns: tekton-pipelines-resolvers) 
[36mINFO   [0m[Sep 25 20:57:31.857][autodiscover_operators.go: 123]  CSV name: odf-csi-addons-operator.v4.13.0-rhodf (ns: tekton-pipelines) 
[36mINFO   [0m[Sep 25 20:57:31.857][autodiscover_operators.go: 123]  CSV name: fuse-online.v7.11.1-0.1687357787.p (ns: test) 
[36mINFO   [0m[Sep 25 20:57:31.857][autodiscover_operators.go: 123]  CSV name: odf-csi-addons-operator.v4.13.0-rhodf (ns: test) 
[36mINFO   [0m[Sep 25 20:57:31.857][autodiscover_operators.go: 123]  CSV name: odf-csi-addons-operator.v4.13.0-rhodf (ns: ztp-install) 
[36mINFO   [0m[Sep 25 20:57:33.792][autodiscover_operators.go: 91] Found 2 CSVs:                                
[36mINFO   [0m[Sep 25 20:57:33.792][autodiscover_operators.go: 93]  CSV name: fuse-online.v7.11.1-0.1687357787.p (ns: test) 
[36mINFO   [0m[Sep 25 20:57:33.792][autodiscover_operators.go: 93]  CSV name: odf-csi-addons-operator.v4.13.0-rhodf (ns: test) 
[36mINFO   [0m[Sep 25 20:57:33.834][autodiscover_operators.go: 144] Found 2 subscriptions in the target namespaces 
[36mINFO   [0m[Sep 25 20:57:33.834][autodiscover_operators.go: 146]  Subscriptions name: fuse-online-v7-11-1-0-1687357787-p-sub (ns: test) 
[36mINFO   [0m[Sep 25 20:57:33.834][autodiscover_operators.go: 146]  Subscriptions name: odf-csi-addons-operator-v4-13-0-rhodf-sub (ns: test) 
[36mINFO   [0m[Sep 25 20:57:33.950][autodiscover.go: 257] OpenShift Version found: 4.13.4              
[33mWARNING[0m[Sep 25 20:57:34.060][autodiscover_podset.go: 87] Did not find any deployment in the configured namespaces [test] 
[33mWARNING[0m[Sep 25 20:57:34.096][autodiscover_podset.go: 106] Did not find any statefulSet in ns=test      
[33mWARNING[0m[Sep 25 20:57:34.097][autodiscover_podset.go: 120] Did not find any statefulset in the configured namespaces [test] 
[36mINFO   [0m[Sep 25 20:57:34.423][autodiscover_podset.go: 138] Cannot find any deployed HorizontalPodAutoscaler 
[36mINFO   [0m[Sep 25 20:57:34.597][operators.go: 130] Found 3 unique CSVs                          
[36mINFO   [0m[Sep 25 20:57:34.597][operators.go: 132]   CSV: fuse-online.v7.11.1-0.1687357787.p    
[36mINFO   [0m[Sep 25 20:57:34.597][operators.go: 132]   CSV: odf-csi-addons-operator.v4.13.0-rhodf 
[36mINFO   [0m[Sep 25 20:57:34.598][operators.go: 132]   CSV: packageserver                         
[36mINFO   [0m[Sep 25 20:57:34.637][operators.go: 185] Getting installplans for op fuse-online.v7.11.1-0.1687357787.p (subs fuse-online-v7-11-1-0-1687357787-p-sub ns test) 
[36mINFO   [0m[Sep 25 20:57:34.682][operators.go: 185] Getting installplans for op odf-csi-addons-operator.v4.13.0-rhodf (subs odf-csi-addons-operator-v4-13-0-rhodf-sub ns test) 
[33mWARNING[0m[Sep 25 20:57:34.683][operators.go: 183] Subscription not found for CSV: packageserver (ns openshift-operator-lifecycle-manager) 
[36mINFO   [0m[Sep 25 20:57:34.684][operators.go: 185] Getting installplans for op packageserver (subs  ns ) 
[36mINFO   [0m[Sep 25 20:57:34.684][provider.go: 564] Node ip-10-0-138-139.ec2.internal - mc name: rendered-worker-2d2f3b16cfd49fa63f019201ad937fb4 
[36mINFO   [0m[Sep 25 20:57:34.787][provider.go: 564] Node ip-10-0-140-127.ec2.internal - mc name: rendered-master-c13f40c1d9ca7958e3551ada049691f6 
[36mINFO   [0m[Sep 25 20:57:34.862][provider.go: 564] Node ip-10-0-144-53.ec2.internal - mc name: rendered-master-c13f40c1d9ca7958e3551ada049691f6 
[36mINFO   [0m[Sep 25 20:57:34.932][provider.go: 564] Node ip-10-0-146-178.ec2.internal - mc name: rendered-worker-2d2f3b16cfd49fa63f019201ad937fb4 
[36mINFO   [0m[Sep 25 20:57:35.000][provider.go: 564] Node ip-10-0-171-112.ec2.internal - mc name: rendered-worker-2d2f3b16cfd49fa63f019201ad937fb4 
[36mINFO   [0m[Sep 25 20:57:35.067][provider.go: 564] Node ip-10-0-173-119.ec2.internal - mc name: rendered-master-c13f40c1d9ca7958e3551ada049691f6 
[31mERROR  [0m[Sep 25 20:57:35.127][pods.go: 57] Could not decode networks-status annotation, error: could not unmarshal network-status annotation 
[31mERROR  [0m[Sep 25 20:57:35.127][pods.go: 62] Could not decode networks-status annotation, error: could not unmarshal network-status annotation 
[31mERROR  [0m[Sep 25 20:57:35.128][pods.go: 57] Could not decode networks-status annotation, error: could not unmarshal network-status annotation 
[31mERROR  [0m[Sep 25 20:57:35.128][pods.go: 62] Could not decode networks-status annotation, error: could not unmarshal network-status annotation 
[31mERROR  [0m[Sep 25 20:57:35.128][pods.go: 57] Could not decode networks-status annotation, error: could not unmarshal network-status annotation 
[31mERROR  [0m[Sep 25 20:57:35.128][pods.go: 62] Could not decode networks-status annotation, error: could not unmarshal network-status annotation 
[31mERROR  [0m[Sep 25 20:57:35.130][pods.go: 57] Could not decode networks-status annotation, error: could not unmarshal network-status annotation 
[31mERROR  [0m[Sep 25 20:57:35.130][pods.go: 62] Could not decode networks-status annotation, error: could not unmarshal network-status annotation 
[31mERROR  [0m[Sep 25 20:57:35.130][pods.go: 57] Could not decode networks-status annotation, error: could not unmarshal network-status annotation 
[31mERROR  [0m[Sep 25 20:57:35.130][pods.go: 62] Could not decode networks-status annotation, error: could not unmarshal network-status annotation 
[31mERROR  [0m[Sep 25 20:57:35.131][pods.go: 57] Could not decode networks-status annotation, error: could not unmarshal network-status annotation 
[31mERROR  [0m[Sep 25 20:57:35.131][pods.go: 62] Could not decode networks-status annotation, error: could not unmarshal network-status annotation 
[33mWARNING[0m[Sep 25 20:57:35.134][provider.go: 341] container: extract pod: 2f4b9d9982c8b335a892177c0a532db7b518f642fce9d67424764ae21fdvf6w ns: test is not ready yet. 
[33mWARNING[0m[Sep 25 20:57:35.134][provider.go: 357] container: extract pod: 2f4b9d9982c8b335a892177c0a532db7b518f642fce9d67424764ae21fdvf6w ns: test is not running (reason: terminated - Completed, restarts 0): some test cases might fail. 
[33mWARNING[0m[Sep 25 20:57:35.135][provider.go: 341] container: extract pod: 6500436e8d456436471ba355e123839691b6467ef32112389c01e846adrxmtr ns: test is not ready yet. 
[33mWARNING[0m[Sep 25 20:57:35.135][provider.go: 357] container: extract pod: 6500436e8d456436471ba355e123839691b6467ef32112389c01e846adrxmtr ns: test is not running (reason: terminated - Completed, restarts 0): some test cases might fail. 
[33mWARNING[0m[Sep 25 20:57:35.135][provider.go: 341] container: extract pod: a81658fffde1bf12555c5eb1c2e062447b7e9c8e0e4985c41ba25de6556kwdc ns: test is not ready yet. 
[33mWARNING[0m[Sep 25 20:57:35.135][provider.go: 357] container: extract pod: a81658fffde1bf12555c5eb1c2e062447b7e9c8e0e4985c41ba25de6556kwdc ns: test is not running (reason: terminated - Completed, restarts 0): some test cases might fail. 
[33mWARNING[0m[Sep 25 20:57:35.135][provider.go: 341] container: extract pod: b9f647540b1a1ce37709d746d3fe527552ab46b01468837f86475721e7jqh5v ns: test is not ready yet. 
[33mWARNING[0m[Sep 25 20:57:35.135][provider.go: 357] container: extract pod: b9f647540b1a1ce37709d746d3fe527552ab46b01468837f86475721e7jqh5v ns: test is not running (reason: terminated - Completed, restarts 0): some test cases might fail. 
[31mERROR  [0m[Sep 25 20:57:35.136][pods.go: 57] Could not decode networks-status annotation, error: could not unmarshal network-status annotation 
[31mERROR  [0m[Sep 25 20:57:35.136][pods.go: 62] Could not decode networks-status annotation, error: could not unmarshal network-status annotation 
[31mERROR  [0m[Sep 25 20:57:35.136][pods.go: 57] Could not decode networks-status annotation, error: could not unmarshal network-status annotation 
[31mERROR  [0m[Sep 25 20:57:35.136][pods.go: 62] Could not decode networks-status annotation, error: could not unmarshal network-status annotation 
[31mERROR  [0m[Sep 25 20:57:35.136][pods.go: 57] Could not decode networks-status annotation, error: could not unmarshal network-status annotation 
[31mERROR  [0m[Sep 25 20:57:35.136][pods.go: 62] Could not decode networks-status annotation, error: could not unmarshal network-status annotation 
[31mERROR  [0m[Sep 25 20:57:35.137][pods.go: 57] Could not decode networks-status annotation, error: could not unmarshal network-status annotation 
[31mERROR  [0m[Sep 25 20:57:35.137][pods.go: 62] Could not decode networks-status annotation, error: could not unmarshal network-status annotation 
[31mERROR  [0m[Sep 25 20:57:35.137][pods.go: 57] Could not decode networks-status annotation, error: could not unmarshal network-status annotation 
[31mERROR  [0m[Sep 25 20:57:35.137][pods.go: 62] Could not decode networks-status annotation, error: could not unmarshal network-status annotation 
[31mERROR  [0m[Sep 25 20:57:35.138][pods.go: 57] Could not decode networks-status annotation, error: could not unmarshal network-status annotation 
[31mERROR  [0m[Sep 25 20:57:35.138][pods.go: 62] Could not decode networks-status annotation, error: could not unmarshal network-status annotation 
[33mWARNING[0m[Sep 25 20:57:35.139][provider.go: 341] container: extract pod: d43224ecf8a90e2689f1b48690ce45a9c382a5ed2d2ce8b0d2fbba172a8xrtm ns: test is not ready yet. 
[33mWARNING[0m[Sep 25 20:57:35.139][provider.go: 357] container: extract pod: d43224ecf8a90e2689f1b48690ce45a9c382a5ed2d2ce8b0d2fbba172a8xrtm ns: test is not running (reason: terminated - Completed, restarts 0): some test cases might fail. 
[33mWARNING[0m[Sep 25 20:57:35.139][provider.go: 341] container: extract pod: d4fe36668cbff5bf360eabb230ae7caeb430b86f4a6636c74f4314f7c0grbkk ns: test is not ready yet. 
[33mWARNING[0m[Sep 25 20:57:35.139][provider.go: 357] container: extract pod: d4fe36668cbff5bf360eabb230ae7caeb430b86f4a6636c74f4314f7c0grbkk ns: test is not running (reason: terminated - Completed, restarts 0): some test cases might fail. 
[36mINFO   [0m[Sep 25 20:57:35.140][operators.go: 130] Found 2 unique CSVs                          
[36mINFO   [0m[Sep 25 20:57:35.140][operators.go: 132]   CSV: fuse-online.v7.11.1-0.1687357787.p    
[36mINFO   [0m[Sep 25 20:57:35.140][operators.go: 132]   CSV: odf-csi-addons-operator.v4.13.0-rhodf 
[36mINFO   [0m[Sep 25 20:57:35.177][operators.go: 185] Getting installplans for op fuse-online.v7.11.1-0.1687357787.p (subs fuse-online-v7-11-1-0-1687357787-p-sub ns test) 
[36mINFO   [0m[Sep 25 20:57:35.214][operators.go: 185] Getting installplans for op odf-csi-addons-operator.v4.13.0-rhodf (subs odf-csi-addons-operator-v4-13-0-rhodf-sub ns test) 
[36mINFO   [0m[Sep 25 20:57:35.214][provider.go: 290] Operators found: 2                           
[36mINFO   [0m[Sep 25 20:57:35.214][provider.go: 302] Completed the test environment build process in 4.59 seconds 
[33mWARNING[0m[Sep 25 20:57:35.225][suite.go: 50] LabelFilter is set but 'preflight' tests are not targeted. Skipping the preflight tests. 
Running Suite: CNF Certification Test Suite - /usr/tnf/cnf-certification-test
=============================================================================
Random Seed: [1m1695675434[0m

Will run [1m82[0m of [1m87[0m specs
[38;5;243m------------------------------[0m
[0moperator [0m[1moperator-install-status-succeeded[0m [38;5;204m[common, operator-install-status-succeeded, operator][0m
[38;5;243m/usr/tnf/tnf-src/cnf-certification-test/operator/suite.go:44[0m
[31mFATAL  [0m[Sep 25 21:02:36.182][phasecheck.go: 50] Timeout waiting for operator csv: fuse-online.v7.11.1-0.1687357787.p ns: test to be ready 
