time="2023-09-25T07:54:44Z" level=info msg="Saving environment variables & parameters."
time="2023-09-25T07:54:44Z" level=info msg="Environment: {Home:/root Kubeconfig:/usr/tnf/kubeconfig/config ConfigurationPath:/usr/tnf/config/tnf_config.yml NonIntrusiveOnly:false LogLevel:info OfflineDB:/usr/offline-db AllowPreflightInsecure:false PfltDockerconfig:/usr/tnf/dockercfg/config.json IncludeWebFilesInOutputFolder:false OmitArtifactsZipFile:false}"
=== RUN   TestTest
[36mINFO   [0m[Sep 25 07:54:44.862][suite_test.go: 98] Log level set to: info                       
[36mINFO   [0m[Sep 25 07:54:44.864][suite_test.go: 140] TNF Version         : v4.3.4 ( 2037b43c9bccf6b00fe91797adfabcbeeeb5efdc ) 
[36mINFO   [0m[Sep 25 07:54:44.864][suite_test.go: 141] Claim Format Version: v0.1.0                 
[36mINFO   [0m[Sep 25 07:54:44.864][suite_test.go: 142] Ginkgo Version      : 2.11.0                 
[36mINFO   [0m[Sep 25 07:54:44.864][suite_test.go: 143] Labels filter       : operator, access-control, networking, affiliated-certification, lifecycle, manageability, networking, observability, platform-alteration 
[36mINFO   [0m[Sep 25 07:54:44.864][clientsholder.go: 169] Creating k8s go-clients holder.              
[36mINFO   [0m[Sep 25 07:54:45.335][utils.go: 51] Loading config from file: /usr/tnf/config/tnf_config.yml 
[33mWARNING[0m[Sep 25 07:54:45.344][utils.go: 64] No namespace configured for the debug DaemonSet. Defaulting to namespace cnf-suite 
[33mWARNING[0m[Sep 25 07:54:45.428][autodiscover.go: 110] DEPRECATED: targetPodLabels config field is about to be obsolete. Please use the new "podsUnderTestLabels" field instead. 
[33mWARNING[0m[Sep 25 07:54:45.428][autodiscover.go: 113] DEPRECATED: deprecated default operator label in use ( test-network-function.com/operator: ) is about to be obsolete. Please use the new "operatorsUnderTestLabels" field to specify operators labels instead. 
[36mINFO   [0m[Sep 25 07:54:45.428][autodiscover.go: 143] parsed pods under test labels: [{LabelKey:test-network-function.com/generic LabelValue:target}] 
[36mINFO   [0m[Sep 25 07:54:45.428][autodiscover.go: 144] parsed operators under test labels: [{LabelKey:test-network-function.com/operator LabelValue:}] 
[36mINFO   [0m[Sep 25 07:54:45.549][autodiscover_operators.go: 144] Found 3 subscriptions in the target namespaces 
[36mINFO   [0m[Sep 25 07:54:45.549][autodiscover_operators.go: 146]  Subscriptions name: gpu-operator-certified-v23-3-2-sub (ns: test) 
[36mINFO   [0m[Sep 25 07:54:45.549][autodiscover_operators.go: 146]  Subscriptions name: ibm-metrics-operator-v2-11-1-sub (ns: test) 
[36mINFO   [0m[Sep 25 07:54:45.549][autodiscover_operators.go: 146]  Subscriptions name: openshift-pipelines-operator-rh-latest-redhat-operators-openshift-marketplace (ns: test) 
[36mINFO   [0m[Sep 25 07:54:45.632][autodiscover_operators.go: 121] Found 4 CSVs:                                
[36mINFO   [0m[Sep 25 07:54:45.632][autodiscover_operators.go: 123]  CSV name: packageserver (ns: openshift-operator-lifecycle-manager) 
[36mINFO   [0m[Sep 25 07:54:45.632][autodiscover_operators.go: 123]  CSV name: gpu-operator-certified.v23.3.2 (ns: test) 
[36mINFO   [0m[Sep 25 07:54:45.632][autodiscover_operators.go: 123]  CSV name: ibm-metrics-operator.v2.11.1 (ns: test) 
[36mINFO   [0m[Sep 25 07:54:45.632][autodiscover_operators.go: 123]  CSV name: openshift-pipelines-operator-rh.v1.11.1 (ns: test) 
[36mINFO   [0m[Sep 25 07:54:48.016][autodiscover_operators.go: 91] Found 3 CSVs:                                
[36mINFO   [0m[Sep 25 07:54:48.016][autodiscover_operators.go: 93]  CSV name: gpu-operator-certified.v23.3.2 (ns: test) 
[36mINFO   [0m[Sep 25 07:54:48.017][autodiscover_operators.go: 93]  CSV name: ibm-metrics-operator.v2.11.1 (ns: test) 
[36mINFO   [0m[Sep 25 07:54:48.017][autodiscover_operators.go: 93]  CSV name: openshift-pipelines-operator-rh.v1.11.1 (ns: test) 
[36mINFO   [0m[Sep 25 07:54:48.061][autodiscover_operators.go: 144] Found 3 subscriptions in the target namespaces 
[36mINFO   [0m[Sep 25 07:54:48.061][autodiscover_operators.go: 146]  Subscriptions name: gpu-operator-certified-v23-3-2-sub (ns: test) 
[36mINFO   [0m[Sep 25 07:54:48.061][autodiscover_operators.go: 146]  Subscriptions name: ibm-metrics-operator-v2-11-1-sub (ns: test) 
[36mINFO   [0m[Sep 25 07:54:48.061][autodiscover_operators.go: 146]  Subscriptions name: openshift-pipelines-operator-rh-latest-redhat-operators-openshift-marketplace (ns: test) 
[36mINFO   [0m[Sep 25 07:54:48.193][autodiscover.go: 257] OpenShift Version found: 4.13.4              
[33mWARNING[0m[Sep 25 07:54:48.342][autodiscover_podset.go: 87] Did not find any deployment in the configured namespaces [test] 
[33mWARNING[0m[Sep 25 07:54:48.383][autodiscover_podset.go: 106] Did not find any statefulSet in ns=test      
[33mWARNING[0m[Sep 25 07:54:48.383][autodiscover_podset.go: 120] Did not find any statefulset in the configured namespaces [test] 
[36mINFO   [0m[Sep 25 07:54:48.713][autodiscover_podset.go: 138] Cannot find any deployed HorizontalPodAutoscaler 
[36mINFO   [0m[Sep 25 07:54:48.893][operators.go: 130] Found 4 unique CSVs                          
[36mINFO   [0m[Sep 25 07:54:48.893][operators.go: 132]   CSV: packageserver                         
[36mINFO   [0m[Sep 25 07:54:48.893][operators.go: 132]   CSV: gpu-operator-certified.v23.3.2        
[36mINFO   [0m[Sep 25 07:54:48.893][operators.go: 132]   CSV: ibm-metrics-operator.v2.11.1          
[36mINFO   [0m[Sep 25 07:54:48.893][operators.go: 132]   CSV: openshift-pipelines-operator-rh.v1.11.1 
[36mINFO   [0m[Sep 25 07:54:48.926][operators.go: 185] Getting installplans for op gpu-operator-certified.v23.3.2 (subs gpu-operator-certified-v23-3-2-sub ns test) 
[36mINFO   [0m[Sep 25 07:54:48.968][operators.go: 185] Getting installplans for op ibm-metrics-operator.v2.11.1 (subs ibm-metrics-operator-v2-11-1-sub ns test) 
[36mINFO   [0m[Sep 25 07:54:49.004][operators.go: 185] Getting installplans for op openshift-pipelines-operator-rh.v1.11.1 (subs openshift-pipelines-operator-rh-latest-redhat-operators-openshift-marketplace ns test) 
[33mWARNING[0m[Sep 25 07:54:49.006][operators.go: 183] Subscription not found for CSV: packageserver (ns openshift-operator-lifecycle-manager) 
[36mINFO   [0m[Sep 25 07:54:49.006][operators.go: 185] Getting installplans for op packageserver (subs  ns ) 
[36mINFO   [0m[Sep 25 07:54:49.008][provider.go: 564] Node ip-10-0-138-139.ec2.internal - mc name: rendered-worker-2d2f3b16cfd49fa63f019201ad937fb4 
[36mINFO   [0m[Sep 25 07:54:49.111][provider.go: 564] Node ip-10-0-140-127.ec2.internal - mc name: rendered-master-c13f40c1d9ca7958e3551ada049691f6 
[36mINFO   [0m[Sep 25 07:54:49.183][provider.go: 564] Node ip-10-0-144-53.ec2.internal - mc name: rendered-master-c13f40c1d9ca7958e3551ada049691f6 
[36mINFO   [0m[Sep 25 07:54:49.248][provider.go: 564] Node ip-10-0-146-178.ec2.internal - mc name: rendered-worker-2d2f3b16cfd49fa63f019201ad937fb4 
[36mINFO   [0m[Sep 25 07:54:49.320][provider.go: 564] Node ip-10-0-171-112.ec2.internal - mc name: rendered-worker-2d2f3b16cfd49fa63f019201ad937fb4 
[36mINFO   [0m[Sep 25 07:54:49.388][provider.go: 564] Node ip-10-0-173-119.ec2.internal - mc name: rendered-master-c13f40c1d9ca7958e3551ada049691f6 
[31mERROR  [0m[Sep 25 07:54:49.455][pods.go: 57] Could not decode networks-status annotation, error: could not unmarshal network-status annotation 
[31mERROR  [0m[Sep 25 07:54:49.455][pods.go: 62] Could not decode networks-status annotation, error: could not unmarshal network-status annotation 
[31mERROR  [0m[Sep 25 07:54:49.455][pods.go: 57] Could not decode networks-status annotation, error: could not unmarshal network-status annotation 
[31mERROR  [0m[Sep 25 07:54:49.455][pods.go: 62] Could not decode networks-status annotation, error: could not unmarshal network-status annotation 
[31mERROR  [0m[Sep 25 07:54:49.456][pods.go: 57] Could not decode networks-status annotation, error: could not unmarshal network-status annotation 
[31mERROR  [0m[Sep 25 07:54:49.456][pods.go: 62] Could not decode networks-status annotation, error: could not unmarshal network-status annotation 
[31mERROR  [0m[Sep 25 07:54:49.458][pods.go: 57] Could not decode networks-status annotation, error: could not unmarshal network-status annotation 
[31mERROR  [0m[Sep 25 07:54:49.458][pods.go: 62] Could not decode networks-status annotation, error: could not unmarshal network-status annotation 
[31mERROR  [0m[Sep 25 07:54:49.458][pods.go: 57] Could not decode networks-status annotation, error: could not unmarshal network-status annotation 
[31mERROR  [0m[Sep 25 07:54:49.458][pods.go: 62] Could not decode networks-status annotation, error: could not unmarshal network-status annotation 
[31mERROR  [0m[Sep 25 07:54:49.459][pods.go: 57] Could not decode networks-status annotation, error: could not unmarshal network-status annotation 
[31mERROR  [0m[Sep 25 07:54:49.459][pods.go: 62] Could not decode networks-status annotation, error: could not unmarshal network-status annotation 
[33mWARNING[0m[Sep 25 07:54:49.463][provider.go: 341] container: extract pod: 2f4b9d9982c8b335a892177c0a532db7b518f642fce9d67424764ae21fdvf6w ns: test is not ready yet. 
[33mWARNING[0m[Sep 25 07:54:49.463][provider.go: 357] container: extract pod: 2f4b9d9982c8b335a892177c0a532db7b518f642fce9d67424764ae21fdvf6w ns: test is not running (reason: terminated - Completed, restarts 0): some test cases might fail. 
[33mWARNING[0m[Sep 25 07:54:49.463][provider.go: 341] container: extract pod: b9f647540b1a1ce37709d746d3fe527552ab46b01468837f86475721e7jqh5v ns: test is not ready yet. 
[33mWARNING[0m[Sep 25 07:54:49.464][provider.go: 357] container: extract pod: b9f647540b1a1ce37709d746d3fe527552ab46b01468837f86475721e7jqh5v ns: test is not running (reason: terminated - Completed, restarts 0): some test cases might fail. 
[31mERROR  [0m[Sep 25 07:54:49.464][pods.go: 57] Could not decode networks-status annotation, error: could not unmarshal network-status annotation 
[31mERROR  [0m[Sep 25 07:54:49.464][pods.go: 62] Could not decode networks-status annotation, error: could not unmarshal network-status annotation 
[31mERROR  [0m[Sep 25 07:54:49.464][pods.go: 57] Could not decode networks-status annotation, error: could not unmarshal network-status annotation 
[31mERROR  [0m[Sep 25 07:54:49.464][pods.go: 62] Could not decode networks-status annotation, error: could not unmarshal network-status annotation 
[31mERROR  [0m[Sep 25 07:54:49.464][pods.go: 57] Could not decode networks-status annotation, error: could not unmarshal network-status annotation 
[31mERROR  [0m[Sep 25 07:54:49.464][pods.go: 62] Could not decode networks-status annotation, error: could not unmarshal network-status annotation 
[31mERROR  [0m[Sep 25 07:54:49.465][pods.go: 57] Could not decode networks-status annotation, error: could not unmarshal network-status annotation 
[31mERROR  [0m[Sep 25 07:54:49.465][pods.go: 62] Could not decode networks-status annotation, error: could not unmarshal network-status annotation 
[31mERROR  [0m[Sep 25 07:54:49.466][pods.go: 57] Could not decode networks-status annotation, error: could not unmarshal network-status annotation 
[31mERROR  [0m[Sep 25 07:54:49.466][pods.go: 62] Could not decode networks-status annotation, error: could not unmarshal network-status annotation 
[31mERROR  [0m[Sep 25 07:54:49.466][pods.go: 57] Could not decode networks-status annotation, error: could not unmarshal network-status annotation 
[31mERROR  [0m[Sep 25 07:54:49.466][pods.go: 62] Could not decode networks-status annotation, error: could not unmarshal network-status annotation 
[33mWARNING[0m[Sep 25 07:54:49.467][provider.go: 341] container: extract pod: d43224ecf8a90e2689f1b48690ce45a9c382a5ed2d2ce8b0d2fbba172a8xrtm ns: test is not ready yet. 
[33mWARNING[0m[Sep 25 07:54:49.467][provider.go: 357] container: extract pod: d43224ecf8a90e2689f1b48690ce45a9c382a5ed2d2ce8b0d2fbba172a8xrtm ns: test is not running (reason: terminated - Completed, restarts 0): some test cases might fail. 
[33mWARNING[0m[Sep 25 07:54:49.467][provider.go: 341] container: extract pod: d4fe36668cbff5bf360eabb230ae7caeb430b86f4a6636c74f4314f7c0grbkk ns: test is not ready yet. 
[33mWARNING[0m[Sep 25 07:54:49.468][provider.go: 357] container: extract pod: d4fe36668cbff5bf360eabb230ae7caeb430b86f4a6636c74f4314f7c0grbkk ns: test is not running (reason: terminated - Completed, restarts 0): some test cases might fail. 
[33mWARNING[0m[Sep 25 07:54:49.468][provider.go: 341] container: extract pod: de7b209571b1ff7bf5bf3a4c4f911c6962a3691390b92bfd2b249cac80hp65k ns: test is not ready yet. 
[33mWARNING[0m[Sep 25 07:54:49.468][provider.go: 357] container: extract pod: de7b209571b1ff7bf5bf3a4c4f911c6962a3691390b92bfd2b249cac80hp65k ns: test is not running (reason: terminated - Completed, restarts 0): some test cases might fail. 
[36mINFO   [0m[Sep 25 07:54:49.469][operators.go: 130] Found 3 unique CSVs                          
[36mINFO   [0m[Sep 25 07:54:49.469][operators.go: 132]   CSV: openshift-pipelines-operator-rh.v1.11.1 
[36mINFO   [0m[Sep 25 07:54:49.469][operators.go: 132]   CSV: gpu-operator-certified.v23.3.2        
[36mINFO   [0m[Sep 25 07:54:49.469][operators.go: 132]   CSV: ibm-metrics-operator.v2.11.1          
[36mINFO   [0m[Sep 25 07:54:49.512][operators.go: 185] Getting installplans for op gpu-operator-certified.v23.3.2 (subs gpu-operator-certified-v23-3-2-sub ns test) 
[36mINFO   [0m[Sep 25 07:54:49.551][operators.go: 185] Getting installplans for op ibm-metrics-operator.v2.11.1 (subs ibm-metrics-operator-v2-11-1-sub ns test) 
[36mINFO   [0m[Sep 25 07:54:49.583][operators.go: 185] Getting installplans for op openshift-pipelines-operator-rh.v1.11.1 (subs openshift-pipelines-operator-rh-latest-redhat-operators-openshift-marketplace ns test) 
[36mINFO   [0m[Sep 25 07:54:49.583][provider.go: 290] Operators found: 3                           
[36mINFO   [0m[Sep 25 07:54:49.584][provider.go: 302] Completed the test environment build process in 4.25 seconds 
[33mWARNING[0m[Sep 25 07:55:02.014][autodiscover.go: 110] DEPRECATED: targetPodLabels config field is about to be obsolete. Please use the new "podsUnderTestLabels" field instead. 
[33mWARNING[0m[Sep 25 07:55:02.015][autodiscover.go: 113] DEPRECATED: deprecated default operator label in use ( test-network-function.com/operator: ) is about to be obsolete. Please use the new "operatorsUnderTestLabels" field to specify operators labels instead. 
[36mINFO   [0m[Sep 25 07:55:02.015][autodiscover.go: 143] parsed pods under test labels: [{LabelKey:test-network-function.com/generic LabelValue:target}] 
[36mINFO   [0m[Sep 25 07:55:02.015][autodiscover.go: 144] parsed operators under test labels: [{LabelKey:test-network-function.com/operator LabelValue:}] 
[36mINFO   [0m[Sep 25 07:55:02.161][autodiscover_operators.go: 144] Found 3 subscriptions in the target namespaces 
[36mINFO   [0m[Sep 25 07:55:02.162][autodiscover_operators.go: 146]  Subscriptions name: gpu-operator-certified-v23-3-2-sub (ns: test) 
[36mINFO   [0m[Sep 25 07:55:02.162][autodiscover_operators.go: 146]  Subscriptions name: ibm-metrics-operator-v2-11-1-sub (ns: test) 
[36mINFO   [0m[Sep 25 07:55:02.162][autodiscover_operators.go: 146]  Subscriptions name: openshift-pipelines-operator-rh-latest-redhat-operators-openshift-marketplace (ns: test) 
[36mINFO   [0m[Sep 25 07:55:02.270][autodiscover_operators.go: 121] Found 4 CSVs:                                
[36mINFO   [0m[Sep 25 07:55:02.270][autodiscover_operators.go: 123]  CSV name: packageserver (ns: openshift-operator-lifecycle-manager) 
[36mINFO   [0m[Sep 25 07:55:02.270][autodiscover_operators.go: 123]  CSV name: gpu-operator-certified.v23.3.2 (ns: test) 
[36mINFO   [0m[Sep 25 07:55:02.271][autodiscover_operators.go: 123]  CSV name: ibm-metrics-operator.v2.11.1 (ns: test) 
[36mINFO   [0m[Sep 25 07:55:02.271][autodiscover_operators.go: 123]  CSV name: openshift-pipelines-operator-rh.v1.11.1 (ns: test) 
[36mINFO   [0m[Sep 25 07:55:04.906][autodiscover_operators.go: 91] Found 3 CSVs:                                
[36mINFO   [0m[Sep 25 07:55:04.906][autodiscover_operators.go: 93]  CSV name: gpu-operator-certified.v23.3.2 (ns: test) 
[36mINFO   [0m[Sep 25 07:55:04.906][autodiscover_operators.go: 93]  CSV name: ibm-metrics-operator.v2.11.1 (ns: test) 
[36mINFO   [0m[Sep 25 07:55:04.906][autodiscover_operators.go: 93]  CSV name: openshift-pipelines-operator-rh.v1.11.1 (ns: test) 
[36mINFO   [0m[Sep 25 07:55:04.949][autodiscover_operators.go: 144] Found 3 subscriptions in the target namespaces 
[36mINFO   [0m[Sep 25 07:55:04.949][autodiscover_operators.go: 146]  Subscriptions name: gpu-operator-certified-v23-3-2-sub (ns: test) 
[36mINFO   [0m[Sep 25 07:55:04.949][autodiscover_operators.go: 146]  Subscriptions name: ibm-metrics-operator-v2-11-1-sub (ns: test) 
[36mINFO   [0m[Sep 25 07:55:04.949][autodiscover_operators.go: 146]  Subscriptions name: openshift-pipelines-operator-rh-latest-redhat-operators-openshift-marketplace (ns: test) 
[36mINFO   [0m[Sep 25 07:55:05.075][autodiscover.go: 257] OpenShift Version found: 4.13.4              
[33mWARNING[0m[Sep 25 07:55:05.220][autodiscover_podset.go: 87] Did not find any deployment in the configured namespaces [test] 
[33mWARNING[0m[Sep 25 07:55:05.256][autodiscover_podset.go: 106] Did not find any statefulSet in ns=test      
[33mWARNING[0m[Sep 25 07:55:05.257][autodiscover_podset.go: 120] Did not find any statefulset in the configured namespaces [test] 
[36mINFO   [0m[Sep 25 07:55:05.600][autodiscover_podset.go: 138] Cannot find any deployed HorizontalPodAutoscaler 
[36mINFO   [0m[Sep 25 07:55:05.780][operators.go: 130] Found 4 unique CSVs                          
[36mINFO   [0m[Sep 25 07:55:05.780][operators.go: 132]   CSV: gpu-operator-certified.v23.3.2        
[36mINFO   [0m[Sep 25 07:55:05.780][operators.go: 132]   CSV: ibm-metrics-operator.v2.11.1          
[36mINFO   [0m[Sep 25 07:55:05.780][operators.go: 132]   CSV: openshift-pipelines-operator-rh.v1.11.1 
[36mINFO   [0m[Sep 25 07:55:05.780][operators.go: 132]   CSV: packageserver                         
[36mINFO   [0m[Sep 25 07:55:05.818][operators.go: 185] Getting installplans for op gpu-operator-certified.v23.3.2 (subs gpu-operator-certified-v23-3-2-sub ns test) 
[36mINFO   [0m[Sep 25 07:55:05.861][operators.go: 185] Getting installplans for op ibm-metrics-operator.v2.11.1 (subs ibm-metrics-operator-v2-11-1-sub ns test) 
[36mINFO   [0m[Sep 25 07:55:05.905][operators.go: 185] Getting installplans for op openshift-pipelines-operator-rh.v1.11.1 (subs openshift-pipelines-operator-rh-latest-redhat-operators-openshift-marketplace ns test) 
[33mWARNING[0m[Sep 25 07:55:05.906][operators.go: 183] Subscription not found for CSV: packageserver (ns openshift-operator-lifecycle-manager) 
[36mINFO   [0m[Sep 25 07:55:05.906][operators.go: 185] Getting installplans for op packageserver (subs  ns ) 
[36mINFO   [0m[Sep 25 07:55:05.907][provider.go: 564] Node ip-10-0-138-139.ec2.internal - mc name: rendered-worker-2d2f3b16cfd49fa63f019201ad937fb4 
[36mINFO   [0m[Sep 25 07:55:06.016][provider.go: 564] Node ip-10-0-140-127.ec2.internal - mc name: rendered-master-c13f40c1d9ca7958e3551ada049691f6 
[36mINFO   [0m[Sep 25 07:55:06.093][provider.go: 564] Node ip-10-0-144-53.ec2.internal - mc name: rendered-master-c13f40c1d9ca7958e3551ada049691f6 
[36mINFO   [0m[Sep 25 07:55:06.162][provider.go: 564] Node ip-10-0-146-178.ec2.internal - mc name: rendered-worker-2d2f3b16cfd49fa63f019201ad937fb4 
[36mINFO   [0m[Sep 25 07:55:06.230][provider.go: 564] Node ip-10-0-171-112.ec2.internal - mc name: rendered-worker-2d2f3b16cfd49fa63f019201ad937fb4 
[36mINFO   [0m[Sep 25 07:55:06.299][provider.go: 564] Node ip-10-0-173-119.ec2.internal - mc name: rendered-master-c13f40c1d9ca7958e3551ada049691f6 
[31mERROR  [0m[Sep 25 07:55:06.366][pods.go: 57] Could not decode networks-status annotation, error: could not unmarshal network-status annotation 
[31mERROR  [0m[Sep 25 07:55:06.366][pods.go: 62] Could not decode networks-status annotation, error: could not unmarshal network-status annotation 
[31mERROR  [0m[Sep 25 07:55:06.366][pods.go: 57] Could not decode networks-status annotation, error: could not unmarshal network-status annotation 
[31mERROR  [0m[Sep 25 07:55:06.366][pods.go: 62] Could not decode networks-status annotation, error: could not unmarshal network-status annotation 
[31mERROR  [0m[Sep 25 07:55:06.367][pods.go: 57] Could not decode networks-status annotation, error: could not unmarshal network-status annotation 
[31mERROR  [0m[Sep 25 07:55:06.367][pods.go: 62] Could not decode networks-status annotation, error: could not unmarshal network-status annotation 
[31mERROR  [0m[Sep 25 07:55:06.368][pods.go: 57] Could not decode networks-status annotation, error: could not unmarshal network-status annotation 
[31mERROR  [0m[Sep 25 07:55:06.368][pods.go: 62] Could not decode networks-status annotation, error: could not unmarshal network-status annotation 
[31mERROR  [0m[Sep 25 07:55:06.369][pods.go: 57] Could not decode networks-status annotation, error: could not unmarshal network-status annotation 
[31mERROR  [0m[Sep 25 07:55:06.369][pods.go: 62] Could not decode networks-status annotation, error: could not unmarshal network-status annotation 
[31mERROR  [0m[Sep 25 07:55:06.369][pods.go: 57] Could not decode networks-status annotation, error: could not unmarshal network-status annotation 
[31mERROR  [0m[Sep 25 07:55:06.369][pods.go: 62] Could not decode networks-status annotation, error: could not unmarshal network-status annotation 
[33mWARNING[0m[Sep 25 07:55:06.373][provider.go: 341] container: extract pod: 2f4b9d9982c8b335a892177c0a532db7b518f642fce9d67424764ae21fdvf6w ns: test is not ready yet. 
[33mWARNING[0m[Sep 25 07:55:06.373][provider.go: 357] container: extract pod: 2f4b9d9982c8b335a892177c0a532db7b518f642fce9d67424764ae21fdvf6w ns: test is not running (reason: terminated - Completed, restarts 0): some test cases might fail. 
[33mWARNING[0m[Sep 25 07:55:06.374][provider.go: 341] container: extract pod: b9f647540b1a1ce37709d746d3fe527552ab46b01468837f86475721e7jqh5v ns: test is not ready yet. 
[33mWARNING[0m[Sep 25 07:55:06.374][provider.go: 357] container: extract pod: b9f647540b1a1ce37709d746d3fe527552ab46b01468837f86475721e7jqh5v ns: test is not running (reason: terminated - Completed, restarts 0): some test cases might fail. 
[31mERROR  [0m[Sep 25 07:55:06.374][pods.go: 57] Could not decode networks-status annotation, error: could not unmarshal network-status annotation 
[31mERROR  [0m[Sep 25 07:55:06.374][pods.go: 62] Could not decode networks-status annotation, error: could not unmarshal network-status annotation 
[31mERROR  [0m[Sep 25 07:55:06.374][pods.go: 57] Could not decode networks-status annotation, error: could not unmarshal network-status annotation 
[31mERROR  [0m[Sep 25 07:55:06.374][pods.go: 62] Could not decode networks-status annotation, error: could not unmarshal network-status annotation 
[31mERROR  [0m[Sep 25 07:55:06.374][pods.go: 57] Could not decode networks-status annotation, error: could not unmarshal network-status annotation 
[31mERROR  [0m[Sep 25 07:55:06.374][pods.go: 62] Could not decode networks-status annotation, error: could not unmarshal network-status annotation 
[31mERROR  [0m[Sep 25 07:55:06.375][pods.go: 57] Could not decode networks-status annotation, error: could not unmarshal network-status annotation 
[31mERROR  [0m[Sep 25 07:55:06.375][pods.go: 62] Could not decode networks-status annotation, error: could not unmarshal network-status annotation 
[31mERROR  [0m[Sep 25 07:55:06.375][pods.go: 57] Could not decode networks-status annotation, error: could not unmarshal network-status annotation 
[31mERROR  [0m[Sep 25 07:55:06.375][pods.go: 62] Could not decode networks-status annotation, error: could not unmarshal network-status annotation 
[31mERROR  [0m[Sep 25 07:55:06.376][pods.go: 57] Could not decode networks-status annotation, error: could not unmarshal network-status annotation 
[31mERROR  [0m[Sep 25 07:55:06.376][pods.go: 62] Could not decode networks-status annotation, error: could not unmarshal network-status annotation 
[33mWARNING[0m[Sep 25 07:55:06.377][provider.go: 341] container: extract pod: d43224ecf8a90e2689f1b48690ce45a9c382a5ed2d2ce8b0d2fbba172a8xrtm ns: test is not ready yet. 
[33mWARNING[0m[Sep 25 07:55:06.377][provider.go: 357] container: extract pod: d43224ecf8a90e2689f1b48690ce45a9c382a5ed2d2ce8b0d2fbba172a8xrtm ns: test is not running (reason: terminated - Completed, restarts 0): some test cases might fail. 
[33mWARNING[0m[Sep 25 07:55:06.377][provider.go: 341] container: extract pod: d4fe36668cbff5bf360eabb230ae7caeb430b86f4a6636c74f4314f7c0grbkk ns: test is not ready yet. 
[33mWARNING[0m[Sep 25 07:55:06.377][provider.go: 357] container: extract pod: d4fe36668cbff5bf360eabb230ae7caeb430b86f4a6636c74f4314f7c0grbkk ns: test is not running (reason: terminated - Completed, restarts 0): some test cases might fail. 
[33mWARNING[0m[Sep 25 07:55:06.377][provider.go: 341] container: extract pod: de7b209571b1ff7bf5bf3a4c4f911c6962a3691390b92bfd2b249cac80hp65k ns: test is not ready yet. 
[33mWARNING[0m[Sep 25 07:55:06.378][provider.go: 357] container: extract pod: de7b209571b1ff7bf5bf3a4c4f911c6962a3691390b92bfd2b249cac80hp65k ns: test is not running (reason: terminated - Completed, restarts 0): some test cases might fail. 
[36mINFO   [0m[Sep 25 07:55:06.379][operators.go: 130] Found 3 unique CSVs                          
[36mINFO   [0m[Sep 25 07:55:06.379][operators.go: 132]   CSV: gpu-operator-certified.v23.3.2        
[36mINFO   [0m[Sep 25 07:55:06.379][operators.go: 132]   CSV: ibm-metrics-operator.v2.11.1          
[36mINFO   [0m[Sep 25 07:55:06.379][operators.go: 132]   CSV: openshift-pipelines-operator-rh.v1.11.1 
[36mINFO   [0m[Sep 25 07:55:06.415][operators.go: 185] Getting installplans for op gpu-operator-certified.v23.3.2 (subs gpu-operator-certified-v23-3-2-sub ns test) 
[36mINFO   [0m[Sep 25 07:55:06.455][operators.go: 185] Getting installplans for op ibm-metrics-operator.v2.11.1 (subs ibm-metrics-operator-v2-11-1-sub ns test) 
[36mINFO   [0m[Sep 25 07:55:06.492][operators.go: 185] Getting installplans for op openshift-pipelines-operator-rh.v1.11.1 (subs openshift-pipelines-operator-rh-latest-redhat-operators-openshift-marketplace ns test) 
[36mINFO   [0m[Sep 25 07:55:06.492][provider.go: 290] Operators found: 3                           
[36mINFO   [0m[Sep 25 07:55:06.492][provider.go: 302] Completed the test environment build process in 4.55 seconds 
[33mWARNING[0m[Sep 25 07:55:06.507][suite.go: 50] LabelFilter is set but 'preflight' tests are not targeted. Skipping the preflight tests. 
Running Suite: CNF Certification Test Suite - /usr/tnf/cnf-certification-test
=============================================================================
Random Seed: [1m1695628484[0m

Will run [1m82[0m of [1m87[0m specs
[38;5;14mS[0m[38;5;14mS[0m[38;5;14mS[0m[38;5;14mS[0m[38;5;14mS[0m
[38;5;243m------------------------------[0m
[0moperator [0m[1moperator-install-status-succeeded[0m [38;5;204m[common, operator-install-status-succeeded, operator][0m
[38;5;243m/usr/tnf/tnf-src/cnf-certification-test/operator/suite.go:44[0m
[31mFATAL  [0m[Sep 25 08:00:07.367][phasecheck.go: 50] Timeout waiting for operator csv: openshift-pipelines-operator-rh.v1.11.1 ns: test to be ready 
