time="2023-08-23T16:38:11Z" level=info msg="Saving environment variables & parameters."
time="2023-08-23T16:38:11Z" level=info msg="Environment: {Home:/root Kubeconfig:/usr/tnf/kubeconfig/config ConfigurationPath:/usr/tnf/config/tnf_config.yml NonIntrusiveOnly:false LogLevel:info OfflineDB:/usr/offline-db AllowPreflightInsecure:false PfltDockerconfig:/usr/tnf/dockercfg/config.json IncludeWebFilesInOutputFolder:false OmitArtifactsZipFile:false}"
=== RUN   TestTest
[36mINFO   [0m[Aug 23 16:38:11.533][suite_test.go: 98] Log level set to: info                       
[36mINFO   [0m[Aug 23 16:38:11.535][suite_test.go: 140] TNF Version         : v4.3.4 ( 2037b43c9bccf6b00fe91797adfabcbeeeb5efdc ) 
[36mINFO   [0m[Aug 23 16:38:11.535][suite_test.go: 141] Claim Format Version: v0.1.0                 
[36mINFO   [0m[Aug 23 16:38:11.535][suite_test.go: 142] Ginkgo Version      : 2.11.0                 
[36mINFO   [0m[Aug 23 16:38:11.535][suite_test.go: 143] Labels filter       : operator, access-control, networking, affiliated-certification, lifecycle, manageability, networking, observability, platform-alteration 
[36mINFO   [0m[Aug 23 16:38:11.535][clientsholder.go: 169] Creating k8s go-clients holder.              
[36mINFO   [0m[Aug 23 16:38:11.973][utils.go: 51] Loading config from file: /usr/tnf/config/tnf_config.yml 
[33mWARNING[0m[Aug 23 16:38:11.979][utils.go: 64] No namespace configured for the debug DaemonSet. Defaulting to namespace cnf-suite 
[33mWARNING[0m[Aug 23 16:38:12.061][autodiscover.go: 110] DEPRECATED: targetPodLabels config field is about to be obsolete. Please use the new "podsUnderTestLabels" field instead. 
[33mWARNING[0m[Aug 23 16:38:12.061][autodiscover.go: 113] DEPRECATED: deprecated default operator label in use ( test-network-function.com/operator: ) is about to be obsolete. Please use the new "operatorsUnderTestLabels" field to specify operators labels instead. 
[36mINFO   [0m[Aug 23 16:38:12.062][autodiscover.go: 143] parsed pods under test labels: [{LabelKey:test-network-function.com/generic LabelValue:target}] 
[36mINFO   [0m[Aug 23 16:38:12.062][autodiscover.go: 144] parsed operators under test labels: [{LabelKey:test-network-function.com/operator LabelValue:}] 
[36mINFO   [0m[Aug 23 16:38:12.191][autodiscover_operators.go: 144] Found 2 subscriptions in the target namespaces 
[36mINFO   [0m[Aug 23 16:38:12.191][autodiscover_operators.go: 146]  Subscriptions name: loki-operator-v5-7-2-sub (ns: test) 
[36mINFO   [0m[Aug 23 16:38:12.191][autodiscover_operators.go: 146]  Subscriptions name: odf-csi-addons-operator-v4-13-0-rhodf-sub (ns: test) 
[36mINFO   [0m[Aug 23 16:38:12.262][autodiscover_operators.go: 121] Found 3 CSVs:                                
[36mINFO   [0m[Aug 23 16:38:12.262][autodiscover_operators.go: 123]  CSV name: packageserver (ns: openshift-operator-lifecycle-manager) 
[36mINFO   [0m[Aug 23 16:38:12.263][autodiscover_operators.go: 123]  CSV name: loki-operator.v5.7.2 (ns: test)   
[36mINFO   [0m[Aug 23 16:38:12.263][autodiscover_operators.go: 123]  CSV name: odf-csi-addons-operator.v4.13.0-rhodf (ns: test) 
[36mINFO   [0m[Aug 23 16:38:14.397][autodiscover_operators.go: 91] Found 2 CSVs:                                
[36mINFO   [0m[Aug 23 16:38:14.398][autodiscover_operators.go: 93]  CSV name: loki-operator.v5.7.2 (ns: test)   
[36mINFO   [0m[Aug 23 16:38:14.398][autodiscover_operators.go: 93]  CSV name: odf-csi-addons-operator.v4.13.0-rhodf (ns: test) 
[36mINFO   [0m[Aug 23 16:38:14.439][autodiscover_operators.go: 144] Found 2 subscriptions in the target namespaces 
[36mINFO   [0m[Aug 23 16:38:14.439][autodiscover_operators.go: 146]  Subscriptions name: loki-operator-v5-7-2-sub (ns: test) 
[36mINFO   [0m[Aug 23 16:38:14.439][autodiscover_operators.go: 146]  Subscriptions name: odf-csi-addons-operator-v4-13-0-rhodf-sub (ns: test) 
[36mINFO   [0m[Aug 23 16:38:14.569][autodiscover.go: 257] OpenShift Version found: 4.13.4              
[33mWARNING[0m[Aug 23 16:38:14.653][autodiscover_podset.go: 87] Did not find any deployment in the configured namespaces [test] 
[33mWARNING[0m[Aug 23 16:38:14.688][autodiscover_podset.go: 106] Did not find any statefulSet in ns=test      
[33mWARNING[0m[Aug 23 16:38:14.688][autodiscover_podset.go: 120] Did not find any statefulset in the configured namespaces [test] 
[36mINFO   [0m[Aug 23 16:38:14.972][autodiscover_podset.go: 138] Cannot find any deployed HorizontalPodAutoscaler 
[36mINFO   [0m[Aug 23 16:38:15.144][operators.go: 130] Found 3 unique CSVs                          
[36mINFO   [0m[Aug 23 16:38:15.144][operators.go: 132]   CSV: packageserver                         
[36mINFO   [0m[Aug 23 16:38:15.145][operators.go: 132]   CSV: loki-operator.v5.7.2                  
[36mINFO   [0m[Aug 23 16:38:15.145][operators.go: 132]   CSV: odf-csi-addons-operator.v4.13.0-rhodf 
[36mINFO   [0m[Aug 23 16:38:15.184][operators.go: 185] Getting installplans for op loki-operator.v5.7.2 (subs loki-operator-v5-7-2-sub ns test) 
[36mINFO   [0m[Aug 23 16:38:15.217][operators.go: 185] Getting installplans for op odf-csi-addons-operator.v4.13.0-rhodf (subs odf-csi-addons-operator-v4-13-0-rhodf-sub ns test) 
[33mWARNING[0m[Aug 23 16:38:15.217][operators.go: 183] Subscription not found for CSV: packageserver (ns openshift-operator-lifecycle-manager) 
[36mINFO   [0m[Aug 23 16:38:15.218][operators.go: 185] Getting installplans for op packageserver (subs  ns ) 
[36mINFO   [0m[Aug 23 16:38:15.218][provider.go: 564] Node ip-10-0-138-139.ec2.internal - mc name: rendered-worker-5334436cadf14d4498394530f0823fa1 
[36mINFO   [0m[Aug 23 16:38:15.298][provider.go: 564] Node ip-10-0-140-127.ec2.internal - mc name: rendered-master-0d10fff9d0cba73baea526289053dfe8 
[36mINFO   [0m[Aug 23 16:38:15.366][provider.go: 564] Node ip-10-0-144-53.ec2.internal - mc name: rendered-master-0d10fff9d0cba73baea526289053dfe8 
[36mINFO   [0m[Aug 23 16:38:15.425][provider.go: 564] Node ip-10-0-146-178.ec2.internal - mc name: rendered-worker-5334436cadf14d4498394530f0823fa1 
[36mINFO   [0m[Aug 23 16:38:15.487][provider.go: 564] Node ip-10-0-171-112.ec2.internal - mc name: rendered-worker-5334436cadf14d4498394530f0823fa1 
[36mINFO   [0m[Aug 23 16:38:15.544][provider.go: 564] Node ip-10-0-173-119.ec2.internal - mc name: rendered-master-0d10fff9d0cba73baea526289053dfe8 
[33mWARNING[0m[Aug 23 16:38:15.610][provider.go: 341] container: extract pod: 2276104160b83491c431ad10460e07845a5cb19a484d7ca322fdbeaf33sslx4 ns: test is not ready yet. 
[33mWARNING[0m[Aug 23 16:38:15.610][provider.go: 357] container: extract pod: 2276104160b83491c431ad10460e07845a5cb19a484d7ca322fdbeaf33sslx4 ns: test is not running (reason: terminated - Completed, restarts 0): some test cases might fail. 
[33mWARNING[0m[Aug 23 16:38:15.610][provider.go: 341] container: extract pod: 4230932c4888547d7ac309f091555b92b462f8c09d06272be928441096mntp6 ns: test is not ready yet. 
[33mWARNING[0m[Aug 23 16:38:15.610][provider.go: 357] container: extract pod: 4230932c4888547d7ac309f091555b92b462f8c09d06272be928441096mntp6 ns: test is not running (reason: terminated - Completed, restarts 0): some test cases might fail. 
[33mWARNING[0m[Aug 23 16:38:15.610][provider.go: 341] container: extract pod: 6500436e8d456436471ba355e123839691b6467ef32112389c01e846add7mbn ns: test is not ready yet. 
[33mWARNING[0m[Aug 23 16:38:15.610][provider.go: 357] container: extract pod: 6500436e8d456436471ba355e123839691b6467ef32112389c01e846add7mbn ns: test is not running (reason: terminated - Completed, restarts 0): some test cases might fail. 
[36mINFO   [0m[Aug 23 16:38:15.612][operators.go: 130] Found 2 unique CSVs                          
[36mINFO   [0m[Aug 23 16:38:15.612][operators.go: 132]   CSV: loki-operator.v5.7.2                  
[36mINFO   [0m[Aug 23 16:38:15.612][operators.go: 132]   CSV: odf-csi-addons-operator.v4.13.0-rhodf 
[36mINFO   [0m[Aug 23 16:38:15.650][operators.go: 185] Getting installplans for op loki-operator.v5.7.2 (subs loki-operator-v5-7-2-sub ns test) 
[36mINFO   [0m[Aug 23 16:38:15.681][operators.go: 185] Getting installplans for op odf-csi-addons-operator.v4.13.0-rhodf (subs odf-csi-addons-operator-v4-13-0-rhodf-sub ns test) 
[36mINFO   [0m[Aug 23 16:38:15.681][provider.go: 290] Operators found: 2                           
[36mINFO   [0m[Aug 23 16:38:15.681][provider.go: 302] Completed the test environment build process in 3.71 seconds 
[33mWARNING[0m[Aug 23 16:38:25.863][autodiscover.go: 110] DEPRECATED: targetPodLabels config field is about to be obsolete. Please use the new "podsUnderTestLabels" field instead. 
[33mWARNING[0m[Aug 23 16:38:25.864][autodiscover.go: 113] DEPRECATED: deprecated default operator label in use ( test-network-function.com/operator: ) is about to be obsolete. Please use the new "operatorsUnderTestLabels" field to specify operators labels instead. 
[36mINFO   [0m[Aug 23 16:38:25.864][autodiscover.go: 143] parsed pods under test labels: [{LabelKey:test-network-function.com/generic LabelValue:target}] 
[36mINFO   [0m[Aug 23 16:38:25.864][autodiscover.go: 144] parsed operators under test labels: [{LabelKey:test-network-function.com/operator LabelValue:}] 
[36mINFO   [0m[Aug 23 16:38:25.996][autodiscover_operators.go: 144] Found 2 subscriptions in the target namespaces 
[36mINFO   [0m[Aug 23 16:38:25.996][autodiscover_operators.go: 146]  Subscriptions name: loki-operator-v5-7-2-sub (ns: test) 
[36mINFO   [0m[Aug 23 16:38:25.996][autodiscover_operators.go: 146]  Subscriptions name: odf-csi-addons-operator-v4-13-0-rhodf-sub (ns: test) 
[36mINFO   [0m[Aug 23 16:38:26.134][autodiscover_operators.go: 121] Found 3 CSVs:                                
[36mINFO   [0m[Aug 23 16:38:26.134][autodiscover_operators.go: 123]  CSV name: packageserver (ns: openshift-operator-lifecycle-manager) 
[36mINFO   [0m[Aug 23 16:38:26.134][autodiscover_operators.go: 123]  CSV name: loki-operator.v5.7.2 (ns: test)   
[36mINFO   [0m[Aug 23 16:38:26.135][autodiscover_operators.go: 123]  CSV name: odf-csi-addons-operator.v4.13.0-rhodf (ns: test) 
[36mINFO   [0m[Aug 23 16:38:28.058][autodiscover_operators.go: 91] Found 2 CSVs:                                
[36mINFO   [0m[Aug 23 16:38:28.059][autodiscover_operators.go: 93]  CSV name: loki-operator.v5.7.2 (ns: test)   
[36mINFO   [0m[Aug 23 16:38:28.059][autodiscover_operators.go: 93]  CSV name: odf-csi-addons-operator.v4.13.0-rhodf (ns: test) 
[36mINFO   [0m[Aug 23 16:38:28.101][autodiscover_operators.go: 144] Found 2 subscriptions in the target namespaces 
[36mINFO   [0m[Aug 23 16:38:28.102][autodiscover_operators.go: 146]  Subscriptions name: loki-operator-v5-7-2-sub (ns: test) 
[36mINFO   [0m[Aug 23 16:38:28.102][autodiscover_operators.go: 146]  Subscriptions name: odf-csi-addons-operator-v4-13-0-rhodf-sub (ns: test) 
[36mINFO   [0m[Aug 23 16:38:28.216][autodiscover.go: 257] OpenShift Version found: 4.13.4              
[33mWARNING[0m[Aug 23 16:38:28.301][autodiscover_podset.go: 87] Did not find any deployment in the configured namespaces [test] 
[33mWARNING[0m[Aug 23 16:38:28.341][autodiscover_podset.go: 106] Did not find any statefulSet in ns=test      
[33mWARNING[0m[Aug 23 16:38:28.342][autodiscover_podset.go: 120] Did not find any statefulset in the configured namespaces [test] 
[36mINFO   [0m[Aug 23 16:38:28.633][autodiscover_podset.go: 138] Cannot find any deployed HorizontalPodAutoscaler 
[36mINFO   [0m[Aug 23 16:38:28.809][operators.go: 130] Found 3 unique CSVs                          
[36mINFO   [0m[Aug 23 16:38:28.809][operators.go: 132]   CSV: packageserver                         
[36mINFO   [0m[Aug 23 16:38:28.809][operators.go: 132]   CSV: loki-operator.v5.7.2                  
[36mINFO   [0m[Aug 23 16:38:28.809][operators.go: 132]   CSV: odf-csi-addons-operator.v4.13.0-rhodf 
[36mINFO   [0m[Aug 23 16:38:28.848][operators.go: 185] Getting installplans for op loki-operator.v5.7.2 (subs loki-operator-v5-7-2-sub ns test) 
[36mINFO   [0m[Aug 23 16:38:28.884][operators.go: 185] Getting installplans for op odf-csi-addons-operator.v4.13.0-rhodf (subs odf-csi-addons-operator-v4-13-0-rhodf-sub ns test) 
[33mWARNING[0m[Aug 23 16:38:28.885][operators.go: 183] Subscription not found for CSV: packageserver (ns openshift-operator-lifecycle-manager) 
[36mINFO   [0m[Aug 23 16:38:28.885][operators.go: 185] Getting installplans for op packageserver (subs  ns ) 
[36mINFO   [0m[Aug 23 16:38:28.885][provider.go: 564] Node ip-10-0-138-139.ec2.internal - mc name: rendered-worker-5334436cadf14d4498394530f0823fa1 
[36mINFO   [0m[Aug 23 16:38:28.965][provider.go: 564] Node ip-10-0-140-127.ec2.internal - mc name: rendered-master-0d10fff9d0cba73baea526289053dfe8 
[36mINFO   [0m[Aug 23 16:38:29.033][provider.go: 564] Node ip-10-0-144-53.ec2.internal - mc name: rendered-master-0d10fff9d0cba73baea526289053dfe8 
[36mINFO   [0m[Aug 23 16:38:29.099][provider.go: 564] Node ip-10-0-146-178.ec2.internal - mc name: rendered-worker-5334436cadf14d4498394530f0823fa1 
[36mINFO   [0m[Aug 23 16:38:29.166][provider.go: 564] Node ip-10-0-171-112.ec2.internal - mc name: rendered-worker-5334436cadf14d4498394530f0823fa1 
[36mINFO   [0m[Aug 23 16:38:29.234][provider.go: 564] Node ip-10-0-173-119.ec2.internal - mc name: rendered-master-0d10fff9d0cba73baea526289053dfe8 
[33mWARNING[0m[Aug 23 16:38:29.300][provider.go: 341] container: extract pod: 2276104160b83491c431ad10460e07845a5cb19a484d7ca322fdbeaf33sslx4 ns: test is not ready yet. 
[33mWARNING[0m[Aug 23 16:38:29.300][provider.go: 357] container: extract pod: 2276104160b83491c431ad10460e07845a5cb19a484d7ca322fdbeaf33sslx4 ns: test is not running (reason: terminated - Completed, restarts 0): some test cases might fail. 
[33mWARNING[0m[Aug 23 16:38:29.300][provider.go: 341] container: extract pod: 4230932c4888547d7ac309f091555b92b462f8c09d06272be928441096mntp6 ns: test is not ready yet. 
[33mWARNING[0m[Aug 23 16:38:29.300][provider.go: 357] container: extract pod: 4230932c4888547d7ac309f091555b92b462f8c09d06272be928441096mntp6 ns: test is not running (reason: terminated - Completed, restarts 0): some test cases might fail. 
[33mWARNING[0m[Aug 23 16:38:29.301][provider.go: 341] container: extract pod: 6500436e8d456436471ba355e123839691b6467ef32112389c01e846add7mbn ns: test is not ready yet. 
[33mWARNING[0m[Aug 23 16:38:29.301][provider.go: 357] container: extract pod: 6500436e8d456436471ba355e123839691b6467ef32112389c01e846add7mbn ns: test is not running (reason: terminated - Completed, restarts 0): some test cases might fail. 
[36mINFO   [0m[Aug 23 16:38:29.302][operators.go: 130] Found 2 unique CSVs                          
[36mINFO   [0m[Aug 23 16:38:29.302][operators.go: 132]   CSV: loki-operator.v5.7.2                  
[36mINFO   [0m[Aug 23 16:38:29.302][operators.go: 132]   CSV: odf-csi-addons-operator.v4.13.0-rhodf 
[36mINFO   [0m[Aug 23 16:38:29.340][operators.go: 185] Getting installplans for op loki-operator.v5.7.2 (subs loki-operator-v5-7-2-sub ns test) 
[36mINFO   [0m[Aug 23 16:38:29.377][operators.go: 185] Getting installplans for op odf-csi-addons-operator.v4.13.0-rhodf (subs odf-csi-addons-operator-v4-13-0-rhodf-sub ns test) 
[36mINFO   [0m[Aug 23 16:38:29.377][provider.go: 290] Operators found: 2                           
[36mINFO   [0m[Aug 23 16:38:29.378][provider.go: 302] Completed the test environment build process in 3.59 seconds 
[33mWARNING[0m[Aug 23 16:38:29.393][suite.go: 50] LabelFilter is set but 'preflight' tests are not targeted. Skipping the preflight tests. 
Running Suite: CNF Certification Test Suite - /usr/tnf/cnf-certification-test
=============================================================================
Random Seed: [1m1692808691[0m

Will run [1m82[0m of [1m87[0m specs
[38;5;14mS[0m[38;5;14mS[0m[38;5;14mS[0m[38;5;14mS[0m[38;5;14mS[0m
[38;5;243m------------------------------[0m
[0mmanageability [0m[1mmanageability-containers-image-tag[0m [38;5;204m[extended, manageability-containers-image-tag, manageability][0m
[38;5;243m/usr/tnf/tnf-src/cnf-certification-test/manageability/suite.go:42[0m
  Container container: address-space-controller pod: address-space-controller-56c797f9ff-8g8xm ns: test is missing image tag(s)
  Container container: manager pod: csi-addons-controller-manager-5845fc8c67-ljlgf ns: test is missing image tag(s)
  Container container: kube-rbac-proxy pod: csi-addons-controller-manager-5845fc8c67-ljlgf ns: test is missing image tag(s)
  Container container: security-profiles-operator pod: security-profiles-operator-webhook-d844fd745-2vvs5 ns: test is missing image tag(s)
  Container container: security-profiles-operator pod: security-profiles-operator-webhook-d844fd745-6ngkl ns: test is missing image tag(s)
  Container container: security-profiles-operator pod: security-profiles-operator-webhook-d844fd745-hvr8w ns: test is missing image tag(s)
  {"CompliantObjectsOut":[{"ObjectType":"Container","ObjectFieldsKeys":["Reason For Compliance","Namespace","Pod Name","Container Name"],"ObjectFieldsValues":["Container is tagged","test","31016e1b8d56e49130ef8a9610223142c0410b41c7e099d5fa08289afa99306","registry-grpc"]},{"ObjectType":"Container","ObjectFieldsKeys":["Reason For Compliance","Namespace","Pod Name","Container Name"],"ObjectFieldsValues":["Container is tagged","test","667ef8d640391c34ac20562b91a1f723005673d96e54a6ba1d178fa2fa73a32","registry-grpc"]},{"ObjectType":"Container","ObjectFieldsKeys":["Reason For Compliance","Namespace","Pod Name","Container Name"],"ObjectFieldsValues":["Container is tagged","test","a8c060444aa8e89dfbd90d61d6ec3900ab4d6634f6aa8067face1e6974b9065","registry-grpc"]}],"NonCompliantObjectsOut":[{"ObjectType":"Container","ObjectFieldsKeys":["Reason For Non Compliance","Namespace","Pod Name","Container Name"],"ObjectFieldsValues":["Container is missing image tag(s)","test","address-space-controller-56c797f9ff-8g8xm","address-space-controller"]},{"ObjectType":"Container","ObjectFieldsKeys":["Reason For Non Compliance","Namespace","Pod Name","Container Name"],"ObjectFieldsValues":["Container is missing image tag(s)","test","csi-addons-controller-manager-5845fc8c67-ljlgf","manager"]},{"ObjectType":"Container","ObjectFieldsKeys":["Reason For Non Compliance","Namespace","Pod Name","Container Name"],"ObjectFieldsValues":["Container is missing image tag(s)","test","csi-addons-controller-manager-5845fc8c67-ljlgf","kube-rbac-proxy"]},{"ObjectType":"Container","ObjectFieldsKeys":["Reason For Non Compliance","Namespace","Pod Name","Container Name"],"ObjectFieldsValues":["Container is missing image tag(s)","test","security-profiles-operator-webhook-d844fd745-2vvs5","security-profiles-operator"]},{"ObjectType":"Container","ObjectFieldsKeys":["Reason For Non Compliance","Namespace","Pod Name","Container Name"],"ObjectFieldsValues":["Container is missing image tag(s)","test","security-profiles-operator-webhook-d844fd745-6ngkl","security-profiles-operator"]},{"ObjectType":"Container","ObjectFieldsKeys":["Reason For Non Compliance","Namespace","Pod Name","Container Name"],"ObjectFieldsValues":["Container is missing image tag(s)","test","security-profiles-operator-webhook-d844fd745-hvr8w","security-profiles-operator"]}]}
  [38;5;9m[FAILED][0m in [It] - /usr/tnf/tnf-src/pkg/testhelper/testhelper.go:358 [38;5;243m@ 08/23/23 16:38:29.408[0m
[38;5;9m• [FAILED] [0.006 seconds][0m
[0mmanageability [38;5;9m[1m[It] manageability-containers-image-tag[0m [38;5;204m[extended, manageability-containers-image-tag, manageability][0m
[38;5;243m/usr/tnf/tnf-src/cnf-certification-test/manageability/suite.go:42[0m

  [38;5;9m[FAILED] {"CompliantObjectsOut":[{"ObjectType":"Container","ObjectFieldsKeys":["Reason For Compliance","Namespace","Pod Name","Container Name"],"ObjectFieldsValues":["Container is tagged","test","31016e1b8d56e49130ef8a9610223142c0410b41c7e099d5fa08289afa99306","registry-grpc"]},{"ObjectType":"Container","ObjectFieldsKeys":["Reason For Compliance","Namespace","Pod Name","Container Name"],"ObjectFieldsValues":["Container is tagged","test","667ef8d640391c34ac20562b91a1f723005673d96e54a6ba1d178fa2fa73a32","registry-grpc"]},{"ObjectType":"Container","ObjectFieldsKeys":["Reason For Compliance","Namespace","Pod Name","Container Name"],"ObjectFieldsValues":["Container is tagged","test","a8c060444aa8e89dfbd90d61d6ec3900ab4d6634f6aa8067face1e6974b9065","registry-grpc"]}],"NonCompliantObjectsOut":[{"ObjectType":"Container","ObjectFieldsKeys":["Reason For Non Compliance","Namespace","Pod Name","Container Name"],"ObjectFieldsValues":["Container is missing image tag(s)","test","address-space-controller-56c797f9ff-8g8xm","address-space-controller"]},{"ObjectType":"Container","ObjectFieldsKeys":["Reason For Non Compliance","Namespace","Pod Name","Container Name"],"ObjectFieldsValues":["Container is missing image tag(s)","test","csi-addons-controller-manager-5845fc8c67-ljlgf","manager"]},{"ObjectType":"Container","ObjectFieldsKeys":["Reason For Non Compliance","Namespace","Pod Name","Container Name"],"ObjectFieldsValues":["Container is missing image tag(s)","test","csi-addons-controller-manager-5845fc8c67-ljlgf","kube-rbac-proxy"]},{"ObjectType":"Container","ObjectFieldsKeys":["Reason For Non Compliance","Namespace","Pod Name","Container Name"],"ObjectFieldsValues":["Container is missing image tag(s)","test","security-profiles-operator-webhook-d844fd745-2vvs5","security-profiles-operator"]},{"ObjectType":"Container","ObjectFieldsKeys":["Reason For Non Compliance","Namespace","Pod Name","Container Name"],"ObjectFieldsValues":["Container is missing image tag(s)","test","security-profiles-operator-webhook-d844fd745-6ngkl","security-profiles-operator"]},{"ObjectType":"Container","ObjectFieldsKeys":["Reason For Non Compliance","Namespace","Pod Name","Container Name"],"ObjectFieldsValues":["Container is missing image tag(s)","test","security-profiles-operator-webhook-d844fd745-hvr8w","security-profiles-operator"]}]}[0m
  [38;5;9mIn [1m[It][0m[38;5;9m at: [1m/usr/tnf/tnf-src/pkg/testhelper/testhelper.go:358[0m [38;5;243m@ 08/23/23 16:38:29.408[0m
[38;5;243m------------------------------[0m
[0mmanageability [0m[1mmanageability-container-port-name-format[0m [38;5;204m[extended, manageability-container-port-name-format, manageability][0m
[38;5;243m/usr/tnf/tnf-src/cnf-certification-test/manageability/suite.go:48[0m
  container: manager pod: csi-addons-controller-manager-5845fc8c67-ljlgf ns: test: ContainerPort webhook-server does not follow the partner naming conventions
  container: kube-rbac-proxy pod: csi-addons-controller-manager-5845fc8c67-ljlgf ns: test: ContainerPort https does not follow the partner naming conventions
  container: security-profiles-operator pod: security-profiles-operator-webhook-d844fd745-2vvs5 ns: test: ContainerPort webhook does not follow the partner naming conventions
  container: security-profiles-operator pod: security-profiles-operator-webhook-d844fd745-6ngkl ns: test: ContainerPort webhook does not follow the partner naming conventions
  container: security-profiles-operator pod: security-profiles-operator-webhook-d844fd745-hvr8w ns: test: ContainerPort webhook does not follow the partner naming conventions
  {"CompliantObjectsOut":[{"ObjectType":"Container","ObjectFieldsKeys":["Reason For Compliance","Namespace","Pod Name","Container Name","Container Port"],"ObjectFieldsValues":["ContainerPort follows the partner naming conventions","test","31016e1b8d56e49130ef8a9610223142c0410b41c7e099d5fa08289afa99306","registry-grpc","grpc"]},{"ObjectType":"Container","ObjectFieldsKeys":["Reason For Compliance","Namespace","Pod Name","Container Name","Container Port"],"ObjectFieldsValues":["ContainerPort follows the partner naming conventions","test","667ef8d640391c34ac20562b91a1f723005673d96e54a6ba1d178fa2fa73a32","registry-grpc","grpc"]},{"ObjectType":"Container","ObjectFieldsKeys":["Reason For Compliance","Namespace","Pod Name","Container Name","Container Port"],"ObjectFieldsValues":["ContainerPort follows the partner naming conventions","test","a8c060444aa8e89dfbd90d61d6ec3900ab4d6634f6aa8067face1e6974b9065","registry-grpc","grpc"]},{"ObjectType":"Container","ObjectFieldsKeys":["Reason For Compliance","Namespace","Pod Name","Container Name","Container Port"],"ObjectFieldsValues":["ContainerPort follows the partner naming conventions","test","address-space-controller-56c797f9ff-8g8xm","address-space-controller","http"]}],"NonCompliantObjectsOut":[{"ObjectType":"Container","ObjectFieldsKeys":["Reason For Non Compliance","Namespace","Pod Name","Container Name","Container Port"],"ObjectFieldsValues":["ContainerPort does not follow the partner naming conventions","test","csi-addons-controller-manager-5845fc8c67-ljlgf","manager","webhook-server"]},{"ObjectType":"Container","ObjectFieldsKeys":["Reason For Non Compliance","Namespace","Pod Name","Container Name","Container Port"],"ObjectFieldsValues":["ContainerPort does not follow the partner naming conventions","test","csi-addons-controller-manager-5845fc8c67-ljlgf","kube-rbac-proxy","https"]},{"ObjectType":"Container","ObjectFieldsKeys":["Reason For Non Compliance","Namespace","Pod Name","Container Name","Container Port"],"ObjectFieldsValues":["ContainerPort does not follow the partner naming conventions","test","security-profiles-operator-webhook-d844fd745-2vvs5","security-profiles-operator","webhook"]},{"ObjectType":"Container","ObjectFieldsKeys":["Reason For Non Compliance","Namespace","Pod Name","Container Name","Container Port"],"ObjectFieldsValues":["ContainerPort does not follow the partner naming conventions","test","security-profiles-operator-webhook-d844fd745-6ngkl","security-profiles-operator","webhook"]},{"ObjectType":"Container","ObjectFieldsKeys":["Reason For Non Compliance","Namespace","Pod Name","Container Name","Container Port"],"ObjectFieldsValues":["ContainerPort does not follow the partner naming conventions","test","security-profiles-operator-webhook-d844fd745-hvr8w","security-profiles-operator","webhook"]}]}
  [38;5;9m[FAILED][0m in [It] - /usr/tnf/tnf-src/pkg/testhelper/testhelper.go:358 [38;5;243m@ 08/23/23 16:38:29.412[0m
[38;5;9m• [FAILED] [0.001 seconds][0m
[0mmanageability [38;5;9m[1m[It] manageability-container-port-name-format[0m [38;5;204m[extended, manageability-container-port-name-format, manageability][0m
[38;5;243m/usr/tnf/tnf-src/cnf-certification-test/manageability/suite.go:48[0m

  [38;5;9m[FAILED] {"CompliantObjectsOut":[{"ObjectType":"Container","ObjectFieldsKeys":["Reason For Compliance","Namespace","Pod Name","Container Name","Container Port"],"ObjectFieldsValues":["ContainerPort follows the partner naming conventions","test","31016e1b8d56e49130ef8a9610223142c0410b41c7e099d5fa08289afa99306","registry-grpc","grpc"]},{"ObjectType":"Container","ObjectFieldsKeys":["Reason For Compliance","Namespace","Pod Name","Container Name","Container Port"],"ObjectFieldsValues":["ContainerPort follows the partner naming conventions","test","667ef8d640391c34ac20562b91a1f723005673d96e54a6ba1d178fa2fa73a32","registry-grpc","grpc"]},{"ObjectType":"Container","ObjectFieldsKeys":["Reason For Compliance","Namespace","Pod Name","Container Name","Container Port"],"ObjectFieldsValues":["ContainerPort follows the partner naming conventions","test","a8c060444aa8e89dfbd90d61d6ec3900ab4d6634f6aa8067face1e6974b9065","registry-grpc","grpc"]},{"ObjectType":"Container","ObjectFieldsKeys":["Reason For Compliance","Namespace","Pod Name","Container Name","Container Port"],"ObjectFieldsValues":["ContainerPort follows the partner naming conventions","test","address-space-controller-56c797f9ff-8g8xm","address-space-controller","http"]}],"NonCompliantObjectsOut":[{"ObjectType":"Container","ObjectFieldsKeys":["Reason For Non Compliance","Namespace","Pod Name","Container Name","Container Port"],"ObjectFieldsValues":["ContainerPort does not follow the partner naming conventions","test","csi-addons-controller-manager-5845fc8c67-ljlgf","manager","webhook-server"]},{"ObjectType":"Container","ObjectFieldsKeys":["Reason For Non Compliance","Namespace","Pod Name","Container Name","Container Port"],"ObjectFieldsValues":["ContainerPort does not follow the partner naming conventions","test","csi-addons-controller-manager-5845fc8c67-ljlgf","kube-rbac-proxy","https"]},{"ObjectType":"Container","ObjectFieldsKeys":["Reason For Non Compliance","Namespace","Pod Name","Container Name","Container Port"],"ObjectFieldsValues":["ContainerPort does not follow the partner naming conventions","test","security-profiles-operator-webhook-d844fd745-2vvs5","security-profiles-operator","webhook"]},{"ObjectType":"Container","ObjectFieldsKeys":["Reason For Non Compliance","Namespace","Pod Name","Container Name","Container Port"],"ObjectFieldsValues":["ContainerPort does not follow the partner naming conventions","test","security-profiles-operator-webhook-d844fd745-6ngkl","security-profiles-operator","webhook"]},{"ObjectType":"Container","ObjectFieldsKeys":["Reason For Non Compliance","Namespace","Pod Name","Container Name","Container Port"],"ObjectFieldsValues":["ContainerPort does not follow the partner naming conventions","test","security-profiles-operator-webhook-d844fd745-hvr8w","security-profiles-operator","webhook"]}]}[0m
  [38;5;9mIn [1m[It][0m[38;5;9m at: [1m/usr/tnf/tnf-src/pkg/testhelper/testhelper.go:358[0m [38;5;243m@ 08/23/23 16:38:29.412[0m
[38;5;243m------------------------------[0m
[0mnetworking [0m[1mnetworking-icmpv4-connectivity[0m [38;5;204m[common, networking-icmpv4-connectivity, networking][0m
[38;5;243m/usr/tnf/tnf-src/cnf-certification-test/networking/suite.go:61[0m
  []
  [IPv4 ping test on network default from ( container: registry-grpc pod: 31016e1b8d56e49130ef8a9610223142c0410b41c7e099d5fa08289afa99306 ns: test  srcip: 10.129.2.153 ) to ( container: registry-grpc pod: 667ef8d640391c34ac20562b91a1f723005673d96e54a6ba1d178fa2fa73a32 ns: test dstip: 10.128.2.151 ) result: outcome: SUCCESS transmitted: 5 received: 5 errors: 0
   IPv4 ping test on network default from ( container: registry-grpc pod: 31016e1b8d56e49130ef8a9610223142c0410b41c7e099d5fa08289afa99306 ns: test  srcip: 10.129.2.153 ) to ( container: registry-grpc pod: a8c060444aa8e89dfbd90d61d6ec3900ab4d6634f6aa8067face1e6974b9065 ns: test dstip: 10.131.0.93 ) result: outcome: SUCCESS transmitted: 5 received: 5 errors: 0
   IPv4 ping test on network default from ( container: registry-grpc pod: 31016e1b8d56e49130ef8a9610223142c0410b41c7e099d5fa08289afa99306 ns: test  srcip: 10.129.2.153 ) to ( container: address-space-controller pod: address-space-controller-56c797f9ff-8g8xm ns: test dstip: 10.129.2.119 ) result: outcome: SUCCESS transmitted: 5 received: 5 errors: 0
   IPv4 ping test on network default from ( container: registry-grpc pod: 31016e1b8d56e49130ef8a9610223142c0410b41c7e099d5fa08289afa99306 ns: test  srcip: 10.129.2.153 ) to ( container: manager pod: csi-addons-controller-manager-5845fc8c67-ljlgf ns: test dstip: 10.128.2.82 ) result: outcome: SUCCESS transmitted: 5 received: 5 errors: 0
   IPv4 ping test on network default from ( container: registry-grpc pod: 31016e1b8d56e49130ef8a9610223142c0410b41c7e099d5fa08289afa99306 ns: test  srcip: 10.129.2.153 ) to ( container: security-profiles-operator pod: security-profiles-operator-webhook-d844fd745-2vvs5 ns: test dstip: 10.129.2.40 ) result: outcome: SUCCESS transmitted: 5 received: 5 errors: 0
   IPv4 ping test on network default from ( container: registry-grpc pod: 31016e1b8d56e49130ef8a9610223142c0410b41c7e099d5fa08289afa99306 ns: test  srcip: 10.129.2.153 ) to ( container: security-profiles-operator pod: security-profiles-operator-webhook-d844fd745-6ngkl ns: test dstip: 10.131.0.23 ) result: outcome: SUCCESS transmitted: 5 received: 5 errors: 0
   IPv4 ping test on network default from ( container: registry-grpc pod: 31016e1b8d56e49130ef8a9610223142c0410b41c7e099d5fa08289afa99306 ns: test  srcip: 10.129.2.153 ) to ( container: security-profiles-operator pod: security-profiles-operator-webhook-d844fd745-hvr8w ns: test dstip: 10.128.2.16 ) result: outcome: SUCCESS transmitted: 5 received: 5 errors: 0
  ]
  {"CompliantObjectsOut":[{"ObjectType":"ICMP result","ObjectFieldsKeys":["Reason For Compliance","Namespace","Pod Name","Container Name","Network Name","Source IP","Destination Namespace","Destination Pod Name","Destination Container Name","Destination IP"],"ObjectFieldsValues":["Pinging destination container/IP from source container (identified by Namespace/Pod Name/Container Name) Succeeded","test","31016e1b8d56e49130ef8a9610223142c0410b41c7e099d5fa08289afa99306","registry-grpc","default","10.129.2.153","test","667ef8d640391c34ac20562b91a1f723005673d96e54a6ba1d178fa2fa73a32","registry-grpc","10.128.2.151"]},{"ObjectType":"ICMP result","ObjectFieldsKeys":["Reason For Compliance","Namespace","Pod Name","Container Name","Network Name","Source IP","Destination Namespace","Destination Pod Name","Destination Container Name","Destination IP"],"ObjectFieldsValues":["Pinging destination container/IP from source container (identified by Namespace/Pod Name/Container Name) Succeeded","test","31016e1b8d56e49130ef8a9610223142c0410b41c7e099d5fa08289afa99306","registry-grpc","default","10.129.2.153","test","a8c060444aa8e89dfbd90d61d6ec3900ab4d6634f6aa8067face1e6974b9065","registry-grpc","10.131.0.93"]},{"ObjectType":"ICMP result","ObjectFieldsKeys":["Reason For Compliance","Namespace","Pod Name","Container Name","Network Name","Source IP","Destination Namespace","Destination Pod Name","Destination Container Name","Destination IP"],"ObjectFieldsValues":["Pinging destination container/IP from source container (identified by Namespace/Pod Name/Container Name) Succeeded","test","31016e1b8d56e49130ef8a9610223142c0410b41c7e099d5fa08289afa99306","registry-grpc","default","10.129.2.153","test","address-space-controller-56c797f9ff-8g8xm","address-space-controller","10.129.2.119"]},{"ObjectType":"ICMP result","ObjectFieldsKeys":["Reason For Compliance","Namespace","Pod Name","Container Name","Network Name","Source IP","Destination Namespace","Destination Pod Name","Destination Container Name","Destination IP"],"ObjectFieldsValues":["Pinging destination container/IP from source container (identified by Namespace/Pod Name/Container Name) Succeeded","test","31016e1b8d56e49130ef8a9610223142c0410b41c7e099d5fa08289afa99306","registry-grpc","default","10.129.2.153","test","csi-addons-controller-manager-5845fc8c67-ljlgf","manager","10.128.2.82"]},{"ObjectType":"ICMP result","ObjectFieldsKeys":["Reason For Compliance","Namespace","Pod Name","Container Name","Network Name","Source IP","Destination Namespace","Destination Pod Name","Destination Container Name","Destination IP"],"ObjectFieldsValues":["Pinging destination container/IP from source container (identified by Namespace/Pod Name/Container Name) Succeeded","test","31016e1b8d56e49130ef8a9610223142c0410b41c7e099d5fa08289afa99306","registry-grpc","default","10.129.2.153","test","security-profiles-operator-webhook-d844fd745-2vvs5","security-profiles-operator","10.129.2.40"]},{"ObjectType":"ICMP result","ObjectFieldsKeys":["Reason For Compliance","Namespace","Pod Name","Container Name","Network Name","Source IP","Destination Namespace","Destination Pod Name","Destination Container Name","Destination IP"],"ObjectFieldsValues":["Pinging destination container/IP from source container (identified by Namespace/Pod Name/Container Name) Succeeded","test","31016e1b8d56e49130ef8a9610223142c0410b41c7e099d5fa08289afa99306","registry-grpc","default","10.129.2.153","test","security-profiles-operator-webhook-d844fd745-6ngkl","security-profiles-operator","10.131.0.23"]},{"ObjectType":"ICMP result","ObjectFieldsKeys":["Reason For Compliance","Namespace","Pod Name","Container Name","Network Name","Source IP","Destination Namespace","Destination Pod Name","Destination Container Name","Destination IP"],"ObjectFieldsValues":["Pinging destination container/IP from source container (identified by Namespace/Pod Name/Container Name) Succeeded","test","31016e1b8d56e49130ef8a9610223142c0410b41c7e099d5fa08289afa99306","registry-grpc","default","10.129.2.153","test","security-profiles-operator-webhook-d844fd745-hvr8w","security-profiles-operator","10.128.2.16"]},{"ObjectType":"Network","ObjectFieldsKeys":["Reason For Compliance","Network Name"],"ObjectFieldsValues":["ICMP tests were successful for  all 7 IP source/destination in this network","default"]}],"NonCompliantObjectsOut":null}
[38;5;10m• [33.468 seconds][0m
[38;5;243m------------------------------[0m
[0mnetworking [0m[1mnetworking-icmpv4-connectivity-multus[0m [38;5;204m[telco, networking-icmpv4-connectivity-multus, networking][0m
[38;5;243m/usr/tnf/tnf-src/cnf-certification-test/networking/suite.go:70[0m
  []
  []
  [38;5;14m[SKIPPED][0m in [It] - /usr/tnf/tnf-src/cnf-certification-test/networking/suite.go:237 [38;5;243m@ 08/23/23 16:39:02.884[0m
[38;5;14mS [SKIPPED] [0.003 seconds][0m
[0mnetworking [38;5;14m[1m[It] networking-icmpv4-connectivity-multus[0m [38;5;204m[telco, networking-icmpv4-connectivity-multus, networking][0m
[38;5;243m/usr/tnf/tnf-src/cnf-certification-test/networking/suite.go:70[0m

  [38;5;14m[SKIPPED] There are no IPv4 networks to test, skipping test[0m
  [38;5;14mIn [1m[It][0m[38;5;14m at: [1m/usr/tnf/tnf-src/cnf-certification-test/networking/suite.go:237[0m [38;5;243m@ 08/23/23 16:39:02.884[0m
[38;5;243m------------------------------[0m
[0mnetworking [0m[1mnetworking-icmpv6-connectivity[0m [38;5;204m[common, networking-icmpv6-connectivity, networking][0m
[38;5;243m/usr/tnf/tnf-src/cnf-certification-test/networking/suite.go:79[0m
  []
  []
  [38;5;14m[SKIPPED][0m in [It] - /usr/tnf/tnf-src/cnf-certification-test/networking/suite.go:237 [38;5;243m@ 08/23/23 16:39:02.888[0m
[38;5;14mS [SKIPPED] [0.002 seconds][0m
[0mnetworking [38;5;14m[1m[It] networking-icmpv6-connectivity[0m [38;5;204m[common, networking-icmpv6-connectivity, networking][0m
[38;5;243m/usr/tnf/tnf-src/cnf-certification-test/networking/suite.go:79[0m

  [38;5;14m[SKIPPED] There are no IPv6 networks to test, skipping test[0m
  [38;5;14mIn [1m[It][0m[38;5;14m at: [1m/usr/tnf/tnf-src/cnf-certification-test/networking/suite.go:237[0m [38;5;243m@ 08/23/23 16:39:02.888[0m
[38;5;243m------------------------------[0m
[0mnetworking [0m[1mnetworking-icmpv6-connectivity-multus[0m [38;5;204m[telco, networking-icmpv6-connectivity-multus, networking][0m
[38;5;243m/usr/tnf/tnf-src/cnf-certification-test/networking/suite.go:88[0m
  []
  []
  [38;5;14m[SKIPPED][0m in [It] - /usr/tnf/tnf-src/cnf-certification-test/networking/suite.go:237 [38;5;243m@ 08/23/23 16:39:02.891[0m
[38;5;14mS [SKIPPED] [0.002 seconds][0m
[0mnetworking [38;5;14m[1m[It] networking-icmpv6-connectivity-multus[0m [38;5;204m[telco, networking-icmpv6-connectivity-multus, networking][0m
[38;5;243m/usr/tnf/tnf-src/cnf-certification-test/networking/suite.go:88[0m

  [38;5;14m[SKIPPED] There are no IPv6 networks to test, skipping test[0m
  [38;5;14mIn [1m[It][0m[38;5;14m at: [1m/usr/tnf/tnf-src/cnf-certification-test/networking/suite.go:237[0m [38;5;243m@ 08/23/23 16:39:02.891[0m
[38;5;243m------------------------------[0m
[0mnetworking [0m[1mnetworking-undeclared-container-ports-usage[0m [38;5;204m[extended, networking-undeclared-container-ports-usage, networking][0m
[38;5;243m/usr/tnf/tnf-src/cnf-certification-test/networking/suite.go:97[0m
  pod: 31016e1b8d56e49130ef8a9610223142c0410b41c7e099d5fa08289afa99306 ns: test is listening on port 6060 protocol TCP, but that port was not declared in any container spec.
  pod: 667ef8d640391c34ac20562b91a1f723005673d96e54a6ba1d178fa2fa73a32 ns: test is listening on port 6060 protocol TCP, but that port was not declared in any container spec.
  pod: a8c060444aa8e89dfbd90d61d6ec3900ab4d6634f6aa8067face1e6974b9065 ns: test is listening on port 6060 protocol TCP, but that port was not declared in any container spec.
  pod: csi-addons-controller-manager-5845fc8c67-ljlgf ns: test is listening on port 8080 protocol TCP, but that port was not declared in any container spec.
  pod: csi-addons-controller-manager-5845fc8c67-ljlgf ns: test is listening on port 8081 protocol TCP, but that port was not declared in any container spec.
  pod: security-profiles-operator-webhook-d844fd745-2vvs5 ns: test is listening on port 8080 protocol TCP, but that port was not declared in any container spec.
  pod: security-profiles-operator-webhook-d844fd745-6ngkl ns: test is listening on port 8080 protocol TCP, but that port was not declared in any container spec.
  pod: security-profiles-operator-webhook-d844fd745-hvr8w ns: test is listening on port 8080 protocol TCP, but that port was not declared in any container spec.
  {"CompliantObjectsOut":[{"ObjectType":"Listening Port","ObjectFieldsKeys":["Reason For Compliance","Namespace","Pod Name","Port Number","Port Protocol"],"ObjectFieldsValues":["Listening port was declared in container spec","test","31016e1b8d56e49130ef8a9610223142c0410b41c7e099d5fa08289afa99306","50051","TCP"]},{"ObjectType":"Listening Port","ObjectFieldsKeys":["Reason For Compliance","Namespace","Pod Name","Port Number","Port Protocol"],"ObjectFieldsValues":["Listening port was declared in container spec","test","667ef8d640391c34ac20562b91a1f723005673d96e54a6ba1d178fa2fa73a32","50051","TCP"]},{"ObjectType":"Listening Port","ObjectFieldsKeys":["Reason For Compliance","Namespace","Pod Name","Port Number","Port Protocol"],"ObjectFieldsValues":["Listening port was declared in container spec","test","a8c060444aa8e89dfbd90d61d6ec3900ab4d6634f6aa8067face1e6974b9065","50051","TCP"]},{"ObjectType":"Listening Port","ObjectFieldsKeys":["Reason For Compliance","Namespace","Pod Name","Port Number","Port Protocol"],"ObjectFieldsValues":["Listening port was declared in container spec","test","address-space-controller-56c797f9ff-8g8xm","8080","TCP"]},{"ObjectType":"Pod","ObjectFieldsKeys":["Reason For Compliance","Namespace","Pod Name"],"ObjectFieldsValues":["All listening were declared in containers specs","test","address-space-controller-56c797f9ff-8g8xm"]},{"ObjectType":"Listening Port","ObjectFieldsKeys":["Reason For Compliance","Namespace","Pod Name","Port Number","Port Protocol"],"ObjectFieldsValues":["Listening port was declared in container spec","test","csi-addons-controller-manager-5845fc8c67-ljlgf","9443","TCP"]},{"ObjectType":"Listening Port","ObjectFieldsKeys":["Reason For Compliance","Namespace","Pod Name","Port Number","Port Protocol"],"ObjectFieldsValues":["Listening port was declared in container spec","test","csi-addons-controller-manager-5845fc8c67-ljlgf","8443","TCP"]},{"ObjectType":"Listening Port","ObjectFieldsKeys":["Reason For Compliance","Namespace","Pod Name","Port Number","Port Protocol"],"ObjectFieldsValues":["Listening port was declared in container spec","test","security-profiles-operator-webhook-d844fd745-2vvs5","9443","TCP"]},{"ObjectType":"Listening Port","ObjectFieldsKeys":["Reason For Compliance","Namespace","Pod Name","Port Number","Port Protocol"],"ObjectFieldsValues":["Listening port was declared in container spec","test","security-profiles-operator-webhook-d844fd745-6ngkl","9443","TCP"]},{"ObjectType":"Listening Port","ObjectFieldsKeys":["Reason For Compliance","Namespace","Pod Name","Port Number","Port Protocol"],"ObjectFieldsValues":["Listening port was declared in container spec","test","security-profiles-operator-webhook-d844fd745-hvr8w","9443","TCP"]}],"NonCompliantObjectsOut":[{"ObjectType":"Listening Port","ObjectFieldsKeys":["Reason For Non Compliance","Namespace","Pod Name","Port Number","Port Protocol"],"ObjectFieldsValues":["Listening port was declared in no container spec","test","31016e1b8d56e49130ef8a9610223142c0410b41c7e099d5fa08289afa99306","6060","TCP"]},{"ObjectType":"Pod","ObjectFieldsKeys":["Reason For Non Compliance","Namespace","Pod Name"],"ObjectFieldsValues":["At least one port was listening but not declared in any container specs","test","31016e1b8d56e49130ef8a9610223142c0410b41c7e099d5fa08289afa99306"]},{"ObjectType":"Listening Port","ObjectFieldsKeys":["Reason For Non Compliance","Namespace","Pod Name","Port Number","Port Protocol"],"ObjectFieldsValues":["Listening port was declared in no container spec","test","667ef8d640391c34ac20562b91a1f723005673d96e54a6ba1d178fa2fa73a32","6060","TCP"]},{"ObjectType":"Pod","ObjectFieldsKeys":["Reason For Non Compliance","Namespace","Pod Name"],"ObjectFieldsValues":["At least one port was listening but not declared in any container specs","test","667ef8d640391c34ac20562b91a1f723005673d96e54a6ba1d178fa2fa73a32"]},{"ObjectType":"Listening Port","ObjectFieldsKeys":["Reason For Non Compliance","Namespace","Pod Name","Port Number","Port Protocol"],"ObjectFieldsValues":["Listening port was declared in no container spec","test","a8c060444aa8e89dfbd90d61d6ec3900ab4d6634f6aa8067face1e6974b9065","6060","TCP"]},{"ObjectType":"Pod","ObjectFieldsKeys":["Reason For Non Compliance","Namespace","Pod Name"],"ObjectFieldsValues":["At least one port was listening but not declared in any container specs","test","a8c060444aa8e89dfbd90d61d6ec3900ab4d6634f6aa8067face1e6974b9065"]},{"ObjectType":"Listening Port","ObjectFieldsKeys":["Reason For Non Compliance","Namespace","Pod Name","Port Number","Port Protocol"],"ObjectFieldsValues":["Listening port was declared in no container spec","test","csi-addons-controller-manager-5845fc8c67-ljlgf","8080","TCP"]},{"ObjectType":"Listening Port","ObjectFieldsKeys":["Reason For Non Compliance","Namespace","Pod Name","Port Number","Port Protocol"],"ObjectFieldsValues":["Listening port was declared in no container spec","test","csi-addons-controller-manager-5845fc8c67-ljlgf","8081","TCP"]},{"ObjectType":"Pod","ObjectFieldsKeys":["Reason For Non Compliance","Namespace","Pod Name"],"ObjectFieldsValues":["At least one port was listening but not declared in any container specs","test","csi-addons-controller-manager-5845fc8c67-ljlgf"]},{"ObjectType":"Listening Port","ObjectFieldsKeys":["Reason For Non Compliance","Namespace","Pod Name","Port Number","Port Protocol"],"ObjectFieldsValues":["Listening port was declared in no container spec","test","security-profiles-operator-webhook-d844fd745-2vvs5","8080","TCP"]},{"ObjectType":"Pod","ObjectFieldsKeys":["Reason For Non Compliance","Namespace","Pod Name"],"ObjectFieldsValues":["At least one port was listening but not declared in any container specs","test","security-profiles-operator-webhook-d844fd745-2vvs5"]},{"ObjectType":"Listening Port","ObjectFieldsKeys":["Reason For Non Compliance","Namespace","Pod Name","Port Number","Port Protocol"],"ObjectFieldsValues":["Listening port was declared in no container spec","test","security-profiles-operator-webhook-d844fd745-6ngkl","8080","TCP"]},{"ObjectType":"Pod","ObjectFieldsKeys":["Reason For Non Compliance","Namespace","Pod Name"],"ObjectFieldsValues":["At least one port was listening but not declared in any container specs","test","security-profiles-operator-webhook-d844fd745-6ngkl"]},{"ObjectType":"Listening Port","ObjectFieldsKeys":["Reason For Non Compliance","Namespace","Pod Name","Port Number","Port Protocol"],"ObjectFieldsValues":["Listening port was declared in no container spec","test","security-profiles-operator-webhook-d844fd745-hvr8w","8080","TCP"]},{"ObjectType":"Pod","ObjectFieldsKeys":["Reason For Non Compliance","Namespace","Pod Name"],"ObjectFieldsValues":["At least one port was listening but not declared in any container specs","test","security-profiles-operator-webhook-d844fd745-hvr8w"]}]}
  [38;5;9m[FAILED][0m in [It] - /usr/tnf/tnf-src/pkg/testhelper/testhelper.go:358 [38;5;243m@ 08/23/23 16:39:08.237[0m
[38;5;9m• [FAILED] [5.345 seconds][0m
[0mnetworking [38;5;9m[1m[It] networking-undeclared-container-ports-usage[0m [38;5;204m[extended, networking-undeclared-container-ports-usage, networking][0m
[38;5;243m/usr/tnf/tnf-src/cnf-certification-test/networking/suite.go:97[0m

  [38;5;9m[FAILED] {"CompliantObjectsOut":[{"ObjectType":"Listening Port","ObjectFieldsKeys":["Reason For Compliance","Namespace","Pod Name","Port Number","Port Protocol"],"ObjectFieldsValues":["Listening port was declared in container spec","test","31016e1b8d56e49130ef8a9610223142c0410b41c7e099d5fa08289afa99306","50051","TCP"]},{"ObjectType":"Listening Port","ObjectFieldsKeys":["Reason For Compliance","Namespace","Pod Name","Port Number","Port Protocol"],"ObjectFieldsValues":["Listening port was declared in container spec","test","667ef8d640391c34ac20562b91a1f723005673d96e54a6ba1d178fa2fa73a32","50051","TCP"]},{"ObjectType":"Listening Port","ObjectFieldsKeys":["Reason For Compliance","Namespace","Pod Name","Port Number","Port Protocol"],"ObjectFieldsValues":["Listening port was declared in container spec","test","a8c060444aa8e89dfbd90d61d6ec3900ab4d6634f6aa8067face1e6974b9065","50051","TCP"]},{"ObjectType":"Listening Port","ObjectFieldsKeys":["Reason For Compliance","Namespace","Pod Name","Port Number","Port Protocol"],"ObjectFieldsValues":["Listening port was declared in container spec","test","address-space-controller-56c797f9ff-8g8xm","8080","TCP"]},{"ObjectType":"Pod","ObjectFieldsKeys":["Reason For Compliance","Namespace","Pod Name"],"ObjectFieldsValues":["All listening were declared in containers specs","test","address-space-controller-56c797f9ff-8g8xm"]},{"ObjectType":"Listening Port","ObjectFieldsKeys":["Reason For Compliance","Namespace","Pod Name","Port Number","Port Protocol"],"ObjectFieldsValues":["Listening port was declared in container spec","test","csi-addons-controller-manager-5845fc8c67-ljlgf","9443","TCP"]},{"ObjectType":"Listening Port","ObjectFieldsKeys":["Reason For Compliance","Namespace","Pod Name","Port Number","Port Protocol"],"ObjectFieldsValues":["Listening port was declared in container spec","test","csi-addons-controller-manager-5845fc8c67-ljlgf","8443","TCP"]},{"ObjectType":"Listening Port","ObjectFieldsKeys":["Reason For Compliance","Namespace","Pod Name","Port Number","Port Protocol"],"ObjectFieldsValues":["Listening port was declared in container spec","test","security-profiles-operator-webhook-d844fd745-2vvs5","9443","TCP"]},{"ObjectType":"Listening Port","ObjectFieldsKeys":["Reason For Compliance","Namespace","Pod Name","Port Number","Port Protocol"],"ObjectFieldsValues":["Listening port was declared in container spec","test","security-profiles-operator-webhook-d844fd745-6ngkl","9443","TCP"]},{"ObjectType":"Listening Port","ObjectFieldsKeys":["Reason For Compliance","Namespace","Pod Name","Port Number","Port Protocol"],"ObjectFieldsValues":["Listening port was declared in container spec","test","security-profiles-operator-webhook-d844fd745-hvr8w","9443","TCP"]}],"NonCompliantObjectsOut":[{"ObjectType":"Listening Port","ObjectFieldsKeys":["Reason For Non Compliance","Namespace","Pod Name","Port Number","Port Protocol"],"ObjectFieldsValues":["Listening port was declared in no container spec","test","31016e1b8d56e49130ef8a9610223142c0410b41c7e099d5fa08289afa99306","6060","TCP"]},{"ObjectType":"Pod","ObjectFieldsKeys":["Reason For Non Compliance","Namespace","Pod Name"],"ObjectFieldsValues":["At least one port was listening but not declared in any container specs","test","31016e1b8d56e49130ef8a9610223142c0410b41c7e099d5fa08289afa99306"]},{"ObjectType":"Listening Port","ObjectFieldsKeys":["Reason For Non Compliance","Namespace","Pod Name","Port Number","Port Protocol"],"ObjectFieldsValues":["Listening port was declared in no container spec","test","667ef8d640391c34ac20562b91a1f723005673d96e54a6ba1d178fa2fa73a32","6060","TCP"]},{"ObjectType":"Pod","ObjectFieldsKeys":["Reason For Non Compliance","Namespace","Pod Name"],"ObjectFieldsValues":["At least one port was listening but not declared in any container specs","test","667ef8d640391c34ac20562b91a1f723005673d96e54a6ba1d178fa2fa73a32"]},{"ObjectType":"Listening Port","ObjectFieldsKeys":["Reason For Non Compliance","Namespace","Pod Name","Port Number","Port Protocol"],"ObjectFieldsValues":["Listening port was declared in no container spec","test","a8c060444aa8e89dfbd90d61d6ec3900ab4d6634f6aa8067face1e6974b9065","6060","TCP"]},{"ObjectType":"Pod","ObjectFieldsKeys":["Reason For Non Compliance","Namespace","Pod Name"],"ObjectFieldsValues":["At least one port was listening but not declared in any container specs","test","a8c060444aa8e89dfbd90d61d6ec3900ab4d6634f6aa8067face1e6974b9065"]},{"ObjectType":"Listening Port","ObjectFieldsKeys":["Reason For Non Compliance","Namespace","Pod Name","Port Number","Port Protocol"],"ObjectFieldsValues":["Listening port was declared in no container spec","test","csi-addons-controller-manager-5845fc8c67-ljlgf","8080","TCP"]},{"ObjectType":"Listening Port","ObjectFieldsKeys":["Reason For Non Compliance","Namespace","Pod Name","Port Number","Port Protocol"],"ObjectFieldsValues":["Listening port was declared in no container spec","test","csi-addons-controller-manager-5845fc8c67-ljlgf","8081","TCP"]},{"ObjectType":"Pod","ObjectFieldsKeys":["Reason For Non Compliance","Namespace","Pod Name"],"ObjectFieldsValues":["At least one port was listening but not declared in any container specs","test","csi-addons-controller-manager-5845fc8c67-ljlgf"]},{"ObjectType":"Listening Port","ObjectFieldsKeys":["Reason For Non Compliance","Namespace","Pod Name","Port Number","Port Protocol"],"ObjectFieldsValues":["Listening port was declared in no container spec","test","security-profiles-operator-webhook-d844fd745-2vvs5","8080","TCP"]},{"ObjectType":"Pod","ObjectFieldsKeys":["Reason For Non Compliance","Namespace","Pod Name"],"ObjectFieldsValues":["At least one port was listening but not declared in any container specs","test","security-profiles-operator-webhook-d844fd745-2vvs5"]},{"ObjectType":"Listening Port","ObjectFieldsKeys":["Reason For Non Compliance","Namespace","Pod Name","Port Number","Port Protocol"],"ObjectFieldsValues":["Listening port was declared in no container spec","test","security-profiles-operator-webhook-d844fd745-6ngkl","8080","TCP"]},{"ObjectType":"Pod","ObjectFieldsKeys":["Reason For Non Compliance","Namespace","Pod Name"],"ObjectFieldsValues":["At least one port was listening but not declared in any container specs","test","security-profiles-operator-webhook-d844fd745-6ngkl"]},{"ObjectType":"Listening Port","ObjectFieldsKeys":["Reason For Non Compliance","Namespace","Pod Name","Port Number","Port Protocol"],"ObjectFieldsValues":["Listening port was declared in no container spec","test","security-profiles-operator-webhook-d844fd745-hvr8w","8080","TCP"]},{"ObjectType":"Pod","ObjectFieldsKeys":["Reason For Non Compliance","Namespace","Pod Name"],"ObjectFieldsValues":["At least one port was listening but not declared in any container specs","test","security-profiles-operator-webhook-d844fd745-hvr8w"]}]}[0m
  [38;5;9mIn [1m[It][0m[38;5;9m at: [1m/usr/tnf/tnf-src/pkg/testhelper/testhelper.go:358[0m [38;5;243m@ 08/23/23 16:39:08.237[0m
[38;5;243m------------------------------[0m
[0mnetworking [0m[1mnetworking-ocp-reserved-ports-usage[0m [38;5;204m[common, networking-ocp-reserved-ports-usage, networking][0m
[38;5;243m/usr/tnf/tnf-src/cnf-certification-test/networking/suite.go:105[0m
  {"CompliantObjectsOut":[{"ObjectType":"Declared Port","ObjectFieldsKeys":["Reason For Compliance","Namespace","Pod Name","Container Name","Port Number","Port Protocol"],"ObjectFieldsValues":["Container does not declare OCP reserved port in map[22623:true 22624:true]","test","31016e1b8d56e49130ef8a9610223142c0410b41c7e099d5fa08289afa99306","registry-grpc","50051","TCP"]},{"ObjectType":"Listening Port","ObjectFieldsKeys":["Reason For Compliance","Namespace","Pod Name","Port Number","Port Protocol"],"ObjectFieldsValues":["Pod Listens to port not in OCP reserved port map[22623:true 22624:true]","test","31016e1b8d56e49130ef8a9610223142c0410b41c7e099d5fa08289afa99306","6060","TCP"]},{"ObjectType":"Listening Port","ObjectFieldsKeys":["Reason For Compliance","Namespace","Pod Name","Port Number","Port Protocol"],"ObjectFieldsValues":["Pod Listens to port not in OCP reserved port map[22623:true 22624:true]","test","31016e1b8d56e49130ef8a9610223142c0410b41c7e099d5fa08289afa99306","50051","TCP"]},{"ObjectType":"Pod","ObjectFieldsKeys":["Reason For Compliance","Namespace","Pod Name"],"ObjectFieldsValues":["Pod does not listen to or declare any OCP reserved port in map[22623:true 22624:true]","test","31016e1b8d56e49130ef8a9610223142c0410b41c7e099d5fa08289afa99306"]},{"ObjectType":"Declared Port","ObjectFieldsKeys":["Reason For Compliance","Namespace","Pod Name","Container Name","Port Number","Port Protocol"],"ObjectFieldsValues":["Container does not declare OCP reserved port in map[22623:true 22624:true]","test","667ef8d640391c34ac20562b91a1f723005673d96e54a6ba1d178fa2fa73a32","registry-grpc","50051","TCP"]},{"ObjectType":"Listening Port","ObjectFieldsKeys":["Reason For Compliance","Namespace","Pod Name","Port Number","Port Protocol"],"ObjectFieldsValues":["Pod Listens to port not in OCP reserved port map[22623:true 22624:true]","test","667ef8d640391c34ac20562b91a1f723005673d96e54a6ba1d178fa2fa73a32","6060","TCP"]},{"ObjectType":"Listening Port","ObjectFieldsKeys":["Reason For Compliance","Namespace","Pod Name","Port Number","Port Protocol"],"ObjectFieldsValues":["Pod Listens to port not in OCP reserved port map[22623:true 22624:true]","test","667ef8d640391c34ac20562b91a1f723005673d96e54a6ba1d178fa2fa73a32","50051","TCP"]},{"ObjectType":"Pod","ObjectFieldsKeys":["Reason For Compliance","Namespace","Pod Name"],"ObjectFieldsValues":["Pod does not listen to or declare any OCP reserved port in map[22623:true 22624:true]","test","667ef8d640391c34ac20562b91a1f723005673d96e54a6ba1d178fa2fa73a32"]},{"ObjectType":"Declared Port","ObjectFieldsKeys":["Reason For Compliance","Namespace","Pod Name","Container Name","Port Number","Port Protocol"],"ObjectFieldsValues":["Container does not declare OCP reserved port in map[22623:true 22624:true]","test","a8c060444aa8e89dfbd90d61d6ec3900ab4d6634f6aa8067face1e6974b9065","registry-grpc","50051","TCP"]},{"ObjectType":"Listening Port","ObjectFieldsKeys":["Reason For Compliance","Namespace","Pod Name","Port Number","Port Protocol"],"ObjectFieldsValues":["Pod Listens to port not in OCP reserved port map[22623:true 22624:true]","test","a8c060444aa8e89dfbd90d61d6ec3900ab4d6634f6aa8067face1e6974b9065","50051","TCP"]},{"ObjectType":"Listening Port","ObjectFieldsKeys":["Reason For Compliance","Namespace","Pod Name","Port Number","Port Protocol"],"ObjectFieldsValues":["Pod Listens to port not in OCP reserved port map[22623:true 22624:true]","test","a8c060444aa8e89dfbd90d61d6ec3900ab4d6634f6aa8067face1e6974b9065","6060","TCP"]},{"ObjectType":"Pod","ObjectFieldsKeys":["Reason For Compliance","Namespace","Pod Name"],"ObjectFieldsValues":["Pod does not listen to or declare any OCP reserved port in map[22623:true 22624:true]","test","a8c060444aa8e89dfbd90d61d6ec3900ab4d6634f6aa8067face1e6974b9065"]},{"ObjectType":"Declared Port","ObjectFieldsKeys":["Reason For Compliance","Namespace","Pod Name","Container Name","Port Number","Port Protocol"],"ObjectFieldsValues":["Container does not declare OCP reserved port in map[22623:true 22624:true]","test","address-space-controller-56c797f9ff-8g8xm","address-space-controller","8080","TCP"]},{"ObjectType":"Listening Port","ObjectFieldsKeys":["Reason For Compliance","Namespace","Pod Name","Port Number","Port Protocol"],"ObjectFieldsValues":["Pod Listens to port not in OCP reserved port map[22623:true 22624:true]","test","address-space-controller-56c797f9ff-8g8xm","8080","TCP"]},{"ObjectType":"Pod","ObjectFieldsKeys":["Reason For Compliance","Namespace","Pod Name"],"ObjectFieldsValues":["Pod does not listen to or declare any OCP reserved port in map[22623:true 22624:true]","test","address-space-controller-56c797f9ff-8g8xm"]},{"ObjectType":"Declared Port","ObjectFieldsKeys":["Reason For Compliance","Namespace","Pod Name","Container Name","Port Number","Port Protocol"],"ObjectFieldsValues":["Container does not declare OCP reserved port in map[22623:true 22624:true]","test","csi-addons-controller-manager-5845fc8c67-ljlgf","manager","9443","TCP"]},{"ObjectType":"Declared Port","ObjectFieldsKeys":["Reason For Compliance","Namespace","Pod Name","Container Name","Port Number","Port Protocol"],"ObjectFieldsValues":["Container does not declare OCP reserved port in map[22623:true 22624:true]","test","csi-addons-controller-manager-5845fc8c67-ljlgf","kube-rbac-proxy","8443","TCP"]},{"ObjectType":"Listening Port","ObjectFieldsKeys":["Reason For Compliance","Namespace","Pod Name","Port Number","Port Protocol"],"ObjectFieldsValues":["Pod Listens to port not in OCP reserved port map[22623:true 22624:true]","test","csi-addons-controller-manager-5845fc8c67-ljlgf","8080","TCP"]},{"ObjectType":"Listening Port","ObjectFieldsKeys":["Reason For Compliance","Namespace","Pod Name","Port Number","Port Protocol"],"ObjectFieldsValues":["Pod Listens to port not in OCP reserved port map[22623:true 22624:true]","test","csi-addons-controller-manager-5845fc8c67-ljlgf","9443","TCP"]},{"ObjectType":"Listening Port","ObjectFieldsKeys":["Reason For Compliance","Namespace","Pod Name","Port Number","Port Protocol"],"ObjectFieldsValues":["Pod Listens to port not in OCP reserved port map[22623:true 22624:true]","test","csi-addons-controller-manager-5845fc8c67-ljlgf","8443","TCP"]},{"ObjectType":"Listening Port","ObjectFieldsKeys":["Reason For Compliance","Namespace","Pod Name","Port Number","Port Protocol"],"ObjectFieldsValues":["Pod Listens to port not in OCP reserved port map[22623:true 22624:true]","test","csi-addons-controller-manager-5845fc8c67-ljlgf","8081","TCP"]},{"ObjectType":"Pod","ObjectFieldsKeys":["Reason For Compliance","Namespace","Pod Name"],"ObjectFieldsValues":["Pod does not listen to or declare any OCP reserved port in map[22623:true 22624:true]","test","csi-addons-controller-manager-5845fc8c67-ljlgf"]},{"ObjectType":"Declared Port","ObjectFieldsKeys":["Reason For Compliance","Namespace","Pod Name","Container Name","Port Number","Port Protocol"],"ObjectFieldsValues":["Container does not declare OCP reserved port in map[22623:true 22624:true]","test","security-profiles-operator-webhook-d844fd745-2vvs5","security-profiles-operator","9443","TCP"]},{"ObjectType":"Listening Port","ObjectFieldsKeys":["Reason For Compliance","Namespace","Pod Name","Port Number","Port Protocol"],"ObjectFieldsValues":["Pod Listens to port not in OCP reserved port map[22623:true 22624:true]","test","security-profiles-operator-webhook-d844fd745-2vvs5","9443","TCP"]},{"ObjectType":"Listening Port","ObjectFieldsKeys":["Reason For Compliance","Namespace","Pod Name","Port Number","Port Protocol"],"ObjectFieldsValues":["Pod Listens to port not in OCP reserved port map[22623:true 22624:true]","test","security-profiles-operator-webhook-d844fd745-2vvs5","8080","TCP"]},{"ObjectType":"Pod","ObjectFieldsKeys":["Reason For Compliance","Namespace","Pod Name"],"ObjectFieldsValues":["Pod does not listen to or declare any OCP reserved port in map[22623:true 22624:true]","test","security-profiles-operator-webhook-d844fd745-2vvs5"]},{"ObjectType":"Declared Port","ObjectFieldsKeys":["Reason For Compliance","Namespace","Pod Name","Container Name","Port Number","Port Protocol"],"ObjectFieldsValues":["Container does not declare OCP reserved port in map[22623:true 22624:true]","test","security-profiles-operator-webhook-d844fd745-6ngkl","security-profiles-operator","9443","TCP"]},{"ObjectType":"Listening Port","ObjectFieldsKeys":["Reason For Compliance","Namespace","Pod Name","Port Number","Port Protocol"],"ObjectFieldsValues":["Pod Listens to port not in OCP reserved port map[22623:true 22624:true]","test","security-profiles-operator-webhook-d844fd745-6ngkl","8080","TCP"]},{"ObjectType":"Listening Port","ObjectFieldsKeys":["Reason For Compliance","Namespace","Pod Name","Port Number","Port Protocol"],"ObjectFieldsValues":["Pod Listens to port not in OCP reserved port map[22623:true 22624:true]","test","security-profiles-operator-webhook-d844fd745-6ngkl","9443","TCP"]},{"ObjectType":"Pod","ObjectFieldsKeys":["Reason For Compliance","Namespace","Pod Name"],"ObjectFieldsValues":["Pod does not listen to or declare any OCP reserved port in map[22623:true 22624:true]","test","security-profiles-operator-webhook-d844fd745-6ngkl"]},{"ObjectType":"Declared Port","ObjectFieldsKeys":["Reason For Compliance","Namespace","Pod Name","Container Name","Port Number","Port Protocol"],"ObjectFieldsValues":["Container does not declare OCP reserved port in map[22623:true 22624:true]","test","security-profiles-operator-webhook-d844fd745-hvr8w","security-profiles-operator","9443","TCP"]},{"ObjectType":"Listening Port","ObjectFieldsKeys":["Reason For Compliance","Namespace","Pod Name","Port Number","Port Protocol"],"ObjectFieldsValues":["Pod Listens to port not in OCP reserved port map[22623:true 22624:true]","test","security-profiles-operator-webhook-d844fd745-hvr8w","8080","TCP"]},{"ObjectType":"Listening Port","ObjectFieldsKeys":["Reason For Compliance","Namespace","Pod Name","Port Number","Port Protocol"],"ObjectFieldsValues":["Pod Listens to port not in OCP reserved port map[22623:true 22624:true]","test","security-profiles-operator-webhook-d844fd745-hvr8w","9443","TCP"]},{"ObjectType":"Pod","ObjectFieldsKeys":["Reason For Compliance","Namespace","Pod Name"],"ObjectFieldsValues":["Pod does not listen to or declare any OCP reserved port in map[22623:true 22624:true]","test","security-profiles-operator-webhook-d844fd745-hvr8w"]}],"NonCompliantObjectsOut":null}
[38;5;10m• [5.332 seconds][0m
[38;5;243m------------------------------[0m
[0mnetworking [0m[1mnetworking-dual-stack-service[0m [38;5;204m[extended, networking-dual-stack-service, networking][0m
[38;5;243m/usr/tnf/tnf-src/cnf-certification-test/networking/suite.go:113[0m
  [1mSTEP:[0m Testing services (should be either single stack ipv6 or dual-stack) [38;5;243m@ 08/23/23 16:39:13.573[0m
  {"CompliantObjectsOut":null,"NonCompliantObjectsOut":[{"ObjectType":"Service","ObjectFieldsKeys":["Reason For Non Compliance","Namespace","Service Name","Service IP Version"],"ObjectFieldsValues":["Service supports only IPv4","test","address-space-controller","IPv4"]},{"ObjectType":"Service","ObjectFieldsKeys":["Reason For Non Compliance","Namespace","Service Name","Service IP Version"],"ObjectFieldsValues":["Service supports only IPv4","test","csi-addons-controller-manager-metrics-service","IPv4"]},{"ObjectType":"Service","ObjectFieldsKeys":["Reason For Non Compliance","Namespace","Service Name","Service IP Version"],"ObjectFieldsValues":["Service supports only IPv4","test","csi-addons-controller-manager-service","IPv4"]},{"ObjectType":"Service","ObjectFieldsKeys":["Reason For Non Compliance","Namespace","Service Name","Service IP Version"],"ObjectFieldsValues":["Service supports only IPv4","test","csi-addons-webhook-service","IPv4"]},{"ObjectType":"Service","ObjectFieldsKeys":["Reason For Non Compliance","Namespace","Service Name","Service IP Version"],"ObjectFieldsValues":["Service supports only IPv4","test","loki-operator-controller-manager-metrics-service","IPv4"]},{"ObjectType":"Service","ObjectFieldsKeys":["Reason For Non Compliance","Namespace","Service Name","Service IP Version"],"ObjectFieldsValues":["Service supports only IPv4","test","loki-operator-webhook-service","IPv4"]},{"ObjectType":"Service","ObjectFieldsKeys":["Reason For Non Compliance","Namespace","Service Name","Service IP Version"],"ObjectFieldsValues":["Service supports only IPv4","test","metrics","IPv4"]},{"ObjectType":"Service","ObjectFieldsKeys":["Reason For Non Compliance","Namespace","Service Name","Service IP Version"],"ObjectFieldsValues":["Service supports only IPv4","test","submariner-operator-metrics","IPv4"]}]}
  [38;5;9m[FAILED][0m in [It] - /usr/tnf/tnf-src/pkg/testhelper/testhelper.go:358 [38;5;243m@ 08/23/23 16:39:13.576[0m
[38;5;9m• [FAILED] [0.005 seconds][0m
[0mnetworking [38;5;9m[1m[It] networking-dual-stack-service[0m [38;5;204m[extended, networking-dual-stack-service, networking][0m
[38;5;243m/usr/tnf/tnf-src/cnf-certification-test/networking/suite.go:113[0m

  [38;5;9m[FAILED] {"CompliantObjectsOut":null,"NonCompliantObjectsOut":[{"ObjectType":"Service","ObjectFieldsKeys":["Reason For Non Compliance","Namespace","Service Name","Service IP Version"],"ObjectFieldsValues":["Service supports only IPv4","test","address-space-controller","IPv4"]},{"ObjectType":"Service","ObjectFieldsKeys":["Reason For Non Compliance","Namespace","Service Name","Service IP Version"],"ObjectFieldsValues":["Service supports only IPv4","test","csi-addons-controller-manager-metrics-service","IPv4"]},{"ObjectType":"Service","ObjectFieldsKeys":["Reason For Non Compliance","Namespace","Service Name","Service IP Version"],"ObjectFieldsValues":["Service supports only IPv4","test","csi-addons-controller-manager-service","IPv4"]},{"ObjectType":"Service","ObjectFieldsKeys":["Reason For Non Compliance","Namespace","Service Name","Service IP Version"],"ObjectFieldsValues":["Service supports only IPv4","test","csi-addons-webhook-service","IPv4"]},{"ObjectType":"Service","ObjectFieldsKeys":["Reason For Non Compliance","Namespace","Service Name","Service IP Version"],"ObjectFieldsValues":["Service supports only IPv4","test","loki-operator-controller-manager-metrics-service","IPv4"]},{"ObjectType":"Service","ObjectFieldsKeys":["Reason For Non Compliance","Namespace","Service Name","Service IP Version"],"ObjectFieldsValues":["Service supports only IPv4","test","loki-operator-webhook-service","IPv4"]},{"ObjectType":"Service","ObjectFieldsKeys":["Reason For Non Compliance","Namespace","Service Name","Service IP Version"],"ObjectFieldsValues":["Service supports only IPv4","test","metrics","IPv4"]},{"ObjectType":"Service","ObjectFieldsKeys":["Reason For Non Compliance","Namespace","Service Name","Service IP Version"],"ObjectFieldsValues":["Service supports only IPv4","test","submariner-operator-metrics","IPv4"]}]}[0m
  [38;5;9mIn [1m[It][0m[38;5;9m at: [1m/usr/tnf/tnf-src/pkg/testhelper/testhelper.go:358[0m [38;5;243m@ 08/23/23 16:39:13.576[0m
[38;5;243m------------------------------[0m
[0mnetworking [0m[1mnetworking-network-policy-deny-all[0m [38;5;204m[common, networking-network-policy-deny-all, networking][0m
[38;5;243m/usr/tnf/tnf-src/cnf-certification-test/networking/suite.go:118[0m
  [1mSTEP:[0m Test for Deny All in network policies [38;5;243m@ 08/23/23 16:39:13.578[0m
  31016e1b8d56e49130ef8a9610223142c0410b41c7e099d5fa08289afa99306 was found to not have a default ingress deny-all network policy.
  31016e1b8d56e49130ef8a9610223142c0410b41c7e099d5fa08289afa99306 was found to not have a default egress deny-all network policy.
  667ef8d640391c34ac20562b91a1f723005673d96e54a6ba1d178fa2fa73a32 was found to not have a default ingress deny-all network policy.
  667ef8d640391c34ac20562b91a1f723005673d96e54a6ba1d178fa2fa73a32 was found to not have a default egress deny-all network policy.
  a8c060444aa8e89dfbd90d61d6ec3900ab4d6634f6aa8067face1e6974b9065 was found to not have a default ingress deny-all network policy.
  a8c060444aa8e89dfbd90d61d6ec3900ab4d6634f6aa8067face1e6974b9065 was found to not have a default egress deny-all network policy.
  address-space-controller-56c797f9ff-8g8xm was found to not have a default ingress deny-all network policy.
  address-space-controller-56c797f9ff-8g8xm was found to not have a default egress deny-all network policy.
  csi-addons-controller-manager-5845fc8c67-ljlgf was found to not have a default ingress deny-all network policy.
  csi-addons-controller-manager-5845fc8c67-ljlgf was found to not have a default egress deny-all network policy.
  security-profiles-operator-webhook-d844fd745-2vvs5 was found to not have a default ingress deny-all network policy.
  security-profiles-operator-webhook-d844fd745-2vvs5 was found to not have a default egress deny-all network policy.
  security-profiles-operator-webhook-d844fd745-6ngkl was found to not have a default ingress deny-all network policy.
  security-profiles-operator-webhook-d844fd745-6ngkl was found to not have a default egress deny-all network policy.
  security-profiles-operator-webhook-d844fd745-hvr8w was found to not have a default ingress deny-all network policy.
  security-profiles-operator-webhook-d844fd745-hvr8w was found to not have a default egress deny-all network policy.
  {"CompliantObjectsOut":null,"NonCompliantObjectsOut":[{"ObjectType":"Pod","ObjectFieldsKeys":["Reason For Non Compliance","Namespace","Pod Name"],"ObjectFieldsValues":["Pod was found to not have a default ingress deny-all network policy","test","31016e1b8d56e49130ef8a9610223142c0410b41c7e099d5fa08289afa99306"]},{"ObjectType":"Pod","ObjectFieldsKeys":["Reason For Non Compliance","Namespace","Pod Name"],"ObjectFieldsValues":["Pod was found to not have a default egress deny-all network policy","test","31016e1b8d56e49130ef8a9610223142c0410b41c7e099d5fa08289afa99306"]},{"ObjectType":"Pod","ObjectFieldsKeys":["Reason For Non Compliance","Namespace","Pod Name"],"ObjectFieldsValues":["Pod was found to not have a default ingress deny-all network policy","test","667ef8d640391c34ac20562b91a1f723005673d96e54a6ba1d178fa2fa73a32"]},{"ObjectType":"Pod","ObjectFieldsKeys":["Reason For Non Compliance","Namespace","Pod Name"],"ObjectFieldsValues":["Pod was found to not have a default egress deny-all network policy","test","667ef8d640391c34ac20562b91a1f723005673d96e54a6ba1d178fa2fa73a32"]},{"ObjectType":"Pod","ObjectFieldsKeys":["Reason For Non Compliance","Namespace","Pod Name"],"ObjectFieldsValues":["Pod was found to not have a default ingress deny-all network policy","test","a8c060444aa8e89dfbd90d61d6ec3900ab4d6634f6aa8067face1e6974b9065"]},{"ObjectType":"Pod","ObjectFieldsKeys":["Reason For Non Compliance","Namespace","Pod Name"],"ObjectFieldsValues":["Pod was found to not have a default egress deny-all network policy","test","a8c060444aa8e89dfbd90d61d6ec3900ab4d6634f6aa8067face1e6974b9065"]},{"ObjectType":"Pod","ObjectFieldsKeys":["Reason For Non Compliance","Namespace","Pod Name"],"ObjectFieldsValues":["Pod was found to not have a default ingress deny-all network policy","test","address-space-controller-56c797f9ff-8g8xm"]},{"ObjectType":"Pod","ObjectFieldsKeys":["Reason For Non Compliance","Namespace","Pod Name"],"ObjectFieldsValues":["Pod was found to not have a default egress deny-all network policy","test","address-space-controller-56c797f9ff-8g8xm"]},{"ObjectType":"Pod","ObjectFieldsKeys":["Reason For Non Compliance","Namespace","Pod Name"],"ObjectFieldsValues":["Pod was found to not have a default ingress deny-all network policy","test","csi-addons-controller-manager-5845fc8c67-ljlgf"]},{"ObjectType":"Pod","ObjectFieldsKeys":["Reason For Non Compliance","Namespace","Pod Name"],"ObjectFieldsValues":["Pod was found to not have a default egress deny-all network policy","test","csi-addons-controller-manager-5845fc8c67-ljlgf"]},{"ObjectType":"Pod","ObjectFieldsKeys":["Reason For Non Compliance","Namespace","Pod Name"],"ObjectFieldsValues":["Pod was found to not have a default ingress deny-all network policy","test","security-profiles-operator-webhook-d844fd745-2vvs5"]},{"ObjectType":"Pod","ObjectFieldsKeys":["Reason For Non Compliance","Namespace","Pod Name"],"ObjectFieldsValues":["Pod was found to not have a default egress deny-all network policy","test","security-profiles-operator-webhook-d844fd745-2vvs5"]},{"ObjectType":"Pod","ObjectFieldsKeys":["Reason For Non Compliance","Namespace","Pod Name"],"ObjectFieldsValues":["Pod was found to not have a default ingress deny-all network policy","test","security-profiles-operator-webhook-d844fd745-6ngkl"]},{"ObjectType":"Pod","ObjectFieldsKeys":["Reason For Non Compliance","Namespace","Pod Name"],"ObjectFieldsValues":["Pod was found to not have a default egress deny-all network policy","test","security-profiles-operator-webhook-d844fd745-6ngkl"]},{"ObjectType":"Pod","ObjectFieldsKeys":["Reason For Non Compliance","Namespace","Pod Name"],"ObjectFieldsValues":["Pod was found to not have a default ingress deny-all network policy","test","security-profiles-operator-webhook-d844fd745-hvr8w"]},{"ObjectType":"Pod","ObjectFieldsKeys":["Reason For Non Compliance","Namespace","Pod Name"],"ObjectFieldsValues":["Pod was found to not have a default egress deny-all network policy","test","security-profiles-operator-webhook-d844fd745-hvr8w"]}]}
  [38;5;9m[FAILED][0m in [It] - /usr/tnf/tnf-src/pkg/testhelper/testhelper.go:358 [38;5;243m@ 08/23/23 16:39:13.581[0m
[38;5;9m• [FAILED] [0.004 seconds][0m
[0mnetworking [38;5;9m[1m[It] networking-network-policy-deny-all[0m [38;5;204m[common, networking-network-policy-deny-all, networking][0m
[38;5;243m/usr/tnf/tnf-src/cnf-certification-test/networking/suite.go:118[0m

  [38;5;9m[FAILED] {"CompliantObjectsOut":null,"NonCompliantObjectsOut":[{"ObjectType":"Pod","ObjectFieldsKeys":["Reason For Non Compliance","Namespace","Pod Name"],"ObjectFieldsValues":["Pod was found to not have a default ingress deny-all network policy","test","31016e1b8d56e49130ef8a9610223142c0410b41c7e099d5fa08289afa99306"]},{"ObjectType":"Pod","ObjectFieldsKeys":["Reason For Non Compliance","Namespace","Pod Name"],"ObjectFieldsValues":["Pod was found to not have a default egress deny-all network policy","test","31016e1b8d56e49130ef8a9610223142c0410b41c7e099d5fa08289afa99306"]},{"ObjectType":"Pod","ObjectFieldsKeys":["Reason For Non Compliance","Namespace","Pod Name"],"ObjectFieldsValues":["Pod was found to not have a default ingress deny-all network policy","test","667ef8d640391c34ac20562b91a1f723005673d96e54a6ba1d178fa2fa73a32"]},{"ObjectType":"Pod","ObjectFieldsKeys":["Reason For Non Compliance","Namespace","Pod Name"],"ObjectFieldsValues":["Pod was found to not have a default egress deny-all network policy","test","667ef8d640391c34ac20562b91a1f723005673d96e54a6ba1d178fa2fa73a32"]},{"ObjectType":"Pod","ObjectFieldsKeys":["Reason For Non Compliance","Namespace","Pod Name"],"ObjectFieldsValues":["Pod was found to not have a default ingress deny-all network policy","test","a8c060444aa8e89dfbd90d61d6ec3900ab4d6634f6aa8067face1e6974b9065"]},{"ObjectType":"Pod","ObjectFieldsKeys":["Reason For Non Compliance","Namespace","Pod Name"],"ObjectFieldsValues":["Pod was found to not have a default egress deny-all network policy","test","a8c060444aa8e89dfbd90d61d6ec3900ab4d6634f6aa8067face1e6974b9065"]},{"ObjectType":"Pod","ObjectFieldsKeys":["Reason For Non Compliance","Namespace","Pod Name"],"ObjectFieldsValues":["Pod was found to not have a default ingress deny-all network policy","test","address-space-controller-56c797f9ff-8g8xm"]},{"ObjectType":"Pod","ObjectFieldsKeys":["Reason For Non Compliance","Namespace","Pod Name"],"ObjectFieldsValues":["Pod was found to not have a default egress deny-all network policy","test","address-space-controller-56c797f9ff-8g8xm"]},{"ObjectType":"Pod","ObjectFieldsKeys":["Reason For Non Compliance","Namespace","Pod Name"],"ObjectFieldsValues":["Pod was found to not have a default ingress deny-all network policy","test","csi-addons-controller-manager-5845fc8c67-ljlgf"]},{"ObjectType":"Pod","ObjectFieldsKeys":["Reason For Non Compliance","Namespace","Pod Name"],"ObjectFieldsValues":["Pod was found to not have a default egress deny-all network policy","test","csi-addons-controller-manager-5845fc8c67-ljlgf"]},{"ObjectType":"Pod","ObjectFieldsKeys":["Reason For Non Compliance","Namespace","Pod Name"],"ObjectFieldsValues":["Pod was found to not have a default ingress deny-all network policy","test","security-profiles-operator-webhook-d844fd745-2vvs5"]},{"ObjectType":"Pod","ObjectFieldsKeys":["Reason For Non Compliance","Namespace","Pod Name"],"ObjectFieldsValues":["Pod was found to not have a default egress deny-all network policy","test","security-profiles-operator-webhook-d844fd745-2vvs5"]},{"ObjectType":"Pod","ObjectFieldsKeys":["Reason For Non Compliance","Namespace","Pod Name"],"ObjectFieldsValues":["Pod was found to not have a default ingress deny-all network policy","test","security-profiles-operator-webhook-d844fd745-6ngkl"]},{"ObjectType":"Pod","ObjectFieldsKeys":["Reason For Non Compliance","Namespace","Pod Name"],"ObjectFieldsValues":["Pod was found to not have a default egress deny-all network policy","test","security-profiles-operator-webhook-d844fd745-6ngkl"]},{"ObjectType":"Pod","ObjectFieldsKeys":["Reason For Non Compliance","Namespace","Pod Name"],"ObjectFieldsValues":["Pod was found to not have a default ingress deny-all network policy","test","security-profiles-operator-webhook-d844fd745-hvr8w"]},{"ObjectType":"Pod","ObjectFieldsKeys":["Reason For Non Compliance","Namespace","Pod Name"],"ObjectFieldsValues":["Pod was found to not have a default egress deny-all network policy","test","security-profiles-operator-webhook-d844fd745-hvr8w"]}]}[0m
  [38;5;9mIn [1m[It][0m[38;5;9m at: [1m/usr/tnf/tnf-src/pkg/testhelper/testhelper.go:358[0m [38;5;243m@ 08/23/23 16:39:13.581[0m
[38;5;243m------------------------------[0m
[0mnetworking [0m[1mnetworking-reserved-partner-ports[0m [38;5;204m[extended, networking-reserved-partner-ports, networking][0m
[38;5;243m/usr/tnf/tnf-src/cnf-certification-test/networking/suite.go:123[0m
  {"CompliantObjectsOut":[{"ObjectType":"Declared Port","ObjectFieldsKeys":["Reason For Compliance","Namespace","Pod Name","Container Name","Port Number","Port Protocol"],"ObjectFieldsValues":["Container does not declare Partner reserved port in map[15000:true 15001:true 15006:true 15008:true 15014:true 15020:true 15021:true 15090:true 15443:true]","test","31016e1b8d56e49130ef8a9610223142c0410b41c7e099d5fa08289afa99306","registry-grpc","50051","TCP"]},{"ObjectType":"Listening Port","ObjectFieldsKeys":["Reason For Compliance","Namespace","Pod Name","Port Number","Port Protocol"],"ObjectFieldsValues":["Pod Listens to port not in Partner reserved port map[15000:true 15001:true 15006:true 15008:true 15014:true 15020:true 15021:true 15090:true 15443:true]","test","31016e1b8d56e49130ef8a9610223142c0410b41c7e099d5fa08289afa99306","6060","TCP"]},{"ObjectType":"Listening Port","ObjectFieldsKeys":["Reason For Compliance","Namespace","Pod Name","Port Number","Port Protocol"],"ObjectFieldsValues":["Pod Listens to port not in Partner reserved port map[15000:true 15001:true 15006:true 15008:true 15014:true 15020:true 15021:true 15090:true 15443:true]","test","31016e1b8d56e49130ef8a9610223142c0410b41c7e099d5fa08289afa99306","50051","TCP"]},{"ObjectType":"Pod","ObjectFieldsKeys":["Reason For Compliance","Namespace","Pod Name"],"ObjectFieldsValues":["Pod does not listen to or declare any Partner reserved port in map[15000:true 15001:true 15006:true 15008:true 15014:true 15020:true 15021:true 15090:true 15443:true]","test","31016e1b8d56e49130ef8a9610223142c0410b41c7e099d5fa08289afa99306"]},{"ObjectType":"Declared Port","ObjectFieldsKeys":["Reason For Compliance","Namespace","Pod Name","Container Name","Port Number","Port Protocol"],"ObjectFieldsValues":["Container does not declare Partner reserved port in map[15000:true 15001:true 15006:true 15008:true 15014:true 15020:true 15021:true 15090:true 15443:true]","test","667ef8d640391c34ac20562b91a1f723005673d96e54a6ba1d178fa2fa73a32","registry-grpc","50051","TCP"]},{"ObjectType":"Listening Port","ObjectFieldsKeys":["Reason For Compliance","Namespace","Pod Name","Port Number","Port Protocol"],"ObjectFieldsValues":["Pod Listens to port not in Partner reserved port map[15000:true 15001:true 15006:true 15008:true 15014:true 15020:true 15021:true 15090:true 15443:true]","test","667ef8d640391c34ac20562b91a1f723005673d96e54a6ba1d178fa2fa73a32","6060","TCP"]},{"ObjectType":"Listening Port","ObjectFieldsKeys":["Reason For Compliance","Namespace","Pod Name","Port Number","Port Protocol"],"ObjectFieldsValues":["Pod Listens to port not in Partner reserved port map[15000:true 15001:true 15006:true 15008:true 15014:true 15020:true 15021:true 15090:true 15443:true]","test","667ef8d640391c34ac20562b91a1f723005673d96e54a6ba1d178fa2fa73a32","50051","TCP"]},{"ObjectType":"Pod","ObjectFieldsKeys":["Reason For Compliance","Namespace","Pod Name"],"ObjectFieldsValues":["Pod does not listen to or declare any Partner reserved port in map[15000:true 15001:true 15006:true 15008:true 15014:true 15020:true 15021:true 15090:true 15443:true]","test","667ef8d640391c34ac20562b91a1f723005673d96e54a6ba1d178fa2fa73a32"]},{"ObjectType":"Declared Port","ObjectFieldsKeys":["Reason For Compliance","Namespace","Pod Name","Container Name","Port Number","Port Protocol"],"ObjectFieldsValues":["Container does not declare Partner reserved port in map[15000:true 15001:true 15006:true 15008:true 15014:true 15020:true 15021:true 15090:true 15443:true]","test","a8c060444aa8e89dfbd90d61d6ec3900ab4d6634f6aa8067face1e6974b9065","registry-grpc","50051","TCP"]},{"ObjectType":"Listening Port","ObjectFieldsKeys":["Reason For Compliance","Namespace","Pod Name","Port Number","Port Protocol"],"ObjectFieldsValues":["Pod Listens to port not in Partner reserved port map[15000:true 15001:true 15006:true 15008:true 15014:true 15020:true 15021:true 15090:true 15443:true]","test","a8c060444aa8e89dfbd90d61d6ec3900ab4d6634f6aa8067face1e6974b9065","6060","TCP"]},{"ObjectType":"Listening Port","ObjectFieldsKeys":["Reason For Compliance","Namespace","Pod Name","Port Number","Port Protocol"],"ObjectFieldsValues":["Pod Listens to port not in Partner reserved port map[15000:true 15001:true 15006:true 15008:true 15014:true 15020:true 15021:true 15090:true 15443:true]","test","a8c060444aa8e89dfbd90d61d6ec3900ab4d6634f6aa8067face1e6974b9065","50051","TCP"]},{"ObjectType":"Pod","ObjectFieldsKeys":["Reason For Compliance","Namespace","Pod Name"],"ObjectFieldsValues":["Pod does not listen to or declare any Partner reserved port in map[15000:true 15001:true 15006:true 15008:true 15014:true 15020:true 15021:true 15090:true 15443:true]","test","a8c060444aa8e89dfbd90d61d6ec3900ab4d6634f6aa8067face1e6974b9065"]},{"ObjectType":"Declared Port","ObjectFieldsKeys":["Reason For Compliance","Namespace","Pod Name","Container Name","Port Number","Port Protocol"],"ObjectFieldsValues":["Container does not declare Partner reserved port in map[15000:true 15001:true 15006:true 15008:true 15014:true 15020:true 15021:true 15090:true 15443:true]","test","address-space-controller-56c797f9ff-8g8xm","address-space-controller","8080","TCP"]},{"ObjectType":"Listening Port","ObjectFieldsKeys":["Reason For Compliance","Namespace","Pod Name","Port Number","Port Protocol"],"ObjectFieldsValues":["Pod Listens to port not in Partner reserved port map[15000:true 15001:true 15006:true 15008:true 15014:true 15020:true 15021:true 15090:true 15443:true]","test","address-space-controller-56c797f9ff-8g8xm","8080","TCP"]},{"ObjectType":"Pod","ObjectFieldsKeys":["Reason For Compliance","Namespace","Pod Name"],"ObjectFieldsValues":["Pod does not listen to or declare any Partner reserved port in map[15000:true 15001:true 15006:true 15008:true 15014:true 15020:true 15021:true 15090:true 15443:true]","test","address-space-controller-56c797f9ff-8g8xm"]},{"ObjectType":"Declared Port","ObjectFieldsKeys":["Reason For Compliance","Namespace","Pod Name","Container Name","Port Number","Port Protocol"],"ObjectFieldsValues":["Container does not declare Partner reserved port in map[15000:true 15001:true 15006:true 15008:true 15014:true 15020:true 15021:true 15090:true 15443:true]","test","csi-addons-controller-manager-5845fc8c67-ljlgf","manager","9443","TCP"]},{"ObjectType":"Declared Port","ObjectFieldsKeys":["Reason For Compliance","Namespace","Pod Name","Container Name","Port Number","Port Protocol"],"ObjectFieldsValues":["Container does not declare Partner reserved port in map[15000:true 15001:true 15006:true 15008:true 15014:true 15020:true 15021:true 15090:true 15443:true]","test","csi-addons-controller-manager-5845fc8c67-ljlgf","kube-rbac-proxy","8443","TCP"]},{"ObjectType":"Listening Port","ObjectFieldsKeys":["Reason For Compliance","Namespace","Pod Name","Port Number","Port Protocol"],"ObjectFieldsValues":["Pod Listens to port not in Partner reserved port map[15000:true 15001:true 15006:true 15008:true 15014:true 15020:true 15021:true 15090:true 15443:true]","test","csi-addons-controller-manager-5845fc8c67-ljlgf","8080","TCP"]},{"ObjectType":"Listening Port","ObjectFieldsKeys":["Reason For Compliance","Namespace","Pod Name","Port Number","Port Protocol"],"ObjectFieldsValues":["Pod Listens to port not in Partner reserved port map[15000:true 15001:true 15006:true 15008:true 15014:true 15020:true 15021:true 15090:true 15443:true]","test","csi-addons-controller-manager-5845fc8c67-ljlgf","9443","TCP"]},{"ObjectType":"Listening Port","ObjectFieldsKeys":["Reason For Compliance","Namespace","Pod Name","Port Number","Port Protocol"],"ObjectFieldsValues":["Pod Listens to port not in Partner reserved port map[15000:true 15001:true 15006:true 15008:true 15014:true 15020:true 15021:true 15090:true 15443:true]","test","csi-addons-controller-manager-5845fc8c67-ljlgf","8443","TCP"]},{"ObjectType":"Listening Port","ObjectFieldsKeys":["Reason For Compliance","Namespace","Pod Name","Port Number","Port Protocol"],"ObjectFieldsValues":["Pod Listens to port not in Partner reserved port map[15000:true 15001:true 15006:true 15008:true 15014:true 15020:true 15021:true 15090:true 15443:true]","test","csi-addons-controller-manager-5845fc8c67-ljlgf","8081","TCP"]},{"ObjectType":"Pod","ObjectFieldsKeys":["Reason For Compliance","Namespace","Pod Name"],"ObjectFieldsValues":["Pod does not listen to or declare any Partner reserved port in map[15000:true 15001:true 15006:true 15008:true 15014:true 15020:true 15021:true 15090:true 15443:true]","test","csi-addons-controller-manager-5845fc8c67-ljlgf"]},{"ObjectType":"Declared Port","ObjectFieldsKeys":["Reason For Compliance","Namespace","Pod Name","Container Name","Port Number","Port Protocol"],"ObjectFieldsValues":["Container does not declare Partner reserved port in map[15000:true 15001:true 15006:true 15008:true 15014:true 15020:true 15021:true 15090:true 15443:true]","test","security-profiles-operator-webhook-d844fd745-2vvs5","security-profiles-operator","9443","TCP"]},{"ObjectType":"Listening Port","ObjectFieldsKeys":["Reason For Compliance","Namespace","Pod Name","Port Number","Port Protocol"],"ObjectFieldsValues":["Pod Listens to port not in Partner reserved port map[15000:true 15001:true 15006:true 15008:true 15014:true 15020:true 15021:true 15090:true 15443:true]","test","security-profiles-operator-webhook-d844fd745-2vvs5","9443","TCP"]},{"ObjectType":"Listening Port","ObjectFieldsKeys":["Reason For Compliance","Namespace","Pod Name","Port Number","Port Protocol"],"ObjectFieldsValues":["Pod Listens to port not in Partner reserved port map[15000:true 15001:true 15006:true 15008:true 15014:true 15020:true 15021:true 15090:true 15443:true]","test","security-profiles-operator-webhook-d844fd745-2vvs5","8080","TCP"]},{"ObjectType":"Pod","ObjectFieldsKeys":["Reason For Compliance","Namespace","Pod Name"],"ObjectFieldsValues":["Pod does not listen to or declare any Partner reserved port in map[15000:true 15001:true 15006:true 15008:true 15014:true 15020:true 15021:true 15090:true 15443:true]","test","security-profiles-operator-webhook-d844fd745-2vvs5"]},{"ObjectType":"Declared Port","ObjectFieldsKeys":["Reason For Compliance","Namespace","Pod Name","Container Name","Port Number","Port Protocol"],"ObjectFieldsValues":["Container does not declare Partner reserved port in map[15000:true 15001:true 15006:true 15008:true 15014:true 15020:true 15021:true 15090:true 15443:true]","test","security-profiles-operator-webhook-d844fd745-6ngkl","security-profiles-operator","9443","TCP"]},{"ObjectType":"Listening Port","ObjectFieldsKeys":["Reason For Compliance","Namespace","Pod Name","Port Number","Port Protocol"],"ObjectFieldsValues":["Pod Listens to port not in Partner reserved port map[15000:true 15001:true 15006:true 15008:true 15014:true 15020:true 15021:true 15090:true 15443:true]","test","security-profiles-operator-webhook-d844fd745-6ngkl","8080","TCP"]},{"ObjectType":"Listening Port","ObjectFieldsKeys":["Reason For Compliance","Namespace","Pod Name","Port Number","Port Protocol"],"ObjectFieldsValues":["Pod Listens to port not in Partner reserved port map[15000:true 15001:true 15006:true 15008:true 15014:true 15020:true 15021:true 15090:true 15443:true]","test","security-profiles-operator-webhook-d844fd745-6ngkl","9443","TCP"]},{"ObjectType":"Pod","ObjectFieldsKeys":["Reason For Compliance","Namespace","Pod Name"],"ObjectFieldsValues":["Pod does not listen to or declare any Partner reserved port in map[15000:true 15001:true 15006:true 15008:true 15014:true 15020:true 15021:true 15090:true 15443:true]","test","security-profiles-operator-webhook-d844fd745-6ngkl"]},{"ObjectType":"Declared Port","ObjectFieldsKeys":["Reason For Compliance","Namespace","Pod Name","Container Name","Port Number","Port Protocol"],"ObjectFieldsValues":["Container does not declare Partner reserved port in map[15000:true 15001:true 15006:true 15008:true 15014:true 15020:true 15021:true 15090:true 15443:true]","test","security-profiles-operator-webhook-d844fd745-hvr8w","security-profiles-operator","9443","TCP"]},{"ObjectType":"Listening Port","ObjectFieldsKeys":["Reason For Compliance","Namespace","Pod Name","Port Number","Port Protocol"],"ObjectFieldsValues":["Pod Listens to port not in Partner reserved port map[15000:true 15001:true 15006:true 15008:true 15014:true 15020:true 15021:true 15090:true 15443:true]","test","security-profiles-operator-webhook-d844fd745-hvr8w","8080","TCP"]},{"ObjectType":"Listening Port","ObjectFieldsKeys":["Reason For Compliance","Namespace","Pod Name","Port Number","Port Protocol"],"ObjectFieldsValues":["Pod Listens to port not in Partner reserved port map[15000:true 15001:true 15006:true 15008:true 15014:true 15020:true 15021:true 15090:true 15443:true]","test","security-profiles-operator-webhook-d844fd745-hvr8w","9443","TCP"]},{"ObjectType":"Pod","ObjectFieldsKeys":["Reason For Compliance","Namespace","Pod Name"],"ObjectFieldsValues":["Pod does not listen to or declare any Partner reserved port in map[15000:true 15001:true 15006:true 15008:true 15014:true 15020:true 15021:true 15090:true 15443:true]","test","security-profiles-operator-webhook-d844fd745-hvr8w"]}],"NonCompliantObjectsOut":null}
[38;5;10m• [5.315 seconds][0m
[38;5;243m------------------------------[0m
[0mnetworking [0m[1mnetworking-dpdk-cpu-pinning-exec-probe[0m [38;5;204m[telco, networking-dpdk-cpu-pinning-exec-probe, networking][0m
[38;5;243m/usr/tnf/tnf-src/cnf-certification-test/networking/suite.go:131[0m
  [38;5;14m[SKIPPED][0m in [It] - /usr/tnf/tnf-src/pkg/testhelper/testhelper.go:312 [38;5;243m@ 08/23/23 16:39:18.902[0m
[38;5;14mS [SKIPPED] [0.004 seconds][0m
[0mnetworking [38;5;14m[1m[It] networking-dpdk-cpu-pinning-exec-probe[0m [38;5;204m[telco, networking-dpdk-cpu-pinning-exec-probe, networking][0m
[38;5;243m/usr/tnf/tnf-src/cnf-certification-test/networking/suite.go:131[0m

  [38;5;14m[SKIPPED] Test skipped because there are no []*provider.Pod to test, please check under test labels[0m
  [38;5;14mIn [1m[It][0m[38;5;14m at: [1m/usr/tnf/tnf-src/pkg/testhelper/testhelper.go:312[0m [38;5;243m@ 08/23/23 16:39:18.902[0m
[38;5;243m------------------------------[0m
[0mnetworking [0m[1mnetworking-restart-on-reboot-sriov-pod[0m [38;5;204m[faredge, networking-restart-on-reboot-sriov-pod, networking][0m
[38;5;243m/usr/tnf/tnf-src/cnf-certification-test/networking/suite.go:137[0m
  [38;5;14m[SKIPPED][0m in [It] - /usr/tnf/tnf-src/pkg/testhelper/testhelper.go:312 [38;5;243m@ 08/23/23 16:39:18.906[0m
[38;5;14mS [SKIPPED] [0.003 seconds][0m
[0mnetworking [38;5;14m[1m[It] networking-restart-on-reboot-sriov-pod[0m [38;5;204m[faredge, networking-restart-on-reboot-sriov-pod, networking][0m
[38;5;243m/usr/tnf/tnf-src/cnf-certification-test/networking/suite.go:137[0m

  [38;5;14m[SKIPPED] Test skipped because there are no []*provider.Pod to test, please check under test labels[0m
  [38;5;14mIn [1m[It][0m[38;5;14m at: [1m/usr/tnf/tnf-src/pkg/testhelper/testhelper.go:312[0m [38;5;243m@ 08/23/23 16:39:18.906[0m
[38;5;243m------------------------------[0m
[0moperator [0m[1moperator-install-status-succeeded[0m [38;5;204m[common, operator-install-status-succeeded, operator][0m
[38;5;243m/usr/tnf/tnf-src/cnf-certification-test/operator/suite.go:44[0m
[31mFATAL  [0m[Aug 23 16:44:19.666][phasecheck.go: 50] Timeout waiting for operator csv: loki-operator.v5.7.2 ns: test to be ready 
