time="2023-08-23T15:53:53Z" level=info msg="Saving environment variables & parameters."
time="2023-08-23T15:53:53Z" level=info msg="Environment: {Home:/root Kubeconfig:/usr/tnf/kubeconfig/config ConfigurationPath:/usr/tnf/config/tnf_config.yml NonIntrusiveOnly:false LogLevel:info OfflineDB:/usr/offline-db AllowPreflightInsecure:false PfltDockerconfig:/usr/tnf/dockercfg/config.json IncludeWebFilesInOutputFolder:false OmitArtifactsZipFile:false}"
=== RUN   TestTest
[36mINFO   [0m[Aug 23 15:53:53.910][suite_test.go: 98] Log level set to: info                       
[36mINFO   [0m[Aug 23 15:53:53.912][suite_test.go: 140] TNF Version         : v4.3.4 ( 2037b43c9bccf6b00fe91797adfabcbeeeb5efdc ) 
[36mINFO   [0m[Aug 23 15:53:53.912][suite_test.go: 141] Claim Format Version: v0.1.0                 
[36mINFO   [0m[Aug 23 15:53:53.912][suite_test.go: 142] Ginkgo Version      : 2.11.0                 
[36mINFO   [0m[Aug 23 15:53:53.912][suite_test.go: 143] Labels filter       : operator, access-control, networking, affiliated-certification, lifecycle, manageability, networking, observability, platform-alteration 
[36mINFO   [0m[Aug 23 15:53:53.912][clientsholder.go: 169] Creating k8s go-clients holder.              
[36mINFO   [0m[Aug 23 15:53:54.368][utils.go: 51] Loading config from file: /usr/tnf/config/tnf_config.yml 
[33mWARNING[0m[Aug 23 15:53:54.374][utils.go: 64] No namespace configured for the debug DaemonSet. Defaulting to namespace cnf-suite 
[33mWARNING[0m[Aug 23 15:53:54.454][autodiscover.go: 110] DEPRECATED: targetPodLabels config field is about to be obsolete. Please use the new "podsUnderTestLabels" field instead. 
[33mWARNING[0m[Aug 23 15:53:54.454][autodiscover.go: 113] DEPRECATED: deprecated default operator label in use ( test-network-function.com/operator: ) is about to be obsolete. Please use the new "operatorsUnderTestLabels" field to specify operators labels instead. 
[36mINFO   [0m[Aug 23 15:53:54.454][autodiscover.go: 143] parsed pods under test labels: [{LabelKey:test-network-function.com/generic LabelValue:target}] 
[36mINFO   [0m[Aug 23 15:53:54.455][autodiscover.go: 144] parsed operators under test labels: [{LabelKey:test-network-function.com/operator LabelValue:}] 
[36mINFO   [0m[Aug 23 15:53:54.568][autodiscover_operators.go: 144] Found 3 subscriptions in the target namespaces 
[36mINFO   [0m[Aug 23 15:53:54.568][autodiscover_operators.go: 146]  Subscriptions name: odf-csi-addons-operator-v4-13-0-rhodf-sub (ns: test) 
[36mINFO   [0m[Aug 23 15:53:54.569][autodiscover_operators.go: 146]  Subscriptions name: odr-hub-operator-v4-13-0-rhodf-sub (ns: test) 
[36mINFO   [0m[Aug 23 15:53:54.569][autodiscover_operators.go: 146]  Subscriptions name: rhsso-operator-stable-redhat-operators-openshift-marketplace (ns: test) 
[36mINFO   [0m[Aug 23 15:53:54.639][autodiscover_operators.go: 121] Found 4 CSVs:                                
[36mINFO   [0m[Aug 23 15:53:54.639][autodiscover_operators.go: 123]  CSV name: packageserver (ns: openshift-operator-lifecycle-manager) 
[36mINFO   [0m[Aug 23 15:53:54.639][autodiscover_operators.go: 123]  CSV name: odf-csi-addons-operator.v4.13.0-rhodf (ns: test) 
[36mINFO   [0m[Aug 23 15:53:54.639][autodiscover_operators.go: 123]  CSV name: odr-hub-operator.v4.13.0-rhodf (ns: test) 
[36mINFO   [0m[Aug 23 15:53:54.639][autodiscover_operators.go: 123]  CSV name: rhsso-operator.7.6.4-opr-003 (ns: test) 
[36mINFO   [0m[Aug 23 15:53:56.478][autodiscover_operators.go: 91] Found 3 CSVs:                                
[36mINFO   [0m[Aug 23 15:53:56.478][autodiscover_operators.go: 93]  CSV name: odf-csi-addons-operator.v4.13.0-rhodf (ns: test) 
[36mINFO   [0m[Aug 23 15:53:56.478][autodiscover_operators.go: 93]  CSV name: odr-hub-operator.v4.13.0-rhodf (ns: test) 
[36mINFO   [0m[Aug 23 15:53:56.479][autodiscover_operators.go: 93]  CSV name: rhsso-operator.7.6.4-opr-003 (ns: test) 
[36mINFO   [0m[Aug 23 15:53:56.517][autodiscover_operators.go: 144] Found 3 subscriptions in the target namespaces 
[36mINFO   [0m[Aug 23 15:53:56.517][autodiscover_operators.go: 146]  Subscriptions name: odf-csi-addons-operator-v4-13-0-rhodf-sub (ns: test) 
[36mINFO   [0m[Aug 23 15:53:56.517][autodiscover_operators.go: 146]  Subscriptions name: odr-hub-operator-v4-13-0-rhodf-sub (ns: test) 
[36mINFO   [0m[Aug 23 15:53:56.517][autodiscover_operators.go: 146]  Subscriptions name: rhsso-operator-stable-redhat-operators-openshift-marketplace (ns: test) 
[36mINFO   [0m[Aug 23 15:53:56.632][autodiscover.go: 257] OpenShift Version found: 4.13.4              
[33mWARNING[0m[Aug 23 15:53:56.720][autodiscover_podset.go: 87] Did not find any deployment in the configured namespaces [test] 
[33mWARNING[0m[Aug 23 15:53:56.759][autodiscover_podset.go: 106] Did not find any statefulSet in ns=test      
[33mWARNING[0m[Aug 23 15:53:56.760][autodiscover_podset.go: 120] Did not find any statefulset in the configured namespaces [test] 
[36mINFO   [0m[Aug 23 15:53:57.060][autodiscover_podset.go: 138] Cannot find any deployed HorizontalPodAutoscaler 
[36mINFO   [0m[Aug 23 15:53:57.224][operators.go: 130] Found 4 unique CSVs                          
[36mINFO   [0m[Aug 23 15:53:57.225][operators.go: 132]   CSV: rhsso-operator.7.6.4-opr-003          
[36mINFO   [0m[Aug 23 15:53:57.225][operators.go: 132]   CSV: packageserver                         
[36mINFO   [0m[Aug 23 15:53:57.225][operators.go: 132]   CSV: odf-csi-addons-operator.v4.13.0-rhodf 
[36mINFO   [0m[Aug 23 15:53:57.225][operators.go: 132]   CSV: odr-hub-operator.v4.13.0-rhodf        
[36mINFO   [0m[Aug 23 15:53:57.270][operators.go: 185] Getting installplans for op odf-csi-addons-operator.v4.13.0-rhodf (subs odf-csi-addons-operator-v4-13-0-rhodf-sub ns test) 
[36mINFO   [0m[Aug 23 15:53:57.308][operators.go: 185] Getting installplans for op odr-hub-operator.v4.13.0-rhodf (subs odr-hub-operator-v4-13-0-rhodf-sub ns test) 
[33mWARNING[0m[Aug 23 15:53:57.309][operators.go: 183] Subscription not found for CSV: packageserver (ns openshift-operator-lifecycle-manager) 
[36mINFO   [0m[Aug 23 15:53:57.309][operators.go: 185] Getting installplans for op packageserver (subs  ns ) 
[36mINFO   [0m[Aug 23 15:53:57.347][operators.go: 185] Getting installplans for op rhsso-operator.7.6.4-opr-003 (subs rhsso-operator-stable-redhat-operators-openshift-marketplace ns test) 
[36mINFO   [0m[Aug 23 15:53:57.349][provider.go: 564] Node ip-10-0-138-139.ec2.internal - mc name: rendered-worker-5334436cadf14d4498394530f0823fa1 
[36mINFO   [0m[Aug 23 15:53:57.430][provider.go: 564] Node ip-10-0-140-127.ec2.internal - mc name: rendered-master-0d10fff9d0cba73baea526289053dfe8 
[36mINFO   [0m[Aug 23 15:53:57.495][provider.go: 564] Node ip-10-0-144-53.ec2.internal - mc name: rendered-master-0d10fff9d0cba73baea526289053dfe8 
[36mINFO   [0m[Aug 23 15:53:57.558][provider.go: 564] Node ip-10-0-146-178.ec2.internal - mc name: rendered-worker-5334436cadf14d4498394530f0823fa1 
[36mINFO   [0m[Aug 23 15:53:57.621][provider.go: 564] Node ip-10-0-171-112.ec2.internal - mc name: rendered-worker-5334436cadf14d4498394530f0823fa1 
[36mINFO   [0m[Aug 23 15:53:57.681][provider.go: 564] Node ip-10-0-173-119.ec2.internal - mc name: rendered-master-0d10fff9d0cba73baea526289053dfe8 
[33mWARNING[0m[Aug 23 15:53:57.748][provider.go: 341] container: extract pod: 4230932c4888547d7ac309f091555b92b462f8c09d06272be928441096mntp6 ns: test is not ready yet. 
[33mWARNING[0m[Aug 23 15:53:57.748][provider.go: 357] container: extract pod: 4230932c4888547d7ac309f091555b92b462f8c09d06272be928441096mntp6 ns: test is not running (reason: terminated - Completed, restarts 0): some test cases might fail. 
[33mWARNING[0m[Aug 23 15:53:57.748][provider.go: 341] container: extract pod: 6500436e8d456436471ba355e123839691b6467ef32112389c01e846add7mbn ns: test is not ready yet. 
[33mWARNING[0m[Aug 23 15:53:57.748][provider.go: 357] container: extract pod: 6500436e8d456436471ba355e123839691b6467ef32112389c01e846add7mbn ns: test is not running (reason: terminated - Completed, restarts 0): some test cases might fail. 
[33mWARNING[0m[Aug 23 15:53:57.749][provider.go: 341] container: extract pod: bbcca65fc0991b8e833b088d9b50f662680831d155607353ed7ae367b9k42ps ns: test is not ready yet. 
[33mWARNING[0m[Aug 23 15:53:57.749][provider.go: 357] container: extract pod: bbcca65fc0991b8e833b088d9b50f662680831d155607353ed7ae367b9k42ps ns: test is not running (reason: terminated - Completed, restarts 0): some test cases might fail. 
[36mINFO   [0m[Aug 23 15:53:57.751][operators.go: 130] Found 3 unique CSVs                          
[36mINFO   [0m[Aug 23 15:53:57.751][operators.go: 132]   CSV: odf-csi-addons-operator.v4.13.0-rhodf 
[36mINFO   [0m[Aug 23 15:53:57.751][operators.go: 132]   CSV: odr-hub-operator.v4.13.0-rhodf        
[36mINFO   [0m[Aug 23 15:53:57.751][operators.go: 132]   CSV: rhsso-operator.7.6.4-opr-003          
[36mINFO   [0m[Aug 23 15:53:57.792][operators.go: 185] Getting installplans for op odf-csi-addons-operator.v4.13.0-rhodf (subs odf-csi-addons-operator-v4-13-0-rhodf-sub ns test) 
[36mINFO   [0m[Aug 23 15:53:57.836][operators.go: 185] Getting installplans for op odr-hub-operator.v4.13.0-rhodf (subs odr-hub-operator-v4-13-0-rhodf-sub ns test) 
[36mINFO   [0m[Aug 23 15:53:57.880][operators.go: 185] Getting installplans for op rhsso-operator.7.6.4-opr-003 (subs rhsso-operator-stable-redhat-operators-openshift-marketplace ns test) 
[36mINFO   [0m[Aug 23 15:53:57.880][provider.go: 290] Operators found: 3                           
[36mINFO   [0m[Aug 23 15:53:57.882][provider.go: 302] Completed the test environment build process in 3.51 seconds 
[33mWARNING[0m[Aug 23 15:54:08.317][autodiscover.go: 110] DEPRECATED: targetPodLabels config field is about to be obsolete. Please use the new "podsUnderTestLabels" field instead. 
[33mWARNING[0m[Aug 23 15:54:08.317][autodiscover.go: 113] DEPRECATED: deprecated default operator label in use ( test-network-function.com/operator: ) is about to be obsolete. Please use the new "operatorsUnderTestLabels" field to specify operators labels instead. 
[36mINFO   [0m[Aug 23 15:54:08.317][autodiscover.go: 143] parsed pods under test labels: [{LabelKey:test-network-function.com/generic LabelValue:target}] 
[36mINFO   [0m[Aug 23 15:54:08.317][autodiscover.go: 144] parsed operators under test labels: [{LabelKey:test-network-function.com/operator LabelValue:}] 
[36mINFO   [0m[Aug 23 15:54:08.441][autodiscover_operators.go: 144] Found 3 subscriptions in the target namespaces 
[36mINFO   [0m[Aug 23 15:54:08.442][autodiscover_operators.go: 146]  Subscriptions name: odf-csi-addons-operator-v4-13-0-rhodf-sub (ns: test) 
[36mINFO   [0m[Aug 23 15:54:08.442][autodiscover_operators.go: 146]  Subscriptions name: odr-hub-operator-v4-13-0-rhodf-sub (ns: test) 
[36mINFO   [0m[Aug 23 15:54:08.442][autodiscover_operators.go: 146]  Subscriptions name: rhsso-operator-stable-redhat-operators-openshift-marketplace (ns: test) 
[36mINFO   [0m[Aug 23 15:54:08.531][autodiscover_operators.go: 121] Found 4 CSVs:                                
[36mINFO   [0m[Aug 23 15:54:08.531][autodiscover_operators.go: 123]  CSV name: packageserver (ns: openshift-operator-lifecycle-manager) 
[36mINFO   [0m[Aug 23 15:54:08.531][autodiscover_operators.go: 123]  CSV name: odf-csi-addons-operator.v4.13.0-rhodf (ns: test) 
[36mINFO   [0m[Aug 23 15:54:08.531][autodiscover_operators.go: 123]  CSV name: odr-hub-operator.v4.13.0-rhodf (ns: test) 
[36mINFO   [0m[Aug 23 15:54:08.531][autodiscover_operators.go: 123]  CSV name: rhsso-operator.7.6.4-opr-003 (ns: test) 
[36mINFO   [0m[Aug 23 15:54:10.405][autodiscover_operators.go: 91] Found 3 CSVs:                                
[36mINFO   [0m[Aug 23 15:54:10.405][autodiscover_operators.go: 93]  CSV name: odf-csi-addons-operator.v4.13.0-rhodf (ns: test) 
[36mINFO   [0m[Aug 23 15:54:10.405][autodiscover_operators.go: 93]  CSV name: odr-hub-operator.v4.13.0-rhodf (ns: test) 
[36mINFO   [0m[Aug 23 15:54:10.405][autodiscover_operators.go: 93]  CSV name: rhsso-operator.7.6.4-opr-003 (ns: test) 
[36mINFO   [0m[Aug 23 15:54:10.444][autodiscover_operators.go: 144] Found 3 subscriptions in the target namespaces 
[36mINFO   [0m[Aug 23 15:54:10.444][autodiscover_operators.go: 146]  Subscriptions name: odf-csi-addons-operator-v4-13-0-rhodf-sub (ns: test) 
[36mINFO   [0m[Aug 23 15:54:10.445][autodiscover_operators.go: 146]  Subscriptions name: odr-hub-operator-v4-13-0-rhodf-sub (ns: test) 
[36mINFO   [0m[Aug 23 15:54:10.445][autodiscover_operators.go: 146]  Subscriptions name: rhsso-operator-stable-redhat-operators-openshift-marketplace (ns: test) 
[36mINFO   [0m[Aug 23 15:54:10.562][autodiscover.go: 257] OpenShift Version found: 4.13.4              
[33mWARNING[0m[Aug 23 15:54:10.649][autodiscover_podset.go: 87] Did not find any deployment in the configured namespaces [test] 
[33mWARNING[0m[Aug 23 15:54:10.686][autodiscover_podset.go: 106] Did not find any statefulSet in ns=test      
[33mWARNING[0m[Aug 23 15:54:10.686][autodiscover_podset.go: 120] Did not find any statefulset in the configured namespaces [test] 
[36mINFO   [0m[Aug 23 15:54:10.988][autodiscover_podset.go: 138] Cannot find any deployed HorizontalPodAutoscaler 
[36mINFO   [0m[Aug 23 15:54:11.173][operators.go: 130] Found 4 unique CSVs                          
[36mINFO   [0m[Aug 23 15:54:11.173][operators.go: 132]   CSV: packageserver                         
[36mINFO   [0m[Aug 23 15:54:11.174][operators.go: 132]   CSV: odf-csi-addons-operator.v4.13.0-rhodf 
[36mINFO   [0m[Aug 23 15:54:11.174][operators.go: 132]   CSV: odr-hub-operator.v4.13.0-rhodf        
[36mINFO   [0m[Aug 23 15:54:11.174][operators.go: 132]   CSV: rhsso-operator.7.6.4-opr-003          
[36mINFO   [0m[Aug 23 15:54:11.213][operators.go: 185] Getting installplans for op odf-csi-addons-operator.v4.13.0-rhodf (subs odf-csi-addons-operator-v4-13-0-rhodf-sub ns test) 
[36mINFO   [0m[Aug 23 15:54:11.252][operators.go: 185] Getting installplans for op odr-hub-operator.v4.13.0-rhodf (subs odr-hub-operator-v4-13-0-rhodf-sub ns test) 
[33mWARNING[0m[Aug 23 15:54:11.253][operators.go: 183] Subscription not found for CSV: packageserver (ns openshift-operator-lifecycle-manager) 
[36mINFO   [0m[Aug 23 15:54:11.253][operators.go: 185] Getting installplans for op packageserver (subs  ns ) 
[36mINFO   [0m[Aug 23 15:54:11.288][operators.go: 185] Getting installplans for op rhsso-operator.7.6.4-opr-003 (subs rhsso-operator-stable-redhat-operators-openshift-marketplace ns test) 
[36mINFO   [0m[Aug 23 15:54:11.289][provider.go: 564] Node ip-10-0-138-139.ec2.internal - mc name: rendered-worker-5334436cadf14d4498394530f0823fa1 
[36mINFO   [0m[Aug 23 15:54:11.368][provider.go: 564] Node ip-10-0-140-127.ec2.internal - mc name: rendered-master-0d10fff9d0cba73baea526289053dfe8 
[36mINFO   [0m[Aug 23 15:54:11.438][provider.go: 564] Node ip-10-0-144-53.ec2.internal - mc name: rendered-master-0d10fff9d0cba73baea526289053dfe8 
[36mINFO   [0m[Aug 23 15:54:11.502][provider.go: 564] Node ip-10-0-146-178.ec2.internal - mc name: rendered-worker-5334436cadf14d4498394530f0823fa1 
[36mINFO   [0m[Aug 23 15:54:11.564][provider.go: 564] Node ip-10-0-171-112.ec2.internal - mc name: rendered-worker-5334436cadf14d4498394530f0823fa1 
[36mINFO   [0m[Aug 23 15:54:11.639][provider.go: 564] Node ip-10-0-173-119.ec2.internal - mc name: rendered-master-0d10fff9d0cba73baea526289053dfe8 
[33mWARNING[0m[Aug 23 15:54:11.711][provider.go: 341] container: extract pod: 4230932c4888547d7ac309f091555b92b462f8c09d06272be928441096mntp6 ns: test is not ready yet. 
[33mWARNING[0m[Aug 23 15:54:11.711][provider.go: 357] container: extract pod: 4230932c4888547d7ac309f091555b92b462f8c09d06272be928441096mntp6 ns: test is not running (reason: terminated - Completed, restarts 0): some test cases might fail. 
[33mWARNING[0m[Aug 23 15:54:11.711][provider.go: 341] container: extract pod: 6500436e8d456436471ba355e123839691b6467ef32112389c01e846add7mbn ns: test is not ready yet. 
[33mWARNING[0m[Aug 23 15:54:11.711][provider.go: 357] container: extract pod: 6500436e8d456436471ba355e123839691b6467ef32112389c01e846add7mbn ns: test is not running (reason: terminated - Completed, restarts 0): some test cases might fail. 
[33mWARNING[0m[Aug 23 15:54:11.712][provider.go: 341] container: extract pod: bbcca65fc0991b8e833b088d9b50f662680831d155607353ed7ae367b9k42ps ns: test is not ready yet. 
[33mWARNING[0m[Aug 23 15:54:11.712][provider.go: 357] container: extract pod: bbcca65fc0991b8e833b088d9b50f662680831d155607353ed7ae367b9k42ps ns: test is not running (reason: terminated - Completed, restarts 0): some test cases might fail. 
[36mINFO   [0m[Aug 23 15:54:11.713][operators.go: 130] Found 3 unique CSVs                          
[36mINFO   [0m[Aug 23 15:54:11.713][operators.go: 132]   CSV: odf-csi-addons-operator.v4.13.0-rhodf 
[36mINFO   [0m[Aug 23 15:54:11.713][operators.go: 132]   CSV: odr-hub-operator.v4.13.0-rhodf        
[36mINFO   [0m[Aug 23 15:54:11.713][operators.go: 132]   CSV: rhsso-operator.7.6.4-opr-003          
[36mINFO   [0m[Aug 23 15:54:11.752][operators.go: 185] Getting installplans for op odf-csi-addons-operator.v4.13.0-rhodf (subs odf-csi-addons-operator-v4-13-0-rhodf-sub ns test) 
[36mINFO   [0m[Aug 23 15:54:11.790][operators.go: 185] Getting installplans for op odr-hub-operator.v4.13.0-rhodf (subs odr-hub-operator-v4-13-0-rhodf-sub ns test) 
[36mINFO   [0m[Aug 23 15:54:11.827][operators.go: 185] Getting installplans for op rhsso-operator.7.6.4-opr-003 (subs rhsso-operator-stable-redhat-operators-openshift-marketplace ns test) 
[36mINFO   [0m[Aug 23 15:54:11.827][provider.go: 290] Operators found: 3                           
[36mINFO   [0m[Aug 23 15:54:11.827][provider.go: 302] Completed the test environment build process in 3.58 seconds 
[33mWARNING[0m[Aug 23 15:54:11.847][suite.go: 50] LabelFilter is set but 'preflight' tests are not targeted. Skipping the preflight tests. 
Running Suite: CNF Certification Test Suite - /usr/tnf/cnf-certification-test
=============================================================================
Random Seed: [1m1692806033[0m

Will run [1m82[0m of [1m87[0m specs
[38;5;243m------------------------------[0m
[0moperator [0m[1moperator-install-status-succeeded[0m [38;5;204m[common, operator-install-status-succeeded, operator][0m
[38;5;243m/usr/tnf/tnf-src/cnf-certification-test/operator/suite.go:44[0m
[31mFATAL  [0m[Aug 23 15:59:12.046][phasecheck.go: 50] Timeout waiting for operator csv: odr-hub-operator.v4.13.0-rhodf ns: test to be ready 
