time="2023-09-25T06:15:44Z" level=info msg="Saving environment variables & parameters."
time="2023-09-25T06:15:44Z" level=info msg="Environment: {Home:/root Kubeconfig:/usr/tnf/kubeconfig/config ConfigurationPath:/usr/tnf/config/tnf_config.yml NonIntrusiveOnly:false LogLevel:info OfflineDB:/usr/offline-db AllowPreflightInsecure:false PfltDockerconfig:/usr/tnf/dockercfg/config.json IncludeWebFilesInOutputFolder:false OmitArtifactsZipFile:false}"
=== RUN   TestTest
[36mINFO   [0m[Sep 25 06:15:44.411][suite_test.go: 98] Log level set to: info                       
[36mINFO   [0m[Sep 25 06:15:44.413][suite_test.go: 140] TNF Version         : v4.3.4 ( 2037b43c9bccf6b00fe91797adfabcbeeeb5efdc ) 
[36mINFO   [0m[Sep 25 06:15:44.413][suite_test.go: 141] Claim Format Version: v0.1.0                 
[36mINFO   [0m[Sep 25 06:15:44.413][suite_test.go: 142] Ginkgo Version      : 2.11.0                 
[36mINFO   [0m[Sep 25 06:15:44.413][suite_test.go: 143] Labels filter       : operator, access-control, networking, affiliated-certification, lifecycle, manageability, networking, observability, platform-alteration 
[36mINFO   [0m[Sep 25 06:15:44.413][clientsholder.go: 169] Creating k8s go-clients holder.              
[36mINFO   [0m[Sep 25 06:15:44.900][utils.go: 51] Loading config from file: /usr/tnf/config/tnf_config.yml 
[33mWARNING[0m[Sep 25 06:15:44.907][utils.go: 64] No namespace configured for the debug DaemonSet. Defaulting to namespace cnf-suite 
[33mWARNING[0m[Sep 25 06:15:44.989][autodiscover.go: 110] DEPRECATED: targetPodLabels config field is about to be obsolete. Please use the new "podsUnderTestLabels" field instead. 
[33mWARNING[0m[Sep 25 06:15:44.990][autodiscover.go: 113] DEPRECATED: deprecated default operator label in use ( test-network-function.com/operator: ) is about to be obsolete. Please use the new "operatorsUnderTestLabels" field to specify operators labels instead. 
[36mINFO   [0m[Sep 25 06:15:44.990][autodiscover.go: 143] parsed pods under test labels: [{LabelKey:test-network-function.com/generic LabelValue:target}] 
[36mINFO   [0m[Sep 25 06:15:44.990][autodiscover.go: 144] parsed operators under test labels: [{LabelKey:test-network-function.com/operator LabelValue:}] 
[36mINFO   [0m[Sep 25 06:15:45.107][autodiscover_operators.go: 144] Found 2 subscriptions in the target namespaces 
[36mINFO   [0m[Sep 25 06:15:45.107][autodiscover_operators.go: 146]  Subscriptions name: ibm-metrics-operator-stable-certified-operators-openshift-marketplace (ns: test) 
[36mINFO   [0m[Sep 25 06:15:45.107][autodiscover_operators.go: 146]  Subscriptions name: tigera-operator-v1-25-1-sub (ns: test) 
[36mINFO   [0m[Sep 25 06:15:45.178][autodiscover_operators.go: 121] Found 3 CSVs:                                
[36mINFO   [0m[Sep 25 06:15:45.179][autodiscover_operators.go: 123]  CSV name: packageserver (ns: openshift-operator-lifecycle-manager) 
[36mINFO   [0m[Sep 25 06:15:45.179][autodiscover_operators.go: 123]  CSV name: ibm-metrics-operator.v2.12.1 (ns: test) 
[36mINFO   [0m[Sep 25 06:15:45.179][autodiscover_operators.go: 123]  CSV name: tigera-operator.v1.25.1 (ns: test) 
[36mINFO   [0m[Sep 25 06:15:47.685][autodiscover_operators.go: 91] Found 2 CSVs:                                
[36mINFO   [0m[Sep 25 06:15:47.685][autodiscover_operators.go: 93]  CSV name: ibm-metrics-operator.v2.12.1 (ns: test) 
[36mINFO   [0m[Sep 25 06:15:47.685][autodiscover_operators.go: 93]  CSV name: tigera-operator.v1.25.1 (ns: test) 
[36mINFO   [0m[Sep 25 06:15:47.726][autodiscover_operators.go: 144] Found 2 subscriptions in the target namespaces 
[36mINFO   [0m[Sep 25 06:15:47.726][autodiscover_operators.go: 146]  Subscriptions name: ibm-metrics-operator-stable-certified-operators-openshift-marketplace (ns: test) 
[36mINFO   [0m[Sep 25 06:15:47.726][autodiscover_operators.go: 146]  Subscriptions name: tigera-operator-v1-25-1-sub (ns: test) 
[36mINFO   [0m[Sep 25 06:15:47.886][autodiscover.go: 257] OpenShift Version found: 4.13.4              
[33mWARNING[0m[Sep 25 06:15:48.014][autodiscover_podset.go: 87] Did not find any deployment in the configured namespaces [test] 
[33mWARNING[0m[Sep 25 06:15:48.054][autodiscover_podset.go: 106] Did not find any statefulSet in ns=test      
[33mWARNING[0m[Sep 25 06:15:48.054][autodiscover_podset.go: 120] Did not find any statefulset in the configured namespaces [test] 
[36mINFO   [0m[Sep 25 06:15:48.391][autodiscover_podset.go: 138] Cannot find any deployed HorizontalPodAutoscaler 
[36mINFO   [0m[Sep 25 06:15:48.570][operators.go: 130] Found 3 unique CSVs                          
[36mINFO   [0m[Sep 25 06:15:48.570][operators.go: 132]   CSV: packageserver                         
[36mINFO   [0m[Sep 25 06:15:48.571][operators.go: 132]   CSV: ibm-metrics-operator.v2.12.1          
[36mINFO   [0m[Sep 25 06:15:48.571][operators.go: 132]   CSV: tigera-operator.v1.25.1               
[36mINFO   [0m[Sep 25 06:15:48.614][operators.go: 185] Getting installplans for op ibm-metrics-operator.v2.12.1 (subs ibm-metrics-operator-stable-certified-operators-openshift-marketplace ns test) 
[33mWARNING[0m[Sep 25 06:15:48.615][operators.go: 183] Subscription not found for CSV: packageserver (ns openshift-operator-lifecycle-manager) 
[36mINFO   [0m[Sep 25 06:15:48.615][operators.go: 185] Getting installplans for op packageserver (subs  ns ) 
[36mINFO   [0m[Sep 25 06:15:48.654][operators.go: 185] Getting installplans for op tigera-operator.v1.25.1 (subs tigera-operator-v1-25-1-sub ns test) 
[36mINFO   [0m[Sep 25 06:15:48.656][provider.go: 564] Node ip-10-0-138-139.ec2.internal - mc name: rendered-worker-2d2f3b16cfd49fa63f019201ad937fb4 
[36mINFO   [0m[Sep 25 06:15:48.759][provider.go: 564] Node ip-10-0-140-127.ec2.internal - mc name: rendered-master-c13f40c1d9ca7958e3551ada049691f6 
[36mINFO   [0m[Sep 25 06:15:48.835][provider.go: 564] Node ip-10-0-144-53.ec2.internal - mc name: rendered-master-c13f40c1d9ca7958e3551ada049691f6 
[36mINFO   [0m[Sep 25 06:15:48.900][provider.go: 564] Node ip-10-0-146-178.ec2.internal - mc name: rendered-worker-2d2f3b16cfd49fa63f019201ad937fb4 
[36mINFO   [0m[Sep 25 06:15:48.964][provider.go: 564] Node ip-10-0-171-112.ec2.internal - mc name: rendered-worker-2d2f3b16cfd49fa63f019201ad937fb4 
[36mINFO   [0m[Sep 25 06:15:49.025][provider.go: 564] Node ip-10-0-173-119.ec2.internal - mc name: rendered-master-c13f40c1d9ca7958e3551ada049691f6 
[31mERROR  [0m[Sep 25 06:15:49.089][pods.go: 57] Could not decode networks-status annotation, error: could not unmarshal network-status annotation 
[31mERROR  [0m[Sep 25 06:15:49.089][pods.go: 62] Could not decode networks-status annotation, error: could not unmarshal network-status annotation 
[31mERROR  [0m[Sep 25 06:15:49.090][pods.go: 57] Could not decode networks-status annotation, error: could not unmarshal network-status annotation 
[31mERROR  [0m[Sep 25 06:15:49.090][pods.go: 62] Could not decode networks-status annotation, error: could not unmarshal network-status annotation 
[31mERROR  [0m[Sep 25 06:15:49.090][pods.go: 57] Could not decode networks-status annotation, error: could not unmarshal network-status annotation 
[31mERROR  [0m[Sep 25 06:15:49.090][pods.go: 62] Could not decode networks-status annotation, error: could not unmarshal network-status annotation 
[31mERROR  [0m[Sep 25 06:15:49.092][pods.go: 57] Could not decode networks-status annotation, error: could not unmarshal network-status annotation 
[31mERROR  [0m[Sep 25 06:15:49.092][pods.go: 62] Could not decode networks-status annotation, error: could not unmarshal network-status annotation 
[31mERROR  [0m[Sep 25 06:15:49.092][pods.go: 57] Could not decode networks-status annotation, error: could not unmarshal network-status annotation 
[31mERROR  [0m[Sep 25 06:15:49.093][pods.go: 62] Could not decode networks-status annotation, error: could not unmarshal network-status annotation 
[31mERROR  [0m[Sep 25 06:15:49.093][pods.go: 57] Could not decode networks-status annotation, error: could not unmarshal network-status annotation 
[31mERROR  [0m[Sep 25 06:15:49.093][pods.go: 62] Could not decode networks-status annotation, error: could not unmarshal network-status annotation 
[31mERROR  [0m[Sep 25 06:15:49.096][pods.go: 57] Could not decode networks-status annotation, error: could not unmarshal network-status annotation 
[31mERROR  [0m[Sep 25 06:15:49.096][pods.go: 62] Could not decode networks-status annotation, error: could not unmarshal network-status annotation 
[33mWARNING[0m[Sep 25 06:15:49.097][provider.go: 341] container: extract pod: b9f647540b1a1ce37709d746d3fe527552ab46b01468837f86475721e7jqh5v ns: test is not ready yet. 
[33mWARNING[0m[Sep 25 06:15:49.097][provider.go: 357] container: extract pod: b9f647540b1a1ce37709d746d3fe527552ab46b01468837f86475721e7jqh5v ns: test is not running (reason: terminated - Completed, restarts 0): some test cases might fail. 
[31mERROR  [0m[Sep 25 06:15:49.097][pods.go: 57] Could not decode networks-status annotation, error: could not unmarshal network-status annotation 
[31mERROR  [0m[Sep 25 06:15:49.097][pods.go: 62] Could not decode networks-status annotation, error: could not unmarshal network-status annotation 
[31mERROR  [0m[Sep 25 06:15:49.097][pods.go: 57] Could not decode networks-status annotation, error: could not unmarshal network-status annotation 
[31mERROR  [0m[Sep 25 06:15:49.098][pods.go: 62] Could not decode networks-status annotation, error: could not unmarshal network-status annotation 
[31mERROR  [0m[Sep 25 06:15:49.098][pods.go: 57] Could not decode networks-status annotation, error: could not unmarshal network-status annotation 
[31mERROR  [0m[Sep 25 06:15:49.098][pods.go: 62] Could not decode networks-status annotation, error: could not unmarshal network-status annotation 
[31mERROR  [0m[Sep 25 06:15:49.099][pods.go: 57] Could not decode networks-status annotation, error: could not unmarshal network-status annotation 
[31mERROR  [0m[Sep 25 06:15:49.099][pods.go: 62] Could not decode networks-status annotation, error: could not unmarshal network-status annotation 
[31mERROR  [0m[Sep 25 06:15:49.099][pods.go: 57] Could not decode networks-status annotation, error: could not unmarshal network-status annotation 
[31mERROR  [0m[Sep 25 06:15:49.099][pods.go: 62] Could not decode networks-status annotation, error: could not unmarshal network-status annotation 
[31mERROR  [0m[Sep 25 06:15:49.099][pods.go: 57] Could not decode networks-status annotation, error: could not unmarshal network-status annotation 
[31mERROR  [0m[Sep 25 06:15:49.099][pods.go: 62] Could not decode networks-status annotation, error: could not unmarshal network-status annotation 
[33mWARNING[0m[Sep 25 06:15:49.100][provider.go: 341] container: extract pod: d13ed853ba3a77ea57c0573e1e34358d165d0a53b34bcd50ca5f99cef4kk96f ns: test is not ready yet. 
[33mWARNING[0m[Sep 25 06:15:49.100][provider.go: 357] container: extract pod: d13ed853ba3a77ea57c0573e1e34358d165d0a53b34bcd50ca5f99cef4kk96f ns: test is not running (reason: terminated - Completed, restarts 0): some test cases might fail. 
[33mWARNING[0m[Sep 25 06:15:49.101][provider.go: 341] container: extract pod: d43224ecf8a90e2689f1b48690ce45a9c382a5ed2d2ce8b0d2fbba172a8xrtm ns: test is not ready yet. 
[33mWARNING[0m[Sep 25 06:15:49.101][provider.go: 357] container: extract pod: d43224ecf8a90e2689f1b48690ce45a9c382a5ed2d2ce8b0d2fbba172a8xrtm ns: test is not running (reason: terminated - Completed, restarts 0): some test cases might fail. 
[33mWARNING[0m[Sep 25 06:15:49.101][provider.go: 341] container: extract pod: d4fe36668cbff5bf360eabb230ae7caeb430b86f4a6636c74f4314f7c0grbkk ns: test is not ready yet. 
[33mWARNING[0m[Sep 25 06:15:49.101][provider.go: 357] container: extract pod: d4fe36668cbff5bf360eabb230ae7caeb430b86f4a6636c74f4314f7c0grbkk ns: test is not running (reason: terminated - Completed, restarts 0): some test cases might fail. 
[31mERROR  [0m[Sep 25 06:15:49.102][pods.go: 57] Could not decode networks-status annotation, error: could not unmarshal network-status annotation 
[31mERROR  [0m[Sep 25 06:15:49.102][pods.go: 62] Could not decode networks-status annotation, error: could not unmarshal network-status annotation 
[36mINFO   [0m[Sep 25 06:15:49.102][operators.go: 130] Found 2 unique CSVs                          
[36mINFO   [0m[Sep 25 06:15:49.102][operators.go: 132]   CSV: ibm-metrics-operator.v2.12.1          
[36mINFO   [0m[Sep 25 06:15:49.102][operators.go: 132]   CSV: tigera-operator.v1.25.1               
[36mINFO   [0m[Sep 25 06:15:49.137][operators.go: 185] Getting installplans for op ibm-metrics-operator.v2.12.1 (subs ibm-metrics-operator-stable-certified-operators-openshift-marketplace ns test) 
[36mINFO   [0m[Sep 25 06:15:49.178][operators.go: 185] Getting installplans for op tigera-operator.v1.25.1 (subs tigera-operator-v1-25-1-sub ns test) 
[36mINFO   [0m[Sep 25 06:15:49.178][provider.go: 290] Operators found: 2                           
[36mINFO   [0m[Sep 25 06:15:49.179][provider.go: 302] Completed the test environment build process in 4.28 seconds 
[33mWARNING[0m[Sep 25 06:16:00.878][autodiscover.go: 110] DEPRECATED: targetPodLabels config field is about to be obsolete. Please use the new "podsUnderTestLabels" field instead. 
[33mWARNING[0m[Sep 25 06:16:00.878][autodiscover.go: 113] DEPRECATED: deprecated default operator label in use ( test-network-function.com/operator: ) is about to be obsolete. Please use the new "operatorsUnderTestLabels" field to specify operators labels instead. 
[36mINFO   [0m[Sep 25 06:16:00.878][autodiscover.go: 143] parsed pods under test labels: [{LabelKey:test-network-function.com/generic LabelValue:target}] 
[36mINFO   [0m[Sep 25 06:16:00.879][autodiscover.go: 144] parsed operators under test labels: [{LabelKey:test-network-function.com/operator LabelValue:}] 
[36mINFO   [0m[Sep 25 06:16:01.019][autodiscover_operators.go: 144] Found 2 subscriptions in the target namespaces 
[36mINFO   [0m[Sep 25 06:16:01.019][autodiscover_operators.go: 146]  Subscriptions name: ibm-metrics-operator-stable-certified-operators-openshift-marketplace (ns: test) 
[36mINFO   [0m[Sep 25 06:16:01.019][autodiscover_operators.go: 146]  Subscriptions name: tigera-operator-v1-25-1-sub (ns: test) 
[36mINFO   [0m[Sep 25 06:16:01.159][autodiscover_operators.go: 121] Found 3 CSVs:                                
[36mINFO   [0m[Sep 25 06:16:01.159][autodiscover_operators.go: 123]  CSV name: packageserver (ns: openshift-operator-lifecycle-manager) 
[36mINFO   [0m[Sep 25 06:16:01.159][autodiscover_operators.go: 123]  CSV name: ibm-metrics-operator.v2.12.1 (ns: test) 
[36mINFO   [0m[Sep 25 06:16:01.160][autodiscover_operators.go: 123]  CSV name: tigera-operator.v1.25.1 (ns: test) 
[36mINFO   [0m[Sep 25 06:16:04.193][autodiscover_operators.go: 91] Found 2 CSVs:                                
[36mINFO   [0m[Sep 25 06:16:04.193][autodiscover_operators.go: 93]  CSV name: ibm-metrics-operator.v2.12.1 (ns: test) 
[36mINFO   [0m[Sep 25 06:16:04.193][autodiscover_operators.go: 93]  CSV name: tigera-operator.v1.25.1 (ns: test) 
[36mINFO   [0m[Sep 25 06:16:04.237][autodiscover_operators.go: 144] Found 2 subscriptions in the target namespaces 
[36mINFO   [0m[Sep 25 06:16:04.237][autodiscover_operators.go: 146]  Subscriptions name: ibm-metrics-operator-stable-certified-operators-openshift-marketplace (ns: test) 
[36mINFO   [0m[Sep 25 06:16:04.237][autodiscover_operators.go: 146]  Subscriptions name: tigera-operator-v1-25-1-sub (ns: test) 
[36mINFO   [0m[Sep 25 06:16:04.367][autodiscover.go: 257] OpenShift Version found: 4.13.4              
[33mWARNING[0m[Sep 25 06:16:04.492][autodiscover_podset.go: 87] Did not find any deployment in the configured namespaces [test] 
[33mWARNING[0m[Sep 25 06:16:04.549][autodiscover_podset.go: 106] Did not find any statefulSet in ns=test      
[33mWARNING[0m[Sep 25 06:16:04.549][autodiscover_podset.go: 120] Did not find any statefulset in the configured namespaces [test] 
[36mINFO   [0m[Sep 25 06:16:04.933][autodiscover_podset.go: 138] Cannot find any deployed HorizontalPodAutoscaler 
[36mINFO   [0m[Sep 25 06:16:05.125][operators.go: 130] Found 3 unique CSVs                          
[36mINFO   [0m[Sep 25 06:16:05.125][operators.go: 132]   CSV: packageserver                         
[36mINFO   [0m[Sep 25 06:16:05.125][operators.go: 132]   CSV: ibm-metrics-operator.v2.12.1          
[36mINFO   [0m[Sep 25 06:16:05.126][operators.go: 132]   CSV: tigera-operator.v1.25.1               
[36mINFO   [0m[Sep 25 06:16:05.168][operators.go: 185] Getting installplans for op ibm-metrics-operator.v2.12.1 (subs ibm-metrics-operator-stable-certified-operators-openshift-marketplace ns test) 
[33mWARNING[0m[Sep 25 06:16:05.169][operators.go: 183] Subscription not found for CSV: packageserver (ns openshift-operator-lifecycle-manager) 
[36mINFO   [0m[Sep 25 06:16:05.170][operators.go: 185] Getting installplans for op packageserver (subs  ns ) 
[36mINFO   [0m[Sep 25 06:16:05.215][operators.go: 185] Getting installplans for op tigera-operator.v1.25.1 (subs tigera-operator-v1-25-1-sub ns test) 
[36mINFO   [0m[Sep 25 06:16:05.216][provider.go: 564] Node ip-10-0-138-139.ec2.internal - mc name: rendered-worker-2d2f3b16cfd49fa63f019201ad937fb4 
[36mINFO   [0m[Sep 25 06:16:05.319][provider.go: 564] Node ip-10-0-140-127.ec2.internal - mc name: rendered-master-c13f40c1d9ca7958e3551ada049691f6 
[36mINFO   [0m[Sep 25 06:16:05.395][provider.go: 564] Node ip-10-0-144-53.ec2.internal - mc name: rendered-master-c13f40c1d9ca7958e3551ada049691f6 
[36mINFO   [0m[Sep 25 06:16:05.460][provider.go: 564] Node ip-10-0-146-178.ec2.internal - mc name: rendered-worker-2d2f3b16cfd49fa63f019201ad937fb4 
[36mINFO   [0m[Sep 25 06:16:05.527][provider.go: 564] Node ip-10-0-171-112.ec2.internal - mc name: rendered-worker-2d2f3b16cfd49fa63f019201ad937fb4 
[36mINFO   [0m[Sep 25 06:16:05.593][provider.go: 564] Node ip-10-0-173-119.ec2.internal - mc name: rendered-master-c13f40c1d9ca7958e3551ada049691f6 
[31mERROR  [0m[Sep 25 06:16:05.666][pods.go: 57] Could not decode networks-status annotation, error: could not unmarshal network-status annotation 
[31mERROR  [0m[Sep 25 06:16:05.666][pods.go: 62] Could not decode networks-status annotation, error: could not unmarshal network-status annotation 
[31mERROR  [0m[Sep 25 06:16:05.666][pods.go: 57] Could not decode networks-status annotation, error: could not unmarshal network-status annotation 
[31mERROR  [0m[Sep 25 06:16:05.666][pods.go: 62] Could not decode networks-status annotation, error: could not unmarshal network-status annotation 
[31mERROR  [0m[Sep 25 06:16:05.666][pods.go: 57] Could not decode networks-status annotation, error: could not unmarshal network-status annotation 
[31mERROR  [0m[Sep 25 06:16:05.666][pods.go: 62] Could not decode networks-status annotation, error: could not unmarshal network-status annotation 
[31mERROR  [0m[Sep 25 06:16:05.668][pods.go: 57] Could not decode networks-status annotation, error: could not unmarshal network-status annotation 
[31mERROR  [0m[Sep 25 06:16:05.668][pods.go: 62] Could not decode networks-status annotation, error: could not unmarshal network-status annotation 
[31mERROR  [0m[Sep 25 06:16:05.669][pods.go: 57] Could not decode networks-status annotation, error: could not unmarshal network-status annotation 
[31mERROR  [0m[Sep 25 06:16:05.669][pods.go: 62] Could not decode networks-status annotation, error: could not unmarshal network-status annotation 
[31mERROR  [0m[Sep 25 06:16:05.669][pods.go: 57] Could not decode networks-status annotation, error: could not unmarshal network-status annotation 
[31mERROR  [0m[Sep 25 06:16:05.669][pods.go: 62] Could not decode networks-status annotation, error: could not unmarshal network-status annotation 
[31mERROR  [0m[Sep 25 06:16:05.672][pods.go: 57] Could not decode networks-status annotation, error: could not unmarshal network-status annotation 
[31mERROR  [0m[Sep 25 06:16:05.672][pods.go: 62] Could not decode networks-status annotation, error: could not unmarshal network-status annotation 
[33mWARNING[0m[Sep 25 06:16:05.673][provider.go: 341] container: extract pod: b9f647540b1a1ce37709d746d3fe527552ab46b01468837f86475721e7jqh5v ns: test is not ready yet. 
[33mWARNING[0m[Sep 25 06:16:05.673][provider.go: 357] container: extract pod: b9f647540b1a1ce37709d746d3fe527552ab46b01468837f86475721e7jqh5v ns: test is not running (reason: terminated - Completed, restarts 0): some test cases might fail. 
[31mERROR  [0m[Sep 25 06:16:05.673][pods.go: 57] Could not decode networks-status annotation, error: could not unmarshal network-status annotation 
[31mERROR  [0m[Sep 25 06:16:05.673][pods.go: 62] Could not decode networks-status annotation, error: could not unmarshal network-status annotation 
[31mERROR  [0m[Sep 25 06:16:05.673][pods.go: 57] Could not decode networks-status annotation, error: could not unmarshal network-status annotation 
[31mERROR  [0m[Sep 25 06:16:05.673][pods.go: 62] Could not decode networks-status annotation, error: could not unmarshal network-status annotation 
[31mERROR  [0m[Sep 25 06:16:05.674][pods.go: 57] Could not decode networks-status annotation, error: could not unmarshal network-status annotation 
[31mERROR  [0m[Sep 25 06:16:05.674][pods.go: 62] Could not decode networks-status annotation, error: could not unmarshal network-status annotation 
[31mERROR  [0m[Sep 25 06:16:05.675][pods.go: 57] Could not decode networks-status annotation, error: could not unmarshal network-status annotation 
[31mERROR  [0m[Sep 25 06:16:05.675][pods.go: 62] Could not decode networks-status annotation, error: could not unmarshal network-status annotation 
[31mERROR  [0m[Sep 25 06:16:05.675][pods.go: 57] Could not decode networks-status annotation, error: could not unmarshal network-status annotation 
[31mERROR  [0m[Sep 25 06:16:05.675][pods.go: 62] Could not decode networks-status annotation, error: could not unmarshal network-status annotation 
[31mERROR  [0m[Sep 25 06:16:05.675][pods.go: 57] Could not decode networks-status annotation, error: could not unmarshal network-status annotation 
[31mERROR  [0m[Sep 25 06:16:05.675][pods.go: 62] Could not decode networks-status annotation, error: could not unmarshal network-status annotation 
[33mWARNING[0m[Sep 25 06:16:05.676][provider.go: 341] container: extract pod: d13ed853ba3a77ea57c0573e1e34358d165d0a53b34bcd50ca5f99cef4kk96f ns: test is not ready yet. 
[33mWARNING[0m[Sep 25 06:16:05.676][provider.go: 357] container: extract pod: d13ed853ba3a77ea57c0573e1e34358d165d0a53b34bcd50ca5f99cef4kk96f ns: test is not running (reason: terminated - Completed, restarts 0): some test cases might fail. 
[33mWARNING[0m[Sep 25 06:16:05.676][provider.go: 341] container: extract pod: d43224ecf8a90e2689f1b48690ce45a9c382a5ed2d2ce8b0d2fbba172a8xrtm ns: test is not ready yet. 
[33mWARNING[0m[Sep 25 06:16:05.676][provider.go: 357] container: extract pod: d43224ecf8a90e2689f1b48690ce45a9c382a5ed2d2ce8b0d2fbba172a8xrtm ns: test is not running (reason: terminated - Completed, restarts 0): some test cases might fail. 
[33mWARNING[0m[Sep 25 06:16:05.677][provider.go: 341] container: extract pod: d4fe36668cbff5bf360eabb230ae7caeb430b86f4a6636c74f4314f7c0grbkk ns: test is not ready yet. 
[33mWARNING[0m[Sep 25 06:16:05.677][provider.go: 357] container: extract pod: d4fe36668cbff5bf360eabb230ae7caeb430b86f4a6636c74f4314f7c0grbkk ns: test is not running (reason: terminated - Completed, restarts 0): some test cases might fail. 
[31mERROR  [0m[Sep 25 06:16:05.678][pods.go: 57] Could not decode networks-status annotation, error: could not unmarshal network-status annotation 
[31mERROR  [0m[Sep 25 06:16:05.678][pods.go: 62] Could not decode networks-status annotation, error: could not unmarshal network-status annotation 
[36mINFO   [0m[Sep 25 06:16:05.678][operators.go: 130] Found 2 unique CSVs                          
[36mINFO   [0m[Sep 25 06:16:05.678][operators.go: 132]   CSV: tigera-operator.v1.25.1               
[36mINFO   [0m[Sep 25 06:16:05.678][operators.go: 132]   CSV: ibm-metrics-operator.v2.12.1          
[36mINFO   [0m[Sep 25 06:16:05.717][operators.go: 185] Getting installplans for op ibm-metrics-operator.v2.12.1 (subs ibm-metrics-operator-stable-certified-operators-openshift-marketplace ns test) 
[36mINFO   [0m[Sep 25 06:16:05.757][operators.go: 185] Getting installplans for op tigera-operator.v1.25.1 (subs tigera-operator-v1-25-1-sub ns test) 
[36mINFO   [0m[Sep 25 06:16:05.757][provider.go: 290] Operators found: 2                           
[36mINFO   [0m[Sep 25 06:16:05.757][provider.go: 302] Completed the test environment build process in 4.95 seconds 
[33mWARNING[0m[Sep 25 06:16:05.768][suite.go: 50] LabelFilter is set but 'preflight' tests are not targeted. Skipping the preflight tests. 
Running Suite: CNF Certification Test Suite - /usr/tnf/cnf-certification-test
=============================================================================
Random Seed: [1m1695622543[0m

Will run [1m82[0m of [1m87[0m specs
[38;5;243m------------------------------[0m
[0moperator [0m[1moperator-install-status-succeeded[0m [38;5;204m[common, operator-install-status-succeeded, operator][0m
[38;5;243m/usr/tnf/tnf-src/cnf-certification-test/operator/suite.go:44[0m
[31mFATAL  [0m[Sep 25 06:21:05.891][phasecheck.go: 50] Timeout waiting for operator csv: ibm-metrics-operator.v2.12.1 ns: test to be ready 
