time="2023-09-25T03:03:24Z" level=info msg="Saving environment variables & parameters."
time="2023-09-25T03:03:24Z" level=info msg="Environment: {Home:/root Kubeconfig:/usr/tnf/kubeconfig/config ConfigurationPath:/usr/tnf/config/tnf_config.yml NonIntrusiveOnly:false LogLevel:info OfflineDB:/usr/offline-db AllowPreflightInsecure:false PfltDockerconfig:/usr/tnf/dockercfg/config.json IncludeWebFilesInOutputFolder:false OmitArtifactsZipFile:false}"
=== RUN   TestTest
[36mINFO   [0m[Sep 25 03:03:24.880][suite_test.go: 98] Log level set to: info                       
[36mINFO   [0m[Sep 25 03:03:24.882][suite_test.go: 140] TNF Version         : v4.3.4 ( 2037b43c9bccf6b00fe91797adfabcbeeeb5efdc ) 
[36mINFO   [0m[Sep 25 03:03:24.882][suite_test.go: 141] Claim Format Version: v0.1.0                 
[36mINFO   [0m[Sep 25 03:03:24.882][suite_test.go: 142] Ginkgo Version      : 2.11.0                 
[36mINFO   [0m[Sep 25 03:03:24.882][suite_test.go: 143] Labels filter       : operator, access-control, networking, affiliated-certification, lifecycle, manageability, networking, observability, platform-alteration 
[36mINFO   [0m[Sep 25 03:03:24.882][clientsholder.go: 169] Creating k8s go-clients holder.              
[36mINFO   [0m[Sep 25 03:03:25.332][utils.go: 51] Loading config from file: /usr/tnf/config/tnf_config.yml 
[33mWARNING[0m[Sep 25 03:03:25.339][utils.go: 64] No namespace configured for the debug DaemonSet. Defaulting to namespace cnf-suite 
[33mWARNING[0m[Sep 25 03:03:25.431][autodiscover.go: 110] DEPRECATED: targetPodLabels config field is about to be obsolete. Please use the new "podsUnderTestLabels" field instead. 
[33mWARNING[0m[Sep 25 03:03:25.431][autodiscover.go: 113] DEPRECATED: deprecated default operator label in use ( test-network-function.com/operator: ) is about to be obsolete. Please use the new "operatorsUnderTestLabels" field to specify operators labels instead. 
[36mINFO   [0m[Sep 25 03:03:25.432][autodiscover.go: 143] parsed pods under test labels: [{LabelKey:test-network-function.com/generic LabelValue:target}] 
[36mINFO   [0m[Sep 25 03:03:25.432][autodiscover.go: 144] parsed operators under test labels: [{LabelKey:test-network-function.com/operator LabelValue:}] 
[36mINFO   [0m[Sep 25 03:03:25.546][autodiscover_operators.go: 144] Found 2 subscriptions in the target namespaces 
[36mINFO   [0m[Sep 25 03:03:25.546][autodiscover_operators.go: 146]  Subscriptions name: ibm-block-csi-operator-stable-certified-operators-openshift-marketplace (ns: test) 
[36mINFO   [0m[Sep 25 03:03:25.547][autodiscover_operators.go: 146]  Subscriptions name: memory-machine-operator-v0-0-10-sub (ns: test) 
[36mINFO   [0m[Sep 25 03:03:25.626][autodiscover_operators.go: 121] Found 3 CSVs:                                
[36mINFO   [0m[Sep 25 03:03:25.626][autodiscover_operators.go: 123]  CSV name: packageserver (ns: openshift-operator-lifecycle-manager) 
[36mINFO   [0m[Sep 25 03:03:25.626][autodiscover_operators.go: 123]  CSV name: ibm-block-csi-operator.v1.11.1 (ns: test) 
[36mINFO   [0m[Sep 25 03:03:25.626][autodiscover_operators.go: 123]  CSV name: memory-machine-operator.v0.0.10 (ns: test) 
[36mINFO   [0m[Sep 25 03:03:27.932][autodiscover_operators.go: 91] Found 2 CSVs:                                
[36mINFO   [0m[Sep 25 03:03:27.933][autodiscover_operators.go: 93]  CSV name: ibm-block-csi-operator.v1.11.1 (ns: test) 
[36mINFO   [0m[Sep 25 03:03:27.933][autodiscover_operators.go: 93]  CSV name: memory-machine-operator.v0.0.10 (ns: test) 
[36mINFO   [0m[Sep 25 03:03:27.973][autodiscover_operators.go: 144] Found 2 subscriptions in the target namespaces 
[36mINFO   [0m[Sep 25 03:03:27.973][autodiscover_operators.go: 146]  Subscriptions name: ibm-block-csi-operator-stable-certified-operators-openshift-marketplace (ns: test) 
[36mINFO   [0m[Sep 25 03:03:27.973][autodiscover_operators.go: 146]  Subscriptions name: memory-machine-operator-v0-0-10-sub (ns: test) 
[36mINFO   [0m[Sep 25 03:03:28.098][autodiscover.go: 257] OpenShift Version found: 4.13.4              
[33mWARNING[0m[Sep 25 03:03:28.208][autodiscover_podset.go: 87] Did not find any deployment in the configured namespaces [test] 
[33mWARNING[0m[Sep 25 03:03:28.254][autodiscover_podset.go: 106] Did not find any statefulSet in ns=test      
[33mWARNING[0m[Sep 25 03:03:28.255][autodiscover_podset.go: 120] Did not find any statefulset in the configured namespaces [test] 
[36mINFO   [0m[Sep 25 03:03:28.580][autodiscover_podset.go: 138] Cannot find any deployed HorizontalPodAutoscaler 
[36mINFO   [0m[Sep 25 03:03:28.759][operators.go: 130] Found 3 unique CSVs                          
[36mINFO   [0m[Sep 25 03:03:28.759][operators.go: 132]   CSV: packageserver                         
[36mINFO   [0m[Sep 25 03:03:28.759][operators.go: 132]   CSV: ibm-block-csi-operator.v1.11.1        
[36mINFO   [0m[Sep 25 03:03:28.759][operators.go: 132]   CSV: memory-machine-operator.v0.0.10       
[36mINFO   [0m[Sep 25 03:03:28.797][operators.go: 185] Getting installplans for op ibm-block-csi-operator.v1.11.1 (subs ibm-block-csi-operator-stable-certified-operators-openshift-marketplace ns test) 
[36mINFO   [0m[Sep 25 03:03:28.837][operators.go: 185] Getting installplans for op memory-machine-operator.v0.0.10 (subs memory-machine-operator-v0-0-10-sub ns test) 
[33mWARNING[0m[Sep 25 03:03:28.839][operators.go: 183] Subscription not found for CSV: packageserver (ns openshift-operator-lifecycle-manager) 
[36mINFO   [0m[Sep 25 03:03:28.839][operators.go: 185] Getting installplans for op packageserver (subs  ns ) 
[36mINFO   [0m[Sep 25 03:03:28.841][provider.go: 564] Node ip-10-0-138-139.ec2.internal - mc name: rendered-worker-2d2f3b16cfd49fa63f019201ad937fb4 
[36mINFO   [0m[Sep 25 03:03:28.940][provider.go: 564] Node ip-10-0-140-127.ec2.internal - mc name: rendered-master-c13f40c1d9ca7958e3551ada049691f6 
[36mINFO   [0m[Sep 25 03:03:29.020][provider.go: 564] Node ip-10-0-144-53.ec2.internal - mc name: rendered-master-c13f40c1d9ca7958e3551ada049691f6 
[36mINFO   [0m[Sep 25 03:03:29.087][provider.go: 564] Node ip-10-0-146-178.ec2.internal - mc name: rendered-worker-2d2f3b16cfd49fa63f019201ad937fb4 
[36mINFO   [0m[Sep 25 03:03:29.150][provider.go: 564] Node ip-10-0-171-112.ec2.internal - mc name: rendered-worker-2d2f3b16cfd49fa63f019201ad937fb4 
[36mINFO   [0m[Sep 25 03:03:29.212][provider.go: 564] Node ip-10-0-173-119.ec2.internal - mc name: rendered-master-c13f40c1d9ca7958e3551ada049691f6 
[31mERROR  [0m[Sep 25 03:03:29.274][pods.go: 57] Could not decode networks-status annotation, error: could not unmarshal network-status annotation 
[31mERROR  [0m[Sep 25 03:03:29.274][pods.go: 62] Could not decode networks-status annotation, error: could not unmarshal network-status annotation 
[31mERROR  [0m[Sep 25 03:03:29.274][pods.go: 57] Could not decode networks-status annotation, error: could not unmarshal network-status annotation 
[31mERROR  [0m[Sep 25 03:03:29.274][pods.go: 62] Could not decode networks-status annotation, error: could not unmarshal network-status annotation 
[31mERROR  [0m[Sep 25 03:03:29.275][pods.go: 57] Could not decode networks-status annotation, error: could not unmarshal network-status annotation 
[31mERROR  [0m[Sep 25 03:03:29.275][pods.go: 62] Could not decode networks-status annotation, error: could not unmarshal network-status annotation 
[31mERROR  [0m[Sep 25 03:03:29.276][pods.go: 57] Could not decode networks-status annotation, error: could not unmarshal network-status annotation 
[31mERROR  [0m[Sep 25 03:03:29.277][pods.go: 62] Could not decode networks-status annotation, error: could not unmarshal network-status annotation 
[31mERROR  [0m[Sep 25 03:03:29.277][pods.go: 57] Could not decode networks-status annotation, error: could not unmarshal network-status annotation 
[31mERROR  [0m[Sep 25 03:03:29.277][pods.go: 62] Could not decode networks-status annotation, error: could not unmarshal network-status annotation 
[31mERROR  [0m[Sep 25 03:03:29.278][pods.go: 57] Could not decode networks-status annotation, error: could not unmarshal network-status annotation 
[31mERROR  [0m[Sep 25 03:03:29.278][pods.go: 62] Could not decode networks-status annotation, error: could not unmarshal network-status annotation 
[33mWARNING[0m[Sep 25 03:03:29.282][provider.go: 341] container: extract pod: bad2d6671ea70976c64d77118c2b9378d57202296104365774df80d681dwpfd ns: test is not ready yet. 
[33mWARNING[0m[Sep 25 03:03:29.282][provider.go: 357] container: extract pod: bad2d6671ea70976c64d77118c2b9378d57202296104365774df80d681dwpfd ns: test is not running (reason: terminated - Completed, restarts 0): some test cases might fail. 
[31mERROR  [0m[Sep 25 03:03:29.282][pods.go: 57] Could not decode networks-status annotation, error: could not unmarshal network-status annotation 
[31mERROR  [0m[Sep 25 03:03:29.282][pods.go: 62] Could not decode networks-status annotation, error: could not unmarshal network-status annotation 
[31mERROR  [0m[Sep 25 03:03:29.282][pods.go: 57] Could not decode networks-status annotation, error: could not unmarshal network-status annotation 
[31mERROR  [0m[Sep 25 03:03:29.282][pods.go: 62] Could not decode networks-status annotation, error: could not unmarshal network-status annotation 
[31mERROR  [0m[Sep 25 03:03:29.283][pods.go: 57] Could not decode networks-status annotation, error: could not unmarshal network-status annotation 
[31mERROR  [0m[Sep 25 03:03:29.283][pods.go: 62] Could not decode networks-status annotation, error: could not unmarshal network-status annotation 
[31mERROR  [0m[Sep 25 03:03:29.284][pods.go: 57] Could not decode networks-status annotation, error: could not unmarshal network-status annotation 
[31mERROR  [0m[Sep 25 03:03:29.284][pods.go: 62] Could not decode networks-status annotation, error: could not unmarshal network-status annotation 
[31mERROR  [0m[Sep 25 03:03:29.284][pods.go: 57] Could not decode networks-status annotation, error: could not unmarshal network-status annotation 
[31mERROR  [0m[Sep 25 03:03:29.284][pods.go: 62] Could not decode networks-status annotation, error: could not unmarshal network-status annotation 
[31mERROR  [0m[Sep 25 03:03:29.284][pods.go: 57] Could not decode networks-status annotation, error: could not unmarshal network-status annotation 
[31mERROR  [0m[Sep 25 03:03:29.284][pods.go: 62] Could not decode networks-status annotation, error: could not unmarshal network-status annotation 
[33mWARNING[0m[Sep 25 03:03:29.286][provider.go: 341] container: extract pod: d43224ecf8a90e2689f1b48690ce45a9c382a5ed2d2ce8b0d2fbba172a8xrtm ns: test is not ready yet. 
[33mWARNING[0m[Sep 25 03:03:29.286][provider.go: 357] container: extract pod: d43224ecf8a90e2689f1b48690ce45a9c382a5ed2d2ce8b0d2fbba172a8xrtm ns: test is not running (reason: terminated - Completed, restarts 0): some test cases might fail. 
[33mWARNING[0m[Sep 25 03:03:29.286][provider.go: 341] container: extract pod: d4fe36668cbff5bf360eabb230ae7caeb430b86f4a6636c74f4314f7c0grbkk ns: test is not ready yet. 
[33mWARNING[0m[Sep 25 03:03:29.286][provider.go: 357] container: extract pod: d4fe36668cbff5bf360eabb230ae7caeb430b86f4a6636c74f4314f7c0grbkk ns: test is not running (reason: terminated - Completed, restarts 0): some test cases might fail. 
[33mWARNING[0m[Sep 25 03:03:29.287][provider.go: 341] container: extract pod: ee4f2de9048ce905c65df8e988070df03eab7825e15983b35e02855fd3wnzhg ns: test is not ready yet. 
[33mWARNING[0m[Sep 25 03:03:29.287][provider.go: 357] container: extract pod: ee4f2de9048ce905c65df8e988070df03eab7825e15983b35e02855fd3wnzhg ns: test is not running (reason: terminated - Completed, restarts 0): some test cases might fail. 
[36mINFO   [0m[Sep 25 03:03:29.287][operators.go: 130] Found 2 unique CSVs                          
[36mINFO   [0m[Sep 25 03:03:29.288][operators.go: 132]   CSV: ibm-block-csi-operator.v1.11.1        
[36mINFO   [0m[Sep 25 03:03:29.288][operators.go: 132]   CSV: memory-machine-operator.v0.0.10       
[36mINFO   [0m[Sep 25 03:03:29.322][operators.go: 185] Getting installplans for op ibm-block-csi-operator.v1.11.1 (subs ibm-block-csi-operator-stable-certified-operators-openshift-marketplace ns test) 
[36mINFO   [0m[Sep 25 03:03:29.360][operators.go: 185] Getting installplans for op memory-machine-operator.v0.0.10 (subs memory-machine-operator-v0-0-10-sub ns test) 
[36mINFO   [0m[Sep 25 03:03:29.360][provider.go: 290] Operators found: 2                           
[36mINFO   [0m[Sep 25 03:03:29.361][provider.go: 302] Completed the test environment build process in 4.03 seconds 
[33mWARNING[0m[Sep 25 03:03:41.764][autodiscover.go: 110] DEPRECATED: targetPodLabels config field is about to be obsolete. Please use the new "podsUnderTestLabels" field instead. 
[33mWARNING[0m[Sep 25 03:03:41.764][autodiscover.go: 113] DEPRECATED: deprecated default operator label in use ( test-network-function.com/operator: ) is about to be obsolete. Please use the new "operatorsUnderTestLabels" field to specify operators labels instead. 
[36mINFO   [0m[Sep 25 03:03:41.764][autodiscover.go: 143] parsed pods under test labels: [{LabelKey:test-network-function.com/generic LabelValue:target}] 
[36mINFO   [0m[Sep 25 03:03:41.764][autodiscover.go: 144] parsed operators under test labels: [{LabelKey:test-network-function.com/operator LabelValue:}] 
[36mINFO   [0m[Sep 25 03:03:41.915][autodiscover_operators.go: 144] Found 2 subscriptions in the target namespaces 
[36mINFO   [0m[Sep 25 03:03:41.915][autodiscover_operators.go: 146]  Subscriptions name: ibm-block-csi-operator-stable-certified-operators-openshift-marketplace (ns: test) 
[36mINFO   [0m[Sep 25 03:03:41.915][autodiscover_operators.go: 146]  Subscriptions name: memory-machine-operator-v0-0-10-sub (ns: test) 
[36mINFO   [0m[Sep 25 03:03:42.041][autodiscover_operators.go: 121] Found 3 CSVs:                                
[36mINFO   [0m[Sep 25 03:03:42.041][autodiscover_operators.go: 123]  CSV name: packageserver (ns: openshift-operator-lifecycle-manager) 
[36mINFO   [0m[Sep 25 03:03:42.041][autodiscover_operators.go: 123]  CSV name: ibm-block-csi-operator.v1.11.1 (ns: test) 
[36mINFO   [0m[Sep 25 03:03:42.041][autodiscover_operators.go: 123]  CSV name: memory-machine-operator.v0.0.10 (ns: test) 
[36mINFO   [0m[Sep 25 03:03:44.698][autodiscover_operators.go: 91] Found 2 CSVs:                                
[36mINFO   [0m[Sep 25 03:03:44.698][autodiscover_operators.go: 93]  CSV name: ibm-block-csi-operator.v1.11.1 (ns: test) 
[36mINFO   [0m[Sep 25 03:03:44.698][autodiscover_operators.go: 93]  CSV name: memory-machine-operator.v0.0.10 (ns: test) 
[36mINFO   [0m[Sep 25 03:03:44.739][autodiscover_operators.go: 144] Found 2 subscriptions in the target namespaces 
[36mINFO   [0m[Sep 25 03:03:44.739][autodiscover_operators.go: 146]  Subscriptions name: ibm-block-csi-operator-stable-certified-operators-openshift-marketplace (ns: test) 
[36mINFO   [0m[Sep 25 03:03:44.739][autodiscover_operators.go: 146]  Subscriptions name: memory-machine-operator-v0-0-10-sub (ns: test) 
[36mINFO   [0m[Sep 25 03:03:44.872][autodiscover.go: 257] OpenShift Version found: 4.13.4              
[33mWARNING[0m[Sep 25 03:03:44.982][autodiscover_podset.go: 87] Did not find any deployment in the configured namespaces [test] 
[33mWARNING[0m[Sep 25 03:03:45.025][autodiscover_podset.go: 106] Did not find any statefulSet in ns=test      
[33mWARNING[0m[Sep 25 03:03:45.026][autodiscover_podset.go: 120] Did not find any statefulset in the configured namespaces [test] 
[36mINFO   [0m[Sep 25 03:03:45.361][autodiscover_podset.go: 138] Cannot find any deployed HorizontalPodAutoscaler 
[36mINFO   [0m[Sep 25 03:03:45.541][operators.go: 130] Found 3 unique CSVs                          
[36mINFO   [0m[Sep 25 03:03:45.541][operators.go: 132]   CSV: packageserver                         
[36mINFO   [0m[Sep 25 03:03:45.541][operators.go: 132]   CSV: ibm-block-csi-operator.v1.11.1        
[36mINFO   [0m[Sep 25 03:03:45.541][operators.go: 132]   CSV: memory-machine-operator.v0.0.10       
[36mINFO   [0m[Sep 25 03:03:45.583][operators.go: 185] Getting installplans for op ibm-block-csi-operator.v1.11.1 (subs ibm-block-csi-operator-stable-certified-operators-openshift-marketplace ns test) 
[36mINFO   [0m[Sep 25 03:03:45.620][operators.go: 185] Getting installplans for op memory-machine-operator.v0.0.10 (subs memory-machine-operator-v0-0-10-sub ns test) 
[33mWARNING[0m[Sep 25 03:03:45.621][operators.go: 183] Subscription not found for CSV: packageserver (ns openshift-operator-lifecycle-manager) 
[36mINFO   [0m[Sep 25 03:03:45.621][operators.go: 185] Getting installplans for op packageserver (subs  ns ) 
[36mINFO   [0m[Sep 25 03:03:45.622][provider.go: 564] Node ip-10-0-138-139.ec2.internal - mc name: rendered-worker-2d2f3b16cfd49fa63f019201ad937fb4 
[36mINFO   [0m[Sep 25 03:03:45.726][provider.go: 564] Node ip-10-0-140-127.ec2.internal - mc name: rendered-master-c13f40c1d9ca7958e3551ada049691f6 
[36mINFO   [0m[Sep 25 03:03:45.804][provider.go: 564] Node ip-10-0-144-53.ec2.internal - mc name: rendered-master-c13f40c1d9ca7958e3551ada049691f6 
[36mINFO   [0m[Sep 25 03:03:45.872][provider.go: 564] Node ip-10-0-146-178.ec2.internal - mc name: rendered-worker-2d2f3b16cfd49fa63f019201ad937fb4 
[36mINFO   [0m[Sep 25 03:03:45.940][provider.go: 564] Node ip-10-0-171-112.ec2.internal - mc name: rendered-worker-2d2f3b16cfd49fa63f019201ad937fb4 
[36mINFO   [0m[Sep 25 03:03:46.003][provider.go: 564] Node ip-10-0-173-119.ec2.internal - mc name: rendered-master-c13f40c1d9ca7958e3551ada049691f6 
[31mERROR  [0m[Sep 25 03:03:46.082][pods.go: 57] Could not decode networks-status annotation, error: could not unmarshal network-status annotation 
[31mERROR  [0m[Sep 25 03:03:46.082][pods.go: 62] Could not decode networks-status annotation, error: could not unmarshal network-status annotation 
[31mERROR  [0m[Sep 25 03:03:46.082][pods.go: 57] Could not decode networks-status annotation, error: could not unmarshal network-status annotation 
[31mERROR  [0m[Sep 25 03:03:46.082][pods.go: 62] Could not decode networks-status annotation, error: could not unmarshal network-status annotation 
[31mERROR  [0m[Sep 25 03:03:46.083][pods.go: 57] Could not decode networks-status annotation, error: could not unmarshal network-status annotation 
[31mERROR  [0m[Sep 25 03:03:46.083][pods.go: 62] Could not decode networks-status annotation, error: could not unmarshal network-status annotation 
[31mERROR  [0m[Sep 25 03:03:46.084][pods.go: 57] Could not decode networks-status annotation, error: could not unmarshal network-status annotation 
[31mERROR  [0m[Sep 25 03:03:46.085][pods.go: 62] Could not decode networks-status annotation, error: could not unmarshal network-status annotation 
[31mERROR  [0m[Sep 25 03:03:46.085][pods.go: 57] Could not decode networks-status annotation, error: could not unmarshal network-status annotation 
[31mERROR  [0m[Sep 25 03:03:46.085][pods.go: 62] Could not decode networks-status annotation, error: could not unmarshal network-status annotation 
[31mERROR  [0m[Sep 25 03:03:46.085][pods.go: 57] Could not decode networks-status annotation, error: could not unmarshal network-status annotation 
[31mERROR  [0m[Sep 25 03:03:46.085][pods.go: 62] Could not decode networks-status annotation, error: could not unmarshal network-status annotation 
[33mWARNING[0m[Sep 25 03:03:46.089][provider.go: 341] container: extract pod: bad2d6671ea70976c64d77118c2b9378d57202296104365774df80d681dwpfd ns: test is not ready yet. 
[33mWARNING[0m[Sep 25 03:03:46.089][provider.go: 357] container: extract pod: bad2d6671ea70976c64d77118c2b9378d57202296104365774df80d681dwpfd ns: test is not running (reason: terminated - Completed, restarts 0): some test cases might fail. 
[31mERROR  [0m[Sep 25 03:03:46.089][pods.go: 57] Could not decode networks-status annotation, error: could not unmarshal network-status annotation 
[31mERROR  [0m[Sep 25 03:03:46.089][pods.go: 62] Could not decode networks-status annotation, error: could not unmarshal network-status annotation 
[31mERROR  [0m[Sep 25 03:03:46.089][pods.go: 57] Could not decode networks-status annotation, error: could not unmarshal network-status annotation 
[31mERROR  [0m[Sep 25 03:03:46.090][pods.go: 62] Could not decode networks-status annotation, error: could not unmarshal network-status annotation 
[31mERROR  [0m[Sep 25 03:03:46.090][pods.go: 57] Could not decode networks-status annotation, error: could not unmarshal network-status annotation 
[31mERROR  [0m[Sep 25 03:03:46.090][pods.go: 62] Could not decode networks-status annotation, error: could not unmarshal network-status annotation 
[31mERROR  [0m[Sep 25 03:03:46.091][pods.go: 57] Could not decode networks-status annotation, error: could not unmarshal network-status annotation 
[31mERROR  [0m[Sep 25 03:03:46.091][pods.go: 62] Could not decode networks-status annotation, error: could not unmarshal network-status annotation 
[31mERROR  [0m[Sep 25 03:03:46.091][pods.go: 57] Could not decode networks-status annotation, error: could not unmarshal network-status annotation 
[31mERROR  [0m[Sep 25 03:03:46.091][pods.go: 62] Could not decode networks-status annotation, error: could not unmarshal network-status annotation 
[31mERROR  [0m[Sep 25 03:03:46.091][pods.go: 57] Could not decode networks-status annotation, error: could not unmarshal network-status annotation 
[31mERROR  [0m[Sep 25 03:03:46.091][pods.go: 62] Could not decode networks-status annotation, error: could not unmarshal network-status annotation 
[33mWARNING[0m[Sep 25 03:03:46.092][provider.go: 341] container: extract pod: d43224ecf8a90e2689f1b48690ce45a9c382a5ed2d2ce8b0d2fbba172a8xrtm ns: test is not ready yet. 
[33mWARNING[0m[Sep 25 03:03:46.092][provider.go: 357] container: extract pod: d43224ecf8a90e2689f1b48690ce45a9c382a5ed2d2ce8b0d2fbba172a8xrtm ns: test is not running (reason: terminated - Completed, restarts 0): some test cases might fail. 
[33mWARNING[0m[Sep 25 03:03:46.093][provider.go: 341] container: extract pod: d4fe36668cbff5bf360eabb230ae7caeb430b86f4a6636c74f4314f7c0grbkk ns: test is not ready yet. 
[33mWARNING[0m[Sep 25 03:03:46.093][provider.go: 357] container: extract pod: d4fe36668cbff5bf360eabb230ae7caeb430b86f4a6636c74f4314f7c0grbkk ns: test is not running (reason: terminated - Completed, restarts 0): some test cases might fail. 
[33mWARNING[0m[Sep 25 03:03:46.093][provider.go: 341] container: extract pod: ee4f2de9048ce905c65df8e988070df03eab7825e15983b35e02855fd3wnzhg ns: test is not ready yet. 
[33mWARNING[0m[Sep 25 03:03:46.093][provider.go: 357] container: extract pod: ee4f2de9048ce905c65df8e988070df03eab7825e15983b35e02855fd3wnzhg ns: test is not running (reason: terminated - Completed, restarts 0): some test cases might fail. 
[36mINFO   [0m[Sep 25 03:03:46.094][operators.go: 130] Found 2 unique CSVs                          
[36mINFO   [0m[Sep 25 03:03:46.094][operators.go: 132]   CSV: ibm-block-csi-operator.v1.11.1        
[36mINFO   [0m[Sep 25 03:03:46.094][operators.go: 132]   CSV: memory-machine-operator.v0.0.10       
[36mINFO   [0m[Sep 25 03:03:46.130][operators.go: 185] Getting installplans for op ibm-block-csi-operator.v1.11.1 (subs ibm-block-csi-operator-stable-certified-operators-openshift-marketplace ns test) 
[36mINFO   [0m[Sep 25 03:03:46.171][operators.go: 185] Getting installplans for op memory-machine-operator.v0.0.10 (subs memory-machine-operator-v0-0-10-sub ns test) 
[36mINFO   [0m[Sep 25 03:03:46.171][provider.go: 290] Operators found: 2                           
[36mINFO   [0m[Sep 25 03:03:46.171][provider.go: 302] Completed the test environment build process in 4.49 seconds 
[33mWARNING[0m[Sep 25 03:03:46.183][suite.go: 50] LabelFilter is set but 'preflight' tests are not targeted. Skipping the preflight tests. 
Running Suite: CNF Certification Test Suite - /usr/tnf/cnf-certification-test
=============================================================================
Random Seed: [1m1695611004[0m

Will run [1m82[0m of [1m87[0m specs
[38;5;243m------------------------------[0m
[0moperator [0m[1moperator-install-status-succeeded[0m [38;5;204m[common, operator-install-status-succeeded, operator][0m
[38;5;243m/usr/tnf/tnf-src/cnf-certification-test/operator/suite.go:44[0m
[31mFATAL  [0m[Sep 25 03:08:46.344][phasecheck.go: 50] Timeout waiting for operator csv: memory-machine-operator.v0.0.10 ns: test to be ready 
