time="2023-09-25T07:02:57Z" level=info msg="Saving environment variables & parameters."
time="2023-09-25T07:02:57Z" level=info msg="Environment: {Home:/root Kubeconfig:/usr/tnf/kubeconfig/config ConfigurationPath:/usr/tnf/config/tnf_config.yml NonIntrusiveOnly:false LogLevel:info OfflineDB:/usr/offline-db AllowPreflightInsecure:false PfltDockerconfig:/usr/tnf/dockercfg/config.json IncludeWebFilesInOutputFolder:false OmitArtifactsZipFile:false}"
=== RUN   TestTest
[36mINFO   [0m[Sep 25 07:02:58.104][suite_test.go: 98] Log level set to: info                       
[36mINFO   [0m[Sep 25 07:02:58.106][suite_test.go: 140] TNF Version         : v4.3.4 ( 2037b43c9bccf6b00fe91797adfabcbeeeb5efdc ) 
[36mINFO   [0m[Sep 25 07:02:58.106][suite_test.go: 141] Claim Format Version: v0.1.0                 
[36mINFO   [0m[Sep 25 07:02:58.106][suite_test.go: 142] Ginkgo Version      : 2.11.0                 
[36mINFO   [0m[Sep 25 07:02:58.106][suite_test.go: 143] Labels filter       : operator, access-control, networking, affiliated-certification, lifecycle, manageability, networking, observability, platform-alteration 
[36mINFO   [0m[Sep 25 07:02:58.106][clientsholder.go: 169] Creating k8s go-clients holder.              
[36mINFO   [0m[Sep 25 07:02:58.577][utils.go: 51] Loading config from file: /usr/tnf/config/tnf_config.yml 
[33mWARNING[0m[Sep 25 07:02:58.585][utils.go: 64] No namespace configured for the debug DaemonSet. Defaulting to namespace cnf-suite 
[33mWARNING[0m[Sep 25 07:02:58.670][autodiscover.go: 110] DEPRECATED: targetPodLabels config field is about to be obsolete. Please use the new "podsUnderTestLabels" field instead. 
[33mWARNING[0m[Sep 25 07:02:58.670][autodiscover.go: 113] DEPRECATED: deprecated default operator label in use ( test-network-function.com/operator: ) is about to be obsolete. Please use the new "operatorsUnderTestLabels" field to specify operators labels instead. 
[36mINFO   [0m[Sep 25 07:02:58.671][autodiscover.go: 143] parsed pods under test labels: [{LabelKey:test-network-function.com/generic LabelValue:target}] 
[36mINFO   [0m[Sep 25 07:02:58.671][autodiscover.go: 144] parsed operators under test labels: [{LabelKey:test-network-function.com/operator LabelValue:}] 
[36mINFO   [0m[Sep 25 07:02:58.779][autodiscover_operators.go: 144] Found 2 subscriptions in the target namespaces 
[36mINFO   [0m[Sep 25 07:02:58.780][autodiscover_operators.go: 146]  Subscriptions name: ibm-metrics-operator-stable-certified-operators-openshift-marketplace (ns: test) 
[36mINFO   [0m[Sep 25 07:02:58.780][autodiscover_operators.go: 146]  Subscriptions name: silicom-sts-operator-v0-1-3-sub (ns: test) 
[36mINFO   [0m[Sep 25 07:02:58.846][autodiscover_operators.go: 121] Found 3 CSVs:                                
[36mINFO   [0m[Sep 25 07:02:58.846][autodiscover_operators.go: 123]  CSV name: packageserver (ns: openshift-operator-lifecycle-manager) 
[36mINFO   [0m[Sep 25 07:02:58.846][autodiscover_operators.go: 123]  CSV name: ibm-metrics-operator.v2.12.1 (ns: test) 
[36mINFO   [0m[Sep 25 07:02:58.846][autodiscover_operators.go: 123]  CSV name: silicom-sts-operator.v0.1.3 (ns: test) 
[36mINFO   [0m[Sep 25 07:03:01.189][autodiscover_operators.go: 91] Found 2 CSVs:                                
[36mINFO   [0m[Sep 25 07:03:01.190][autodiscover_operators.go: 93]  CSV name: ibm-metrics-operator.v2.12.1 (ns: test) 
[36mINFO   [0m[Sep 25 07:03:01.190][autodiscover_operators.go: 93]  CSV name: silicom-sts-operator.v0.1.3 (ns: test) 
[36mINFO   [0m[Sep 25 07:03:01.230][autodiscover_operators.go: 144] Found 2 subscriptions in the target namespaces 
[36mINFO   [0m[Sep 25 07:03:01.230][autodiscover_operators.go: 146]  Subscriptions name: ibm-metrics-operator-stable-certified-operators-openshift-marketplace (ns: test) 
[36mINFO   [0m[Sep 25 07:03:01.230][autodiscover_operators.go: 146]  Subscriptions name: silicom-sts-operator-v0-1-3-sub (ns: test) 
[36mINFO   [0m[Sep 25 07:03:01.354][autodiscover.go: 257] OpenShift Version found: 4.13.4              
[33mWARNING[0m[Sep 25 07:03:01.465][autodiscover_podset.go: 87] Did not find any deployment in the configured namespaces [test] 
[33mWARNING[0m[Sep 25 07:03:01.500][autodiscover_podset.go: 106] Did not find any statefulSet in ns=test      
[33mWARNING[0m[Sep 25 07:03:01.501][autodiscover_podset.go: 120] Did not find any statefulset in the configured namespaces [test] 
[36mINFO   [0m[Sep 25 07:03:01.834][autodiscover_podset.go: 138] Cannot find any deployed HorizontalPodAutoscaler 
[36mINFO   [0m[Sep 25 07:03:02.001][operators.go: 130] Found 3 unique CSVs                          
[36mINFO   [0m[Sep 25 07:03:02.002][operators.go: 132]   CSV: packageserver                         
[36mINFO   [0m[Sep 25 07:03:02.002][operators.go: 132]   CSV: ibm-metrics-operator.v2.12.1          
[36mINFO   [0m[Sep 25 07:03:02.002][operators.go: 132]   CSV: silicom-sts-operator.v0.1.3           
[36mINFO   [0m[Sep 25 07:03:02.047][operators.go: 185] Getting installplans for op ibm-metrics-operator.v2.12.1 (subs ibm-metrics-operator-stable-certified-operators-openshift-marketplace ns test) 
[33mWARNING[0m[Sep 25 07:03:02.048][operators.go: 183] Subscription not found for CSV: packageserver (ns openshift-operator-lifecycle-manager) 
[36mINFO   [0m[Sep 25 07:03:02.049][operators.go: 185] Getting installplans for op packageserver (subs  ns ) 
[36mINFO   [0m[Sep 25 07:03:02.088][operators.go: 185] Getting installplans for op silicom-sts-operator.v0.1.3 (subs silicom-sts-operator-v0-1-3-sub ns test) 
[36mINFO   [0m[Sep 25 07:03:02.091][provider.go: 564] Node ip-10-0-138-139.ec2.internal - mc name: rendered-worker-2d2f3b16cfd49fa63f019201ad937fb4 
[36mINFO   [0m[Sep 25 07:03:02.189][provider.go: 564] Node ip-10-0-140-127.ec2.internal - mc name: rendered-master-c13f40c1d9ca7958e3551ada049691f6 
[36mINFO   [0m[Sep 25 07:03:02.259][provider.go: 564] Node ip-10-0-144-53.ec2.internal - mc name: rendered-master-c13f40c1d9ca7958e3551ada049691f6 
[36mINFO   [0m[Sep 25 07:03:02.325][provider.go: 564] Node ip-10-0-146-178.ec2.internal - mc name: rendered-worker-2d2f3b16cfd49fa63f019201ad937fb4 
[36mINFO   [0m[Sep 25 07:03:02.398][provider.go: 564] Node ip-10-0-171-112.ec2.internal - mc name: rendered-worker-2d2f3b16cfd49fa63f019201ad937fb4 
[36mINFO   [0m[Sep 25 07:03:02.456][provider.go: 564] Node ip-10-0-173-119.ec2.internal - mc name: rendered-master-c13f40c1d9ca7958e3551ada049691f6 
[31mERROR  [0m[Sep 25 07:03:02.518][pods.go: 57] Could not decode networks-status annotation, error: could not unmarshal network-status annotation 
[31mERROR  [0m[Sep 25 07:03:02.518][pods.go: 62] Could not decode networks-status annotation, error: could not unmarshal network-status annotation 
[31mERROR  [0m[Sep 25 07:03:02.519][pods.go: 57] Could not decode networks-status annotation, error: could not unmarshal network-status annotation 
[31mERROR  [0m[Sep 25 07:03:02.519][pods.go: 62] Could not decode networks-status annotation, error: could not unmarshal network-status annotation 
[31mERROR  [0m[Sep 25 07:03:02.519][pods.go: 57] Could not decode networks-status annotation, error: could not unmarshal network-status annotation 
[31mERROR  [0m[Sep 25 07:03:02.520][pods.go: 62] Could not decode networks-status annotation, error: could not unmarshal network-status annotation 
[31mERROR  [0m[Sep 25 07:03:02.521][pods.go: 57] Could not decode networks-status annotation, error: could not unmarshal network-status annotation 
[31mERROR  [0m[Sep 25 07:03:02.521][pods.go: 62] Could not decode networks-status annotation, error: could not unmarshal network-status annotation 
[31mERROR  [0m[Sep 25 07:03:02.522][pods.go: 57] Could not decode networks-status annotation, error: could not unmarshal network-status annotation 
[31mERROR  [0m[Sep 25 07:03:02.522][pods.go: 62] Could not decode networks-status annotation, error: could not unmarshal network-status annotation 
[31mERROR  [0m[Sep 25 07:03:02.522][pods.go: 57] Could not decode networks-status annotation, error: could not unmarshal network-status annotation 
[31mERROR  [0m[Sep 25 07:03:02.522][pods.go: 62] Could not decode networks-status annotation, error: could not unmarshal network-status annotation 
[33mWARNING[0m[Sep 25 07:03:02.526][provider.go: 341] container: extract pod: 1253106c0d90df4e4f40f8015103825576210c42b04635507dc4431dd452fl7 ns: test is not ready yet. 
[33mWARNING[0m[Sep 25 07:03:02.526][provider.go: 357] container: extract pod: 1253106c0d90df4e4f40f8015103825576210c42b04635507dc4431dd452fl7 ns: test is not running (reason: terminated - Completed, restarts 0): some test cases might fail. 
[33mWARNING[0m[Sep 25 07:03:02.527][provider.go: 341] container: extract pod: b9f647540b1a1ce37709d746d3fe527552ab46b01468837f86475721e7jqh5v ns: test is not ready yet. 
[33mWARNING[0m[Sep 25 07:03:02.527][provider.go: 357] container: extract pod: b9f647540b1a1ce37709d746d3fe527552ab46b01468837f86475721e7jqh5v ns: test is not running (reason: terminated - Completed, restarts 0): some test cases might fail. 
[31mERROR  [0m[Sep 25 07:03:02.527][pods.go: 57] Could not decode networks-status annotation, error: could not unmarshal network-status annotation 
[31mERROR  [0m[Sep 25 07:03:02.527][pods.go: 62] Could not decode networks-status annotation, error: could not unmarshal network-status annotation 
[31mERROR  [0m[Sep 25 07:03:02.527][pods.go: 57] Could not decode networks-status annotation, error: could not unmarshal network-status annotation 
[31mERROR  [0m[Sep 25 07:03:02.527][pods.go: 62] Could not decode networks-status annotation, error: could not unmarshal network-status annotation 
[31mERROR  [0m[Sep 25 07:03:02.528][pods.go: 57] Could not decode networks-status annotation, error: could not unmarshal network-status annotation 
[31mERROR  [0m[Sep 25 07:03:02.528][pods.go: 62] Could not decode networks-status annotation, error: could not unmarshal network-status annotation 
[31mERROR  [0m[Sep 25 07:03:02.529][pods.go: 57] Could not decode networks-status annotation, error: could not unmarshal network-status annotation 
[31mERROR  [0m[Sep 25 07:03:02.529][pods.go: 62] Could not decode networks-status annotation, error: could not unmarshal network-status annotation 
[31mERROR  [0m[Sep 25 07:03:02.529][pods.go: 57] Could not decode networks-status annotation, error: could not unmarshal network-status annotation 
[31mERROR  [0m[Sep 25 07:03:02.529][pods.go: 62] Could not decode networks-status annotation, error: could not unmarshal network-status annotation 
[31mERROR  [0m[Sep 25 07:03:02.529][pods.go: 57] Could not decode networks-status annotation, error: could not unmarshal network-status annotation 
[31mERROR  [0m[Sep 25 07:03:02.529][pods.go: 62] Could not decode networks-status annotation, error: could not unmarshal network-status annotation 
[33mWARNING[0m[Sep 25 07:03:02.530][provider.go: 341] container: extract pod: d43224ecf8a90e2689f1b48690ce45a9c382a5ed2d2ce8b0d2fbba172a8xrtm ns: test is not ready yet. 
[33mWARNING[0m[Sep 25 07:03:02.531][provider.go: 357] container: extract pod: d43224ecf8a90e2689f1b48690ce45a9c382a5ed2d2ce8b0d2fbba172a8xrtm ns: test is not running (reason: terminated - Completed, restarts 0): some test cases might fail. 
[33mWARNING[0m[Sep 25 07:03:02.531][provider.go: 341] container: extract pod: d4fe36668cbff5bf360eabb230ae7caeb430b86f4a6636c74f4314f7c0grbkk ns: test is not ready yet. 
[33mWARNING[0m[Sep 25 07:03:02.531][provider.go: 357] container: extract pod: d4fe36668cbff5bf360eabb230ae7caeb430b86f4a6636c74f4314f7c0grbkk ns: test is not running (reason: terminated - Completed, restarts 0): some test cases might fail. 
[36mINFO   [0m[Sep 25 07:03:02.532][operators.go: 130] Found 2 unique CSVs                          
[36mINFO   [0m[Sep 25 07:03:02.532][operators.go: 132]   CSV: ibm-metrics-operator.v2.12.1          
[36mINFO   [0m[Sep 25 07:03:02.532][operators.go: 132]   CSV: silicom-sts-operator.v0.1.3           
[36mINFO   [0m[Sep 25 07:03:02.568][operators.go: 185] Getting installplans for op ibm-metrics-operator.v2.12.1 (subs ibm-metrics-operator-stable-certified-operators-openshift-marketplace ns test) 
[36mINFO   [0m[Sep 25 07:03:02.609][operators.go: 185] Getting installplans for op silicom-sts-operator.v0.1.3 (subs silicom-sts-operator-v0-1-3-sub ns test) 
[36mINFO   [0m[Sep 25 07:03:02.609][provider.go: 290] Operators found: 2                           
[36mINFO   [0m[Sep 25 07:03:02.610][provider.go: 302] Completed the test environment build process in 4.03 seconds 
[33mWARNING[0m[Sep 25 07:03:13.826][autodiscover.go: 110] DEPRECATED: targetPodLabels config field is about to be obsolete. Please use the new "podsUnderTestLabels" field instead. 
[33mWARNING[0m[Sep 25 07:03:13.826][autodiscover.go: 113] DEPRECATED: deprecated default operator label in use ( test-network-function.com/operator: ) is about to be obsolete. Please use the new "operatorsUnderTestLabels" field to specify operators labels instead. 
[36mINFO   [0m[Sep 25 07:03:13.826][autodiscover.go: 143] parsed pods under test labels: [{LabelKey:test-network-function.com/generic LabelValue:target}] 
[36mINFO   [0m[Sep 25 07:03:13.826][autodiscover.go: 144] parsed operators under test labels: [{LabelKey:test-network-function.com/operator LabelValue:}] 
[36mINFO   [0m[Sep 25 07:03:13.976][autodiscover_operators.go: 144] Found 2 subscriptions in the target namespaces 
[36mINFO   [0m[Sep 25 07:03:13.976][autodiscover_operators.go: 146]  Subscriptions name: ibm-metrics-operator-stable-certified-operators-openshift-marketplace (ns: test) 
[36mINFO   [0m[Sep 25 07:03:13.976][autodiscover_operators.go: 146]  Subscriptions name: silicom-sts-operator-v0-1-3-sub (ns: test) 
[36mINFO   [0m[Sep 25 07:03:14.109][autodiscover_operators.go: 121] Found 3 CSVs:                                
[36mINFO   [0m[Sep 25 07:03:14.109][autodiscover_operators.go: 123]  CSV name: packageserver (ns: openshift-operator-lifecycle-manager) 
[36mINFO   [0m[Sep 25 07:03:14.109][autodiscover_operators.go: 123]  CSV name: ibm-metrics-operator.v2.12.1 (ns: test) 
[36mINFO   [0m[Sep 25 07:03:14.109][autodiscover_operators.go: 123]  CSV name: silicom-sts-operator.v0.1.3 (ns: test) 
[36mINFO   [0m[Sep 25 07:03:16.419][autodiscover_operators.go: 91] Found 2 CSVs:                                
[36mINFO   [0m[Sep 25 07:03:16.420][autodiscover_operators.go: 93]  CSV name: ibm-metrics-operator.v2.12.1 (ns: test) 
[36mINFO   [0m[Sep 25 07:03:16.420][autodiscover_operators.go: 93]  CSV name: silicom-sts-operator.v0.1.3 (ns: test) 
[36mINFO   [0m[Sep 25 07:03:16.461][autodiscover_operators.go: 144] Found 2 subscriptions in the target namespaces 
[36mINFO   [0m[Sep 25 07:03:16.461][autodiscover_operators.go: 146]  Subscriptions name: ibm-metrics-operator-stable-certified-operators-openshift-marketplace (ns: test) 
[36mINFO   [0m[Sep 25 07:03:16.461][autodiscover_operators.go: 146]  Subscriptions name: silicom-sts-operator-v0-1-3-sub (ns: test) 
[36mINFO   [0m[Sep 25 07:03:16.586][autodiscover.go: 257] OpenShift Version found: 4.13.4              
[33mWARNING[0m[Sep 25 07:03:16.684][autodiscover_podset.go: 87] Did not find any deployment in the configured namespaces [test] 
[33mWARNING[0m[Sep 25 07:03:16.722][autodiscover_podset.go: 106] Did not find any statefulSet in ns=test      
[33mWARNING[0m[Sep 25 07:03:16.723][autodiscover_podset.go: 120] Did not find any statefulset in the configured namespaces [test] 
[36mINFO   [0m[Sep 25 07:03:17.061][autodiscover_podset.go: 138] Cannot find any deployed HorizontalPodAutoscaler 
[36mINFO   [0m[Sep 25 07:03:17.231][operators.go: 130] Found 3 unique CSVs                          
[36mINFO   [0m[Sep 25 07:03:17.231][operators.go: 132]   CSV: packageserver                         
[36mINFO   [0m[Sep 25 07:03:17.231][operators.go: 132]   CSV: ibm-metrics-operator.v2.12.1          
[36mINFO   [0m[Sep 25 07:03:17.232][operators.go: 132]   CSV: silicom-sts-operator.v0.1.3           
[36mINFO   [0m[Sep 25 07:03:17.274][operators.go: 185] Getting installplans for op ibm-metrics-operator.v2.12.1 (subs ibm-metrics-operator-stable-certified-operators-openshift-marketplace ns test) 
[33mWARNING[0m[Sep 25 07:03:17.274][operators.go: 183] Subscription not found for CSV: packageserver (ns openshift-operator-lifecycle-manager) 
[36mINFO   [0m[Sep 25 07:03:17.275][operators.go: 185] Getting installplans for op packageserver (subs  ns ) 
[36mINFO   [0m[Sep 25 07:03:17.316][operators.go: 185] Getting installplans for op silicom-sts-operator.v0.1.3 (subs silicom-sts-operator-v0-1-3-sub ns test) 
[36mINFO   [0m[Sep 25 07:03:17.317][provider.go: 564] Node ip-10-0-138-139.ec2.internal - mc name: rendered-worker-2d2f3b16cfd49fa63f019201ad937fb4 
[36mINFO   [0m[Sep 25 07:03:17.416][provider.go: 564] Node ip-10-0-140-127.ec2.internal - mc name: rendered-master-c13f40c1d9ca7958e3551ada049691f6 
[36mINFO   [0m[Sep 25 07:03:17.484][provider.go: 564] Node ip-10-0-144-53.ec2.internal - mc name: rendered-master-c13f40c1d9ca7958e3551ada049691f6 
[36mINFO   [0m[Sep 25 07:03:17.550][provider.go: 564] Node ip-10-0-146-178.ec2.internal - mc name: rendered-worker-2d2f3b16cfd49fa63f019201ad937fb4 
[36mINFO   [0m[Sep 25 07:03:17.613][provider.go: 564] Node ip-10-0-171-112.ec2.internal - mc name: rendered-worker-2d2f3b16cfd49fa63f019201ad937fb4 
[36mINFO   [0m[Sep 25 07:03:17.690][provider.go: 564] Node ip-10-0-173-119.ec2.internal - mc name: rendered-master-c13f40c1d9ca7958e3551ada049691f6 
[31mERROR  [0m[Sep 25 07:03:17.765][pods.go: 57] Could not decode networks-status annotation, error: could not unmarshal network-status annotation 
[31mERROR  [0m[Sep 25 07:03:17.765][pods.go: 62] Could not decode networks-status annotation, error: could not unmarshal network-status annotation 
[31mERROR  [0m[Sep 25 07:03:17.766][pods.go: 57] Could not decode networks-status annotation, error: could not unmarshal network-status annotation 
[31mERROR  [0m[Sep 25 07:03:17.766][pods.go: 62] Could not decode networks-status annotation, error: could not unmarshal network-status annotation 
[31mERROR  [0m[Sep 25 07:03:17.766][pods.go: 57] Could not decode networks-status annotation, error: could not unmarshal network-status annotation 
[31mERROR  [0m[Sep 25 07:03:17.766][pods.go: 62] Could not decode networks-status annotation, error: could not unmarshal network-status annotation 
[31mERROR  [0m[Sep 25 07:03:17.768][pods.go: 57] Could not decode networks-status annotation, error: could not unmarshal network-status annotation 
[31mERROR  [0m[Sep 25 07:03:17.768][pods.go: 62] Could not decode networks-status annotation, error: could not unmarshal network-status annotation 
[31mERROR  [0m[Sep 25 07:03:17.768][pods.go: 57] Could not decode networks-status annotation, error: could not unmarshal network-status annotation 
[31mERROR  [0m[Sep 25 07:03:17.768][pods.go: 62] Could not decode networks-status annotation, error: could not unmarshal network-status annotation 
[31mERROR  [0m[Sep 25 07:03:17.769][pods.go: 57] Could not decode networks-status annotation, error: could not unmarshal network-status annotation 
[31mERROR  [0m[Sep 25 07:03:17.769][pods.go: 62] Could not decode networks-status annotation, error: could not unmarshal network-status annotation 
[33mWARNING[0m[Sep 25 07:03:17.772][provider.go: 341] container: extract pod: 1253106c0d90df4e4f40f8015103825576210c42b04635507dc4431dd452fl7 ns: test is not ready yet. 
[33mWARNING[0m[Sep 25 07:03:17.772][provider.go: 357] container: extract pod: 1253106c0d90df4e4f40f8015103825576210c42b04635507dc4431dd452fl7 ns: test is not running (reason: terminated - Completed, restarts 0): some test cases might fail. 
[33mWARNING[0m[Sep 25 07:03:17.773][provider.go: 341] container: extract pod: b9f647540b1a1ce37709d746d3fe527552ab46b01468837f86475721e7jqh5v ns: test is not ready yet. 
[33mWARNING[0m[Sep 25 07:03:17.773][provider.go: 357] container: extract pod: b9f647540b1a1ce37709d746d3fe527552ab46b01468837f86475721e7jqh5v ns: test is not running (reason: terminated - Completed, restarts 0): some test cases might fail. 
[31mERROR  [0m[Sep 25 07:03:17.773][pods.go: 57] Could not decode networks-status annotation, error: could not unmarshal network-status annotation 
[31mERROR  [0m[Sep 25 07:03:17.773][pods.go: 62] Could not decode networks-status annotation, error: could not unmarshal network-status annotation 
[31mERROR  [0m[Sep 25 07:03:17.774][pods.go: 57] Could not decode networks-status annotation, error: could not unmarshal network-status annotation 
[31mERROR  [0m[Sep 25 07:03:17.774][pods.go: 62] Could not decode networks-status annotation, error: could not unmarshal network-status annotation 
[31mERROR  [0m[Sep 25 07:03:17.774][pods.go: 57] Could not decode networks-status annotation, error: could not unmarshal network-status annotation 
[31mERROR  [0m[Sep 25 07:03:17.774][pods.go: 62] Could not decode networks-status annotation, error: could not unmarshal network-status annotation 
[31mERROR  [0m[Sep 25 07:03:17.775][pods.go: 57] Could not decode networks-status annotation, error: could not unmarshal network-status annotation 
[31mERROR  [0m[Sep 25 07:03:17.775][pods.go: 62] Could not decode networks-status annotation, error: could not unmarshal network-status annotation 
[31mERROR  [0m[Sep 25 07:03:17.775][pods.go: 57] Could not decode networks-status annotation, error: could not unmarshal network-status annotation 
[31mERROR  [0m[Sep 25 07:03:17.775][pods.go: 62] Could not decode networks-status annotation, error: could not unmarshal network-status annotation 
[31mERROR  [0m[Sep 25 07:03:17.775][pods.go: 57] Could not decode networks-status annotation, error: could not unmarshal network-status annotation 
[31mERROR  [0m[Sep 25 07:03:17.775][pods.go: 62] Could not decode networks-status annotation, error: could not unmarshal network-status annotation 
[33mWARNING[0m[Sep 25 07:03:17.777][provider.go: 341] container: extract pod: d43224ecf8a90e2689f1b48690ce45a9c382a5ed2d2ce8b0d2fbba172a8xrtm ns: test is not ready yet. 
[33mWARNING[0m[Sep 25 07:03:17.777][provider.go: 357] container: extract pod: d43224ecf8a90e2689f1b48690ce45a9c382a5ed2d2ce8b0d2fbba172a8xrtm ns: test is not running (reason: terminated - Completed, restarts 0): some test cases might fail. 
[33mWARNING[0m[Sep 25 07:03:17.777][provider.go: 341] container: extract pod: d4fe36668cbff5bf360eabb230ae7caeb430b86f4a6636c74f4314f7c0grbkk ns: test is not ready yet. 
[33mWARNING[0m[Sep 25 07:03:17.777][provider.go: 357] container: extract pod: d4fe36668cbff5bf360eabb230ae7caeb430b86f4a6636c74f4314f7c0grbkk ns: test is not running (reason: terminated - Completed, restarts 0): some test cases might fail. 
[36mINFO   [0m[Sep 25 07:03:17.778][operators.go: 130] Found 2 unique CSVs                          
[36mINFO   [0m[Sep 25 07:03:17.778][operators.go: 132]   CSV: ibm-metrics-operator.v2.12.1          
[36mINFO   [0m[Sep 25 07:03:17.778][operators.go: 132]   CSV: silicom-sts-operator.v0.1.3           
[36mINFO   [0m[Sep 25 07:03:17.813][operators.go: 185] Getting installplans for op ibm-metrics-operator.v2.12.1 (subs ibm-metrics-operator-stable-certified-operators-openshift-marketplace ns test) 
[36mINFO   [0m[Sep 25 07:03:17.853][operators.go: 185] Getting installplans for op silicom-sts-operator.v0.1.3 (subs silicom-sts-operator-v0-1-3-sub ns test) 
[36mINFO   [0m[Sep 25 07:03:17.853][provider.go: 290] Operators found: 2                           
[36mINFO   [0m[Sep 25 07:03:17.853][provider.go: 302] Completed the test environment build process in 4.10 seconds 
[33mWARNING[0m[Sep 25 07:03:17.865][suite.go: 50] LabelFilter is set but 'preflight' tests are not targeted. Skipping the preflight tests. 
Running Suite: CNF Certification Test Suite - /usr/tnf/cnf-certification-test
=============================================================================
Random Seed: [1m1695625377[0m

Will run [1m82[0m of [1m87[0m specs
[38;5;243m------------------------------[0m
[0moperator [0m[1moperator-install-status-succeeded[0m [38;5;204m[common, operator-install-status-succeeded, operator][0m
[38;5;243m/usr/tnf/tnf-src/cnf-certification-test/operator/suite.go:44[0m
[31mFATAL  [0m[Sep 25 07:08:18.424][phasecheck.go: 50] Timeout waiting for operator csv: ibm-metrics-operator.v2.12.1 ns: test to be ready 
